****************************************
Report : Time Based Power
	-verbose
	-nosplit
Design : rms_norm_sf
Version: T-2022.03-SP3
Date   : Fri Dec  6 23:28:41 2024
****************************************

Simulation Periods: 522 ns - 780 ns

Sampling Interval: 0.001 ns

Library(s) Used:

    saed32rvt_tt1p05v25c (File: /afs/umich.edu/class/eecs598-002/SAED32/SAED32_EDK/lib/stdcell_rvt/db_ccs/saed32rvt_tt1p05v25c.db)


Operating Conditions: tt1p05v25c   Library: saed32rvt_tt1p05v25c
Wire Load Model Mode: enclosed

Cell               Design       Wire_model  Library       Selection_type
--------------------------------------------------------------------------------
                   rms_norm_sf  280000      saed32rvt_tt1p05v25c automatic-by-area

Power-specific unit information :
    Voltage Units = 1 V
    Capacitance Units = 0.001 pf
    Time Units = 1 ns
    Dynamic Power Units = 1 W
    Leakage Power Units = 1 W



  Attributes
  ----------
      i  -  Including register clock pin internal power
      u  -  User defined power group

                        Internal  Switching  Leakage    Total               Peak         Peak            Glitch    X-tran
Power Group             Power     Power      Power      Power   (     %)    Power        Time            Power     Power    Attrs
----------------------------------------------------------------------------------------------------------------------------------
clock_network              0.0000    0.0000    0.0000    0.0000 ( 0.00%)      N/A         N/A             0.0000    0.0000  i
register                   0.0000    0.0000    0.0000    0.0000 ( 0.00%)      N/A         N/A             0.0000    0.0000  
combinational           1.149e-03 8.403e-03 6.202e-03    0.0158 (75.75%)      N/A         N/A             0.0000    0.0000  
sequential              2.834e-03 6.096e-04 1.600e-03 5.044e-03 (24.25%)      N/A         N/A             0.0000    0.0000  
memory                     0.0000    0.0000    0.0000    0.0000 ( 0.00%)      N/A         N/A             0.0000    0.0000  
io_pad                     0.0000    0.0000    0.0000    0.0000 ( 0.00%)      N/A         N/A             0.0000    0.0000  
black_box                  0.0000    0.0000    0.0000    0.0000 ( 0.00%)      N/A         N/A             0.0000    0.0000  

  Net Switching Power  = 9.012e-03   (43.33%)
  Cell Internal Power  = 3.983e-03   (19.15%)
  Cell Leakage Power   = 7.802e-03   (37.51%)
                         ---------
Total Power            =    0.0208  (100.00%)

X Transition Power     =    0.0000
Glitching Power        =    0.0000

Peak Power             =    2.3277
Peak Time              =   528.063

1
