 
****************************************
Report : net fanout
        -high_fanout
Design : alt1
Version: V-2023.12-SP5
Date   : Thu Dec  5 17:45:22 2024
****************************************


Operating Conditions: 
Wire Load Model Mode: top


Attributes:
   dr - drc disabled
    c - annotated capacitance
    d - dont_touch
    i - ideal_net
    I - ideal_network
    p - includes pin load
    r - annotated resistance
    h - high fanout

Net                 Fanout   Attributes   Capacitance   Driver
--------------------------------------------------------------------------------
1
