 
****************************************
Report : timing
        -path full
        -delay max
        -nets
        -max_paths 1
        -transition_time
Design : fxp_sqrt
Version: V-2023.12-SP5
Date   : Thu Dec  5 13:11:12 2024
****************************************

Operating Conditions: tt1p05v25c   Library: saed32rvt_tt1p05v25c
Wire Load Model Mode: enclosed

  Startpoint: busy_reg (rising edge-triggered flip-flop)
  Endpoint: busy (output port)
  Path Group: (none)
  Path Type: max

  Des/Clust/Port     Wire Load Model       Library
  ------------------------------------------------
  fxp_sqrt           8000                  saed32rvt_tt1p05v25c

Attributes:
    d - dont_touch
    u - dont_use
   mo - map_only
   so - size_only
    i - ideal_net or ideal_network
  inf - infeasible path

  Point                        Fanout     Trans      Incr       Path      Attributes
  ------------------------------------------------------------------------------------------
  busy_reg/CLK (DFFX1_RVT)                 0.03      0.00       0.00 r
  busy_reg/Q (DFFX1_RVT)                   0.03      0.12       0.12 f
  busy (net)                     4                   0.00       0.12 f
  busy (out)                               0.03      0.01       0.13 f
  data arrival time                                             0.13
  ------------------------------------------------------------------------------------------
  (Path is unconstrained)


1
