 
****************************************
Report : area
Design : fxp_sqrt
Version: V-2023.12-SP5
Date   : Thu Dec  5 13:11:13 2024
****************************************

Library(s) Used:

    saed32rvt_tt1p05v25c (File: /afs/umich.edu/class/eecs598-002/SAED32/SAED32_EDK/lib/stdcell_rvt/db_ccs/saed32rvt_tt1p05v25c.db)

Number of ports:                           53
Number of nets:                           302
Number of cells:                          251
Number of combinational cells:            161
Number of sequential cells:                90
Number of macros/black boxes:               0
Number of buf/inv:                         38
Number of references:                      17

Combinational area:                386.807171
Buf/Inv area:                       48.287360
Noncombinational area:             588.597523
Macro/Black Box area:                0.000000
Net Interconnect area:             153.365922

Total cell area:                   975.404693
Total area:                       1128.770615
1
