 
****************************************
Report : area
Design : fxp_div
Version: V-2023.12-SP5
Date   : Thu Dec  5 17:54:40 2024
****************************************

Library(s) Used:

    saed32rvt_tt1p05v25c (File: /afs/umich.edu/class/eecs598-002/SAED32/SAED32_EDK/lib/stdcell_rvt/db_ccs/saed32rvt_tt1p05v25c.db)

Number of ports:                           56
Number of nets:                           596
Number of cells:                          514
Number of combinational cells:            423
Number of sequential cells:                91
Number of macros/black boxes:               0
Number of buf/inv:                         61
Number of references:                      31

Combinational area:                988.874313
Buf/Inv area:                       77.513920
Noncombinational area:             647.558923
Macro/Black Box area:                0.000000
Net Interconnect area:             323.178557

Total cell area:                  1636.433236
Total area:                       1959.611793
1
