 
****************************************
Report : timing
        -path full
        -delay max
        -nets
        -max_paths 1
        -transition_time
Design : fxp_div
Version: V-2023.12-SP5
Date   : Thu Dec  5 17:54:40 2024
****************************************

Operating Conditions: tt1p05v25c   Library: saed32rvt_tt1p05v25c
Wire Load Model Mode: enclosed

  Startpoint: quo_r_reg_11_
              (rising edge-triggered flip-flop)
  Endpoint: done (output port)
  Path Group: (none)
  Path Type: max

  Des/Clust/Port     Wire Load Model       Library
  ------------------------------------------------
  fxp_div            8000                  saed32rvt_tt1p05v25c

Attributes:
    d - dont_touch
    u - dont_use
   mo - map_only
   so - size_only
    i - ideal_net or ideal_network
  inf - infeasible path

  Point                        Fanout     Trans      Incr       Path      Attributes
  ------------------------------------------------------------------------------------------
  quo_r_reg_11_/CLK (DFFARX1_RVT)          0.03      0.00       0.00 r
  quo_r_reg_11_/QN (DFFARX1_RVT)           0.02      0.09       0.09 r
  n781 (net)                     5                   0.00       0.09 r
  U508/Y (AND4X1_RVT)                      0.01      0.06       0.15 r
  n455 (net)                     1                   0.00       0.15 r
  U509/Y (NAND3X0_RVT)                     0.06      0.08       0.23 f
  n464 (net)                     2                   0.00       0.23 f
  U510/Y (AND4X1_RVT)                      0.02      0.14       0.37 f
  n499 (net)                     2                   0.00       0.37 f
  U578/Y (AO21X1_RVT)                      0.11      0.22       0.59 f
  n732 (net)                    12                   0.00       0.59 f
  U737/Y (OA221X1_RVT)                     0.01      0.18       0.76 f
  done (net)                     1                   0.00       0.76 f
  done (out)                               0.01      0.01       0.77 f
  data arrival time                                             0.77
  ------------------------------------------------------------------------------------------
  (Path is unconstrained)


1
