
Design          Type    Object                  New Name
--------------------------------------------------------------------------------
qdiv            cell    reg_count_reg[15]       reg_count_reg_15_
qdiv            cell    reg_count_reg[0]        reg_count_reg_0_
qdiv            cell    reg_count_reg[14]       reg_count_reg_14_
qdiv            cell    reg_count_reg[13]       reg_count_reg_13_
qdiv            cell    reg_count_reg[12]       reg_count_reg_12_
qdiv            cell    reg_count_reg[11]       reg_count_reg_11_
qdiv            cell    reg_count_reg[10]       reg_count_reg_10_
qdiv            cell    reg_count_reg[9]        reg_count_reg_9_
qdiv            cell    reg_count_reg[8]        reg_count_reg_8_
qdiv            cell    reg_count_reg[7]        reg_count_reg_7_
qdiv            cell    reg_count_reg[6]        reg_count_reg_6_
qdiv            cell    reg_count_reg[5]        reg_count_reg_5_
qdiv            cell    reg_count_reg[4]        reg_count_reg_4_
qdiv            cell    reg_count_reg[3]        reg_count_reg_3_
qdiv            cell    reg_count_reg[2]        reg_count_reg_2_
qdiv            cell    reg_count_reg[1]        reg_count_reg_1_
qdiv            cell    reg_working_quotient_reg[35]
                                                reg_working_quotient_reg_35_
qdiv            cell    reg_working_quotient_reg[34]
                                                reg_working_quotient_reg_34_
qdiv            cell    reg_working_quotient_reg[33]
                                                reg_working_quotient_reg_33_
qdiv            cell    reg_working_quotient_reg[32]
                                                reg_working_quotient_reg_32_
qdiv            cell    reg_working_quotient_reg[31]
                                                reg_working_quotient_reg_31_
qdiv            cell    reg_working_quotient_reg[30]
                                                reg_working_quotient_reg_30_
qdiv            cell    reg_working_quotient_reg[29]
                                                reg_working_quotient_reg_29_
qdiv            cell    reg_working_quotient_reg[28]
                                                reg_working_quotient_reg_28_
qdiv            cell    reg_working_quotient_reg[27]
                                                reg_working_quotient_reg_27_
qdiv            cell    reg_working_quotient_reg[26]
                                                reg_working_quotient_reg_26_
qdiv            cell    reg_working_quotient_reg[25]
                                                reg_working_quotient_reg_25_
qdiv            cell    reg_working_quotient_reg[24]
                                                reg_working_quotient_reg_24_
qdiv            cell    reg_working_quotient_reg[23]
                                                reg_working_quotient_reg_23_
qdiv            cell    reg_working_quotient_reg[22]
                                                reg_working_quotient_reg_22_
qdiv            cell    reg_working_quotient_reg[21]
                                                reg_working_quotient_reg_21_
qdiv            cell    reg_working_quotient_reg[20]
                                                reg_working_quotient_reg_20_
qdiv            cell    reg_working_quotient_reg[19]
                                                reg_working_quotient_reg_19_
qdiv            cell    reg_working_quotient_reg[18]
                                                reg_working_quotient_reg_18_
qdiv            cell    reg_working_quotient_reg[17]
                                                reg_working_quotient_reg_17_
qdiv            cell    reg_working_quotient_reg[16]
                                                reg_working_quotient_reg_16_
qdiv            cell    reg_working_quotient_reg[14]
                                                reg_working_quotient_reg_14_
qdiv            cell    reg_working_quotient_reg[13]
                                                reg_working_quotient_reg_13_
qdiv            cell    reg_working_quotient_reg[12]
                                                reg_working_quotient_reg_12_
qdiv            cell    reg_working_quotient_reg[11]
                                                reg_working_quotient_reg_11_
qdiv            cell    reg_working_quotient_reg[10]
                                                reg_working_quotient_reg_10_
qdiv            cell    reg_working_quotient_reg[9]
                                                reg_working_quotient_reg_9_
qdiv            cell    reg_working_quotient_reg[8]
                                                reg_working_quotient_reg_8_
qdiv            cell    reg_working_quotient_reg[7]
                                                reg_working_quotient_reg_7_
qdiv            cell    reg_working_quotient_reg[6]
                                                reg_working_quotient_reg_6_
qdiv            cell    reg_working_quotient_reg[5]
                                                reg_working_quotient_reg_5_
qdiv            cell    reg_working_quotient_reg[4]
                                                reg_working_quotient_reg_4_
qdiv            cell    reg_working_quotient_reg[3]
                                                reg_working_quotient_reg_3_
qdiv            cell    reg_working_quotient_reg[2]
                                                reg_working_quotient_reg_2_
qdiv            cell    reg_working_quotient_reg[1]
                                                reg_working_quotient_reg_1_
qdiv            cell    reg_working_quotient_reg[0]
                                                reg_working_quotient_reg_0_
qdiv            cell    reg_quotient_reg[14]    reg_quotient_reg_14_
qdiv            cell    reg_quotient_reg[13]    reg_quotient_reg_13_
qdiv            cell    reg_quotient_reg[12]    reg_quotient_reg_12_
qdiv            cell    reg_quotient_reg[11]    reg_quotient_reg_11_
qdiv            cell    reg_quotient_reg[10]    reg_quotient_reg_10_
qdiv            cell    reg_quotient_reg[9]     reg_quotient_reg_9_
qdiv            cell    reg_quotient_reg[8]     reg_quotient_reg_8_
qdiv            cell    reg_quotient_reg[7]     reg_quotient_reg_7_
qdiv            cell    reg_quotient_reg[6]     reg_quotient_reg_6_
qdiv            cell    reg_quotient_reg[5]     reg_quotient_reg_5_
qdiv            cell    reg_quotient_reg[4]     reg_quotient_reg_4_
qdiv            cell    reg_quotient_reg[3]     reg_quotient_reg_3_
qdiv            cell    reg_quotient_reg[2]     reg_quotient_reg_2_
qdiv            cell    reg_quotient_reg[1]     reg_quotient_reg_1_
qdiv            cell    reg_quotient_reg[0]     reg_quotient_reg_0_
qdiv            cell    reg_working_dividend_reg[20]
                                                reg_working_dividend_reg_20_
qdiv            cell    reg_working_dividend_reg[19]
                                                reg_working_dividend_reg_19_
qdiv            cell    reg_working_dividend_reg[18]
                                                reg_working_dividend_reg_18_
qdiv            cell    reg_working_dividend_reg[17]
                                                reg_working_dividend_reg_17_
qdiv            cell    reg_working_dividend_reg[16]
                                                reg_working_dividend_reg_16_
qdiv            cell    reg_working_dividend_reg[15]
                                                reg_working_dividend_reg_15_
qdiv            cell    reg_working_dividend_reg[14]
                                                reg_working_dividend_reg_14_
qdiv            cell    reg_working_dividend_reg[13]
                                                reg_working_dividend_reg_13_
qdiv            cell    reg_working_dividend_reg[12]
                                                reg_working_dividend_reg_12_
qdiv            cell    reg_working_dividend_reg[11]
                                                reg_working_dividend_reg_11_
qdiv            cell    reg_working_dividend_reg[10]
                                                reg_working_dividend_reg_10_
qdiv            cell    reg_working_dividend_reg[9]
                                                reg_working_dividend_reg_9_
qdiv            cell    reg_working_dividend_reg[8]
                                                reg_working_dividend_reg_8_
qdiv            cell    reg_working_dividend_reg[7]
                                                reg_working_dividend_reg_7_
qdiv            cell    reg_working_dividend_reg[6]
                                                reg_working_dividend_reg_6_
qdiv            cell    reg_working_dividend_reg[5]
                                                reg_working_dividend_reg_5_
qdiv            cell    reg_working_dividend_reg[4]
                                                reg_working_dividend_reg_4_
qdiv            cell    reg_working_dividend_reg[3]
                                                reg_working_dividend_reg_3_
qdiv            cell    reg_working_dividend_reg[2]
                                                reg_working_dividend_reg_2_
qdiv            cell    reg_working_dividend_reg[1]
                                                reg_working_dividend_reg_1_
qdiv            cell    reg_working_dividend_reg[0]
                                                reg_working_dividend_reg_0_
qdiv            cell    reg_working_divisor_reg[35]
                                                reg_working_divisor_reg_35_
qdiv            cell    reg_working_divisor_reg[34]
                                                reg_working_divisor_reg_34_
qdiv            cell    reg_working_divisor_reg[33]
                                                reg_working_divisor_reg_33_
qdiv            cell    reg_working_divisor_reg[32]
                                                reg_working_divisor_reg_32_
qdiv            cell    reg_working_divisor_reg[31]
                                                reg_working_divisor_reg_31_
qdiv            cell    reg_working_divisor_reg[30]
                                                reg_working_divisor_reg_30_
qdiv            cell    reg_working_divisor_reg[29]
                                                reg_working_divisor_reg_29_
qdiv            cell    reg_working_divisor_reg[28]
                                                reg_working_divisor_reg_28_
qdiv            cell    reg_working_divisor_reg[27]
                                                reg_working_divisor_reg_27_
qdiv            cell    reg_working_divisor_reg[26]
                                                reg_working_divisor_reg_26_
qdiv            cell    reg_working_divisor_reg[25]
                                                reg_working_divisor_reg_25_
qdiv            cell    reg_working_divisor_reg[24]
                                                reg_working_divisor_reg_24_
qdiv            cell    reg_working_divisor_reg[23]
                                                reg_working_divisor_reg_23_
qdiv            cell    reg_working_divisor_reg[22]
                                                reg_working_divisor_reg_22_
qdiv            cell    reg_working_divisor_reg[21]
                                                reg_working_divisor_reg_21_
qdiv            cell    reg_working_divisor_reg[20]
                                                reg_working_divisor_reg_20_
qdiv            cell    reg_working_divisor_reg[19]
                                                reg_working_divisor_reg_19_
qdiv            cell    reg_working_divisor_reg[18]
                                                reg_working_divisor_reg_18_
qdiv            cell    reg_working_divisor_reg[17]
                                                reg_working_divisor_reg_17_
qdiv            cell    reg_working_divisor_reg[16]
                                                reg_working_divisor_reg_16_
qdiv            cell    reg_working_divisor_reg[15]
                                                reg_working_divisor_reg_15_
qdiv            cell    reg_working_divisor_reg[14]
                                                reg_working_divisor_reg_14_
qdiv            cell    reg_working_divisor_reg[13]
                                                reg_working_divisor_reg_13_
qdiv            cell    reg_working_divisor_reg[12]
                                                reg_working_divisor_reg_12_
qdiv            cell    reg_working_divisor_reg[11]
                                                reg_working_divisor_reg_11_
qdiv            cell    reg_working_divisor_reg[10]
                                                reg_working_divisor_reg_10_
qdiv            cell    reg_working_divisor_reg[9]
                                                reg_working_divisor_reg_9_
qdiv            cell    reg_working_divisor_reg[8]
                                                reg_working_divisor_reg_8_
qdiv            cell    reg_working_divisor_reg[7]
                                                reg_working_divisor_reg_7_
qdiv            cell    reg_working_divisor_reg[6]
                                                reg_working_divisor_reg_6_
qdiv            cell    reg_working_divisor_reg[5]
                                                reg_working_divisor_reg_5_
qdiv            cell    reg_working_divisor_reg[4]
                                                reg_working_divisor_reg_4_
qdiv            cell    reg_working_divisor_reg[3]
                                                reg_working_divisor_reg_3_
qdiv            cell    reg_working_divisor_reg[2]
                                                reg_working_divisor_reg_2_
qdiv            cell    reg_working_divisor_reg[1]
                                                reg_working_divisor_reg_1_
qdiv            cell    reg_working_divisor_reg[0]
                                                reg_working_divisor_reg_0_
1
