 
****************************************
Report : net fanout
        -high_fanout
Design : qdiv
Version: V-2023.12-SP5
Date   : Thu Dec  5 16:56:16 2024
****************************************


Operating Conditions: tt1p05v25c   Library: saed32rvt_tt1p05v25c
Wire Load Model Mode: enclosed

Design        Wire Load Model            Library
------------------------------------------------
qdiv                   8000              saed32rvt_tt1p05v25c


Attributes:
   dr - drc disabled
    c - annotated capacitance
    d - dont_touch
    i - ideal_net
    I - ideal_network
    p - includes pin load
    r - annotated resistance
    h - high fanout

Net                 Fanout   Attributes   Capacitance   Driver
--------------------------------------------------------------------------------
1
