 
****************************************
Report : area
Design : rms
Version: V-2023.12-SP5
Date   : Thu Dec  5 21:25:53 2024
****************************************

Library(s) Used:

    saed32rvt_tt1p05v25c (File: /afs/umich.edu/class/eecs598-002/SAED32/SAED32_EDK/lib/stdcell_rvt/db_ccs/saed32rvt_tt1p05v25c.db)

Number of ports:                           85
Number of nets:                          1770
Number of cells:                         1369
Number of combinational cells:           1213
Number of sequential cells:               156
Number of macros/black boxes:               0
Number of buf/inv:                        156
Number of references:                      24

Combinational area:               3472.369447
Buf/Inv area:                      199.248897
Noncombinational area:            1066.388249
Macro/Black Box area:                0.000000
Net Interconnect area:             858.176235

Total cell area:                  4538.757697
Total area:                       5396.933931
1
