Information: Checking out the license 'DesignWare'. (SEC-104)
Information: Changed wire load model for 'fxp_div_WIDTH16_FBITS6' from '(none)' to 'ForQA'. (OPT-170)
Information: Changed wire load model for 'fxp_div_WIDTH16_FBITS6' from '(none)' to 'ForQA'. (OPT-170)
Information: Changed wire load model for 'fxp_div_WIDTH16_FBITS6' from '(none)' to 'ForQA'. (OPT-170)
Information: Changed wire load model for 'fxp_div_WIDTH16_FBITS6' from '(none)' to 'ForQA'. (OPT-170)
Information: Changed wire load model for 'vec_div' from '(none)' to 'ForQA'. (OPT-170)
Information: Changed wire load model for 'fxp_sqrt' from '(none)' to 'ForQA'. (OPT-170)
Information: Changed wire load model for 'vec_mean' from '(none)' to 'ForQA'. (OPT-170)
Information: Changed wire load model for 'vec_mult' from '(none)' to 'ForQA'. (OPT-170)
Information: Changed wire load model for 'rms' from '(none)' to 'ForQA'. (OPT-170)
Information: Changed wire load model for 'alt1' from '(none)' to 'ForQA'. (OPT-170)
Information: Changed wire load model for 'apparch' from '(none)' to 'ForQA'. (OPT-170)
Information: Changed wire load model for 'DW01_sub_width15' from '(none)' to 'ForQA'. (OPT-170)
Information: Changed wire load model for '*SUB_UNS_OP_1_15_15' from '(none)' to 'ForQA'. (OPT-170)
Information: Changed wire load model for 'DW01_inc_width6' from '(none)' to 'ForQA'. (OPT-170)
Information: Changed wire load model for '*ADD_UNS_OP_6_1_6' from '(none)' to 'ForQA'. (OPT-170)
Information: Changed wire load model for 'DW01_inc_width15' from '(none)' to 'ForQA'. (OPT-170)
Information: Changed wire load model for '*ADD_UNS_OP_15_1_15' from '(none)' to 'ForQA'. (OPT-170)
Information: Changed wire load model for 'DW01_sub_width15' from '(none)' to 'ForQA'. (OPT-170)
Information: Changed wire load model for '*SUB_UNS_OP_15_15_15' from '(none)' to 'ForQA'. (OPT-170)
Information: Changed wire load model for 'DW01_sub_width15' from '(none)' to 'ForQA'. (OPT-170)
Information: Changed wire load model for '*SUB_UNS_OP_1_15_15' from '(none)' to 'ForQA'. (OPT-170)
Information: Changed wire load model for 'DW01_sub_width15' from '(none)' to 'ForQA'. (OPT-170)
Information: Changed wire load model for '*SUB_UNS_OP_1_15_15' from '(none)' to 'ForQA'. (OPT-170)
Information: Changed wire load model for 'DW01_cmp6_width3' from '(none)' to 'ForQA'. (OPT-170)
Information: Changed wire load model for '*NE_UNS_OP_3_3_1' from '(none)' to 'ForQA'. (OPT-170)
Information: Changed wire load model for 'DW01_cmp2_width16' from '(none)' to 'ForQA'. (OPT-170)
Information: Changed wire load model for '*GEQ_UNS_OP_16_15_1' from '(none)' to 'ForQA'. (OPT-170)
Information: Changed wire load model for 'DW01_sub_width15' from '(none)' to 'ForQA'. (OPT-170)
Information: Changed wire load model for '*SUB_UNS_OP_1_15_15' from '(none)' to 'ForQA'. (OPT-170)
Information: Changed wire load model for 'DW01_inc_width6' from '(none)' to 'ForQA'. (OPT-170)
Information: Changed wire load model for '*ADD_UNS_OP_6_1_6' from '(none)' to 'ForQA'. (OPT-170)
Information: Changed wire load model for 'DW01_inc_width15' from '(none)' to 'ForQA'. (OPT-170)
Information: Changed wire load model for '*ADD_UNS_OP_15_1_15' from '(none)' to 'ForQA'. (OPT-170)
Information: Changed wire load model for 'DW01_sub_width15' from '(none)' to 'ForQA'. (OPT-170)
Information: Changed wire load model for '*SUB_UNS_OP_15_15_15' from '(none)' to 'ForQA'. (OPT-170)
Information: Changed wire load model for 'DW01_sub_width15' from '(none)' to 'ForQA'. (OPT-170)
Information: Changed wire load model for '*SUB_UNS_OP_1_15_15' from '(none)' to 'ForQA'. (OPT-170)
Information: Changed wire load model for 'DW01_sub_width15' from '(none)' to 'ForQA'. (OPT-170)
Information: Changed wire load model for '*SUB_UNS_OP_1_15_15' from '(none)' to 'ForQA'. (OPT-170)
Information: Changed wire load model for 'DW01_cmp6_width3' from '(none)' to 'ForQA'. (OPT-170)
Information: Changed wire load model for '*NE_UNS_OP_3_3_1' from '(none)' to 'ForQA'. (OPT-170)
Information: Changed wire load model for 'DW01_cmp2_width16' from '(none)' to 'ForQA'. (OPT-170)
Information: Changed wire load model for '*GEQ_UNS_OP_16_15_1' from '(none)' to 'ForQA'. (OPT-170)
Information: Changed wire load model for 'DW01_sub_width15' from '(none)' to 'ForQA'. (OPT-170)
Information: Changed wire load model for '*SUB_UNS_OP_1_15_15' from '(none)' to 'ForQA'. (OPT-170)
Information: Changed wire load model for 'DW01_inc_width6' from '(none)' to 'ForQA'. (OPT-170)
Information: Changed wire load model for '*ADD_UNS_OP_6_1_6' from '(none)' to 'ForQA'. (OPT-170)
Information: Changed wire load model for 'DW01_inc_width15' from '(none)' to 'ForQA'. (OPT-170)
Information: Changed wire load model for '*ADD_UNS_OP_15_1_15' from '(none)' to 'ForQA'. (OPT-170)
Information: Changed wire load model for 'DW01_sub_width15' from '(none)' to 'ForQA'. (OPT-170)
Information: Changed wire load model for '*SUB_UNS_OP_15_15_15' from '(none)' to 'ForQA'. (OPT-170)
Information: Changed wire load model for 'DW01_sub_width15' from '(none)' to 'ForQA'. (OPT-170)
Information: Changed wire load model for '*SUB_UNS_OP_1_15_15' from '(none)' to 'ForQA'. (OPT-170)
Information: Changed wire load model for 'DW01_sub_width15' from '(none)' to 'ForQA'. (OPT-170)
Information: Changed wire load model for '*SUB_UNS_OP_1_15_15' from '(none)' to 'ForQA'. (OPT-170)
Information: Changed wire load model for 'DW01_cmp6_width3' from '(none)' to 'ForQA'. (OPT-170)
Information: Changed wire load model for '*NE_UNS_OP_3_3_1' from '(none)' to 'ForQA'. (OPT-170)
Information: Changed wire load model for 'DW01_cmp2_width16' from '(none)' to 'ForQA'. (OPT-170)
Information: Changed wire load model for '*GEQ_UNS_OP_16_15_1' from '(none)' to 'ForQA'. (OPT-170)
Information: Changed wire load model for 'DW01_sub_width15' from '(none)' to 'ForQA'. (OPT-170)
Information: Changed wire load model for '*SUB_UNS_OP_1_15_15' from '(none)' to 'ForQA'. (OPT-170)
Information: Changed wire load model for 'DW01_inc_width6' from '(none)' to 'ForQA'. (OPT-170)
Information: Changed wire load model for '*ADD_UNS_OP_6_1_6' from '(none)' to 'ForQA'. (OPT-170)
Information: Changed wire load model for 'DW01_inc_width15' from '(none)' to 'ForQA'. (OPT-170)
Information: Changed wire load model for '*ADD_UNS_OP_15_1_15' from '(none)' to 'ForQA'. (OPT-170)
Information: Changed wire load model for 'DW01_sub_width15' from '(none)' to 'ForQA'. (OPT-170)
Information: Changed wire load model for '*SUB_UNS_OP_15_15_15' from '(none)' to 'ForQA'. (OPT-170)
Information: Changed wire load model for 'DW01_sub_width15' from '(none)' to 'ForQA'. (OPT-170)
Information: Changed wire load model for '*SUB_UNS_OP_1_15_15' from '(none)' to 'ForQA'. (OPT-170)
Information: Changed wire load model for 'DW01_sub_width15' from '(none)' to 'ForQA'. (OPT-170)
Information: Changed wire load model for '*SUB_UNS_OP_1_15_15' from '(none)' to 'ForQA'. (OPT-170)
Information: Changed wire load model for 'DW01_cmp6_width3' from '(none)' to 'ForQA'. (OPT-170)
Information: Changed wire load model for '*NE_UNS_OP_3_3_1' from '(none)' to 'ForQA'. (OPT-170)
Information: Changed wire load model for 'DW01_cmp2_width16' from '(none)' to 'ForQA'. (OPT-170)
Information: Changed wire load model for '*GEQ_UNS_OP_16_15_1' from '(none)' to 'ForQA'. (OPT-170)
Information: Changed wire load model for 'DW01_inc_width4' from '(none)' to 'ForQA'. (OPT-170)
Information: Changed wire load model for '*ADD_UNS_OP_4_1_4' from '(none)' to 'ForQA'. (OPT-170)
Information: Changed wire load model for 'DW01_sub_width18' from '(none)' to 'ForQA'. (OPT-170)
Information: Changed wire load model for '*SUB_UNS_OP_18_18_18' from '(none)' to 'ForQA'. (OPT-170)
Information: Changed wire load model for 'DW01_add_width17' from '(none)' to 'ForQA'. (OPT-170)
Information: Changed wire load model for '*ADD_TC_OP_16_16_17' from '(none)' to 'ForQA'. (OPT-170)
Information: Changed wire load model for 'DW01_add_width17' from '(none)' to 'ForQA'. (OPT-170)
Information: Changed wire load model for '*ADD_TC_OP_16_16_17' from '(none)' to 'ForQA'. (OPT-170)
Information: Changed wire load model for 'DW01_add_width17' from '(none)' to 'ForQA'. (OPT-170)
Information: Changed wire load model for '*ADD_TC_OP_16_16_17' from '(none)' to 'ForQA'. (OPT-170)
Information: Changed wire load model for 'DW02_mult' from '(none)' to 'ForQA'. (OPT-170)
Information: Changed wire load model for '*MULT_TC_OP_16_16_22' from '(none)' to 'ForQA'. (OPT-170)
Information: Changed wire load model for 'DW02_mult' from '(none)' to 'ForQA'. (OPT-170)
Information: Changed wire load model for '*MULT_TC_OP_16_16_22' from '(none)' to 'ForQA'. (OPT-170)
Information: Changed wire load model for 'DW02_mult' from '(none)' to 'ForQA'. (OPT-170)
Information: Changed wire load model for '*MULT_TC_OP_16_16_22' from '(none)' to 'ForQA'. (OPT-170)
Information: Changed wire load model for 'DW02_mult' from '(none)' to 'ForQA'. (OPT-170)
Information: Changed wire load model for '*MULT_TC_OP_16_16_22' from '(none)' to 'ForQA'. (OPT-170)
Information: Updating design information... (UID-85)
Warning: Design 'rms_norm' contains 1 high-fanout nets. A fanout number of 1000 will be used for delay calculations involving these nets. (TIM-134)

Information: Checking generated_clocks...

Information: Checking loops...

Information: Checking no_input_delay...

Information: Checking unconstrained_endpoints...

Warning: The following end-points are not constrained for maximum delay.

End point
---------------
done
output_arr[0][0]
output_arr[0][1]
output_arr[0][2]
output_arr[0][3]
output_arr[0][4]
output_arr[0][5]
output_arr[0][6]
output_arr[0][7]
output_arr[0][8]
output_arr[0][9]
output_arr[0][10]
output_arr[0][11]
output_arr[0][12]
output_arr[0][13]
output_arr[0][14]
output_arr[0][15]
output_arr[1][0]
output_arr[1][1]
output_arr[1][2]
output_arr[1][3]
output_arr[1][4]
output_arr[1][5]
output_arr[1][6]
output_arr[1][7]
output_arr[1][8]
output_arr[1][9]
output_arr[1][10]
output_arr[1][11]
output_arr[1][12]
output_arr[1][13]
output_arr[1][14]
output_arr[1][15]
output_arr[2][0]
output_arr[2][1]
output_arr[2][2]
output_arr[2][3]
output_arr[2][4]
output_arr[2][5]
output_arr[2][6]
output_arr[2][7]
output_arr[2][8]
output_arr[2][9]
output_arr[2][10]
output_arr[2][11]
output_arr[2][12]
output_arr[2][13]
output_arr[2][14]
output_arr[2][15]
output_arr[3][0]
output_arr[3][1]
output_arr[3][2]
output_arr[3][3]
output_arr[3][4]
output_arr[3][5]
output_arr[3][6]
output_arr[3][7]
output_arr[3][8]
output_arr[3][9]
output_arr[3][10]
output_arr[3][11]
output_arr[3][12]
output_arr[3][13]
output_arr[3][14]
output_arr[3][15]
rms0/fxp_sqrt0/ac_reg[0]/next_state
rms0/fxp_sqrt0/ac_reg[1]/next_state
rms0/fxp_sqrt0/ac_reg[2]/next_state
rms0/fxp_sqrt0/ac_reg[3]/next_state
rms0/fxp_sqrt0/ac_reg[4]/next_state
rms0/fxp_sqrt0/ac_reg[5]/next_state
rms0/fxp_sqrt0/ac_reg[6]/next_state
rms0/fxp_sqrt0/ac_reg[7]/next_state
rms0/fxp_sqrt0/ac_reg[8]/next_state
rms0/fxp_sqrt0/ac_reg[9]/next_state
rms0/fxp_sqrt0/ac_reg[10]/next_state
rms0/fxp_sqrt0/ac_reg[11]/next_state
rms0/fxp_sqrt0/ac_reg[12]/next_state
rms0/fxp_sqrt0/ac_reg[13]/next_state
rms0/fxp_sqrt0/ac_reg[14]/next_state
rms0/fxp_sqrt0/ac_reg[15]/next_state
rms0/fxp_sqrt0/ac_reg[16]/next_state
rms0/fxp_sqrt0/ac_reg[17]/next_state
rms0/fxp_sqrt0/busy_reg/next_state
rms0/fxp_sqrt0/busy_reg/synch_enable
rms0/fxp_sqrt0/it_next_reg[0]/data_in
rms0/fxp_sqrt0/it_next_reg[1]/data_in
rms0/fxp_sqrt0/it_next_reg[2]/data_in
rms0/fxp_sqrt0/it_next_reg[3]/data_in
rms0/fxp_sqrt0/it_reg[0]/next_state
rms0/fxp_sqrt0/it_reg[1]/next_state
rms0/fxp_sqrt0/it_reg[2]/next_state
rms0/fxp_sqrt0/it_reg[3]/next_state
rms0/fxp_sqrt0/q_reg[0]/next_state
rms0/fxp_sqrt0/q_reg[1]/next_state
rms0/fxp_sqrt0/q_reg[2]/next_state
rms0/fxp_sqrt0/q_reg[3]/next_state
rms0/fxp_sqrt0/q_reg[4]/next_state
rms0/fxp_sqrt0/q_reg[5]/next_state
rms0/fxp_sqrt0/q_reg[6]/next_state
rms0/fxp_sqrt0/q_reg[7]/next_state
rms0/fxp_sqrt0/q_reg[8]/next_state
rms0/fxp_sqrt0/q_reg[9]/next_state
rms0/fxp_sqrt0/q_reg[10]/next_state
rms0/fxp_sqrt0/q_reg[11]/next_state
rms0/fxp_sqrt0/q_reg[12]/next_state
rms0/fxp_sqrt0/q_reg[13]/next_state
rms0/fxp_sqrt0/q_reg[14]/next_state
rms0/fxp_sqrt0/q_reg[15]/next_state
rms0/fxp_sqrt0/rem_reg[0]/next_state
rms0/fxp_sqrt0/rem_reg[0]/synch_enable
rms0/fxp_sqrt0/rem_reg[1]/next_state
rms0/fxp_sqrt0/rem_reg[1]/synch_enable
rms0/fxp_sqrt0/rem_reg[2]/next_state
rms0/fxp_sqrt0/rem_reg[2]/synch_enable
rms0/fxp_sqrt0/rem_reg[3]/next_state
rms0/fxp_sqrt0/rem_reg[3]/synch_enable
rms0/fxp_sqrt0/rem_reg[4]/next_state
rms0/fxp_sqrt0/rem_reg[4]/synch_enable
rms0/fxp_sqrt0/rem_reg[5]/next_state
rms0/fxp_sqrt0/rem_reg[5]/synch_enable
rms0/fxp_sqrt0/rem_reg[6]/next_state
rms0/fxp_sqrt0/rem_reg[6]/synch_enable
rms0/fxp_sqrt0/rem_reg[7]/next_state
rms0/fxp_sqrt0/rem_reg[7]/synch_enable
rms0/fxp_sqrt0/rem_reg[8]/next_state
rms0/fxp_sqrt0/rem_reg[8]/synch_enable
rms0/fxp_sqrt0/rem_reg[9]/next_state
rms0/fxp_sqrt0/rem_reg[9]/synch_enable
rms0/fxp_sqrt0/rem_reg[10]/next_state
rms0/fxp_sqrt0/rem_reg[10]/synch_enable
rms0/fxp_sqrt0/rem_reg[11]/next_state
rms0/fxp_sqrt0/rem_reg[11]/synch_enable
rms0/fxp_sqrt0/rem_reg[12]/next_state
rms0/fxp_sqrt0/rem_reg[12]/synch_enable
rms0/fxp_sqrt0/rem_reg[13]/next_state
rms0/fxp_sqrt0/rem_reg[13]/synch_enable
rms0/fxp_sqrt0/rem_reg[14]/next_state
rms0/fxp_sqrt0/rem_reg[14]/synch_enable
rms0/fxp_sqrt0/rem_reg[15]/next_state
rms0/fxp_sqrt0/rem_reg[15]/synch_enable
rms0/fxp_sqrt0/root_reg[0]/next_state
rms0/fxp_sqrt0/root_reg[0]/synch_enable
rms0/fxp_sqrt0/root_reg[1]/next_state
rms0/fxp_sqrt0/root_reg[1]/synch_enable
rms0/fxp_sqrt0/root_reg[2]/next_state
rms0/fxp_sqrt0/root_reg[2]/synch_enable
rms0/fxp_sqrt0/root_reg[3]/next_state
rms0/fxp_sqrt0/root_reg[3]/synch_enable
rms0/fxp_sqrt0/root_reg[4]/next_state
rms0/fxp_sqrt0/root_reg[4]/synch_enable
rms0/fxp_sqrt0/root_reg[5]/next_state
rms0/fxp_sqrt0/root_reg[5]/synch_enable
rms0/fxp_sqrt0/root_reg[6]/next_state
rms0/fxp_sqrt0/root_reg[6]/synch_enable
rms0/fxp_sqrt0/root_reg[7]/next_state
rms0/fxp_sqrt0/root_reg[7]/synch_enable
rms0/fxp_sqrt0/root_reg[8]/next_state
rms0/fxp_sqrt0/root_reg[8]/synch_enable
rms0/fxp_sqrt0/root_reg[9]/next_state
rms0/fxp_sqrt0/root_reg[9]/synch_enable
rms0/fxp_sqrt0/root_reg[10]/next_state
rms0/fxp_sqrt0/root_reg[10]/synch_enable
rms0/fxp_sqrt0/root_reg[11]/next_state
rms0/fxp_sqrt0/root_reg[11]/synch_enable
rms0/fxp_sqrt0/root_reg[12]/next_state
rms0/fxp_sqrt0/root_reg[12]/synch_enable
rms0/fxp_sqrt0/root_reg[13]/next_state
rms0/fxp_sqrt0/root_reg[13]/synch_enable
rms0/fxp_sqrt0/root_reg[14]/next_state
rms0/fxp_sqrt0/root_reg[14]/synch_enable
rms0/fxp_sqrt0/root_reg[15]/next_state
rms0/fxp_sqrt0/root_reg[15]/synch_enable
rms0/fxp_sqrt0/valid_reg/next_state
rms0/fxp_sqrt0/valid_reg/synch_enable
rms0/fxp_sqrt0/x_reg[2]/next_state
rms0/fxp_sqrt0/x_reg[3]/next_state
rms0/fxp_sqrt0/x_reg[4]/next_state
rms0/fxp_sqrt0/x_reg[5]/next_state
rms0/fxp_sqrt0/x_reg[6]/next_state
rms0/fxp_sqrt0/x_reg[7]/next_state
rms0/fxp_sqrt0/x_reg[8]/next_state
rms0/fxp_sqrt0/x_reg[9]/next_state
rms0/fxp_sqrt0/x_reg[10]/next_state
rms0/fxp_sqrt0/x_reg[11]/next_state
rms0/fxp_sqrt0/x_reg[12]/next_state
rms0/fxp_sqrt0/x_reg[13]/next_state
rms0/fxp_sqrt0/x_reg[14]/next_state
rms0/fxp_sqrt0/x_reg[15]/next_state
rms0/start_pp1_reg/next_state
rms0/start_pp1_reg/synch_enable
rms0/start_pp2_reg/next_state
rms0/start_pp2_reg/synch_enable
rms0/vec_mean_reg[0]/next_state
rms0/vec_mean_reg[0]/synch_enable
rms0/vec_mean_reg[1]/next_state
rms0/vec_mean_reg[1]/synch_enable
rms0/vec_mean_reg[2]/next_state
rms0/vec_mean_reg[2]/synch_enable
rms0/vec_mean_reg[3]/next_state
rms0/vec_mean_reg[3]/synch_enable
rms0/vec_mean_reg[4]/next_state
rms0/vec_mean_reg[4]/synch_enable
rms0/vec_mean_reg[5]/next_state
rms0/vec_mean_reg[5]/synch_enable
rms0/vec_mean_reg[6]/next_state
rms0/vec_mean_reg[6]/synch_enable
rms0/vec_mean_reg[7]/next_state
rms0/vec_mean_reg[7]/synch_enable
rms0/vec_mean_reg[8]/next_state
rms0/vec_mean_reg[8]/synch_enable
rms0/vec_mean_reg[9]/next_state
rms0/vec_mean_reg[9]/synch_enable
rms0/vec_mean_reg[10]/next_state
rms0/vec_mean_reg[10]/synch_enable
rms0/vec_mean_reg[11]/next_state
rms0/vec_mean_reg[11]/synch_enable
rms0/vec_mean_reg[12]/next_state
rms0/vec_mean_reg[12]/synch_enable
rms0/vec_mean_reg[13]/next_state
rms0/vec_mean_reg[13]/synch_enable
rms0/vec_mean_reg[14]/next_state
rms0/vec_mean_reg[14]/synch_enable
rms0/vec_mean_reg[15]/next_state
rms0/vec_mean_reg[15]/synch_enable
rms0/vec_square_reg[0][0]/next_state
rms0/vec_square_reg[0][0]/synch_enable
rms0/vec_square_reg[0][1]/next_state
rms0/vec_square_reg[0][1]/synch_enable
rms0/vec_square_reg[0][2]/next_state
rms0/vec_square_reg[0][2]/synch_enable
rms0/vec_square_reg[0][3]/next_state
rms0/vec_square_reg[0][3]/synch_enable
rms0/vec_square_reg[0][4]/next_state
rms0/vec_square_reg[0][4]/synch_enable
rms0/vec_square_reg[0][5]/next_state
rms0/vec_square_reg[0][5]/synch_enable
rms0/vec_square_reg[0][6]/next_state
rms0/vec_square_reg[0][6]/synch_enable
rms0/vec_square_reg[0][7]/next_state
rms0/vec_square_reg[0][7]/synch_enable
rms0/vec_square_reg[0][8]/next_state
rms0/vec_square_reg[0][8]/synch_enable
rms0/vec_square_reg[0][9]/next_state
rms0/vec_square_reg[0][9]/synch_enable
rms0/vec_square_reg[0][10]/next_state
rms0/vec_square_reg[0][10]/synch_enable
rms0/vec_square_reg[0][11]/next_state
rms0/vec_square_reg[0][11]/synch_enable
rms0/vec_square_reg[0][12]/next_state
rms0/vec_square_reg[0][12]/synch_enable
rms0/vec_square_reg[0][13]/next_state
rms0/vec_square_reg[0][13]/synch_enable
rms0/vec_square_reg[0][14]/next_state
rms0/vec_square_reg[0][14]/synch_enable
rms0/vec_square_reg[0][15]/next_state
rms0/vec_square_reg[0][15]/synch_enable
rms0/vec_square_reg[1][0]/next_state
rms0/vec_square_reg[1][0]/synch_enable
rms0/vec_square_reg[1][1]/next_state
rms0/vec_square_reg[1][1]/synch_enable
rms0/vec_square_reg[1][2]/next_state
rms0/vec_square_reg[1][2]/synch_enable
rms0/vec_square_reg[1][3]/next_state
rms0/vec_square_reg[1][3]/synch_enable
rms0/vec_square_reg[1][4]/next_state
rms0/vec_square_reg[1][4]/synch_enable
rms0/vec_square_reg[1][5]/next_state
rms0/vec_square_reg[1][5]/synch_enable
rms0/vec_square_reg[1][6]/next_state
rms0/vec_square_reg[1][6]/synch_enable
rms0/vec_square_reg[1][7]/next_state
rms0/vec_square_reg[1][7]/synch_enable
rms0/vec_square_reg[1][8]/next_state
rms0/vec_square_reg[1][8]/synch_enable
rms0/vec_square_reg[1][9]/next_state
rms0/vec_square_reg[1][9]/synch_enable
rms0/vec_square_reg[1][10]/next_state
rms0/vec_square_reg[1][10]/synch_enable
rms0/vec_square_reg[1][11]/next_state
rms0/vec_square_reg[1][11]/synch_enable
rms0/vec_square_reg[1][12]/next_state
rms0/vec_square_reg[1][12]/synch_enable
rms0/vec_square_reg[1][13]/next_state
rms0/vec_square_reg[1][13]/synch_enable
rms0/vec_square_reg[1][14]/next_state
rms0/vec_square_reg[1][14]/synch_enable
rms0/vec_square_reg[1][15]/next_state
rms0/vec_square_reg[1][15]/synch_enable
rms0/vec_square_reg[2][0]/next_state
rms0/vec_square_reg[2][0]/synch_enable
rms0/vec_square_reg[2][1]/next_state
rms0/vec_square_reg[2][1]/synch_enable
rms0/vec_square_reg[2][2]/next_state
rms0/vec_square_reg[2][2]/synch_enable
rms0/vec_square_reg[2][3]/next_state
rms0/vec_square_reg[2][3]/synch_enable
rms0/vec_square_reg[2][4]/next_state
rms0/vec_square_reg[2][4]/synch_enable
rms0/vec_square_reg[2][5]/next_state
rms0/vec_square_reg[2][5]/synch_enable
rms0/vec_square_reg[2][6]/next_state
rms0/vec_square_reg[2][6]/synch_enable
rms0/vec_square_reg[2][7]/next_state
rms0/vec_square_reg[2][7]/synch_enable
rms0/vec_square_reg[2][8]/next_state
rms0/vec_square_reg[2][8]/synch_enable
rms0/vec_square_reg[2][9]/next_state
rms0/vec_square_reg[2][9]/synch_enable
rms0/vec_square_reg[2][10]/next_state
rms0/vec_square_reg[2][10]/synch_enable
rms0/vec_square_reg[2][11]/next_state
rms0/vec_square_reg[2][11]/synch_enable
rms0/vec_square_reg[2][12]/next_state
rms0/vec_square_reg[2][12]/synch_enable
rms0/vec_square_reg[2][13]/next_state
rms0/vec_square_reg[2][13]/synch_enable
rms0/vec_square_reg[2][14]/next_state
rms0/vec_square_reg[2][14]/synch_enable
rms0/vec_square_reg[2][15]/next_state
rms0/vec_square_reg[2][15]/synch_enable
rms0/vec_square_reg[3][0]/next_state
rms0/vec_square_reg[3][0]/synch_enable
rms0/vec_square_reg[3][1]/next_state
rms0/vec_square_reg[3][1]/synch_enable
rms0/vec_square_reg[3][2]/next_state
rms0/vec_square_reg[3][2]/synch_enable
rms0/vec_square_reg[3][3]/next_state
rms0/vec_square_reg[3][3]/synch_enable
rms0/vec_square_reg[3][4]/next_state
rms0/vec_square_reg[3][4]/synch_enable
rms0/vec_square_reg[3][5]/next_state
rms0/vec_square_reg[3][5]/synch_enable
rms0/vec_square_reg[3][6]/next_state
rms0/vec_square_reg[3][6]/synch_enable
rms0/vec_square_reg[3][7]/next_state
rms0/vec_square_reg[3][7]/synch_enable
rms0/vec_square_reg[3][8]/next_state
rms0/vec_square_reg[3][8]/synch_enable
rms0/vec_square_reg[3][9]/next_state
rms0/vec_square_reg[3][9]/synch_enable
rms0/vec_square_reg[3][10]/next_state
rms0/vec_square_reg[3][10]/synch_enable
rms0/vec_square_reg[3][11]/next_state
rms0/vec_square_reg[3][11]/synch_enable
rms0/vec_square_reg[3][12]/next_state
rms0/vec_square_reg[3][12]/synch_enable
rms0/vec_square_reg[3][13]/next_state
rms0/vec_square_reg[3][13]/synch_enable
rms0/vec_square_reg[3][14]/next_state
rms0/vec_square_reg[3][14]/synch_enable
rms0/vec_square_reg[3][15]/next_state
rms0/vec_square_reg[3][15]/synch_enable
vec_div0/busy_reg/next_state
vec_div0/busy_reg/synch_enable
vec_div0/dbz_r_reg/next_state
vec_div0/dbz_r_reg/synch_enable
vec_div0/div_in_1_reg[0][0]/next_state
vec_div0/div_in_1_reg[0][0]/synch_enable
vec_div0/div_in_1_reg[0][1]/next_state
vec_div0/div_in_1_reg[0][1]/synch_enable
vec_div0/div_in_1_reg[0][2]/next_state
vec_div0/div_in_1_reg[0][2]/synch_enable
vec_div0/div_in_1_reg[0][3]/next_state
vec_div0/div_in_1_reg[0][3]/synch_enable
vec_div0/div_in_1_reg[0][4]/next_state
vec_div0/div_in_1_reg[0][4]/synch_enable
vec_div0/div_in_1_reg[0][5]/next_state
vec_div0/div_in_1_reg[0][5]/synch_enable
vec_div0/div_in_1_reg[0][6]/next_state
vec_div0/div_in_1_reg[0][6]/synch_enable
vec_div0/div_in_1_reg[0][7]/next_state
vec_div0/div_in_1_reg[0][7]/synch_enable
vec_div0/div_in_1_reg[0][8]/next_state
vec_div0/div_in_1_reg[0][8]/synch_enable
vec_div0/div_in_1_reg[0][9]/next_state
vec_div0/div_in_1_reg[0][9]/synch_enable
vec_div0/div_in_1_reg[0][10]/next_state
vec_div0/div_in_1_reg[0][10]/synch_enable
vec_div0/div_in_1_reg[0][11]/next_state
vec_div0/div_in_1_reg[0][11]/synch_enable
vec_div0/div_in_1_reg[0][12]/next_state
vec_div0/div_in_1_reg[0][12]/synch_enable
vec_div0/div_in_1_reg[0][13]/next_state
vec_div0/div_in_1_reg[0][13]/synch_enable
vec_div0/div_in_1_reg[0][14]/next_state
vec_div0/div_in_1_reg[0][14]/synch_enable
vec_div0/div_in_1_reg[0][15]/next_state
vec_div0/div_in_1_reg[0][15]/synch_enable
vec_div0/div_in_1_reg[1][0]/next_state
vec_div0/div_in_1_reg[1][0]/synch_enable
vec_div0/div_in_1_reg[1][1]/next_state
vec_div0/div_in_1_reg[1][1]/synch_enable
vec_div0/div_in_1_reg[1][2]/next_state
vec_div0/div_in_1_reg[1][2]/synch_enable
vec_div0/div_in_1_reg[1][3]/next_state
vec_div0/div_in_1_reg[1][3]/synch_enable
vec_div0/div_in_1_reg[1][4]/next_state
vec_div0/div_in_1_reg[1][4]/synch_enable
vec_div0/div_in_1_reg[1][5]/next_state
vec_div0/div_in_1_reg[1][5]/synch_enable
vec_div0/div_in_1_reg[1][6]/next_state
vec_div0/div_in_1_reg[1][6]/synch_enable
vec_div0/div_in_1_reg[1][7]/next_state
vec_div0/div_in_1_reg[1][7]/synch_enable
vec_div0/div_in_1_reg[1][8]/next_state
vec_div0/div_in_1_reg[1][8]/synch_enable
vec_div0/div_in_1_reg[1][9]/next_state
vec_div0/div_in_1_reg[1][9]/synch_enable
vec_div0/div_in_1_reg[1][10]/next_state
vec_div0/div_in_1_reg[1][10]/synch_enable
vec_div0/div_in_1_reg[1][11]/next_state
vec_div0/div_in_1_reg[1][11]/synch_enable
vec_div0/div_in_1_reg[1][12]/next_state
vec_div0/div_in_1_reg[1][12]/synch_enable
vec_div0/div_in_1_reg[1][13]/next_state
vec_div0/div_in_1_reg[1][13]/synch_enable
vec_div0/div_in_1_reg[1][14]/next_state
vec_div0/div_in_1_reg[1][14]/synch_enable
vec_div0/div_in_1_reg[1][15]/next_state
vec_div0/div_in_1_reg[1][15]/synch_enable
vec_div0/div_in_1_reg[2][0]/next_state
vec_div0/div_in_1_reg[2][0]/synch_enable
vec_div0/div_in_1_reg[2][1]/next_state
vec_div0/div_in_1_reg[2][1]/synch_enable
vec_div0/div_in_1_reg[2][2]/next_state
vec_div0/div_in_1_reg[2][2]/synch_enable
vec_div0/div_in_1_reg[2][3]/next_state
vec_div0/div_in_1_reg[2][3]/synch_enable
vec_div0/div_in_1_reg[2][4]/next_state
vec_div0/div_in_1_reg[2][4]/synch_enable
vec_div0/div_in_1_reg[2][5]/next_state
vec_div0/div_in_1_reg[2][5]/synch_enable
vec_div0/div_in_1_reg[2][6]/next_state
vec_div0/div_in_1_reg[2][6]/synch_enable
vec_div0/div_in_1_reg[2][7]/next_state
vec_div0/div_in_1_reg[2][7]/synch_enable
vec_div0/div_in_1_reg[2][8]/next_state
vec_div0/div_in_1_reg[2][8]/synch_enable
vec_div0/div_in_1_reg[2][9]/next_state
vec_div0/div_in_1_reg[2][9]/synch_enable
vec_div0/div_in_1_reg[2][10]/next_state
vec_div0/div_in_1_reg[2][10]/synch_enable
vec_div0/div_in_1_reg[2][11]/next_state
vec_div0/div_in_1_reg[2][11]/synch_enable
vec_div0/div_in_1_reg[2][12]/next_state
vec_div0/div_in_1_reg[2][12]/synch_enable
vec_div0/div_in_1_reg[2][13]/next_state
vec_div0/div_in_1_reg[2][13]/synch_enable
vec_div0/div_in_1_reg[2][14]/next_state
vec_div0/div_in_1_reg[2][14]/synch_enable
vec_div0/div_in_1_reg[2][15]/next_state
vec_div0/div_in_1_reg[2][15]/synch_enable
vec_div0/div_in_1_reg[3][0]/next_state
vec_div0/div_in_1_reg[3][0]/synch_enable
vec_div0/div_in_1_reg[3][1]/next_state
vec_div0/div_in_1_reg[3][1]/synch_enable
vec_div0/div_in_1_reg[3][2]/next_state
vec_div0/div_in_1_reg[3][2]/synch_enable
vec_div0/div_in_1_reg[3][3]/next_state
vec_div0/div_in_1_reg[3][3]/synch_enable
vec_div0/div_in_1_reg[3][4]/next_state
vec_div0/div_in_1_reg[3][4]/synch_enable
vec_div0/div_in_1_reg[3][5]/next_state
vec_div0/div_in_1_reg[3][5]/synch_enable
vec_div0/div_in_1_reg[3][6]/next_state
vec_div0/div_in_1_reg[3][6]/synch_enable
vec_div0/div_in_1_reg[3][7]/next_state
vec_div0/div_in_1_reg[3][7]/synch_enable
vec_div0/div_in_1_reg[3][8]/next_state
vec_div0/div_in_1_reg[3][8]/synch_enable
vec_div0/div_in_1_reg[3][9]/next_state
vec_div0/div_in_1_reg[3][9]/synch_enable
vec_div0/div_in_1_reg[3][10]/next_state
vec_div0/div_in_1_reg[3][10]/synch_enable
vec_div0/div_in_1_reg[3][11]/next_state
vec_div0/div_in_1_reg[3][11]/synch_enable
vec_div0/div_in_1_reg[3][12]/next_state
vec_div0/div_in_1_reg[3][12]/synch_enable
vec_div0/div_in_1_reg[3][13]/next_state
vec_div0/div_in_1_reg[3][13]/synch_enable
vec_div0/div_in_1_reg[3][14]/next_state
vec_div0/div_in_1_reg[3][14]/synch_enable
vec_div0/div_in_1_reg[3][15]/next_state
vec_div0/div_in_1_reg[3][15]/synch_enable
vec_div0/div_in_2_reg[0][0]/next_state
vec_div0/div_in_2_reg[0][0]/synch_enable
vec_div0/div_in_2_reg[0][1]/next_state
vec_div0/div_in_2_reg[0][1]/synch_enable
vec_div0/div_in_2_reg[0][2]/next_state
vec_div0/div_in_2_reg[0][2]/synch_enable
vec_div0/div_in_2_reg[0][3]/next_state
vec_div0/div_in_2_reg[0][3]/synch_enable
vec_div0/div_in_2_reg[0][4]/next_state
vec_div0/div_in_2_reg[0][4]/synch_enable
vec_div0/div_in_2_reg[0][5]/next_state
vec_div0/div_in_2_reg[0][5]/synch_enable
vec_div0/div_in_2_reg[0][6]/next_state
vec_div0/div_in_2_reg[0][6]/synch_enable
vec_div0/div_in_2_reg[0][7]/next_state
vec_div0/div_in_2_reg[0][7]/synch_enable
vec_div0/div_in_2_reg[0][8]/next_state
vec_div0/div_in_2_reg[0][8]/synch_enable
vec_div0/div_in_2_reg[0][9]/next_state
vec_div0/div_in_2_reg[0][9]/synch_enable
vec_div0/div_in_2_reg[0][10]/next_state
vec_div0/div_in_2_reg[0][10]/synch_enable
vec_div0/div_in_2_reg[0][11]/next_state
vec_div0/div_in_2_reg[0][11]/synch_enable
vec_div0/div_in_2_reg[0][12]/next_state
vec_div0/div_in_2_reg[0][12]/synch_enable
vec_div0/div_in_2_reg[0][13]/next_state
vec_div0/div_in_2_reg[0][13]/synch_enable
vec_div0/div_in_2_reg[0][14]/next_state
vec_div0/div_in_2_reg[0][14]/synch_enable
vec_div0/div_in_2_reg[0][15]/next_state
vec_div0/div_in_2_reg[0][15]/synch_enable
vec_div0/div_in_2_reg[1][0]/next_state
vec_div0/div_in_2_reg[1][0]/synch_enable
vec_div0/div_in_2_reg[1][1]/next_state
vec_div0/div_in_2_reg[1][1]/synch_enable
vec_div0/div_in_2_reg[1][2]/next_state
vec_div0/div_in_2_reg[1][2]/synch_enable
vec_div0/div_in_2_reg[1][3]/next_state
vec_div0/div_in_2_reg[1][3]/synch_enable
vec_div0/div_in_2_reg[1][4]/next_state
vec_div0/div_in_2_reg[1][4]/synch_enable
vec_div0/div_in_2_reg[1][5]/next_state
vec_div0/div_in_2_reg[1][5]/synch_enable
vec_div0/div_in_2_reg[1][6]/next_state
vec_div0/div_in_2_reg[1][6]/synch_enable
vec_div0/div_in_2_reg[1][7]/next_state
vec_div0/div_in_2_reg[1][7]/synch_enable
vec_div0/div_in_2_reg[1][8]/next_state
vec_div0/div_in_2_reg[1][8]/synch_enable
vec_div0/div_in_2_reg[1][9]/next_state
vec_div0/div_in_2_reg[1][9]/synch_enable
vec_div0/div_in_2_reg[1][10]/next_state
vec_div0/div_in_2_reg[1][10]/synch_enable
vec_div0/div_in_2_reg[1][11]/next_state
vec_div0/div_in_2_reg[1][11]/synch_enable
vec_div0/div_in_2_reg[1][12]/next_state
vec_div0/div_in_2_reg[1][12]/synch_enable
vec_div0/div_in_2_reg[1][13]/next_state
vec_div0/div_in_2_reg[1][13]/synch_enable
vec_div0/div_in_2_reg[1][14]/next_state
vec_div0/div_in_2_reg[1][14]/synch_enable
vec_div0/div_in_2_reg[1][15]/next_state
vec_div0/div_in_2_reg[1][15]/synch_enable
vec_div0/div_in_2_reg[2][0]/next_state
vec_div0/div_in_2_reg[2][0]/synch_enable
vec_div0/div_in_2_reg[2][1]/next_state
vec_div0/div_in_2_reg[2][1]/synch_enable
vec_div0/div_in_2_reg[2][2]/next_state
vec_div0/div_in_2_reg[2][2]/synch_enable
vec_div0/div_in_2_reg[2][3]/next_state
vec_div0/div_in_2_reg[2][3]/synch_enable
vec_div0/div_in_2_reg[2][4]/next_state
vec_div0/div_in_2_reg[2][4]/synch_enable
vec_div0/div_in_2_reg[2][5]/next_state
vec_div0/div_in_2_reg[2][5]/synch_enable
vec_div0/div_in_2_reg[2][6]/next_state
vec_div0/div_in_2_reg[2][6]/synch_enable
vec_div0/div_in_2_reg[2][7]/next_state
vec_div0/div_in_2_reg[2][7]/synch_enable
vec_div0/div_in_2_reg[2][8]/next_state
vec_div0/div_in_2_reg[2][8]/synch_enable
vec_div0/div_in_2_reg[2][9]/next_state
vec_div0/div_in_2_reg[2][9]/synch_enable
vec_div0/div_in_2_reg[2][10]/next_state
vec_div0/div_in_2_reg[2][10]/synch_enable
vec_div0/div_in_2_reg[2][11]/next_state
vec_div0/div_in_2_reg[2][11]/synch_enable
vec_div0/div_in_2_reg[2][12]/next_state
vec_div0/div_in_2_reg[2][12]/synch_enable
vec_div0/div_in_2_reg[2][13]/next_state
vec_div0/div_in_2_reg[2][13]/synch_enable
vec_div0/div_in_2_reg[2][14]/next_state
vec_div0/div_in_2_reg[2][14]/synch_enable
vec_div0/div_in_2_reg[2][15]/next_state
vec_div0/div_in_2_reg[2][15]/synch_enable
vec_div0/div_in_2_reg[3][0]/next_state
vec_div0/div_in_2_reg[3][0]/synch_enable
vec_div0/div_in_2_reg[3][1]/next_state
vec_div0/div_in_2_reg[3][1]/synch_enable
vec_div0/div_in_2_reg[3][2]/next_state
vec_div0/div_in_2_reg[3][2]/synch_enable
vec_div0/div_in_2_reg[3][3]/next_state
vec_div0/div_in_2_reg[3][3]/synch_enable
vec_div0/div_in_2_reg[3][4]/next_state
vec_div0/div_in_2_reg[3][4]/synch_enable
vec_div0/div_in_2_reg[3][5]/next_state
vec_div0/div_in_2_reg[3][5]/synch_enable
vec_div0/div_in_2_reg[3][6]/next_state
vec_div0/div_in_2_reg[3][6]/synch_enable
vec_div0/div_in_2_reg[3][7]/next_state
vec_div0/div_in_2_reg[3][7]/synch_enable
vec_div0/div_in_2_reg[3][8]/next_state
vec_div0/div_in_2_reg[3][8]/synch_enable
vec_div0/div_in_2_reg[3][9]/next_state
vec_div0/div_in_2_reg[3][9]/synch_enable
vec_div0/div_in_2_reg[3][10]/next_state
vec_div0/div_in_2_reg[3][10]/synch_enable
vec_div0/div_in_2_reg[3][11]/next_state
vec_div0/div_in_2_reg[3][11]/synch_enable
vec_div0/div_in_2_reg[3][12]/next_state
vec_div0/div_in_2_reg[3][12]/synch_enable
vec_div0/div_in_2_reg[3][13]/next_state
vec_div0/div_in_2_reg[3][13]/synch_enable
vec_div0/div_in_2_reg[3][14]/next_state
vec_div0/div_in_2_reg[3][14]/synch_enable
vec_div0/div_in_2_reg[3][15]/next_state
vec_div0/div_in_2_reg[3][15]/synch_enable
vec_div0/div_start_reg[0]/next_state
vec_div0/div_start_reg[0]/synch_enable
vec_div0/div_start_reg[1]/next_state
vec_div0/div_start_reg[1]/synch_enable
vec_div0/div_start_reg[2]/next_state
vec_div0/div_start_reg[2]/synch_enable
vec_div0/div_start_reg[3]/next_state
vec_div0/div_start_reg[3]/synch_enable
vec_div0/div_units[0].fxp_div_inst/acc_r_reg[0]/next_state
vec_div0/div_units[0].fxp_div_inst/acc_r_reg[0]/synch_enable
vec_div0/div_units[0].fxp_div_inst/acc_r_reg[1]/next_state
vec_div0/div_units[0].fxp_div_inst/acc_r_reg[1]/synch_enable
vec_div0/div_units[0].fxp_div_inst/acc_r_reg[2]/next_state
vec_div0/div_units[0].fxp_div_inst/acc_r_reg[2]/synch_enable
vec_div0/div_units[0].fxp_div_inst/acc_r_reg[3]/next_state
vec_div0/div_units[0].fxp_div_inst/acc_r_reg[3]/synch_enable
vec_div0/div_units[0].fxp_div_inst/acc_r_reg[4]/next_state
vec_div0/div_units[0].fxp_div_inst/acc_r_reg[4]/synch_enable
vec_div0/div_units[0].fxp_div_inst/acc_r_reg[5]/next_state
vec_div0/div_units[0].fxp_div_inst/acc_r_reg[5]/synch_enable
vec_div0/div_units[0].fxp_div_inst/acc_r_reg[6]/next_state
vec_div0/div_units[0].fxp_div_inst/acc_r_reg[6]/synch_enable
vec_div0/div_units[0].fxp_div_inst/acc_r_reg[7]/next_state
vec_div0/div_units[0].fxp_div_inst/acc_r_reg[7]/synch_enable
vec_div0/div_units[0].fxp_div_inst/acc_r_reg[8]/next_state
vec_div0/div_units[0].fxp_div_inst/acc_r_reg[8]/synch_enable
vec_div0/div_units[0].fxp_div_inst/acc_r_reg[9]/next_state
vec_div0/div_units[0].fxp_div_inst/acc_r_reg[9]/synch_enable
vec_div0/div_units[0].fxp_div_inst/acc_r_reg[10]/next_state
vec_div0/div_units[0].fxp_div_inst/acc_r_reg[10]/synch_enable
vec_div0/div_units[0].fxp_div_inst/acc_r_reg[11]/next_state
vec_div0/div_units[0].fxp_div_inst/acc_r_reg[11]/synch_enable
vec_div0/div_units[0].fxp_div_inst/acc_r_reg[12]/next_state
vec_div0/div_units[0].fxp_div_inst/acc_r_reg[12]/synch_enable
vec_div0/div_units[0].fxp_div_inst/acc_r_reg[13]/next_state
vec_div0/div_units[0].fxp_div_inst/acc_r_reg[13]/synch_enable
vec_div0/div_units[0].fxp_div_inst/acc_r_reg[14]/next_state
vec_div0/div_units[0].fxp_div_inst/acc_r_reg[14]/synch_enable
vec_div0/div_units[0].fxp_div_inst/acc_r_reg[15]/next_state
vec_div0/div_units[0].fxp_div_inst/acc_r_reg[15]/synch_enable
vec_div0/div_units[0].fxp_div_inst/au_r_reg[0]/next_state
vec_div0/div_units[0].fxp_div_inst/au_r_reg[0]/synch_enable
vec_div0/div_units[0].fxp_div_inst/au_r_reg[1]/next_state
vec_div0/div_units[0].fxp_div_inst/au_r_reg[1]/synch_enable
vec_div0/div_units[0].fxp_div_inst/au_r_reg[2]/next_state
vec_div0/div_units[0].fxp_div_inst/au_r_reg[2]/synch_enable
vec_div0/div_units[0].fxp_div_inst/au_r_reg[3]/next_state
vec_div0/div_units[0].fxp_div_inst/au_r_reg[3]/synch_enable
vec_div0/div_units[0].fxp_div_inst/au_r_reg[4]/next_state
vec_div0/div_units[0].fxp_div_inst/au_r_reg[4]/synch_enable
vec_div0/div_units[0].fxp_div_inst/au_r_reg[5]/next_state
vec_div0/div_units[0].fxp_div_inst/au_r_reg[5]/synch_enable
vec_div0/div_units[0].fxp_div_inst/au_r_reg[6]/next_state
vec_div0/div_units[0].fxp_div_inst/au_r_reg[6]/synch_enable
vec_div0/div_units[0].fxp_div_inst/au_r_reg[7]/next_state
vec_div0/div_units[0].fxp_div_inst/au_r_reg[7]/synch_enable
vec_div0/div_units[0].fxp_div_inst/au_r_reg[8]/next_state
vec_div0/div_units[0].fxp_div_inst/au_r_reg[8]/synch_enable
vec_div0/div_units[0].fxp_div_inst/au_r_reg[9]/next_state
vec_div0/div_units[0].fxp_div_inst/au_r_reg[9]/synch_enable
vec_div0/div_units[0].fxp_div_inst/au_r_reg[10]/next_state
vec_div0/div_units[0].fxp_div_inst/au_r_reg[10]/synch_enable
vec_div0/div_units[0].fxp_div_inst/au_r_reg[11]/next_state
vec_div0/div_units[0].fxp_div_inst/au_r_reg[11]/synch_enable
vec_div0/div_units[0].fxp_div_inst/au_r_reg[12]/next_state
vec_div0/div_units[0].fxp_div_inst/au_r_reg[12]/synch_enable
vec_div0/div_units[0].fxp_div_inst/au_r_reg[13]/next_state
vec_div0/div_units[0].fxp_div_inst/au_r_reg[13]/synch_enable
vec_div0/div_units[0].fxp_div_inst/au_r_reg[14]/next_state
vec_div0/div_units[0].fxp_div_inst/au_r_reg[14]/synch_enable
vec_div0/div_units[0].fxp_div_inst/bu_r_reg[0]/next_state
vec_div0/div_units[0].fxp_div_inst/bu_r_reg[0]/synch_enable
vec_div0/div_units[0].fxp_div_inst/bu_r_reg[1]/next_state
vec_div0/div_units[0].fxp_div_inst/bu_r_reg[1]/synch_enable
vec_div0/div_units[0].fxp_div_inst/bu_r_reg[2]/next_state
vec_div0/div_units[0].fxp_div_inst/bu_r_reg[2]/synch_enable
vec_div0/div_units[0].fxp_div_inst/bu_r_reg[3]/next_state
vec_div0/div_units[0].fxp_div_inst/bu_r_reg[3]/synch_enable
vec_div0/div_units[0].fxp_div_inst/bu_r_reg[4]/next_state
vec_div0/div_units[0].fxp_div_inst/bu_r_reg[4]/synch_enable
vec_div0/div_units[0].fxp_div_inst/bu_r_reg[5]/next_state
vec_div0/div_units[0].fxp_div_inst/bu_r_reg[5]/synch_enable
vec_div0/div_units[0].fxp_div_inst/bu_r_reg[6]/next_state
vec_div0/div_units[0].fxp_div_inst/bu_r_reg[6]/synch_enable
vec_div0/div_units[0].fxp_div_inst/bu_r_reg[7]/next_state
vec_div0/div_units[0].fxp_div_inst/bu_r_reg[7]/synch_enable
vec_div0/div_units[0].fxp_div_inst/bu_r_reg[8]/next_state
vec_div0/div_units[0].fxp_div_inst/bu_r_reg[8]/synch_enable
vec_div0/div_units[0].fxp_div_inst/bu_r_reg[9]/next_state
vec_div0/div_units[0].fxp_div_inst/bu_r_reg[9]/synch_enable
vec_div0/div_units[0].fxp_div_inst/bu_r_reg[10]/next_state
vec_div0/div_units[0].fxp_div_inst/bu_r_reg[10]/synch_enable
vec_div0/div_units[0].fxp_div_inst/bu_r_reg[11]/next_state
vec_div0/div_units[0].fxp_div_inst/bu_r_reg[11]/synch_enable
vec_div0/div_units[0].fxp_div_inst/bu_r_reg[12]/next_state
vec_div0/div_units[0].fxp_div_inst/bu_r_reg[12]/synch_enable
vec_div0/div_units[0].fxp_div_inst/bu_r_reg[13]/next_state
vec_div0/div_units[0].fxp_div_inst/bu_r_reg[13]/synch_enable
vec_div0/div_units[0].fxp_div_inst/bu_r_reg[14]/next_state
vec_div0/div_units[0].fxp_div_inst/bu_r_reg[14]/synch_enable
vec_div0/div_units[0].fxp_div_inst/busy_r_reg/next_state
vec_div0/div_units[0].fxp_div_inst/busy_r_reg/synch_enable
vec_div0/div_units[0].fxp_div_inst/count_r_reg[0]/next_state
vec_div0/div_units[0].fxp_div_inst/count_r_reg[0]/synch_enable
vec_div0/div_units[0].fxp_div_inst/count_r_reg[1]/next_state
vec_div0/div_units[0].fxp_div_inst/count_r_reg[1]/synch_enable
vec_div0/div_units[0].fxp_div_inst/count_r_reg[2]/next_state
vec_div0/div_units[0].fxp_div_inst/count_r_reg[2]/synch_enable
vec_div0/div_units[0].fxp_div_inst/count_r_reg[3]/next_state
vec_div0/div_units[0].fxp_div_inst/count_r_reg[3]/synch_enable
vec_div0/div_units[0].fxp_div_inst/count_r_reg[4]/next_state
vec_div0/div_units[0].fxp_div_inst/count_r_reg[4]/synch_enable
vec_div0/div_units[0].fxp_div_inst/count_r_reg[5]/next_state
vec_div0/div_units[0].fxp_div_inst/count_r_reg[5]/synch_enable
vec_div0/div_units[0].fxp_div_inst/dbz_r_reg/next_state
vec_div0/div_units[0].fxp_div_inst/dbz_r_reg/synch_enable
vec_div0/div_units[0].fxp_div_inst/ovf_r_reg/next_state
vec_div0/div_units[0].fxp_div_inst/ovf_r_reg/synch_enable
vec_div0/div_units[0].fxp_div_inst/quo_r_reg[0]/next_state
vec_div0/div_units[0].fxp_div_inst/quo_r_reg[0]/synch_enable
vec_div0/div_units[0].fxp_div_inst/quo_r_reg[1]/next_state
vec_div0/div_units[0].fxp_div_inst/quo_r_reg[1]/synch_enable
vec_div0/div_units[0].fxp_div_inst/quo_r_reg[2]/next_state
vec_div0/div_units[0].fxp_div_inst/quo_r_reg[2]/synch_enable
vec_div0/div_units[0].fxp_div_inst/quo_r_reg[3]/next_state
vec_div0/div_units[0].fxp_div_inst/quo_r_reg[3]/synch_enable
vec_div0/div_units[0].fxp_div_inst/quo_r_reg[4]/next_state
vec_div0/div_units[0].fxp_div_inst/quo_r_reg[4]/synch_enable
vec_div0/div_units[0].fxp_div_inst/quo_r_reg[5]/next_state
vec_div0/div_units[0].fxp_div_inst/quo_r_reg[5]/synch_enable
vec_div0/div_units[0].fxp_div_inst/quo_r_reg[6]/next_state
vec_div0/div_units[0].fxp_div_inst/quo_r_reg[6]/synch_enable
vec_div0/div_units[0].fxp_div_inst/quo_r_reg[7]/next_state
vec_div0/div_units[0].fxp_div_inst/quo_r_reg[7]/synch_enable
vec_div0/div_units[0].fxp_div_inst/quo_r_reg[8]/next_state
vec_div0/div_units[0].fxp_div_inst/quo_r_reg[8]/synch_enable
vec_div0/div_units[0].fxp_div_inst/quo_r_reg[9]/next_state
vec_div0/div_units[0].fxp_div_inst/quo_r_reg[9]/synch_enable
vec_div0/div_units[0].fxp_div_inst/quo_r_reg[10]/next_state
vec_div0/div_units[0].fxp_div_inst/quo_r_reg[10]/synch_enable
vec_div0/div_units[0].fxp_div_inst/quo_r_reg[11]/next_state
vec_div0/div_units[0].fxp_div_inst/quo_r_reg[11]/synch_enable
vec_div0/div_units[0].fxp_div_inst/quo_r_reg[12]/next_state
vec_div0/div_units[0].fxp_div_inst/quo_r_reg[12]/synch_enable
vec_div0/div_units[0].fxp_div_inst/quo_r_reg[13]/next_state
vec_div0/div_units[0].fxp_div_inst/quo_r_reg[13]/synch_enable
vec_div0/div_units[0].fxp_div_inst/quo_r_reg[14]/next_state
vec_div0/div_units[0].fxp_div_inst/quo_r_reg[14]/synch_enable
vec_div0/div_units[0].fxp_div_inst/sig_diff_r_reg/next_state
vec_div0/div_units[0].fxp_div_inst/sig_diff_r_reg/synch_enable
vec_div0/div_units[0].fxp_div_inst/state_r_reg[0]/next_state
vec_div0/div_units[0].fxp_div_inst/state_r_reg[1]/next_state
vec_div0/div_units[0].fxp_div_inst/state_r_reg[2]/next_state
vec_div0/div_units[0].fxp_div_inst/val_r_reg[0]/next_state
vec_div0/div_units[0].fxp_div_inst/val_r_reg[0]/synch_enable
vec_div0/div_units[0].fxp_div_inst/val_r_reg[1]/next_state
vec_div0/div_units[0].fxp_div_inst/val_r_reg[1]/synch_enable
vec_div0/div_units[0].fxp_div_inst/val_r_reg[2]/next_state
vec_div0/div_units[0].fxp_div_inst/val_r_reg[2]/synch_enable
vec_div0/div_units[0].fxp_div_inst/val_r_reg[3]/next_state
vec_div0/div_units[0].fxp_div_inst/val_r_reg[3]/synch_enable
vec_div0/div_units[0].fxp_div_inst/val_r_reg[4]/next_state
vec_div0/div_units[0].fxp_div_inst/val_r_reg[4]/synch_enable
vec_div0/div_units[0].fxp_div_inst/val_r_reg[5]/next_state
vec_div0/div_units[0].fxp_div_inst/val_r_reg[5]/synch_enable
vec_div0/div_units[0].fxp_div_inst/val_r_reg[6]/next_state
vec_div0/div_units[0].fxp_div_inst/val_r_reg[6]/synch_enable
vec_div0/div_units[0].fxp_div_inst/val_r_reg[7]/next_state
vec_div0/div_units[0].fxp_div_inst/val_r_reg[7]/synch_enable
vec_div0/div_units[0].fxp_div_inst/val_r_reg[8]/next_state
vec_div0/div_units[0].fxp_div_inst/val_r_reg[8]/synch_enable
vec_div0/div_units[0].fxp_div_inst/val_r_reg[9]/next_state
vec_div0/div_units[0].fxp_div_inst/val_r_reg[9]/synch_enable
vec_div0/div_units[0].fxp_div_inst/val_r_reg[10]/next_state
vec_div0/div_units[0].fxp_div_inst/val_r_reg[10]/synch_enable
vec_div0/div_units[0].fxp_div_inst/val_r_reg[11]/next_state
vec_div0/div_units[0].fxp_div_inst/val_r_reg[11]/synch_enable
vec_div0/div_units[0].fxp_div_inst/val_r_reg[12]/next_state
vec_div0/div_units[0].fxp_div_inst/val_r_reg[12]/synch_enable
vec_div0/div_units[0].fxp_div_inst/val_r_reg[13]/next_state
vec_div0/div_units[0].fxp_div_inst/val_r_reg[13]/synch_enable
vec_div0/div_units[0].fxp_div_inst/val_r_reg[14]/next_state
vec_div0/div_units[0].fxp_div_inst/val_r_reg[14]/synch_enable
vec_div0/div_units[0].fxp_div_inst/val_r_reg[15]/next_state
vec_div0/div_units[0].fxp_div_inst/val_r_reg[15]/synch_enable
vec_div0/div_units[0].fxp_div_inst/valid_r_reg/next_state
vec_div0/div_units[0].fxp_div_inst/valid_r_reg/synch_enable
vec_div0/div_units[1].fxp_div_inst/acc_r_reg[0]/next_state
vec_div0/div_units[1].fxp_div_inst/acc_r_reg[0]/synch_enable
vec_div0/div_units[1].fxp_div_inst/acc_r_reg[1]/next_state
vec_div0/div_units[1].fxp_div_inst/acc_r_reg[1]/synch_enable
vec_div0/div_units[1].fxp_div_inst/acc_r_reg[2]/next_state
vec_div0/div_units[1].fxp_div_inst/acc_r_reg[2]/synch_enable
vec_div0/div_units[1].fxp_div_inst/acc_r_reg[3]/next_state
vec_div0/div_units[1].fxp_div_inst/acc_r_reg[3]/synch_enable
vec_div0/div_units[1].fxp_div_inst/acc_r_reg[4]/next_state
vec_div0/div_units[1].fxp_div_inst/acc_r_reg[4]/synch_enable
vec_div0/div_units[1].fxp_div_inst/acc_r_reg[5]/next_state
vec_div0/div_units[1].fxp_div_inst/acc_r_reg[5]/synch_enable
vec_div0/div_units[1].fxp_div_inst/acc_r_reg[6]/next_state
vec_div0/div_units[1].fxp_div_inst/acc_r_reg[6]/synch_enable
vec_div0/div_units[1].fxp_div_inst/acc_r_reg[7]/next_state
vec_div0/div_units[1].fxp_div_inst/acc_r_reg[7]/synch_enable
vec_div0/div_units[1].fxp_div_inst/acc_r_reg[8]/next_state
vec_div0/div_units[1].fxp_div_inst/acc_r_reg[8]/synch_enable
vec_div0/div_units[1].fxp_div_inst/acc_r_reg[9]/next_state
vec_div0/div_units[1].fxp_div_inst/acc_r_reg[9]/synch_enable
vec_div0/div_units[1].fxp_div_inst/acc_r_reg[10]/next_state
vec_div0/div_units[1].fxp_div_inst/acc_r_reg[10]/synch_enable
vec_div0/div_units[1].fxp_div_inst/acc_r_reg[11]/next_state
vec_div0/div_units[1].fxp_div_inst/acc_r_reg[11]/synch_enable
vec_div0/div_units[1].fxp_div_inst/acc_r_reg[12]/next_state
vec_div0/div_units[1].fxp_div_inst/acc_r_reg[12]/synch_enable
vec_div0/div_units[1].fxp_div_inst/acc_r_reg[13]/next_state
vec_div0/div_units[1].fxp_div_inst/acc_r_reg[13]/synch_enable
vec_div0/div_units[1].fxp_div_inst/acc_r_reg[14]/next_state
vec_div0/div_units[1].fxp_div_inst/acc_r_reg[14]/synch_enable
vec_div0/div_units[1].fxp_div_inst/acc_r_reg[15]/next_state
vec_div0/div_units[1].fxp_div_inst/acc_r_reg[15]/synch_enable
vec_div0/div_units[1].fxp_div_inst/au_r_reg[0]/next_state
vec_div0/div_units[1].fxp_div_inst/au_r_reg[0]/synch_enable
vec_div0/div_units[1].fxp_div_inst/au_r_reg[1]/next_state
vec_div0/div_units[1].fxp_div_inst/au_r_reg[1]/synch_enable
vec_div0/div_units[1].fxp_div_inst/au_r_reg[2]/next_state
vec_div0/div_units[1].fxp_div_inst/au_r_reg[2]/synch_enable
vec_div0/div_units[1].fxp_div_inst/au_r_reg[3]/next_state
vec_div0/div_units[1].fxp_div_inst/au_r_reg[3]/synch_enable
vec_div0/div_units[1].fxp_div_inst/au_r_reg[4]/next_state
vec_div0/div_units[1].fxp_div_inst/au_r_reg[4]/synch_enable
vec_div0/div_units[1].fxp_div_inst/au_r_reg[5]/next_state
vec_div0/div_units[1].fxp_div_inst/au_r_reg[5]/synch_enable
vec_div0/div_units[1].fxp_div_inst/au_r_reg[6]/next_state
vec_div0/div_units[1].fxp_div_inst/au_r_reg[6]/synch_enable
vec_div0/div_units[1].fxp_div_inst/au_r_reg[7]/next_state
vec_div0/div_units[1].fxp_div_inst/au_r_reg[7]/synch_enable
vec_div0/div_units[1].fxp_div_inst/au_r_reg[8]/next_state
vec_div0/div_units[1].fxp_div_inst/au_r_reg[8]/synch_enable
vec_div0/div_units[1].fxp_div_inst/au_r_reg[9]/next_state
vec_div0/div_units[1].fxp_div_inst/au_r_reg[9]/synch_enable
vec_div0/div_units[1].fxp_div_inst/au_r_reg[10]/next_state
vec_div0/div_units[1].fxp_div_inst/au_r_reg[10]/synch_enable
vec_div0/div_units[1].fxp_div_inst/au_r_reg[11]/next_state
vec_div0/div_units[1].fxp_div_inst/au_r_reg[11]/synch_enable
vec_div0/div_units[1].fxp_div_inst/au_r_reg[12]/next_state
vec_div0/div_units[1].fxp_div_inst/au_r_reg[12]/synch_enable
vec_div0/div_units[1].fxp_div_inst/au_r_reg[13]/next_state
vec_div0/div_units[1].fxp_div_inst/au_r_reg[13]/synch_enable
vec_div0/div_units[1].fxp_div_inst/au_r_reg[14]/next_state
vec_div0/div_units[1].fxp_div_inst/au_r_reg[14]/synch_enable
vec_div0/div_units[1].fxp_div_inst/bu_r_reg[0]/next_state
vec_div0/div_units[1].fxp_div_inst/bu_r_reg[0]/synch_enable
vec_div0/div_units[1].fxp_div_inst/bu_r_reg[1]/next_state
vec_div0/div_units[1].fxp_div_inst/bu_r_reg[1]/synch_enable
vec_div0/div_units[1].fxp_div_inst/bu_r_reg[2]/next_state
vec_div0/div_units[1].fxp_div_inst/bu_r_reg[2]/synch_enable
vec_div0/div_units[1].fxp_div_inst/bu_r_reg[3]/next_state
vec_div0/div_units[1].fxp_div_inst/bu_r_reg[3]/synch_enable
vec_div0/div_units[1].fxp_div_inst/bu_r_reg[4]/next_state
vec_div0/div_units[1].fxp_div_inst/bu_r_reg[4]/synch_enable
vec_div0/div_units[1].fxp_div_inst/bu_r_reg[5]/next_state
vec_div0/div_units[1].fxp_div_inst/bu_r_reg[5]/synch_enable
vec_div0/div_units[1].fxp_div_inst/bu_r_reg[6]/next_state
vec_div0/div_units[1].fxp_div_inst/bu_r_reg[6]/synch_enable
vec_div0/div_units[1].fxp_div_inst/bu_r_reg[7]/next_state
vec_div0/div_units[1].fxp_div_inst/bu_r_reg[7]/synch_enable
vec_div0/div_units[1].fxp_div_inst/bu_r_reg[8]/next_state
vec_div0/div_units[1].fxp_div_inst/bu_r_reg[8]/synch_enable
vec_div0/div_units[1].fxp_div_inst/bu_r_reg[9]/next_state
vec_div0/div_units[1].fxp_div_inst/bu_r_reg[9]/synch_enable
vec_div0/div_units[1].fxp_div_inst/bu_r_reg[10]/next_state
vec_div0/div_units[1].fxp_div_inst/bu_r_reg[10]/synch_enable
vec_div0/div_units[1].fxp_div_inst/bu_r_reg[11]/next_state
vec_div0/div_units[1].fxp_div_inst/bu_r_reg[11]/synch_enable
vec_div0/div_units[1].fxp_div_inst/bu_r_reg[12]/next_state
vec_div0/div_units[1].fxp_div_inst/bu_r_reg[12]/synch_enable
vec_div0/div_units[1].fxp_div_inst/bu_r_reg[13]/next_state
vec_div0/div_units[1].fxp_div_inst/bu_r_reg[13]/synch_enable
vec_div0/div_units[1].fxp_div_inst/bu_r_reg[14]/next_state
vec_div0/div_units[1].fxp_div_inst/bu_r_reg[14]/synch_enable
vec_div0/div_units[1].fxp_div_inst/busy_r_reg/next_state
vec_div0/div_units[1].fxp_div_inst/busy_r_reg/synch_enable
vec_div0/div_units[1].fxp_div_inst/count_r_reg[0]/next_state
vec_div0/div_units[1].fxp_div_inst/count_r_reg[0]/synch_enable
vec_div0/div_units[1].fxp_div_inst/count_r_reg[1]/next_state
vec_div0/div_units[1].fxp_div_inst/count_r_reg[1]/synch_enable
vec_div0/div_units[1].fxp_div_inst/count_r_reg[2]/next_state
vec_div0/div_units[1].fxp_div_inst/count_r_reg[2]/synch_enable
vec_div0/div_units[1].fxp_div_inst/count_r_reg[3]/next_state
vec_div0/div_units[1].fxp_div_inst/count_r_reg[3]/synch_enable
vec_div0/div_units[1].fxp_div_inst/count_r_reg[4]/next_state
vec_div0/div_units[1].fxp_div_inst/count_r_reg[4]/synch_enable
vec_div0/div_units[1].fxp_div_inst/count_r_reg[5]/next_state
vec_div0/div_units[1].fxp_div_inst/count_r_reg[5]/synch_enable
vec_div0/div_units[1].fxp_div_inst/dbz_r_reg/next_state
vec_div0/div_units[1].fxp_div_inst/dbz_r_reg/synch_enable
vec_div0/div_units[1].fxp_div_inst/ovf_r_reg/next_state
vec_div0/div_units[1].fxp_div_inst/ovf_r_reg/synch_enable
vec_div0/div_units[1].fxp_div_inst/quo_r_reg[0]/next_state
vec_div0/div_units[1].fxp_div_inst/quo_r_reg[0]/synch_enable
vec_div0/div_units[1].fxp_div_inst/quo_r_reg[1]/next_state
vec_div0/div_units[1].fxp_div_inst/quo_r_reg[1]/synch_enable
vec_div0/div_units[1].fxp_div_inst/quo_r_reg[2]/next_state
vec_div0/div_units[1].fxp_div_inst/quo_r_reg[2]/synch_enable
vec_div0/div_units[1].fxp_div_inst/quo_r_reg[3]/next_state
vec_div0/div_units[1].fxp_div_inst/quo_r_reg[3]/synch_enable
vec_div0/div_units[1].fxp_div_inst/quo_r_reg[4]/next_state
vec_div0/div_units[1].fxp_div_inst/quo_r_reg[4]/synch_enable
vec_div0/div_units[1].fxp_div_inst/quo_r_reg[5]/next_state
vec_div0/div_units[1].fxp_div_inst/quo_r_reg[5]/synch_enable
vec_div0/div_units[1].fxp_div_inst/quo_r_reg[6]/next_state
vec_div0/div_units[1].fxp_div_inst/quo_r_reg[6]/synch_enable
vec_div0/div_units[1].fxp_div_inst/quo_r_reg[7]/next_state
vec_div0/div_units[1].fxp_div_inst/quo_r_reg[7]/synch_enable
vec_div0/div_units[1].fxp_div_inst/quo_r_reg[8]/next_state
vec_div0/div_units[1].fxp_div_inst/quo_r_reg[8]/synch_enable
vec_div0/div_units[1].fxp_div_inst/quo_r_reg[9]/next_state
vec_div0/div_units[1].fxp_div_inst/quo_r_reg[9]/synch_enable
vec_div0/div_units[1].fxp_div_inst/quo_r_reg[10]/next_state
vec_div0/div_units[1].fxp_div_inst/quo_r_reg[10]/synch_enable
vec_div0/div_units[1].fxp_div_inst/quo_r_reg[11]/next_state
vec_div0/div_units[1].fxp_div_inst/quo_r_reg[11]/synch_enable
vec_div0/div_units[1].fxp_div_inst/quo_r_reg[12]/next_state
vec_div0/div_units[1].fxp_div_inst/quo_r_reg[12]/synch_enable
vec_div0/div_units[1].fxp_div_inst/quo_r_reg[13]/next_state
vec_div0/div_units[1].fxp_div_inst/quo_r_reg[13]/synch_enable
vec_div0/div_units[1].fxp_div_inst/quo_r_reg[14]/next_state
vec_div0/div_units[1].fxp_div_inst/quo_r_reg[14]/synch_enable
vec_div0/div_units[1].fxp_div_inst/sig_diff_r_reg/next_state
vec_div0/div_units[1].fxp_div_inst/sig_diff_r_reg/synch_enable
vec_div0/div_units[1].fxp_div_inst/state_r_reg[0]/next_state
vec_div0/div_units[1].fxp_div_inst/state_r_reg[1]/next_state
vec_div0/div_units[1].fxp_div_inst/state_r_reg[2]/next_state
vec_div0/div_units[1].fxp_div_inst/val_r_reg[0]/next_state
vec_div0/div_units[1].fxp_div_inst/val_r_reg[0]/synch_enable
vec_div0/div_units[1].fxp_div_inst/val_r_reg[1]/next_state
vec_div0/div_units[1].fxp_div_inst/val_r_reg[1]/synch_enable
vec_div0/div_units[1].fxp_div_inst/val_r_reg[2]/next_state
vec_div0/div_units[1].fxp_div_inst/val_r_reg[2]/synch_enable
vec_div0/div_units[1].fxp_div_inst/val_r_reg[3]/next_state
vec_div0/div_units[1].fxp_div_inst/val_r_reg[3]/synch_enable
vec_div0/div_units[1].fxp_div_inst/val_r_reg[4]/next_state
vec_div0/div_units[1].fxp_div_inst/val_r_reg[4]/synch_enable
vec_div0/div_units[1].fxp_div_inst/val_r_reg[5]/next_state
vec_div0/div_units[1].fxp_div_inst/val_r_reg[5]/synch_enable
vec_div0/div_units[1].fxp_div_inst/val_r_reg[6]/next_state
vec_div0/div_units[1].fxp_div_inst/val_r_reg[6]/synch_enable
vec_div0/div_units[1].fxp_div_inst/val_r_reg[7]/next_state
vec_div0/div_units[1].fxp_div_inst/val_r_reg[7]/synch_enable
vec_div0/div_units[1].fxp_div_inst/val_r_reg[8]/next_state
vec_div0/div_units[1].fxp_div_inst/val_r_reg[8]/synch_enable
vec_div0/div_units[1].fxp_div_inst/val_r_reg[9]/next_state
vec_div0/div_units[1].fxp_div_inst/val_r_reg[9]/synch_enable
vec_div0/div_units[1].fxp_div_inst/val_r_reg[10]/next_state
vec_div0/div_units[1].fxp_div_inst/val_r_reg[10]/synch_enable
vec_div0/div_units[1].fxp_div_inst/val_r_reg[11]/next_state
vec_div0/div_units[1].fxp_div_inst/val_r_reg[11]/synch_enable
vec_div0/div_units[1].fxp_div_inst/val_r_reg[12]/next_state
vec_div0/div_units[1].fxp_div_inst/val_r_reg[12]/synch_enable
vec_div0/div_units[1].fxp_div_inst/val_r_reg[13]/next_state
vec_div0/div_units[1].fxp_div_inst/val_r_reg[13]/synch_enable
vec_div0/div_units[1].fxp_div_inst/val_r_reg[14]/next_state
vec_div0/div_units[1].fxp_div_inst/val_r_reg[14]/synch_enable
vec_div0/div_units[1].fxp_div_inst/val_r_reg[15]/next_state
vec_div0/div_units[1].fxp_div_inst/val_r_reg[15]/synch_enable
vec_div0/div_units[1].fxp_div_inst/valid_r_reg/next_state
vec_div0/div_units[1].fxp_div_inst/valid_r_reg/synch_enable
vec_div0/div_units[2].fxp_div_inst/acc_r_reg[0]/next_state
vec_div0/div_units[2].fxp_div_inst/acc_r_reg[0]/synch_enable
vec_div0/div_units[2].fxp_div_inst/acc_r_reg[1]/next_state
vec_div0/div_units[2].fxp_div_inst/acc_r_reg[1]/synch_enable
vec_div0/div_units[2].fxp_div_inst/acc_r_reg[2]/next_state
vec_div0/div_units[2].fxp_div_inst/acc_r_reg[2]/synch_enable
vec_div0/div_units[2].fxp_div_inst/acc_r_reg[3]/next_state
vec_div0/div_units[2].fxp_div_inst/acc_r_reg[3]/synch_enable
vec_div0/div_units[2].fxp_div_inst/acc_r_reg[4]/next_state
vec_div0/div_units[2].fxp_div_inst/acc_r_reg[4]/synch_enable
vec_div0/div_units[2].fxp_div_inst/acc_r_reg[5]/next_state
vec_div0/div_units[2].fxp_div_inst/acc_r_reg[5]/synch_enable
vec_div0/div_units[2].fxp_div_inst/acc_r_reg[6]/next_state
vec_div0/div_units[2].fxp_div_inst/acc_r_reg[6]/synch_enable
vec_div0/div_units[2].fxp_div_inst/acc_r_reg[7]/next_state
vec_div0/div_units[2].fxp_div_inst/acc_r_reg[7]/synch_enable
vec_div0/div_units[2].fxp_div_inst/acc_r_reg[8]/next_state
vec_div0/div_units[2].fxp_div_inst/acc_r_reg[8]/synch_enable
vec_div0/div_units[2].fxp_div_inst/acc_r_reg[9]/next_state
vec_div0/div_units[2].fxp_div_inst/acc_r_reg[9]/synch_enable
vec_div0/div_units[2].fxp_div_inst/acc_r_reg[10]/next_state
vec_div0/div_units[2].fxp_div_inst/acc_r_reg[10]/synch_enable
vec_div0/div_units[2].fxp_div_inst/acc_r_reg[11]/next_state
vec_div0/div_units[2].fxp_div_inst/acc_r_reg[11]/synch_enable
vec_div0/div_units[2].fxp_div_inst/acc_r_reg[12]/next_state
vec_div0/div_units[2].fxp_div_inst/acc_r_reg[12]/synch_enable
vec_div0/div_units[2].fxp_div_inst/acc_r_reg[13]/next_state
vec_div0/div_units[2].fxp_div_inst/acc_r_reg[13]/synch_enable
vec_div0/div_units[2].fxp_div_inst/acc_r_reg[14]/next_state
vec_div0/div_units[2].fxp_div_inst/acc_r_reg[14]/synch_enable
vec_div0/div_units[2].fxp_div_inst/acc_r_reg[15]/next_state
vec_div0/div_units[2].fxp_div_inst/acc_r_reg[15]/synch_enable
vec_div0/div_units[2].fxp_div_inst/au_r_reg[0]/next_state
vec_div0/div_units[2].fxp_div_inst/au_r_reg[0]/synch_enable
vec_div0/div_units[2].fxp_div_inst/au_r_reg[1]/next_state
vec_div0/div_units[2].fxp_div_inst/au_r_reg[1]/synch_enable
vec_div0/div_units[2].fxp_div_inst/au_r_reg[2]/next_state
vec_div0/div_units[2].fxp_div_inst/au_r_reg[2]/synch_enable
vec_div0/div_units[2].fxp_div_inst/au_r_reg[3]/next_state
vec_div0/div_units[2].fxp_div_inst/au_r_reg[3]/synch_enable
vec_div0/div_units[2].fxp_div_inst/au_r_reg[4]/next_state
vec_div0/div_units[2].fxp_div_inst/au_r_reg[4]/synch_enable
vec_div0/div_units[2].fxp_div_inst/au_r_reg[5]/next_state
vec_div0/div_units[2].fxp_div_inst/au_r_reg[5]/synch_enable
vec_div0/div_units[2].fxp_div_inst/au_r_reg[6]/next_state
vec_div0/div_units[2].fxp_div_inst/au_r_reg[6]/synch_enable
vec_div0/div_units[2].fxp_div_inst/au_r_reg[7]/next_state
vec_div0/div_units[2].fxp_div_inst/au_r_reg[7]/synch_enable
vec_div0/div_units[2].fxp_div_inst/au_r_reg[8]/next_state
vec_div0/div_units[2].fxp_div_inst/au_r_reg[8]/synch_enable
vec_div0/div_units[2].fxp_div_inst/au_r_reg[9]/next_state
vec_div0/div_units[2].fxp_div_inst/au_r_reg[9]/synch_enable
vec_div0/div_units[2].fxp_div_inst/au_r_reg[10]/next_state
vec_div0/div_units[2].fxp_div_inst/au_r_reg[10]/synch_enable
vec_div0/div_units[2].fxp_div_inst/au_r_reg[11]/next_state
vec_div0/div_units[2].fxp_div_inst/au_r_reg[11]/synch_enable
vec_div0/div_units[2].fxp_div_inst/au_r_reg[12]/next_state
vec_div0/div_units[2].fxp_div_inst/au_r_reg[12]/synch_enable
vec_div0/div_units[2].fxp_div_inst/au_r_reg[13]/next_state
vec_div0/div_units[2].fxp_div_inst/au_r_reg[13]/synch_enable
vec_div0/div_units[2].fxp_div_inst/au_r_reg[14]/next_state
vec_div0/div_units[2].fxp_div_inst/au_r_reg[14]/synch_enable
vec_div0/div_units[2].fxp_div_inst/bu_r_reg[0]/next_state
vec_div0/div_units[2].fxp_div_inst/bu_r_reg[0]/synch_enable
vec_div0/div_units[2].fxp_div_inst/bu_r_reg[1]/next_state
vec_div0/div_units[2].fxp_div_inst/bu_r_reg[1]/synch_enable
vec_div0/div_units[2].fxp_div_inst/bu_r_reg[2]/next_state
vec_div0/div_units[2].fxp_div_inst/bu_r_reg[2]/synch_enable
vec_div0/div_units[2].fxp_div_inst/bu_r_reg[3]/next_state
vec_div0/div_units[2].fxp_div_inst/bu_r_reg[3]/synch_enable
vec_div0/div_units[2].fxp_div_inst/bu_r_reg[4]/next_state
vec_div0/div_units[2].fxp_div_inst/bu_r_reg[4]/synch_enable
vec_div0/div_units[2].fxp_div_inst/bu_r_reg[5]/next_state
vec_div0/div_units[2].fxp_div_inst/bu_r_reg[5]/synch_enable
vec_div0/div_units[2].fxp_div_inst/bu_r_reg[6]/next_state
vec_div0/div_units[2].fxp_div_inst/bu_r_reg[6]/synch_enable
vec_div0/div_units[2].fxp_div_inst/bu_r_reg[7]/next_state
vec_div0/div_units[2].fxp_div_inst/bu_r_reg[7]/synch_enable
vec_div0/div_units[2].fxp_div_inst/bu_r_reg[8]/next_state
vec_div0/div_units[2].fxp_div_inst/bu_r_reg[8]/synch_enable
vec_div0/div_units[2].fxp_div_inst/bu_r_reg[9]/next_state
vec_div0/div_units[2].fxp_div_inst/bu_r_reg[9]/synch_enable
vec_div0/div_units[2].fxp_div_inst/bu_r_reg[10]/next_state
vec_div0/div_units[2].fxp_div_inst/bu_r_reg[10]/synch_enable
vec_div0/div_units[2].fxp_div_inst/bu_r_reg[11]/next_state
vec_div0/div_units[2].fxp_div_inst/bu_r_reg[11]/synch_enable
vec_div0/div_units[2].fxp_div_inst/bu_r_reg[12]/next_state
vec_div0/div_units[2].fxp_div_inst/bu_r_reg[12]/synch_enable
vec_div0/div_units[2].fxp_div_inst/bu_r_reg[13]/next_state
vec_div0/div_units[2].fxp_div_inst/bu_r_reg[13]/synch_enable
vec_div0/div_units[2].fxp_div_inst/bu_r_reg[14]/next_state
vec_div0/div_units[2].fxp_div_inst/bu_r_reg[14]/synch_enable
vec_div0/div_units[2].fxp_div_inst/busy_r_reg/next_state
vec_div0/div_units[2].fxp_div_inst/busy_r_reg/synch_enable
vec_div0/div_units[2].fxp_div_inst/count_r_reg[0]/next_state
vec_div0/div_units[2].fxp_div_inst/count_r_reg[0]/synch_enable
vec_div0/div_units[2].fxp_div_inst/count_r_reg[1]/next_state
vec_div0/div_units[2].fxp_div_inst/count_r_reg[1]/synch_enable
vec_div0/div_units[2].fxp_div_inst/count_r_reg[2]/next_state
vec_div0/div_units[2].fxp_div_inst/count_r_reg[2]/synch_enable
vec_div0/div_units[2].fxp_div_inst/count_r_reg[3]/next_state
vec_div0/div_units[2].fxp_div_inst/count_r_reg[3]/synch_enable
vec_div0/div_units[2].fxp_div_inst/count_r_reg[4]/next_state
vec_div0/div_units[2].fxp_div_inst/count_r_reg[4]/synch_enable
vec_div0/div_units[2].fxp_div_inst/count_r_reg[5]/next_state
vec_div0/div_units[2].fxp_div_inst/count_r_reg[5]/synch_enable
vec_div0/div_units[2].fxp_div_inst/dbz_r_reg/next_state
vec_div0/div_units[2].fxp_div_inst/dbz_r_reg/synch_enable
vec_div0/div_units[2].fxp_div_inst/ovf_r_reg/next_state
vec_div0/div_units[2].fxp_div_inst/ovf_r_reg/synch_enable
vec_div0/div_units[2].fxp_div_inst/quo_r_reg[0]/next_state
vec_div0/div_units[2].fxp_div_inst/quo_r_reg[0]/synch_enable
vec_div0/div_units[2].fxp_div_inst/quo_r_reg[1]/next_state
vec_div0/div_units[2].fxp_div_inst/quo_r_reg[1]/synch_enable
vec_div0/div_units[2].fxp_div_inst/quo_r_reg[2]/next_state
vec_div0/div_units[2].fxp_div_inst/quo_r_reg[2]/synch_enable
vec_div0/div_units[2].fxp_div_inst/quo_r_reg[3]/next_state
vec_div0/div_units[2].fxp_div_inst/quo_r_reg[3]/synch_enable
vec_div0/div_units[2].fxp_div_inst/quo_r_reg[4]/next_state
vec_div0/div_units[2].fxp_div_inst/quo_r_reg[4]/synch_enable
vec_div0/div_units[2].fxp_div_inst/quo_r_reg[5]/next_state
vec_div0/div_units[2].fxp_div_inst/quo_r_reg[5]/synch_enable
vec_div0/div_units[2].fxp_div_inst/quo_r_reg[6]/next_state
vec_div0/div_units[2].fxp_div_inst/quo_r_reg[6]/synch_enable
vec_div0/div_units[2].fxp_div_inst/quo_r_reg[7]/next_state
vec_div0/div_units[2].fxp_div_inst/quo_r_reg[7]/synch_enable
vec_div0/div_units[2].fxp_div_inst/quo_r_reg[8]/next_state
vec_div0/div_units[2].fxp_div_inst/quo_r_reg[8]/synch_enable
vec_div0/div_units[2].fxp_div_inst/quo_r_reg[9]/next_state
vec_div0/div_units[2].fxp_div_inst/quo_r_reg[9]/synch_enable
vec_div0/div_units[2].fxp_div_inst/quo_r_reg[10]/next_state
vec_div0/div_units[2].fxp_div_inst/quo_r_reg[10]/synch_enable
vec_div0/div_units[2].fxp_div_inst/quo_r_reg[11]/next_state
vec_div0/div_units[2].fxp_div_inst/quo_r_reg[11]/synch_enable
vec_div0/div_units[2].fxp_div_inst/quo_r_reg[12]/next_state
vec_div0/div_units[2].fxp_div_inst/quo_r_reg[12]/synch_enable
vec_div0/div_units[2].fxp_div_inst/quo_r_reg[13]/next_state
vec_div0/div_units[2].fxp_div_inst/quo_r_reg[13]/synch_enable
vec_div0/div_units[2].fxp_div_inst/quo_r_reg[14]/next_state
vec_div0/div_units[2].fxp_div_inst/quo_r_reg[14]/synch_enable
vec_div0/div_units[2].fxp_div_inst/sig_diff_r_reg/next_state
vec_div0/div_units[2].fxp_div_inst/sig_diff_r_reg/synch_enable
vec_div0/div_units[2].fxp_div_inst/state_r_reg[0]/next_state
vec_div0/div_units[2].fxp_div_inst/state_r_reg[1]/next_state
vec_div0/div_units[2].fxp_div_inst/state_r_reg[2]/next_state
vec_div0/div_units[2].fxp_div_inst/val_r_reg[0]/next_state
vec_div0/div_units[2].fxp_div_inst/val_r_reg[0]/synch_enable
vec_div0/div_units[2].fxp_div_inst/val_r_reg[1]/next_state
vec_div0/div_units[2].fxp_div_inst/val_r_reg[1]/synch_enable
vec_div0/div_units[2].fxp_div_inst/val_r_reg[2]/next_state
vec_div0/div_units[2].fxp_div_inst/val_r_reg[2]/synch_enable
vec_div0/div_units[2].fxp_div_inst/val_r_reg[3]/next_state
vec_div0/div_units[2].fxp_div_inst/val_r_reg[3]/synch_enable
vec_div0/div_units[2].fxp_div_inst/val_r_reg[4]/next_state
vec_div0/div_units[2].fxp_div_inst/val_r_reg[4]/synch_enable
vec_div0/div_units[2].fxp_div_inst/val_r_reg[5]/next_state
vec_div0/div_units[2].fxp_div_inst/val_r_reg[5]/synch_enable
vec_div0/div_units[2].fxp_div_inst/val_r_reg[6]/next_state
vec_div0/div_units[2].fxp_div_inst/val_r_reg[6]/synch_enable
vec_div0/div_units[2].fxp_div_inst/val_r_reg[7]/next_state
vec_div0/div_units[2].fxp_div_inst/val_r_reg[7]/synch_enable
vec_div0/div_units[2].fxp_div_inst/val_r_reg[8]/next_state
vec_div0/div_units[2].fxp_div_inst/val_r_reg[8]/synch_enable
vec_div0/div_units[2].fxp_div_inst/val_r_reg[9]/next_state
vec_div0/div_units[2].fxp_div_inst/val_r_reg[9]/synch_enable
vec_div0/div_units[2].fxp_div_inst/val_r_reg[10]/next_state
vec_div0/div_units[2].fxp_div_inst/val_r_reg[10]/synch_enable
vec_div0/div_units[2].fxp_div_inst/val_r_reg[11]/next_state
vec_div0/div_units[2].fxp_div_inst/val_r_reg[11]/synch_enable
vec_div0/div_units[2].fxp_div_inst/val_r_reg[12]/next_state
vec_div0/div_units[2].fxp_div_inst/val_r_reg[12]/synch_enable
vec_div0/div_units[2].fxp_div_inst/val_r_reg[13]/next_state
vec_div0/div_units[2].fxp_div_inst/val_r_reg[13]/synch_enable
vec_div0/div_units[2].fxp_div_inst/val_r_reg[14]/next_state
vec_div0/div_units[2].fxp_div_inst/val_r_reg[14]/synch_enable
vec_div0/div_units[2].fxp_div_inst/val_r_reg[15]/next_state
vec_div0/div_units[2].fxp_div_inst/val_r_reg[15]/synch_enable
vec_div0/div_units[2].fxp_div_inst/valid_r_reg/next_state
vec_div0/div_units[2].fxp_div_inst/valid_r_reg/synch_enable
vec_div0/div_units[3].fxp_div_inst/acc_r_reg[0]/next_state
vec_div0/div_units[3].fxp_div_inst/acc_r_reg[0]/synch_enable
vec_div0/div_units[3].fxp_div_inst/acc_r_reg[1]/next_state
vec_div0/div_units[3].fxp_div_inst/acc_r_reg[1]/synch_enable
vec_div0/div_units[3].fxp_div_inst/acc_r_reg[2]/next_state
vec_div0/div_units[3].fxp_div_inst/acc_r_reg[2]/synch_enable
vec_div0/div_units[3].fxp_div_inst/acc_r_reg[3]/next_state
vec_div0/div_units[3].fxp_div_inst/acc_r_reg[3]/synch_enable
vec_div0/div_units[3].fxp_div_inst/acc_r_reg[4]/next_state
vec_div0/div_units[3].fxp_div_inst/acc_r_reg[4]/synch_enable
vec_div0/div_units[3].fxp_div_inst/acc_r_reg[5]/next_state
vec_div0/div_units[3].fxp_div_inst/acc_r_reg[5]/synch_enable
vec_div0/div_units[3].fxp_div_inst/acc_r_reg[6]/next_state
vec_div0/div_units[3].fxp_div_inst/acc_r_reg[6]/synch_enable
vec_div0/div_units[3].fxp_div_inst/acc_r_reg[7]/next_state
vec_div0/div_units[3].fxp_div_inst/acc_r_reg[7]/synch_enable
vec_div0/div_units[3].fxp_div_inst/acc_r_reg[8]/next_state
vec_div0/div_units[3].fxp_div_inst/acc_r_reg[8]/synch_enable
vec_div0/div_units[3].fxp_div_inst/acc_r_reg[9]/next_state
vec_div0/div_units[3].fxp_div_inst/acc_r_reg[9]/synch_enable
vec_div0/div_units[3].fxp_div_inst/acc_r_reg[10]/next_state
vec_div0/div_units[3].fxp_div_inst/acc_r_reg[10]/synch_enable
vec_div0/div_units[3].fxp_div_inst/acc_r_reg[11]/next_state
vec_div0/div_units[3].fxp_div_inst/acc_r_reg[11]/synch_enable
vec_div0/div_units[3].fxp_div_inst/acc_r_reg[12]/next_state
vec_div0/div_units[3].fxp_div_inst/acc_r_reg[12]/synch_enable
vec_div0/div_units[3].fxp_div_inst/acc_r_reg[13]/next_state
vec_div0/div_units[3].fxp_div_inst/acc_r_reg[13]/synch_enable
vec_div0/div_units[3].fxp_div_inst/acc_r_reg[14]/next_state
vec_div0/div_units[3].fxp_div_inst/acc_r_reg[14]/synch_enable
vec_div0/div_units[3].fxp_div_inst/acc_r_reg[15]/next_state
vec_div0/div_units[3].fxp_div_inst/acc_r_reg[15]/synch_enable
vec_div0/div_units[3].fxp_div_inst/au_r_reg[0]/next_state
vec_div0/div_units[3].fxp_div_inst/au_r_reg[0]/synch_enable
vec_div0/div_units[3].fxp_div_inst/au_r_reg[1]/next_state
vec_div0/div_units[3].fxp_div_inst/au_r_reg[1]/synch_enable
vec_div0/div_units[3].fxp_div_inst/au_r_reg[2]/next_state
vec_div0/div_units[3].fxp_div_inst/au_r_reg[2]/synch_enable
vec_div0/div_units[3].fxp_div_inst/au_r_reg[3]/next_state
vec_div0/div_units[3].fxp_div_inst/au_r_reg[3]/synch_enable
vec_div0/div_units[3].fxp_div_inst/au_r_reg[4]/next_state
vec_div0/div_units[3].fxp_div_inst/au_r_reg[4]/synch_enable
vec_div0/div_units[3].fxp_div_inst/au_r_reg[5]/next_state
vec_div0/div_units[3].fxp_div_inst/au_r_reg[5]/synch_enable
vec_div0/div_units[3].fxp_div_inst/au_r_reg[6]/next_state
vec_div0/div_units[3].fxp_div_inst/au_r_reg[6]/synch_enable
vec_div0/div_units[3].fxp_div_inst/au_r_reg[7]/next_state
vec_div0/div_units[3].fxp_div_inst/au_r_reg[7]/synch_enable
vec_div0/div_units[3].fxp_div_inst/au_r_reg[8]/next_state
vec_div0/div_units[3].fxp_div_inst/au_r_reg[8]/synch_enable
vec_div0/div_units[3].fxp_div_inst/au_r_reg[9]/next_state
vec_div0/div_units[3].fxp_div_inst/au_r_reg[9]/synch_enable
vec_div0/div_units[3].fxp_div_inst/au_r_reg[10]/next_state
vec_div0/div_units[3].fxp_div_inst/au_r_reg[10]/synch_enable
vec_div0/div_units[3].fxp_div_inst/au_r_reg[11]/next_state
vec_div0/div_units[3].fxp_div_inst/au_r_reg[11]/synch_enable
vec_div0/div_units[3].fxp_div_inst/au_r_reg[12]/next_state
vec_div0/div_units[3].fxp_div_inst/au_r_reg[12]/synch_enable
vec_div0/div_units[3].fxp_div_inst/au_r_reg[13]/next_state
vec_div0/div_units[3].fxp_div_inst/au_r_reg[13]/synch_enable
vec_div0/div_units[3].fxp_div_inst/au_r_reg[14]/next_state
vec_div0/div_units[3].fxp_div_inst/au_r_reg[14]/synch_enable
vec_div0/div_units[3].fxp_div_inst/bu_r_reg[0]/next_state
vec_div0/div_units[3].fxp_div_inst/bu_r_reg[0]/synch_enable
vec_div0/div_units[3].fxp_div_inst/bu_r_reg[1]/next_state
vec_div0/div_units[3].fxp_div_inst/bu_r_reg[1]/synch_enable
vec_div0/div_units[3].fxp_div_inst/bu_r_reg[2]/next_state
vec_div0/div_units[3].fxp_div_inst/bu_r_reg[2]/synch_enable
vec_div0/div_units[3].fxp_div_inst/bu_r_reg[3]/next_state
vec_div0/div_units[3].fxp_div_inst/bu_r_reg[3]/synch_enable
vec_div0/div_units[3].fxp_div_inst/bu_r_reg[4]/next_state
vec_div0/div_units[3].fxp_div_inst/bu_r_reg[4]/synch_enable
vec_div0/div_units[3].fxp_div_inst/bu_r_reg[5]/next_state
vec_div0/div_units[3].fxp_div_inst/bu_r_reg[5]/synch_enable
vec_div0/div_units[3].fxp_div_inst/bu_r_reg[6]/next_state
vec_div0/div_units[3].fxp_div_inst/bu_r_reg[6]/synch_enable
vec_div0/div_units[3].fxp_div_inst/bu_r_reg[7]/next_state
vec_div0/div_units[3].fxp_div_inst/bu_r_reg[7]/synch_enable
vec_div0/div_units[3].fxp_div_inst/bu_r_reg[8]/next_state
vec_div0/div_units[3].fxp_div_inst/bu_r_reg[8]/synch_enable
vec_div0/div_units[3].fxp_div_inst/bu_r_reg[9]/next_state
vec_div0/div_units[3].fxp_div_inst/bu_r_reg[9]/synch_enable
vec_div0/div_units[3].fxp_div_inst/bu_r_reg[10]/next_state
vec_div0/div_units[3].fxp_div_inst/bu_r_reg[10]/synch_enable
vec_div0/div_units[3].fxp_div_inst/bu_r_reg[11]/next_state
vec_div0/div_units[3].fxp_div_inst/bu_r_reg[11]/synch_enable
vec_div0/div_units[3].fxp_div_inst/bu_r_reg[12]/next_state
vec_div0/div_units[3].fxp_div_inst/bu_r_reg[12]/synch_enable
vec_div0/div_units[3].fxp_div_inst/bu_r_reg[13]/next_state
vec_div0/div_units[3].fxp_div_inst/bu_r_reg[13]/synch_enable
vec_div0/div_units[3].fxp_div_inst/bu_r_reg[14]/next_state
vec_div0/div_units[3].fxp_div_inst/bu_r_reg[14]/synch_enable
vec_div0/div_units[3].fxp_div_inst/busy_r_reg/next_state
vec_div0/div_units[3].fxp_div_inst/busy_r_reg/synch_enable
vec_div0/div_units[3].fxp_div_inst/count_r_reg[0]/next_state
vec_div0/div_units[3].fxp_div_inst/count_r_reg[0]/synch_enable
vec_div0/div_units[3].fxp_div_inst/count_r_reg[1]/next_state
vec_div0/div_units[3].fxp_div_inst/count_r_reg[1]/synch_enable
vec_div0/div_units[3].fxp_div_inst/count_r_reg[2]/next_state
vec_div0/div_units[3].fxp_div_inst/count_r_reg[2]/synch_enable
vec_div0/div_units[3].fxp_div_inst/count_r_reg[3]/next_state
vec_div0/div_units[3].fxp_div_inst/count_r_reg[3]/synch_enable
vec_div0/div_units[3].fxp_div_inst/count_r_reg[4]/next_state
vec_div0/div_units[3].fxp_div_inst/count_r_reg[4]/synch_enable
vec_div0/div_units[3].fxp_div_inst/count_r_reg[5]/next_state
vec_div0/div_units[3].fxp_div_inst/count_r_reg[5]/synch_enable
vec_div0/div_units[3].fxp_div_inst/dbz_r_reg/next_state
vec_div0/div_units[3].fxp_div_inst/dbz_r_reg/synch_enable
vec_div0/div_units[3].fxp_div_inst/ovf_r_reg/next_state
vec_div0/div_units[3].fxp_div_inst/ovf_r_reg/synch_enable
vec_div0/div_units[3].fxp_div_inst/quo_r_reg[0]/next_state
vec_div0/div_units[3].fxp_div_inst/quo_r_reg[0]/synch_enable
vec_div0/div_units[3].fxp_div_inst/quo_r_reg[1]/next_state
vec_div0/div_units[3].fxp_div_inst/quo_r_reg[1]/synch_enable
vec_div0/div_units[3].fxp_div_inst/quo_r_reg[2]/next_state
vec_div0/div_units[3].fxp_div_inst/quo_r_reg[2]/synch_enable
vec_div0/div_units[3].fxp_div_inst/quo_r_reg[3]/next_state
vec_div0/div_units[3].fxp_div_inst/quo_r_reg[3]/synch_enable
vec_div0/div_units[3].fxp_div_inst/quo_r_reg[4]/next_state
vec_div0/div_units[3].fxp_div_inst/quo_r_reg[4]/synch_enable
vec_div0/div_units[3].fxp_div_inst/quo_r_reg[5]/next_state
vec_div0/div_units[3].fxp_div_inst/quo_r_reg[5]/synch_enable
vec_div0/div_units[3].fxp_div_inst/quo_r_reg[6]/next_state
vec_div0/div_units[3].fxp_div_inst/quo_r_reg[6]/synch_enable
vec_div0/div_units[3].fxp_div_inst/quo_r_reg[7]/next_state
vec_div0/div_units[3].fxp_div_inst/quo_r_reg[7]/synch_enable
vec_div0/div_units[3].fxp_div_inst/quo_r_reg[8]/next_state
vec_div0/div_units[3].fxp_div_inst/quo_r_reg[8]/synch_enable
vec_div0/div_units[3].fxp_div_inst/quo_r_reg[9]/next_state
vec_div0/div_units[3].fxp_div_inst/quo_r_reg[9]/synch_enable
vec_div0/div_units[3].fxp_div_inst/quo_r_reg[10]/next_state
vec_div0/div_units[3].fxp_div_inst/quo_r_reg[10]/synch_enable
vec_div0/div_units[3].fxp_div_inst/quo_r_reg[11]/next_state
vec_div0/div_units[3].fxp_div_inst/quo_r_reg[11]/synch_enable
vec_div0/div_units[3].fxp_div_inst/quo_r_reg[12]/next_state
vec_div0/div_units[3].fxp_div_inst/quo_r_reg[12]/synch_enable
vec_div0/div_units[3].fxp_div_inst/quo_r_reg[13]/next_state
vec_div0/div_units[3].fxp_div_inst/quo_r_reg[13]/synch_enable
vec_div0/div_units[3].fxp_div_inst/quo_r_reg[14]/next_state
vec_div0/div_units[3].fxp_div_inst/quo_r_reg[14]/synch_enable
vec_div0/div_units[3].fxp_div_inst/sig_diff_r_reg/next_state
vec_div0/div_units[3].fxp_div_inst/sig_diff_r_reg/synch_enable
vec_div0/div_units[3].fxp_div_inst/state_r_reg[0]/next_state
vec_div0/div_units[3].fxp_div_inst/state_r_reg[1]/next_state
vec_div0/div_units[3].fxp_div_inst/state_r_reg[2]/next_state
vec_div0/div_units[3].fxp_div_inst/val_r_reg[0]/next_state
vec_div0/div_units[3].fxp_div_inst/val_r_reg[0]/synch_enable
vec_div0/div_units[3].fxp_div_inst/val_r_reg[1]/next_state
vec_div0/div_units[3].fxp_div_inst/val_r_reg[1]/synch_enable
vec_div0/div_units[3].fxp_div_inst/val_r_reg[2]/next_state
vec_div0/div_units[3].fxp_div_inst/val_r_reg[2]/synch_enable
vec_div0/div_units[3].fxp_div_inst/val_r_reg[3]/next_state
vec_div0/div_units[3].fxp_div_inst/val_r_reg[3]/synch_enable
vec_div0/div_units[3].fxp_div_inst/val_r_reg[4]/next_state
vec_div0/div_units[3].fxp_div_inst/val_r_reg[4]/synch_enable
vec_div0/div_units[3].fxp_div_inst/val_r_reg[5]/next_state
vec_div0/div_units[3].fxp_div_inst/val_r_reg[5]/synch_enable
vec_div0/div_units[3].fxp_div_inst/val_r_reg[6]/next_state
vec_div0/div_units[3].fxp_div_inst/val_r_reg[6]/synch_enable
vec_div0/div_units[3].fxp_div_inst/val_r_reg[7]/next_state
vec_div0/div_units[3].fxp_div_inst/val_r_reg[7]/synch_enable
vec_div0/div_units[3].fxp_div_inst/val_r_reg[8]/next_state
vec_div0/div_units[3].fxp_div_inst/val_r_reg[8]/synch_enable
vec_div0/div_units[3].fxp_div_inst/val_r_reg[9]/next_state
vec_div0/div_units[3].fxp_div_inst/val_r_reg[9]/synch_enable
vec_div0/div_units[3].fxp_div_inst/val_r_reg[10]/next_state
vec_div0/div_units[3].fxp_div_inst/val_r_reg[10]/synch_enable
vec_div0/div_units[3].fxp_div_inst/val_r_reg[11]/next_state
vec_div0/div_units[3].fxp_div_inst/val_r_reg[11]/synch_enable
vec_div0/div_units[3].fxp_div_inst/val_r_reg[12]/next_state
vec_div0/div_units[3].fxp_div_inst/val_r_reg[12]/synch_enable
vec_div0/div_units[3].fxp_div_inst/val_r_reg[13]/next_state
vec_div0/div_units[3].fxp_div_inst/val_r_reg[13]/synch_enable
vec_div0/div_units[3].fxp_div_inst/val_r_reg[14]/next_state
vec_div0/div_units[3].fxp_div_inst/val_r_reg[14]/synch_enable
vec_div0/div_units[3].fxp_div_inst/val_r_reg[15]/next_state
vec_div0/div_units[3].fxp_div_inst/val_r_reg[15]/synch_enable
vec_div0/div_units[3].fxp_div_inst/valid_r_reg/next_state
vec_div0/div_units[3].fxp_div_inst/valid_r_reg/synch_enable
vec_div0/done_reg/next_state
vec_div0/out_r_reg[0][0]/next_state
vec_div0/out_r_reg[0][0]/synch_enable
vec_div0/out_r_reg[0][1]/next_state
vec_div0/out_r_reg[0][1]/synch_enable
vec_div0/out_r_reg[0][2]/next_state
vec_div0/out_r_reg[0][2]/synch_enable
vec_div0/out_r_reg[0][3]/next_state
vec_div0/out_r_reg[0][3]/synch_enable
vec_div0/out_r_reg[0][4]/next_state
vec_div0/out_r_reg[0][4]/synch_enable
vec_div0/out_r_reg[0][5]/next_state
vec_div0/out_r_reg[0][5]/synch_enable
vec_div0/out_r_reg[0][6]/next_state
vec_div0/out_r_reg[0][6]/synch_enable
vec_div0/out_r_reg[0][7]/next_state
vec_div0/out_r_reg[0][7]/synch_enable
vec_div0/out_r_reg[0][8]/next_state
vec_div0/out_r_reg[0][8]/synch_enable
vec_div0/out_r_reg[0][9]/next_state
vec_div0/out_r_reg[0][9]/synch_enable
vec_div0/out_r_reg[0][10]/next_state
vec_div0/out_r_reg[0][10]/synch_enable
vec_div0/out_r_reg[0][11]/next_state
vec_div0/out_r_reg[0][11]/synch_enable
vec_div0/out_r_reg[0][12]/next_state
vec_div0/out_r_reg[0][12]/synch_enable
vec_div0/out_r_reg[0][13]/next_state
vec_div0/out_r_reg[0][13]/synch_enable
vec_div0/out_r_reg[0][14]/next_state
vec_div0/out_r_reg[0][14]/synch_enable
vec_div0/out_r_reg[0][15]/next_state
vec_div0/out_r_reg[0][15]/synch_enable
vec_div0/out_r_reg[1][0]/next_state
vec_div0/out_r_reg[1][0]/synch_enable
vec_div0/out_r_reg[1][1]/next_state
vec_div0/out_r_reg[1][1]/synch_enable
vec_div0/out_r_reg[1][2]/next_state
vec_div0/out_r_reg[1][2]/synch_enable
vec_div0/out_r_reg[1][3]/next_state
vec_div0/out_r_reg[1][3]/synch_enable
vec_div0/out_r_reg[1][4]/next_state
vec_div0/out_r_reg[1][4]/synch_enable
vec_div0/out_r_reg[1][5]/next_state
vec_div0/out_r_reg[1][5]/synch_enable
vec_div0/out_r_reg[1][6]/next_state
vec_div0/out_r_reg[1][6]/synch_enable
vec_div0/out_r_reg[1][7]/next_state
vec_div0/out_r_reg[1][7]/synch_enable
vec_div0/out_r_reg[1][8]/next_state
vec_div0/out_r_reg[1][8]/synch_enable
vec_div0/out_r_reg[1][9]/next_state
vec_div0/out_r_reg[1][9]/synch_enable
vec_div0/out_r_reg[1][10]/next_state
vec_div0/out_r_reg[1][10]/synch_enable
vec_div0/out_r_reg[1][11]/next_state
vec_div0/out_r_reg[1][11]/synch_enable
vec_div0/out_r_reg[1][12]/next_state
vec_div0/out_r_reg[1][12]/synch_enable
vec_div0/out_r_reg[1][13]/next_state
vec_div0/out_r_reg[1][13]/synch_enable
vec_div0/out_r_reg[1][14]/next_state
vec_div0/out_r_reg[1][14]/synch_enable
vec_div0/out_r_reg[1][15]/next_state
vec_div0/out_r_reg[1][15]/synch_enable
vec_div0/out_r_reg[2][0]/next_state
vec_div0/out_r_reg[2][0]/synch_enable
vec_div0/out_r_reg[2][1]/next_state
vec_div0/out_r_reg[2][1]/synch_enable
vec_div0/out_r_reg[2][2]/next_state
vec_div0/out_r_reg[2][2]/synch_enable
vec_div0/out_r_reg[2][3]/next_state
vec_div0/out_r_reg[2][3]/synch_enable
vec_div0/out_r_reg[2][4]/next_state
vec_div0/out_r_reg[2][4]/synch_enable
vec_div0/out_r_reg[2][5]/next_state
vec_div0/out_r_reg[2][5]/synch_enable
vec_div0/out_r_reg[2][6]/next_state
vec_div0/out_r_reg[2][6]/synch_enable
vec_div0/out_r_reg[2][7]/next_state
vec_div0/out_r_reg[2][7]/synch_enable
vec_div0/out_r_reg[2][8]/next_state
vec_div0/out_r_reg[2][8]/synch_enable
vec_div0/out_r_reg[2][9]/next_state
vec_div0/out_r_reg[2][9]/synch_enable
vec_div0/out_r_reg[2][10]/next_state
vec_div0/out_r_reg[2][10]/synch_enable
vec_div0/out_r_reg[2][11]/next_state
vec_div0/out_r_reg[2][11]/synch_enable
vec_div0/out_r_reg[2][12]/next_state
vec_div0/out_r_reg[2][12]/synch_enable
vec_div0/out_r_reg[2][13]/next_state
vec_div0/out_r_reg[2][13]/synch_enable
vec_div0/out_r_reg[2][14]/next_state
vec_div0/out_r_reg[2][14]/synch_enable
vec_div0/out_r_reg[2][15]/next_state
vec_div0/out_r_reg[2][15]/synch_enable
vec_div0/out_r_reg[3][0]/next_state
vec_div0/out_r_reg[3][0]/synch_enable
vec_div0/out_r_reg[3][1]/next_state
vec_div0/out_r_reg[3][1]/synch_enable
vec_div0/out_r_reg[3][2]/next_state
vec_div0/out_r_reg[3][2]/synch_enable
vec_div0/out_r_reg[3][3]/next_state
vec_div0/out_r_reg[3][3]/synch_enable
vec_div0/out_r_reg[3][4]/next_state
vec_div0/out_r_reg[3][4]/synch_enable
vec_div0/out_r_reg[3][5]/next_state
vec_div0/out_r_reg[3][5]/synch_enable
vec_div0/out_r_reg[3][6]/next_state
vec_div0/out_r_reg[3][6]/synch_enable
vec_div0/out_r_reg[3][7]/next_state
vec_div0/out_r_reg[3][7]/synch_enable
vec_div0/out_r_reg[3][8]/next_state
vec_div0/out_r_reg[3][8]/synch_enable
vec_div0/out_r_reg[3][9]/next_state
vec_div0/out_r_reg[3][9]/synch_enable
vec_div0/out_r_reg[3][10]/next_state
vec_div0/out_r_reg[3][10]/synch_enable
vec_div0/out_r_reg[3][11]/next_state
vec_div0/out_r_reg[3][11]/synch_enable
vec_div0/out_r_reg[3][12]/next_state
vec_div0/out_r_reg[3][12]/synch_enable
vec_div0/out_r_reg[3][13]/next_state
vec_div0/out_r_reg[3][13]/synch_enable
vec_div0/out_r_reg[3][14]/next_state
vec_div0/out_r_reg[3][14]/synch_enable
vec_div0/out_r_reg[3][15]/next_state
vec_div0/out_r_reg[3][15]/synch_enable
vec_div0/ovf_r_reg/next_state
vec_div0/ovf_r_reg/synch_enable
vec_div0/state_reg[0]/next_state
vec_div0/state_reg[0]/synch_enable
vec_div0/state_reg[1]/next_state
vec_div0/state_reg[1]/synch_enable

Information: Checking pulse_clock_cell_type...

Information: Checking no_driving_cell...

Information: Checking partial_input_delay...
1
