 
****************************************
Report : area
Design : rms_norm_sf
Version: V-2023.12-SP5
Date   : Fri Dec  6 23:19:23 2024
****************************************

Library(s) Used:

    saed32rvt_tt1p05v25c (File: /afs/umich.edu/class/eecs598-002/SAED32/SAED32_EDK/lib/stdcell_rvt/db_ccs/saed32rvt_tt1p05v25c.db)

Number of ports:                         3077
Number of nets:                        102130
Number of cells:                        85419
Number of combinational cells:          75403
Number of sequential cells:             10016
Number of macros/black boxes:               0
Number of buf/inv:                       9153
Number of references:                      50

Combinational area:             200660.410707
Buf/Inv area:                    11668.259377
Noncombinational area:           70197.623961
Macro/Black Box area:                0.000000
Net Interconnect area:          131419.667422

Total cell area:                270858.034669
Total area:                     402277.702091
1
