Information: Propagating switching activity (low effort zero delay simulation). (PWR-6)
Warning: There is no defined clock in the design. (PWR-80)
Warning: Design has unannotated primary inputs. (PWR-414)
Warning: Design has unannotated sequential cell outputs. (PWR-415)
 
****************************************
Report : power
        -analysis_effort low
Design : rms_norm_sf
Version: V-2023.12-SP5
Date   : Fri Dec  6 23:19:29 2024
****************************************


Library(s) Used:

    saed32rvt_tt1p05v25c (File: /afs/umich.edu/class/eecs598-002/SAED32/SAED32_EDK/lib/stdcell_rvt/db_ccs/saed32rvt_tt1p05v25c.db)


Operating Conditions: tt1p05v25c   Library: saed32rvt_tt1p05v25c
Wire Load Model Mode: enclosed

Design        Wire Load Model            Library
------------------------------------------------
rms_norm_sf            280000            saed32rvt_tt1p05v25c


Global Operating Voltage = 1.05 
Power-specific unit information :
    Voltage Units = 1V
    Capacitance Units = 1.000000ff
    Time Units = 1ns
    Dynamic Power Units = 1uW    (derived from V,C,T units)
    Leakage Power Units = 1pW


Attributes
----------
i - Including register clock pin internal power


  Cell Internal Power  =  17.8755 mW   (41%)
  Net Switching Power  =  25.3140 mW   (59%)
                         ---------
Total Dynamic Power    =  43.1895 mW  (100%)

Cell Leakage Power     =   7.8015 mW

Information: report_power power group summary does not include estimated clock tree power. (PWR-789)

                 Internal         Switching           Leakage            Total
Power Group      Power            Power               Power              Power   (   %    )  Attrs
--------------------------------------------------------------------------------------------------
io_pad             0.0000            0.0000            0.0000            0.0000  (   0.00%)
memory             0.0000            0.0000            0.0000            0.0000  (   0.00%)
black_box          0.0000            0.0000            0.0000            0.0000  (   0.00%)
clock_network      0.0000            0.0000            0.0000            0.0000  (   0.00%)  i
register           0.0000            0.0000            0.0000            0.0000  (   0.00%)
sequential       948.8060           95.8982        1.5998e+09        2.6445e+03  (   5.19%)
combinational  1.6926e+04        2.5217e+04        6.2017e+09        4.8344e+04  (  94.81%)
--------------------------------------------------------------------------------------------------
Total          1.7875e+04 uW     2.5313e+04 uW     7.8015e+09 pW     5.0988e+04 uW
1
