 
****************************************
Report : area
Design : rms_norm
Version: V-2023.12-SP5
Date   : Thu Dec  5 22:35:23 2024
****************************************

Library(s) Used:

    saed32rvt_tt1p05v25c (File: /afs/umich.edu/class/eecs598-002/SAED32/SAED32_EDK/lib/stdcell_rvt/db_ccs/saed32rvt_tt1p05v25c.db)

Number of ports:                          133
Number of nets:                          4436
Number of cells:                         3859
Number of combinational cells:           3143
Number of sequential cells:               716
Number of macros/black boxes:               0
Number of buf/inv:                        305
Number of references:                      47

Combinational area:               8122.188091
Buf/Inv area:                      417.304451
Noncombinational area:            4986.305387
Macro/Black Box area:                0.000000
Net Interconnect area:            3622.010741

Total cell area:                 13108.493478
Total area:                      16730.504219
1
