Warning: Design 'sram_ifmap_buffer' has '1' unresolved references. For more detailed information, use the "link" command. (UID-341)
 
****************************************
Report : area
Design : sram_ifmap_buffer
Version: V-2023.12-SP5
Date   : Fri Dec  6 17:45:51 2024
****************************************

Library(s) Used:

    saed32rvt_tt1p05v25c (File: /afs/umich.edu/class/eecs598-002/SAED32/SAED32_EDK/lib/stdcell_rvt/db_ccs/saed32rvt_tt1p05v25c.db)

Number of ports:                           27
Number of nets:                            28
Number of cells:                            3
Number of combinational cells:              1
Number of sequential cells:                 1
Number of macros/black boxes:               0
Number of buf/inv:                          1
Number of references:                       2

Combinational area:                  1.270720
Buf/Inv area:                        1.270720
Noncombinational area:               0.000000
Macro/Black Box area:                0.000000
Net Interconnect area:               2.234260

Total cell area:                     1.270720
Total area:                          3.504980

Information: This design contains black box (unknown) components. (RPT-8)
1
