Warning: Design 'sram_ifmap_buffer' has '1' unresolved references. For more detailed information, use the "link" command. (UID-341)
 
****************************************
Report : qor
Design : sram_ifmap_buffer
Version: V-2023.12-SP5
Date   : Fri Dec  6 17:45:51 2024
****************************************


  Timing Path Group (none)
  -----------------------------------
  Levels of Logic:               1.00
  Critical Path Length:          0.00
  Critical Path Slack:         uninit
  Critical Path Clk Period:       n/a
  Total Negative Slack:          0.00
  No. of Violating Paths:        0.00
  Worst Hold Violation:          0.00
  Total Hold Violation:          0.00
  No. of Hold Violations:        0.00
  -----------------------------------


  Cell Count
  -----------------------------------
  Hierarchical Cell Count:          0
  Hierarchical Port Count:          0
  Leaf Cell Count:                  2
  Buf/Inv Cell Count:               1
  Buf Cell Count:                   0
  Inv Cell Count:                   1
  CT Buf/Inv Cell Count:            0
  Combinational Cell Count:         2
  Sequential Cell Count:            0
  Macro Count:                      0
  -----------------------------------


  Area
  -----------------------------------
  Combinational Area:        1.270720
  Noncombinational Area:     0.000000
  Buf/Inv Area:              1.270720
  Total Buffer Area:             0.00
  Total Inverter Area:           1.27
  Macro/Black Box Area:      0.000000
  Net Area:                  2.234260
  -----------------------------------
  Cell Area:                 1.270720
  Design Area:               3.504980


  Design Rules
  -----------------------------------
  Total Number of Nets:            28
  Nets With Violations:             1
  Max Trans Violations:             1
  Max Cap Violations:               0
  -----------------------------------


  Hostname: ggbl2517p34.engin.umich.edu

  Compile CPU Statistics
  -----------------------------------------
  Resource Sharing:                    0.00
  Logic Optimization:                  0.00
  Mapping Optimization:                0.00
  -----------------------------------------
  Overall Compile Time:                0.43
  Overall Compile Wall Clock Time:     0.45

  --------------------------------------------------------------------

  Design  WNS: 0.00  TNS: 0.00  Number of Violating Paths: 0


  Design (Hold)  WNS: 0.00  TNS: 0.00  Number of Violating Paths: 0

  --------------------------------------------------------------------


1
