 
****************************************
Report : area
Design : SystolicArray_w_buffer_full_size
Version: V-2023.12-SP5
Date   : Fri Dec  6 23:19:25 2024
****************************************

Library(s) Used:

    saed32rvt_tt1p05v25c (File: /afs/umich.edu/class/eecs598-002/SAED32/SAED32_EDK/lib/stdcell_rvt/db_ccs/saed32rvt_tt1p05v25c.db)

Number of ports:                        16930
Number of nets:                        208239
Number of cells:                       192707
Number of combinational cells:         143291
Number of sequential cells:             33776
Number of macros/black boxes:               0
Number of buf/inv:                      29217
Number of references:                      98

Combinational area:             314896.109166
Buf/Inv area:                    42496.434905
Noncombinational area:          231623.543505
Macro/Black Box area:                0.000000
Net Interconnect area:          320072.180551

Total cell area:                546519.652671
Total area:                     866591.833223
1
