 
****************************************
check_design summary:
Version:     V-2023.12-SP5
Date:        Fri Dec  6 23:03:11 2024
****************************************

                   Name                                            Total
--------------------------------------------------------------------------------
Cells                                                               2
    Cells do not drive (LINT-1)                                     2

Nets                                                              544
    Unloaded nets (LINT-2)                                        544
--------------------------------------------------------------------------------

Warning: In design 'PE_WIDTH16', cell 'B_6' does not drive any nets. (LINT-1)
Warning: In design 'PE_WIDTH16', cell 'B_7' does not drive any nets. (LINT-1)
Warning: In design 'SystolicArray_w_buffer_full_size', net 'sa/w_wire[0][31][0]' driven by pin 'sa/genblk1[0].genblk1[31].pe_inst/w_out[0]' has no loads. (LINT-2)
Warning: In design 'SystolicArray_w_buffer_full_size', net 'sa/w_wire[0][31][1]' driven by pin 'sa/genblk1[0].genblk1[31].pe_inst/w_out[1]' has no loads. (LINT-2)
Warning: In design 'SystolicArray_w_buffer_full_size', net 'sa/w_wire[1][31][0]' driven by pin 'sa/genblk1[1].genblk1[31].pe_inst/w_out[0]' has no loads. (LINT-2)
Warning: In design 'SystolicArray_w_buffer_full_size', net 'sa/w_wire[1][31][1]' driven by pin 'sa/genblk1[1].genblk1[31].pe_inst/w_out[1]' has no loads. (LINT-2)
Warning: In design 'SystolicArray_w_buffer_full_size', net 'sa/w_wire[2][31][0]' driven by pin 'sa/genblk1[2].genblk1[31].pe_inst/w_out[0]' has no loads. (LINT-2)
Warning: In design 'SystolicArray_w_buffer_full_size', net 'sa/w_wire[2][31][1]' driven by pin 'sa/genblk1[2].genblk1[31].pe_inst/w_out[1]' has no loads. (LINT-2)
Warning: In design 'SystolicArray_w_buffer_full_size', net 'sa/w_wire[3][31][0]' driven by pin 'sa/genblk1[3].genblk1[31].pe_inst/w_out[0]' has no loads. (LINT-2)
Warning: In design 'SystolicArray_w_buffer_full_size', net 'sa/w_wire[3][31][1]' driven by pin 'sa/genblk1[3].genblk1[31].pe_inst/w_out[1]' has no loads. (LINT-2)
Warning: In design 'SystolicArray_w_buffer_full_size', net 'sa/w_wire[4][31][0]' driven by pin 'sa/genblk1[4].genblk1[31].pe_inst/w_out[0]' has no loads. (LINT-2)
Warning: In design 'SystolicArray_w_buffer_full_size', net 'sa/w_wire[4][31][1]' driven by pin 'sa/genblk1[4].genblk1[31].pe_inst/w_out[1]' has no loads. (LINT-2)
Warning: In design 'SystolicArray_w_buffer_full_size', net 'sa/w_wire[5][31][0]' driven by pin 'sa/genblk1[5].genblk1[31].pe_inst/w_out[0]' has no loads. (LINT-2)
Warning: In design 'SystolicArray_w_buffer_full_size', net 'sa/w_wire[5][31][1]' driven by pin 'sa/genblk1[5].genblk1[31].pe_inst/w_out[1]' has no loads. (LINT-2)
Warning: In design 'SystolicArray_w_buffer_full_size', net 'sa/w_wire[6][31][0]' driven by pin 'sa/genblk1[6].genblk1[31].pe_inst/w_out[0]' has no loads. (LINT-2)
Warning: In design 'SystolicArray_w_buffer_full_size', net 'sa/w_wire[6][31][1]' driven by pin 'sa/genblk1[6].genblk1[31].pe_inst/w_out[1]' has no loads. (LINT-2)
Warning: In design 'SystolicArray_w_buffer_full_size', net 'sa/w_wire[7][31][0]' driven by pin 'sa/genblk1[7].genblk1[31].pe_inst/w_out[0]' has no loads. (LINT-2)
Warning: In design 'SystolicArray_w_buffer_full_size', net 'sa/w_wire[7][31][1]' driven by pin 'sa/genblk1[7].genblk1[31].pe_inst/w_out[1]' has no loads. (LINT-2)
Warning: In design 'SystolicArray_w_buffer_full_size', net 'sa/w_wire[8][31][0]' driven by pin 'sa/genblk1[8].genblk1[31].pe_inst/w_out[0]' has no loads. (LINT-2)
Warning: In design 'SystolicArray_w_buffer_full_size', net 'sa/w_wire[8][31][1]' driven by pin 'sa/genblk1[8].genblk1[31].pe_inst/w_out[1]' has no loads. (LINT-2)
Warning: In design 'SystolicArray_w_buffer_full_size', net 'sa/w_wire[9][31][0]' driven by pin 'sa/genblk1[9].genblk1[31].pe_inst/w_out[0]' has no loads. (LINT-2)
Warning: In design 'SystolicArray_w_buffer_full_size', net 'sa/w_wire[9][31][1]' driven by pin 'sa/genblk1[9].genblk1[31].pe_inst/w_out[1]' has no loads. (LINT-2)
Warning: In design 'SystolicArray_w_buffer_full_size', net 'sa/w_wire[10][31][0]' driven by pin 'sa/genblk1[10].genblk1[31].pe_inst/w_out[0]' has no loads. (LINT-2)
Warning: In design 'SystolicArray_w_buffer_full_size', net 'sa/w_wire[10][31][1]' driven by pin 'sa/genblk1[10].genblk1[31].pe_inst/w_out[1]' has no loads. (LINT-2)
Warning: In design 'SystolicArray_w_buffer_full_size', net 'sa/w_wire[11][31][0]' driven by pin 'sa/genblk1[11].genblk1[31].pe_inst/w_out[0]' has no loads. (LINT-2)
Warning: In design 'SystolicArray_w_buffer_full_size', net 'sa/w_wire[11][31][1]' driven by pin 'sa/genblk1[11].genblk1[31].pe_inst/w_out[1]' has no loads. (LINT-2)
Warning: In design 'SystolicArray_w_buffer_full_size', net 'sa/w_wire[12][31][0]' driven by pin 'sa/genblk1[12].genblk1[31].pe_inst/w_out[0]' has no loads. (LINT-2)
Warning: In design 'SystolicArray_w_buffer_full_size', net 'sa/w_wire[12][31][1]' driven by pin 'sa/genblk1[12].genblk1[31].pe_inst/w_out[1]' has no loads. (LINT-2)
Warning: In design 'SystolicArray_w_buffer_full_size', net 'sa/w_wire[13][31][0]' driven by pin 'sa/genblk1[13].genblk1[31].pe_inst/w_out[0]' has no loads. (LINT-2)
Warning: In design 'SystolicArray_w_buffer_full_size', net 'sa/w_wire[13][31][1]' driven by pin 'sa/genblk1[13].genblk1[31].pe_inst/w_out[1]' has no loads. (LINT-2)
Warning: In design 'SystolicArray_w_buffer_full_size', net 'sa/w_wire[14][31][0]' driven by pin 'sa/genblk1[14].genblk1[31].pe_inst/w_out[0]' has no loads. (LINT-2)
Warning: In design 'SystolicArray_w_buffer_full_size', net 'sa/w_wire[14][31][1]' driven by pin 'sa/genblk1[14].genblk1[31].pe_inst/w_out[1]' has no loads. (LINT-2)
Warning: In design 'SystolicArray_w_buffer_full_size', net 'sa/x_wire[15][0][0]' driven by pin 'sa/genblk1[15].genblk1[0].pe_inst/x_out[0]' has no loads. (LINT-2)
Warning: In design 'SystolicArray_w_buffer_full_size', net 'sa/x_wire[15][0][1]' driven by pin 'sa/genblk1[15].genblk1[0].pe_inst/x_out[1]' has no loads. (LINT-2)
Warning: In design 'SystolicArray_w_buffer_full_size', net 'sa/x_wire[15][0][2]' driven by pin 'sa/genblk1[15].genblk1[0].pe_inst/x_out[2]' has no loads. (LINT-2)
Warning: In design 'SystolicArray_w_buffer_full_size', net 'sa/x_wire[15][0][3]' driven by pin 'sa/genblk1[15].genblk1[0].pe_inst/x_out[3]' has no loads. (LINT-2)
Warning: In design 'SystolicArray_w_buffer_full_size', net 'sa/x_wire[15][0][4]' driven by pin 'sa/genblk1[15].genblk1[0].pe_inst/x_out[4]' has no loads. (LINT-2)
Warning: In design 'SystolicArray_w_buffer_full_size', net 'sa/x_wire[15][0][5]' driven by pin 'sa/genblk1[15].genblk1[0].pe_inst/x_out[5]' has no loads. (LINT-2)
Warning: In design 'SystolicArray_w_buffer_full_size', net 'sa/x_wire[15][0][6]' driven by pin 'sa/genblk1[15].genblk1[0].pe_inst/x_out[6]' has no loads. (LINT-2)
Warning: In design 'SystolicArray_w_buffer_full_size', net 'sa/x_wire[15][0][7]' driven by pin 'sa/genblk1[15].genblk1[0].pe_inst/x_out[7]' has no loads. (LINT-2)
Warning: In design 'SystolicArray_w_buffer_full_size', net 'sa/x_wire[15][0][8]' driven by pin 'sa/genblk1[15].genblk1[0].pe_inst/x_out[8]' has no loads. (LINT-2)
Warning: In design 'SystolicArray_w_buffer_full_size', net 'sa/x_wire[15][0][9]' driven by pin 'sa/genblk1[15].genblk1[0].pe_inst/x_out[9]' has no loads. (LINT-2)
Warning: In design 'SystolicArray_w_buffer_full_size', net 'sa/x_wire[15][0][10]' driven by pin 'sa/genblk1[15].genblk1[0].pe_inst/x_out[10]' has no loads. (LINT-2)
Warning: In design 'SystolicArray_w_buffer_full_size', net 'sa/x_wire[15][0][11]' driven by pin 'sa/genblk1[15].genblk1[0].pe_inst/x_out[11]' has no loads. (LINT-2)
Warning: In design 'SystolicArray_w_buffer_full_size', net 'sa/x_wire[15][0][12]' driven by pin 'sa/genblk1[15].genblk1[0].pe_inst/x_out[12]' has no loads. (LINT-2)
Warning: In design 'SystolicArray_w_buffer_full_size', net 'sa/x_wire[15][0][13]' driven by pin 'sa/genblk1[15].genblk1[0].pe_inst/x_out[13]' has no loads. (LINT-2)
Warning: In design 'SystolicArray_w_buffer_full_size', net 'sa/x_wire[15][0][14]' driven by pin 'sa/genblk1[15].genblk1[0].pe_inst/x_out[14]' has no loads. (LINT-2)
Warning: In design 'SystolicArray_w_buffer_full_size', net 'sa/x_wire[15][0][15]' driven by pin 'sa/genblk1[15].genblk1[0].pe_inst/x_out[15]' has no loads. (LINT-2)
Warning: In design 'SystolicArray_w_buffer_full_size', net 'sa/x_wire[15][1][0]' driven by pin 'sa/genblk1[15].genblk1[1].pe_inst/x_out[0]' has no loads. (LINT-2)
Warning: In design 'SystolicArray_w_buffer_full_size', net 'sa/x_wire[15][1][1]' driven by pin 'sa/genblk1[15].genblk1[1].pe_inst/x_out[1]' has no loads. (LINT-2)
Warning: In design 'SystolicArray_w_buffer_full_size', net 'sa/x_wire[15][1][2]' driven by pin 'sa/genblk1[15].genblk1[1].pe_inst/x_out[2]' has no loads. (LINT-2)
Warning: In design 'SystolicArray_w_buffer_full_size', net 'sa/x_wire[15][1][3]' driven by pin 'sa/genblk1[15].genblk1[1].pe_inst/x_out[3]' has no loads. (LINT-2)
Warning: In design 'SystolicArray_w_buffer_full_size', net 'sa/x_wire[15][1][4]' driven by pin 'sa/genblk1[15].genblk1[1].pe_inst/x_out[4]' has no loads. (LINT-2)
Warning: In design 'SystolicArray_w_buffer_full_size', net 'sa/x_wire[15][1][5]' driven by pin 'sa/genblk1[15].genblk1[1].pe_inst/x_out[5]' has no loads. (LINT-2)
Warning: In design 'SystolicArray_w_buffer_full_size', net 'sa/x_wire[15][1][6]' driven by pin 'sa/genblk1[15].genblk1[1].pe_inst/x_out[6]' has no loads. (LINT-2)
Warning: In design 'SystolicArray_w_buffer_full_size', net 'sa/x_wire[15][1][7]' driven by pin 'sa/genblk1[15].genblk1[1].pe_inst/x_out[7]' has no loads. (LINT-2)
Warning: In design 'SystolicArray_w_buffer_full_size', net 'sa/x_wire[15][1][8]' driven by pin 'sa/genblk1[15].genblk1[1].pe_inst/x_out[8]' has no loads. (LINT-2)
Warning: In design 'SystolicArray_w_buffer_full_size', net 'sa/x_wire[15][1][9]' driven by pin 'sa/genblk1[15].genblk1[1].pe_inst/x_out[9]' has no loads. (LINT-2)
Warning: In design 'SystolicArray_w_buffer_full_size', net 'sa/x_wire[15][1][10]' driven by pin 'sa/genblk1[15].genblk1[1].pe_inst/x_out[10]' has no loads. (LINT-2)
Warning: In design 'SystolicArray_w_buffer_full_size', net 'sa/x_wire[15][1][11]' driven by pin 'sa/genblk1[15].genblk1[1].pe_inst/x_out[11]' has no loads. (LINT-2)
Warning: In design 'SystolicArray_w_buffer_full_size', net 'sa/x_wire[15][1][12]' driven by pin 'sa/genblk1[15].genblk1[1].pe_inst/x_out[12]' has no loads. (LINT-2)
Warning: In design 'SystolicArray_w_buffer_full_size', net 'sa/x_wire[15][1][13]' driven by pin 'sa/genblk1[15].genblk1[1].pe_inst/x_out[13]' has no loads. (LINT-2)
Warning: In design 'SystolicArray_w_buffer_full_size', net 'sa/x_wire[15][1][14]' driven by pin 'sa/genblk1[15].genblk1[1].pe_inst/x_out[14]' has no loads. (LINT-2)
Warning: In design 'SystolicArray_w_buffer_full_size', net 'sa/x_wire[15][1][15]' driven by pin 'sa/genblk1[15].genblk1[1].pe_inst/x_out[15]' has no loads. (LINT-2)
Warning: In design 'SystolicArray_w_buffer_full_size', net 'sa/x_wire[15][2][0]' driven by pin 'sa/genblk1[15].genblk1[2].pe_inst/x_out[0]' has no loads. (LINT-2)
Warning: In design 'SystolicArray_w_buffer_full_size', net 'sa/x_wire[15][2][1]' driven by pin 'sa/genblk1[15].genblk1[2].pe_inst/x_out[1]' has no loads. (LINT-2)
Warning: In design 'SystolicArray_w_buffer_full_size', net 'sa/x_wire[15][2][2]' driven by pin 'sa/genblk1[15].genblk1[2].pe_inst/x_out[2]' has no loads. (LINT-2)
Warning: In design 'SystolicArray_w_buffer_full_size', net 'sa/x_wire[15][2][3]' driven by pin 'sa/genblk1[15].genblk1[2].pe_inst/x_out[3]' has no loads. (LINT-2)
Warning: In design 'SystolicArray_w_buffer_full_size', net 'sa/x_wire[15][2][4]' driven by pin 'sa/genblk1[15].genblk1[2].pe_inst/x_out[4]' has no loads. (LINT-2)
Warning: In design 'SystolicArray_w_buffer_full_size', net 'sa/x_wire[15][2][5]' driven by pin 'sa/genblk1[15].genblk1[2].pe_inst/x_out[5]' has no loads. (LINT-2)
Warning: In design 'SystolicArray_w_buffer_full_size', net 'sa/x_wire[15][2][6]' driven by pin 'sa/genblk1[15].genblk1[2].pe_inst/x_out[6]' has no loads. (LINT-2)
Warning: In design 'SystolicArray_w_buffer_full_size', net 'sa/x_wire[15][2][7]' driven by pin 'sa/genblk1[15].genblk1[2].pe_inst/x_out[7]' has no loads. (LINT-2)
Warning: In design 'SystolicArray_w_buffer_full_size', net 'sa/x_wire[15][2][8]' driven by pin 'sa/genblk1[15].genblk1[2].pe_inst/x_out[8]' has no loads. (LINT-2)
Warning: In design 'SystolicArray_w_buffer_full_size', net 'sa/x_wire[15][2][9]' driven by pin 'sa/genblk1[15].genblk1[2].pe_inst/x_out[9]' has no loads. (LINT-2)
Warning: In design 'SystolicArray_w_buffer_full_size', net 'sa/x_wire[15][2][10]' driven by pin 'sa/genblk1[15].genblk1[2].pe_inst/x_out[10]' has no loads. (LINT-2)
Warning: In design 'SystolicArray_w_buffer_full_size', net 'sa/x_wire[15][2][11]' driven by pin 'sa/genblk1[15].genblk1[2].pe_inst/x_out[11]' has no loads. (LINT-2)
Warning: In design 'SystolicArray_w_buffer_full_size', net 'sa/x_wire[15][2][12]' driven by pin 'sa/genblk1[15].genblk1[2].pe_inst/x_out[12]' has no loads. (LINT-2)
Warning: In design 'SystolicArray_w_buffer_full_size', net 'sa/x_wire[15][2][13]' driven by pin 'sa/genblk1[15].genblk1[2].pe_inst/x_out[13]' has no loads. (LINT-2)
Warning: In design 'SystolicArray_w_buffer_full_size', net 'sa/x_wire[15][2][14]' driven by pin 'sa/genblk1[15].genblk1[2].pe_inst/x_out[14]' has no loads. (LINT-2)
Warning: In design 'SystolicArray_w_buffer_full_size', net 'sa/x_wire[15][2][15]' driven by pin 'sa/genblk1[15].genblk1[2].pe_inst/x_out[15]' has no loads. (LINT-2)
Warning: In design 'SystolicArray_w_buffer_full_size', net 'sa/x_wire[15][3][0]' driven by pin 'sa/genblk1[15].genblk1[3].pe_inst/x_out[0]' has no loads. (LINT-2)
Warning: In design 'SystolicArray_w_buffer_full_size', net 'sa/x_wire[15][3][1]' driven by pin 'sa/genblk1[15].genblk1[3].pe_inst/x_out[1]' has no loads. (LINT-2)
Warning: In design 'SystolicArray_w_buffer_full_size', net 'sa/x_wire[15][3][2]' driven by pin 'sa/genblk1[15].genblk1[3].pe_inst/x_out[2]' has no loads. (LINT-2)
Warning: In design 'SystolicArray_w_buffer_full_size', net 'sa/x_wire[15][3][3]' driven by pin 'sa/genblk1[15].genblk1[3].pe_inst/x_out[3]' has no loads. (LINT-2)
Warning: In design 'SystolicArray_w_buffer_full_size', net 'sa/x_wire[15][3][4]' driven by pin 'sa/genblk1[15].genblk1[3].pe_inst/x_out[4]' has no loads. (LINT-2)
Warning: In design 'SystolicArray_w_buffer_full_size', net 'sa/x_wire[15][3][5]' driven by pin 'sa/genblk1[15].genblk1[3].pe_inst/x_out[5]' has no loads. (LINT-2)
Warning: In design 'SystolicArray_w_buffer_full_size', net 'sa/x_wire[15][3][6]' driven by pin 'sa/genblk1[15].genblk1[3].pe_inst/x_out[6]' has no loads. (LINT-2)
Warning: In design 'SystolicArray_w_buffer_full_size', net 'sa/x_wire[15][3][7]' driven by pin 'sa/genblk1[15].genblk1[3].pe_inst/x_out[7]' has no loads. (LINT-2)
Warning: In design 'SystolicArray_w_buffer_full_size', net 'sa/x_wire[15][3][8]' driven by pin 'sa/genblk1[15].genblk1[3].pe_inst/x_out[8]' has no loads. (LINT-2)
Warning: In design 'SystolicArray_w_buffer_full_size', net 'sa/x_wire[15][3][9]' driven by pin 'sa/genblk1[15].genblk1[3].pe_inst/x_out[9]' has no loads. (LINT-2)
Warning: In design 'SystolicArray_w_buffer_full_size', net 'sa/x_wire[15][3][10]' driven by pin 'sa/genblk1[15].genblk1[3].pe_inst/x_out[10]' has no loads. (LINT-2)
Warning: In design 'SystolicArray_w_buffer_full_size', net 'sa/x_wire[15][3][11]' driven by pin 'sa/genblk1[15].genblk1[3].pe_inst/x_out[11]' has no loads. (LINT-2)
Warning: In design 'SystolicArray_w_buffer_full_size', net 'sa/x_wire[15][3][12]' driven by pin 'sa/genblk1[15].genblk1[3].pe_inst/x_out[12]' has no loads. (LINT-2)
Warning: In design 'SystolicArray_w_buffer_full_size', net 'sa/x_wire[15][3][13]' driven by pin 'sa/genblk1[15].genblk1[3].pe_inst/x_out[13]' has no loads. (LINT-2)
Warning: In design 'SystolicArray_w_buffer_full_size', net 'sa/x_wire[15][3][14]' driven by pin 'sa/genblk1[15].genblk1[3].pe_inst/x_out[14]' has no loads. (LINT-2)
Warning: In design 'SystolicArray_w_buffer_full_size', net 'sa/x_wire[15][3][15]' driven by pin 'sa/genblk1[15].genblk1[3].pe_inst/x_out[15]' has no loads. (LINT-2)
Warning: In design 'SystolicArray_w_buffer_full_size', net 'sa/x_wire[15][4][0]' driven by pin 'sa/genblk1[15].genblk1[4].pe_inst/x_out[0]' has no loads. (LINT-2)
Warning: In design 'SystolicArray_w_buffer_full_size', net 'sa/x_wire[15][4][1]' driven by pin 'sa/genblk1[15].genblk1[4].pe_inst/x_out[1]' has no loads. (LINT-2)
Warning: In design 'SystolicArray_w_buffer_full_size', net 'sa/x_wire[15][4][2]' driven by pin 'sa/genblk1[15].genblk1[4].pe_inst/x_out[2]' has no loads. (LINT-2)
Warning: In design 'SystolicArray_w_buffer_full_size', net 'sa/x_wire[15][4][3]' driven by pin 'sa/genblk1[15].genblk1[4].pe_inst/x_out[3]' has no loads. (LINT-2)
Warning: In design 'SystolicArray_w_buffer_full_size', net 'sa/x_wire[15][4][4]' driven by pin 'sa/genblk1[15].genblk1[4].pe_inst/x_out[4]' has no loads. (LINT-2)
Warning: In design 'SystolicArray_w_buffer_full_size', net 'sa/x_wire[15][4][5]' driven by pin 'sa/genblk1[15].genblk1[4].pe_inst/x_out[5]' has no loads. (LINT-2)
Warning: In design 'SystolicArray_w_buffer_full_size', net 'sa/x_wire[15][4][6]' driven by pin 'sa/genblk1[15].genblk1[4].pe_inst/x_out[6]' has no loads. (LINT-2)
Warning: In design 'SystolicArray_w_buffer_full_size', net 'sa/x_wire[15][4][7]' driven by pin 'sa/genblk1[15].genblk1[4].pe_inst/x_out[7]' has no loads. (LINT-2)
Warning: In design 'SystolicArray_w_buffer_full_size', net 'sa/x_wire[15][4][8]' driven by pin 'sa/genblk1[15].genblk1[4].pe_inst/x_out[8]' has no loads. (LINT-2)
Warning: In design 'SystolicArray_w_buffer_full_size', net 'sa/x_wire[15][4][9]' driven by pin 'sa/genblk1[15].genblk1[4].pe_inst/x_out[9]' has no loads. (LINT-2)
Warning: In design 'SystolicArray_w_buffer_full_size', net 'sa/x_wire[15][4][10]' driven by pin 'sa/genblk1[15].genblk1[4].pe_inst/x_out[10]' has no loads. (LINT-2)
Warning: In design 'SystolicArray_w_buffer_full_size', net 'sa/x_wire[15][4][11]' driven by pin 'sa/genblk1[15].genblk1[4].pe_inst/x_out[11]' has no loads. (LINT-2)
Warning: In design 'SystolicArray_w_buffer_full_size', net 'sa/x_wire[15][4][12]' driven by pin 'sa/genblk1[15].genblk1[4].pe_inst/x_out[12]' has no loads. (LINT-2)
Warning: In design 'SystolicArray_w_buffer_full_size', net 'sa/x_wire[15][4][13]' driven by pin 'sa/genblk1[15].genblk1[4].pe_inst/x_out[13]' has no loads. (LINT-2)
Warning: In design 'SystolicArray_w_buffer_full_size', net 'sa/x_wire[15][4][14]' driven by pin 'sa/genblk1[15].genblk1[4].pe_inst/x_out[14]' has no loads. (LINT-2)
Warning: In design 'SystolicArray_w_buffer_full_size', net 'sa/x_wire[15][4][15]' driven by pin 'sa/genblk1[15].genblk1[4].pe_inst/x_out[15]' has no loads. (LINT-2)
Warning: In design 'SystolicArray_w_buffer_full_size', net 'sa/x_wire[15][5][0]' driven by pin 'sa/genblk1[15].genblk1[5].pe_inst/x_out[0]' has no loads. (LINT-2)
Warning: In design 'SystolicArray_w_buffer_full_size', net 'sa/x_wire[15][5][1]' driven by pin 'sa/genblk1[15].genblk1[5].pe_inst/x_out[1]' has no loads. (LINT-2)
Warning: In design 'SystolicArray_w_buffer_full_size', net 'sa/x_wire[15][5][2]' driven by pin 'sa/genblk1[15].genblk1[5].pe_inst/x_out[2]' has no loads. (LINT-2)
Warning: In design 'SystolicArray_w_buffer_full_size', net 'sa/x_wire[15][5][3]' driven by pin 'sa/genblk1[15].genblk1[5].pe_inst/x_out[3]' has no loads. (LINT-2)
Warning: In design 'SystolicArray_w_buffer_full_size', net 'sa/x_wire[15][5][4]' driven by pin 'sa/genblk1[15].genblk1[5].pe_inst/x_out[4]' has no loads. (LINT-2)
Warning: In design 'SystolicArray_w_buffer_full_size', net 'sa/x_wire[15][5][5]' driven by pin 'sa/genblk1[15].genblk1[5].pe_inst/x_out[5]' has no loads. (LINT-2)
Warning: In design 'SystolicArray_w_buffer_full_size', net 'sa/x_wire[15][5][6]' driven by pin 'sa/genblk1[15].genblk1[5].pe_inst/x_out[6]' has no loads. (LINT-2)
Warning: In design 'SystolicArray_w_buffer_full_size', net 'sa/x_wire[15][5][7]' driven by pin 'sa/genblk1[15].genblk1[5].pe_inst/x_out[7]' has no loads. (LINT-2)
Warning: In design 'SystolicArray_w_buffer_full_size', net 'sa/x_wire[15][5][8]' driven by pin 'sa/genblk1[15].genblk1[5].pe_inst/x_out[8]' has no loads. (LINT-2)
Warning: In design 'SystolicArray_w_buffer_full_size', net 'sa/x_wire[15][5][9]' driven by pin 'sa/genblk1[15].genblk1[5].pe_inst/x_out[9]' has no loads. (LINT-2)
Warning: In design 'SystolicArray_w_buffer_full_size', net 'sa/x_wire[15][5][10]' driven by pin 'sa/genblk1[15].genblk1[5].pe_inst/x_out[10]' has no loads. (LINT-2)
Warning: In design 'SystolicArray_w_buffer_full_size', net 'sa/x_wire[15][5][11]' driven by pin 'sa/genblk1[15].genblk1[5].pe_inst/x_out[11]' has no loads. (LINT-2)
Warning: In design 'SystolicArray_w_buffer_full_size', net 'sa/x_wire[15][5][12]' driven by pin 'sa/genblk1[15].genblk1[5].pe_inst/x_out[12]' has no loads. (LINT-2)
Warning: In design 'SystolicArray_w_buffer_full_size', net 'sa/x_wire[15][5][13]' driven by pin 'sa/genblk1[15].genblk1[5].pe_inst/x_out[13]' has no loads. (LINT-2)
Warning: In design 'SystolicArray_w_buffer_full_size', net 'sa/x_wire[15][5][14]' driven by pin 'sa/genblk1[15].genblk1[5].pe_inst/x_out[14]' has no loads. (LINT-2)
Warning: In design 'SystolicArray_w_buffer_full_size', net 'sa/x_wire[15][5][15]' driven by pin 'sa/genblk1[15].genblk1[5].pe_inst/x_out[15]' has no loads. (LINT-2)
Warning: In design 'SystolicArray_w_buffer_full_size', net 'sa/x_wire[15][6][0]' driven by pin 'sa/genblk1[15].genblk1[6].pe_inst/x_out[0]' has no loads. (LINT-2)
Warning: In design 'SystolicArray_w_buffer_full_size', net 'sa/x_wire[15][6][1]' driven by pin 'sa/genblk1[15].genblk1[6].pe_inst/x_out[1]' has no loads. (LINT-2)
Warning: In design 'SystolicArray_w_buffer_full_size', net 'sa/x_wire[15][6][2]' driven by pin 'sa/genblk1[15].genblk1[6].pe_inst/x_out[2]' has no loads. (LINT-2)
Warning: In design 'SystolicArray_w_buffer_full_size', net 'sa/x_wire[15][6][3]' driven by pin 'sa/genblk1[15].genblk1[6].pe_inst/x_out[3]' has no loads. (LINT-2)
Warning: In design 'SystolicArray_w_buffer_full_size', net 'sa/x_wire[15][6][4]' driven by pin 'sa/genblk1[15].genblk1[6].pe_inst/x_out[4]' has no loads. (LINT-2)
Warning: In design 'SystolicArray_w_buffer_full_size', net 'sa/x_wire[15][6][5]' driven by pin 'sa/genblk1[15].genblk1[6].pe_inst/x_out[5]' has no loads. (LINT-2)
Warning: In design 'SystolicArray_w_buffer_full_size', net 'sa/x_wire[15][6][6]' driven by pin 'sa/genblk1[15].genblk1[6].pe_inst/x_out[6]' has no loads. (LINT-2)
Warning: In design 'SystolicArray_w_buffer_full_size', net 'sa/x_wire[15][6][7]' driven by pin 'sa/genblk1[15].genblk1[6].pe_inst/x_out[7]' has no loads. (LINT-2)
Warning: In design 'SystolicArray_w_buffer_full_size', net 'sa/x_wire[15][6][8]' driven by pin 'sa/genblk1[15].genblk1[6].pe_inst/x_out[8]' has no loads. (LINT-2)
Warning: In design 'SystolicArray_w_buffer_full_size', net 'sa/x_wire[15][6][9]' driven by pin 'sa/genblk1[15].genblk1[6].pe_inst/x_out[9]' has no loads. (LINT-2)
Warning: In design 'SystolicArray_w_buffer_full_size', net 'sa/x_wire[15][6][10]' driven by pin 'sa/genblk1[15].genblk1[6].pe_inst/x_out[10]' has no loads. (LINT-2)
Warning: In design 'SystolicArray_w_buffer_full_size', net 'sa/x_wire[15][6][11]' driven by pin 'sa/genblk1[15].genblk1[6].pe_inst/x_out[11]' has no loads. (LINT-2)
Warning: In design 'SystolicArray_w_buffer_full_size', net 'sa/x_wire[15][6][12]' driven by pin 'sa/genblk1[15].genblk1[6].pe_inst/x_out[12]' has no loads. (LINT-2)
Warning: In design 'SystolicArray_w_buffer_full_size', net 'sa/x_wire[15][6][13]' driven by pin 'sa/genblk1[15].genblk1[6].pe_inst/x_out[13]' has no loads. (LINT-2)
Warning: In design 'SystolicArray_w_buffer_full_size', net 'sa/x_wire[15][6][14]' driven by pin 'sa/genblk1[15].genblk1[6].pe_inst/x_out[14]' has no loads. (LINT-2)
Warning: In design 'SystolicArray_w_buffer_full_size', net 'sa/x_wire[15][6][15]' driven by pin 'sa/genblk1[15].genblk1[6].pe_inst/x_out[15]' has no loads. (LINT-2)
Warning: In design 'SystolicArray_w_buffer_full_size', net 'sa/x_wire[15][7][0]' driven by pin 'sa/genblk1[15].genblk1[7].pe_inst/x_out[0]' has no loads. (LINT-2)
Warning: In design 'SystolicArray_w_buffer_full_size', net 'sa/x_wire[15][7][1]' driven by pin 'sa/genblk1[15].genblk1[7].pe_inst/x_out[1]' has no loads. (LINT-2)
Warning: In design 'SystolicArray_w_buffer_full_size', net 'sa/x_wire[15][7][2]' driven by pin 'sa/genblk1[15].genblk1[7].pe_inst/x_out[2]' has no loads. (LINT-2)
Warning: In design 'SystolicArray_w_buffer_full_size', net 'sa/x_wire[15][7][3]' driven by pin 'sa/genblk1[15].genblk1[7].pe_inst/x_out[3]' has no loads. (LINT-2)
Warning: In design 'SystolicArray_w_buffer_full_size', net 'sa/x_wire[15][7][4]' driven by pin 'sa/genblk1[15].genblk1[7].pe_inst/x_out[4]' has no loads. (LINT-2)
Warning: In design 'SystolicArray_w_buffer_full_size', net 'sa/x_wire[15][7][5]' driven by pin 'sa/genblk1[15].genblk1[7].pe_inst/x_out[5]' has no loads. (LINT-2)
Warning: In design 'SystolicArray_w_buffer_full_size', net 'sa/x_wire[15][7][6]' driven by pin 'sa/genblk1[15].genblk1[7].pe_inst/x_out[6]' has no loads. (LINT-2)
Warning: In design 'SystolicArray_w_buffer_full_size', net 'sa/x_wire[15][7][7]' driven by pin 'sa/genblk1[15].genblk1[7].pe_inst/x_out[7]' has no loads. (LINT-2)
Warning: In design 'SystolicArray_w_buffer_full_size', net 'sa/x_wire[15][7][8]' driven by pin 'sa/genblk1[15].genblk1[7].pe_inst/x_out[8]' has no loads. (LINT-2)
Warning: In design 'SystolicArray_w_buffer_full_size', net 'sa/x_wire[15][7][9]' driven by pin 'sa/genblk1[15].genblk1[7].pe_inst/x_out[9]' has no loads. (LINT-2)
Warning: In design 'SystolicArray_w_buffer_full_size', net 'sa/x_wire[15][7][10]' driven by pin 'sa/genblk1[15].genblk1[7].pe_inst/x_out[10]' has no loads. (LINT-2)
Warning: In design 'SystolicArray_w_buffer_full_size', net 'sa/x_wire[15][7][11]' driven by pin 'sa/genblk1[15].genblk1[7].pe_inst/x_out[11]' has no loads. (LINT-2)
Warning: In design 'SystolicArray_w_buffer_full_size', net 'sa/x_wire[15][7][12]' driven by pin 'sa/genblk1[15].genblk1[7].pe_inst/x_out[12]' has no loads. (LINT-2)
Warning: In design 'SystolicArray_w_buffer_full_size', net 'sa/x_wire[15][7][13]' driven by pin 'sa/genblk1[15].genblk1[7].pe_inst/x_out[13]' has no loads. (LINT-2)
Warning: In design 'SystolicArray_w_buffer_full_size', net 'sa/x_wire[15][7][14]' driven by pin 'sa/genblk1[15].genblk1[7].pe_inst/x_out[14]' has no loads. (LINT-2)
Warning: In design 'SystolicArray_w_buffer_full_size', net 'sa/x_wire[15][7][15]' driven by pin 'sa/genblk1[15].genblk1[7].pe_inst/x_out[15]' has no loads. (LINT-2)
Warning: In design 'SystolicArray_w_buffer_full_size', net 'sa/x_wire[15][8][0]' driven by pin 'sa/genblk1[15].genblk1[8].pe_inst/x_out[0]' has no loads. (LINT-2)
Warning: In design 'SystolicArray_w_buffer_full_size', net 'sa/x_wire[15][8][1]' driven by pin 'sa/genblk1[15].genblk1[8].pe_inst/x_out[1]' has no loads. (LINT-2)
Warning: In design 'SystolicArray_w_buffer_full_size', net 'sa/x_wire[15][8][2]' driven by pin 'sa/genblk1[15].genblk1[8].pe_inst/x_out[2]' has no loads. (LINT-2)
Warning: In design 'SystolicArray_w_buffer_full_size', net 'sa/x_wire[15][8][3]' driven by pin 'sa/genblk1[15].genblk1[8].pe_inst/x_out[3]' has no loads. (LINT-2)
Warning: In design 'SystolicArray_w_buffer_full_size', net 'sa/x_wire[15][8][4]' driven by pin 'sa/genblk1[15].genblk1[8].pe_inst/x_out[4]' has no loads. (LINT-2)
Warning: In design 'SystolicArray_w_buffer_full_size', net 'sa/x_wire[15][8][5]' driven by pin 'sa/genblk1[15].genblk1[8].pe_inst/x_out[5]' has no loads. (LINT-2)
Warning: In design 'SystolicArray_w_buffer_full_size', net 'sa/x_wire[15][8][6]' driven by pin 'sa/genblk1[15].genblk1[8].pe_inst/x_out[6]' has no loads. (LINT-2)
Warning: In design 'SystolicArray_w_buffer_full_size', net 'sa/x_wire[15][8][7]' driven by pin 'sa/genblk1[15].genblk1[8].pe_inst/x_out[7]' has no loads. (LINT-2)
Warning: In design 'SystolicArray_w_buffer_full_size', net 'sa/x_wire[15][8][8]' driven by pin 'sa/genblk1[15].genblk1[8].pe_inst/x_out[8]' has no loads. (LINT-2)
Warning: In design 'SystolicArray_w_buffer_full_size', net 'sa/x_wire[15][8][9]' driven by pin 'sa/genblk1[15].genblk1[8].pe_inst/x_out[9]' has no loads. (LINT-2)
Warning: In design 'SystolicArray_w_buffer_full_size', net 'sa/x_wire[15][8][10]' driven by pin 'sa/genblk1[15].genblk1[8].pe_inst/x_out[10]' has no loads. (LINT-2)
Warning: In design 'SystolicArray_w_buffer_full_size', net 'sa/x_wire[15][8][11]' driven by pin 'sa/genblk1[15].genblk1[8].pe_inst/x_out[11]' has no loads. (LINT-2)
Warning: In design 'SystolicArray_w_buffer_full_size', net 'sa/x_wire[15][8][12]' driven by pin 'sa/genblk1[15].genblk1[8].pe_inst/x_out[12]' has no loads. (LINT-2)
Warning: In design 'SystolicArray_w_buffer_full_size', net 'sa/x_wire[15][8][13]' driven by pin 'sa/genblk1[15].genblk1[8].pe_inst/x_out[13]' has no loads. (LINT-2)
Warning: In design 'SystolicArray_w_buffer_full_size', net 'sa/x_wire[15][8][14]' driven by pin 'sa/genblk1[15].genblk1[8].pe_inst/x_out[14]' has no loads. (LINT-2)
Warning: In design 'SystolicArray_w_buffer_full_size', net 'sa/x_wire[15][8][15]' driven by pin 'sa/genblk1[15].genblk1[8].pe_inst/x_out[15]' has no loads. (LINT-2)
Warning: In design 'SystolicArray_w_buffer_full_size', net 'sa/x_wire[15][9][0]' driven by pin 'sa/genblk1[15].genblk1[9].pe_inst/x_out[0]' has no loads. (LINT-2)
Warning: In design 'SystolicArray_w_buffer_full_size', net 'sa/x_wire[15][9][1]' driven by pin 'sa/genblk1[15].genblk1[9].pe_inst/x_out[1]' has no loads. (LINT-2)
Warning: In design 'SystolicArray_w_buffer_full_size', net 'sa/x_wire[15][9][2]' driven by pin 'sa/genblk1[15].genblk1[9].pe_inst/x_out[2]' has no loads. (LINT-2)
Warning: In design 'SystolicArray_w_buffer_full_size', net 'sa/x_wire[15][9][3]' driven by pin 'sa/genblk1[15].genblk1[9].pe_inst/x_out[3]' has no loads. (LINT-2)
Warning: In design 'SystolicArray_w_buffer_full_size', net 'sa/x_wire[15][9][4]' driven by pin 'sa/genblk1[15].genblk1[9].pe_inst/x_out[4]' has no loads. (LINT-2)
Warning: In design 'SystolicArray_w_buffer_full_size', net 'sa/x_wire[15][9][5]' driven by pin 'sa/genblk1[15].genblk1[9].pe_inst/x_out[5]' has no loads. (LINT-2)
Warning: In design 'SystolicArray_w_buffer_full_size', net 'sa/x_wire[15][9][6]' driven by pin 'sa/genblk1[15].genblk1[9].pe_inst/x_out[6]' has no loads. (LINT-2)
Warning: In design 'SystolicArray_w_buffer_full_size', net 'sa/x_wire[15][9][7]' driven by pin 'sa/genblk1[15].genblk1[9].pe_inst/x_out[7]' has no loads. (LINT-2)
Warning: In design 'SystolicArray_w_buffer_full_size', net 'sa/x_wire[15][9][8]' driven by pin 'sa/genblk1[15].genblk1[9].pe_inst/x_out[8]' has no loads. (LINT-2)
Warning: In design 'SystolicArray_w_buffer_full_size', net 'sa/x_wire[15][9][9]' driven by pin 'sa/genblk1[15].genblk1[9].pe_inst/x_out[9]' has no loads. (LINT-2)
Warning: In design 'SystolicArray_w_buffer_full_size', net 'sa/x_wire[15][9][10]' driven by pin 'sa/genblk1[15].genblk1[9].pe_inst/x_out[10]' has no loads. (LINT-2)
Warning: In design 'SystolicArray_w_buffer_full_size', net 'sa/x_wire[15][9][11]' driven by pin 'sa/genblk1[15].genblk1[9].pe_inst/x_out[11]' has no loads. (LINT-2)
Warning: In design 'SystolicArray_w_buffer_full_size', net 'sa/x_wire[15][9][12]' driven by pin 'sa/genblk1[15].genblk1[9].pe_inst/x_out[12]' has no loads. (LINT-2)
Warning: In design 'SystolicArray_w_buffer_full_size', net 'sa/x_wire[15][9][13]' driven by pin 'sa/genblk1[15].genblk1[9].pe_inst/x_out[13]' has no loads. (LINT-2)
Warning: In design 'SystolicArray_w_buffer_full_size', net 'sa/x_wire[15][9][14]' driven by pin 'sa/genblk1[15].genblk1[9].pe_inst/x_out[14]' has no loads. (LINT-2)
Warning: In design 'SystolicArray_w_buffer_full_size', net 'sa/x_wire[15][9][15]' driven by pin 'sa/genblk1[15].genblk1[9].pe_inst/x_out[15]' has no loads. (LINT-2)
Warning: In design 'SystolicArray_w_buffer_full_size', net 'sa/x_wire[15][10][0]' driven by pin 'sa/genblk1[15].genblk1[10].pe_inst/x_out[0]' has no loads. (LINT-2)
Warning: In design 'SystolicArray_w_buffer_full_size', net 'sa/x_wire[15][10][1]' driven by pin 'sa/genblk1[15].genblk1[10].pe_inst/x_out[1]' has no loads. (LINT-2)
Warning: In design 'SystolicArray_w_buffer_full_size', net 'sa/x_wire[15][10][2]' driven by pin 'sa/genblk1[15].genblk1[10].pe_inst/x_out[2]' has no loads. (LINT-2)
Warning: In design 'SystolicArray_w_buffer_full_size', net 'sa/x_wire[15][10][3]' driven by pin 'sa/genblk1[15].genblk1[10].pe_inst/x_out[3]' has no loads. (LINT-2)
Warning: In design 'SystolicArray_w_buffer_full_size', net 'sa/x_wire[15][10][4]' driven by pin 'sa/genblk1[15].genblk1[10].pe_inst/x_out[4]' has no loads. (LINT-2)
Warning: In design 'SystolicArray_w_buffer_full_size', net 'sa/x_wire[15][10][5]' driven by pin 'sa/genblk1[15].genblk1[10].pe_inst/x_out[5]' has no loads. (LINT-2)
Warning: In design 'SystolicArray_w_buffer_full_size', net 'sa/x_wire[15][10][6]' driven by pin 'sa/genblk1[15].genblk1[10].pe_inst/x_out[6]' has no loads. (LINT-2)
Warning: In design 'SystolicArray_w_buffer_full_size', net 'sa/x_wire[15][10][7]' driven by pin 'sa/genblk1[15].genblk1[10].pe_inst/x_out[7]' has no loads. (LINT-2)
Warning: In design 'SystolicArray_w_buffer_full_size', net 'sa/x_wire[15][10][8]' driven by pin 'sa/genblk1[15].genblk1[10].pe_inst/x_out[8]' has no loads. (LINT-2)
Warning: In design 'SystolicArray_w_buffer_full_size', net 'sa/x_wire[15][10][9]' driven by pin 'sa/genblk1[15].genblk1[10].pe_inst/x_out[9]' has no loads. (LINT-2)
Warning: In design 'SystolicArray_w_buffer_full_size', net 'sa/x_wire[15][10][10]' driven by pin 'sa/genblk1[15].genblk1[10].pe_inst/x_out[10]' has no loads. (LINT-2)
Warning: In design 'SystolicArray_w_buffer_full_size', net 'sa/x_wire[15][10][11]' driven by pin 'sa/genblk1[15].genblk1[10].pe_inst/x_out[11]' has no loads. (LINT-2)
Warning: In design 'SystolicArray_w_buffer_full_size', net 'sa/x_wire[15][10][12]' driven by pin 'sa/genblk1[15].genblk1[10].pe_inst/x_out[12]' has no loads. (LINT-2)
Warning: In design 'SystolicArray_w_buffer_full_size', net 'sa/x_wire[15][10][13]' driven by pin 'sa/genblk1[15].genblk1[10].pe_inst/x_out[13]' has no loads. (LINT-2)
Warning: In design 'SystolicArray_w_buffer_full_size', net 'sa/x_wire[15][10][14]' driven by pin 'sa/genblk1[15].genblk1[10].pe_inst/x_out[14]' has no loads. (LINT-2)
Warning: In design 'SystolicArray_w_buffer_full_size', net 'sa/x_wire[15][10][15]' driven by pin 'sa/genblk1[15].genblk1[10].pe_inst/x_out[15]' has no loads. (LINT-2)
Warning: In design 'SystolicArray_w_buffer_full_size', net 'sa/x_wire[15][11][0]' driven by pin 'sa/genblk1[15].genblk1[11].pe_inst/x_out[0]' has no loads. (LINT-2)
Warning: In design 'SystolicArray_w_buffer_full_size', net 'sa/x_wire[15][11][1]' driven by pin 'sa/genblk1[15].genblk1[11].pe_inst/x_out[1]' has no loads. (LINT-2)
Warning: In design 'SystolicArray_w_buffer_full_size', net 'sa/x_wire[15][11][2]' driven by pin 'sa/genblk1[15].genblk1[11].pe_inst/x_out[2]' has no loads. (LINT-2)
Warning: In design 'SystolicArray_w_buffer_full_size', net 'sa/x_wire[15][11][3]' driven by pin 'sa/genblk1[15].genblk1[11].pe_inst/x_out[3]' has no loads. (LINT-2)
Warning: In design 'SystolicArray_w_buffer_full_size', net 'sa/x_wire[15][11][4]' driven by pin 'sa/genblk1[15].genblk1[11].pe_inst/x_out[4]' has no loads. (LINT-2)
Warning: In design 'SystolicArray_w_buffer_full_size', net 'sa/x_wire[15][11][5]' driven by pin 'sa/genblk1[15].genblk1[11].pe_inst/x_out[5]' has no loads. (LINT-2)
Warning: In design 'SystolicArray_w_buffer_full_size', net 'sa/x_wire[15][11][6]' driven by pin 'sa/genblk1[15].genblk1[11].pe_inst/x_out[6]' has no loads. (LINT-2)
Warning: In design 'SystolicArray_w_buffer_full_size', net 'sa/x_wire[15][11][7]' driven by pin 'sa/genblk1[15].genblk1[11].pe_inst/x_out[7]' has no loads. (LINT-2)
Warning: In design 'SystolicArray_w_buffer_full_size', net 'sa/x_wire[15][11][8]' driven by pin 'sa/genblk1[15].genblk1[11].pe_inst/x_out[8]' has no loads. (LINT-2)
Warning: In design 'SystolicArray_w_buffer_full_size', net 'sa/x_wire[15][11][9]' driven by pin 'sa/genblk1[15].genblk1[11].pe_inst/x_out[9]' has no loads. (LINT-2)
Warning: In design 'SystolicArray_w_buffer_full_size', net 'sa/x_wire[15][11][10]' driven by pin 'sa/genblk1[15].genblk1[11].pe_inst/x_out[10]' has no loads. (LINT-2)
Warning: In design 'SystolicArray_w_buffer_full_size', net 'sa/x_wire[15][11][11]' driven by pin 'sa/genblk1[15].genblk1[11].pe_inst/x_out[11]' has no loads. (LINT-2)
Warning: In design 'SystolicArray_w_buffer_full_size', net 'sa/x_wire[15][11][12]' driven by pin 'sa/genblk1[15].genblk1[11].pe_inst/x_out[12]' has no loads. (LINT-2)
Warning: In design 'SystolicArray_w_buffer_full_size', net 'sa/x_wire[15][11][13]' driven by pin 'sa/genblk1[15].genblk1[11].pe_inst/x_out[13]' has no loads. (LINT-2)
Warning: In design 'SystolicArray_w_buffer_full_size', net 'sa/x_wire[15][11][14]' driven by pin 'sa/genblk1[15].genblk1[11].pe_inst/x_out[14]' has no loads. (LINT-2)
Warning: In design 'SystolicArray_w_buffer_full_size', net 'sa/x_wire[15][11][15]' driven by pin 'sa/genblk1[15].genblk1[11].pe_inst/x_out[15]' has no loads. (LINT-2)
Warning: In design 'SystolicArray_w_buffer_full_size', net 'sa/x_wire[15][12][0]' driven by pin 'sa/genblk1[15].genblk1[12].pe_inst/x_out[0]' has no loads. (LINT-2)
Warning: In design 'SystolicArray_w_buffer_full_size', net 'sa/x_wire[15][12][1]' driven by pin 'sa/genblk1[15].genblk1[12].pe_inst/x_out[1]' has no loads. (LINT-2)
Warning: In design 'SystolicArray_w_buffer_full_size', net 'sa/x_wire[15][12][2]' driven by pin 'sa/genblk1[15].genblk1[12].pe_inst/x_out[2]' has no loads. (LINT-2)
Warning: In design 'SystolicArray_w_buffer_full_size', net 'sa/x_wire[15][12][3]' driven by pin 'sa/genblk1[15].genblk1[12].pe_inst/x_out[3]' has no loads. (LINT-2)
Warning: In design 'SystolicArray_w_buffer_full_size', net 'sa/x_wire[15][12][4]' driven by pin 'sa/genblk1[15].genblk1[12].pe_inst/x_out[4]' has no loads. (LINT-2)
Warning: In design 'SystolicArray_w_buffer_full_size', net 'sa/x_wire[15][12][5]' driven by pin 'sa/genblk1[15].genblk1[12].pe_inst/x_out[5]' has no loads. (LINT-2)
Warning: In design 'SystolicArray_w_buffer_full_size', net 'sa/x_wire[15][12][6]' driven by pin 'sa/genblk1[15].genblk1[12].pe_inst/x_out[6]' has no loads. (LINT-2)
Warning: In design 'SystolicArray_w_buffer_full_size', net 'sa/x_wire[15][12][7]' driven by pin 'sa/genblk1[15].genblk1[12].pe_inst/x_out[7]' has no loads. (LINT-2)
Warning: In design 'SystolicArray_w_buffer_full_size', net 'sa/x_wire[15][12][8]' driven by pin 'sa/genblk1[15].genblk1[12].pe_inst/x_out[8]' has no loads. (LINT-2)
Warning: In design 'SystolicArray_w_buffer_full_size', net 'sa/x_wire[15][12][9]' driven by pin 'sa/genblk1[15].genblk1[12].pe_inst/x_out[9]' has no loads. (LINT-2)
Warning: In design 'SystolicArray_w_buffer_full_size', net 'sa/x_wire[15][12][10]' driven by pin 'sa/genblk1[15].genblk1[12].pe_inst/x_out[10]' has no loads. (LINT-2)
Warning: In design 'SystolicArray_w_buffer_full_size', net 'sa/x_wire[15][12][11]' driven by pin 'sa/genblk1[15].genblk1[12].pe_inst/x_out[11]' has no loads. (LINT-2)
Warning: In design 'SystolicArray_w_buffer_full_size', net 'sa/x_wire[15][12][12]' driven by pin 'sa/genblk1[15].genblk1[12].pe_inst/x_out[12]' has no loads. (LINT-2)
Warning: In design 'SystolicArray_w_buffer_full_size', net 'sa/x_wire[15][12][13]' driven by pin 'sa/genblk1[15].genblk1[12].pe_inst/x_out[13]' has no loads. (LINT-2)
Warning: In design 'SystolicArray_w_buffer_full_size', net 'sa/x_wire[15][12][14]' driven by pin 'sa/genblk1[15].genblk1[12].pe_inst/x_out[14]' has no loads. (LINT-2)
Warning: In design 'SystolicArray_w_buffer_full_size', net 'sa/x_wire[15][12][15]' driven by pin 'sa/genblk1[15].genblk1[12].pe_inst/x_out[15]' has no loads. (LINT-2)
Warning: In design 'SystolicArray_w_buffer_full_size', net 'sa/x_wire[15][13][0]' driven by pin 'sa/genblk1[15].genblk1[13].pe_inst/x_out[0]' has no loads. (LINT-2)
Warning: In design 'SystolicArray_w_buffer_full_size', net 'sa/x_wire[15][13][1]' driven by pin 'sa/genblk1[15].genblk1[13].pe_inst/x_out[1]' has no loads. (LINT-2)
Warning: In design 'SystolicArray_w_buffer_full_size', net 'sa/x_wire[15][13][2]' driven by pin 'sa/genblk1[15].genblk1[13].pe_inst/x_out[2]' has no loads. (LINT-2)
Warning: In design 'SystolicArray_w_buffer_full_size', net 'sa/x_wire[15][13][3]' driven by pin 'sa/genblk1[15].genblk1[13].pe_inst/x_out[3]' has no loads. (LINT-2)
Warning: In design 'SystolicArray_w_buffer_full_size', net 'sa/x_wire[15][13][4]' driven by pin 'sa/genblk1[15].genblk1[13].pe_inst/x_out[4]' has no loads. (LINT-2)
Warning: In design 'SystolicArray_w_buffer_full_size', net 'sa/x_wire[15][13][5]' driven by pin 'sa/genblk1[15].genblk1[13].pe_inst/x_out[5]' has no loads. (LINT-2)
Warning: In design 'SystolicArray_w_buffer_full_size', net 'sa/x_wire[15][13][6]' driven by pin 'sa/genblk1[15].genblk1[13].pe_inst/x_out[6]' has no loads. (LINT-2)
Warning: In design 'SystolicArray_w_buffer_full_size', net 'sa/x_wire[15][13][7]' driven by pin 'sa/genblk1[15].genblk1[13].pe_inst/x_out[7]' has no loads. (LINT-2)
Warning: In design 'SystolicArray_w_buffer_full_size', net 'sa/x_wire[15][13][8]' driven by pin 'sa/genblk1[15].genblk1[13].pe_inst/x_out[8]' has no loads. (LINT-2)
Warning: In design 'SystolicArray_w_buffer_full_size', net 'sa/x_wire[15][13][9]' driven by pin 'sa/genblk1[15].genblk1[13].pe_inst/x_out[9]' has no loads. (LINT-2)
Warning: In design 'SystolicArray_w_buffer_full_size', net 'sa/x_wire[15][13][10]' driven by pin 'sa/genblk1[15].genblk1[13].pe_inst/x_out[10]' has no loads. (LINT-2)
Warning: In design 'SystolicArray_w_buffer_full_size', net 'sa/x_wire[15][13][11]' driven by pin 'sa/genblk1[15].genblk1[13].pe_inst/x_out[11]' has no loads. (LINT-2)
Warning: In design 'SystolicArray_w_buffer_full_size', net 'sa/x_wire[15][13][12]' driven by pin 'sa/genblk1[15].genblk1[13].pe_inst/x_out[12]' has no loads. (LINT-2)
Warning: In design 'SystolicArray_w_buffer_full_size', net 'sa/x_wire[15][13][13]' driven by pin 'sa/genblk1[15].genblk1[13].pe_inst/x_out[13]' has no loads. (LINT-2)
Warning: In design 'SystolicArray_w_buffer_full_size', net 'sa/x_wire[15][13][14]' driven by pin 'sa/genblk1[15].genblk1[13].pe_inst/x_out[14]' has no loads. (LINT-2)
Warning: In design 'SystolicArray_w_buffer_full_size', net 'sa/x_wire[15][13][15]' driven by pin 'sa/genblk1[15].genblk1[13].pe_inst/x_out[15]' has no loads. (LINT-2)
Warning: In design 'SystolicArray_w_buffer_full_size', net 'sa/x_wire[15][14][0]' driven by pin 'sa/genblk1[15].genblk1[14].pe_inst/x_out[0]' has no loads. (LINT-2)
Warning: In design 'SystolicArray_w_buffer_full_size', net 'sa/x_wire[15][14][1]' driven by pin 'sa/genblk1[15].genblk1[14].pe_inst/x_out[1]' has no loads. (LINT-2)
Warning: In design 'SystolicArray_w_buffer_full_size', net 'sa/x_wire[15][14][2]' driven by pin 'sa/genblk1[15].genblk1[14].pe_inst/x_out[2]' has no loads. (LINT-2)
Warning: In design 'SystolicArray_w_buffer_full_size', net 'sa/x_wire[15][14][3]' driven by pin 'sa/genblk1[15].genblk1[14].pe_inst/x_out[3]' has no loads. (LINT-2)
Warning: In design 'SystolicArray_w_buffer_full_size', net 'sa/x_wire[15][14][4]' driven by pin 'sa/genblk1[15].genblk1[14].pe_inst/x_out[4]' has no loads. (LINT-2)
Warning: In design 'SystolicArray_w_buffer_full_size', net 'sa/x_wire[15][14][5]' driven by pin 'sa/genblk1[15].genblk1[14].pe_inst/x_out[5]' has no loads. (LINT-2)
Warning: In design 'SystolicArray_w_buffer_full_size', net 'sa/x_wire[15][14][6]' driven by pin 'sa/genblk1[15].genblk1[14].pe_inst/x_out[6]' has no loads. (LINT-2)
Warning: In design 'SystolicArray_w_buffer_full_size', net 'sa/x_wire[15][14][7]' driven by pin 'sa/genblk1[15].genblk1[14].pe_inst/x_out[7]' has no loads. (LINT-2)
Warning: In design 'SystolicArray_w_buffer_full_size', net 'sa/x_wire[15][14][8]' driven by pin 'sa/genblk1[15].genblk1[14].pe_inst/x_out[8]' has no loads. (LINT-2)
Warning: In design 'SystolicArray_w_buffer_full_size', net 'sa/x_wire[15][14][9]' driven by pin 'sa/genblk1[15].genblk1[14].pe_inst/x_out[9]' has no loads. (LINT-2)
Warning: In design 'SystolicArray_w_buffer_full_size', net 'sa/x_wire[15][14][10]' driven by pin 'sa/genblk1[15].genblk1[14].pe_inst/x_out[10]' has no loads. (LINT-2)
Warning: In design 'SystolicArray_w_buffer_full_size', net 'sa/x_wire[15][14][11]' driven by pin 'sa/genblk1[15].genblk1[14].pe_inst/x_out[11]' has no loads. (LINT-2)
Warning: In design 'SystolicArray_w_buffer_full_size', net 'sa/x_wire[15][14][12]' driven by pin 'sa/genblk1[15].genblk1[14].pe_inst/x_out[12]' has no loads. (LINT-2)
Warning: In design 'SystolicArray_w_buffer_full_size', net 'sa/x_wire[15][14][13]' driven by pin 'sa/genblk1[15].genblk1[14].pe_inst/x_out[13]' has no loads. (LINT-2)
Warning: In design 'SystolicArray_w_buffer_full_size', net 'sa/x_wire[15][14][14]' driven by pin 'sa/genblk1[15].genblk1[14].pe_inst/x_out[14]' has no loads. (LINT-2)
Warning: In design 'SystolicArray_w_buffer_full_size', net 'sa/x_wire[15][14][15]' driven by pin 'sa/genblk1[15].genblk1[14].pe_inst/x_out[15]' has no loads. (LINT-2)
Warning: In design 'SystolicArray_w_buffer_full_size', net 'sa/x_wire[15][15][0]' driven by pin 'sa/genblk1[15].genblk1[15].pe_inst/x_out[0]' has no loads. (LINT-2)
Warning: In design 'SystolicArray_w_buffer_full_size', net 'sa/x_wire[15][15][1]' driven by pin 'sa/genblk1[15].genblk1[15].pe_inst/x_out[1]' has no loads. (LINT-2)
Warning: In design 'SystolicArray_w_buffer_full_size', net 'sa/x_wire[15][15][2]' driven by pin 'sa/genblk1[15].genblk1[15].pe_inst/x_out[2]' has no loads. (LINT-2)
Warning: In design 'SystolicArray_w_buffer_full_size', net 'sa/x_wire[15][15][3]' driven by pin 'sa/genblk1[15].genblk1[15].pe_inst/x_out[3]' has no loads. (LINT-2)
Warning: In design 'SystolicArray_w_buffer_full_size', net 'sa/x_wire[15][15][4]' driven by pin 'sa/genblk1[15].genblk1[15].pe_inst/x_out[4]' has no loads. (LINT-2)
Warning: In design 'SystolicArray_w_buffer_full_size', net 'sa/x_wire[15][15][5]' driven by pin 'sa/genblk1[15].genblk1[15].pe_inst/x_out[5]' has no loads. (LINT-2)
Warning: In design 'SystolicArray_w_buffer_full_size', net 'sa/x_wire[15][15][6]' driven by pin 'sa/genblk1[15].genblk1[15].pe_inst/x_out[6]' has no loads. (LINT-2)
Warning: In design 'SystolicArray_w_buffer_full_size', net 'sa/x_wire[15][15][7]' driven by pin 'sa/genblk1[15].genblk1[15].pe_inst/x_out[7]' has no loads. (LINT-2)
Warning: In design 'SystolicArray_w_buffer_full_size', net 'sa/x_wire[15][15][8]' driven by pin 'sa/genblk1[15].genblk1[15].pe_inst/x_out[8]' has no loads. (LINT-2)
Warning: In design 'SystolicArray_w_buffer_full_size', net 'sa/x_wire[15][15][9]' driven by pin 'sa/genblk1[15].genblk1[15].pe_inst/x_out[9]' has no loads. (LINT-2)
Warning: In design 'SystolicArray_w_buffer_full_size', net 'sa/x_wire[15][15][10]' driven by pin 'sa/genblk1[15].genblk1[15].pe_inst/x_out[10]' has no loads. (LINT-2)
Warning: In design 'SystolicArray_w_buffer_full_size', net 'sa/x_wire[15][15][11]' driven by pin 'sa/genblk1[15].genblk1[15].pe_inst/x_out[11]' has no loads. (LINT-2)
Warning: In design 'SystolicArray_w_buffer_full_size', net 'sa/x_wire[15][15][12]' driven by pin 'sa/genblk1[15].genblk1[15].pe_inst/x_out[12]' has no loads. (LINT-2)
Warning: In design 'SystolicArray_w_buffer_full_size', net 'sa/x_wire[15][15][13]' driven by pin 'sa/genblk1[15].genblk1[15].pe_inst/x_out[13]' has no loads. (LINT-2)
Warning: In design 'SystolicArray_w_buffer_full_size', net 'sa/x_wire[15][15][14]' driven by pin 'sa/genblk1[15].genblk1[15].pe_inst/x_out[14]' has no loads. (LINT-2)
Warning: In design 'SystolicArray_w_buffer_full_size', net 'sa/x_wire[15][15][15]' driven by pin 'sa/genblk1[15].genblk1[15].pe_inst/x_out[15]' has no loads. (LINT-2)
Warning: In design 'SystolicArray_w_buffer_full_size', net 'sa/x_wire[15][16][0]' driven by pin 'sa/genblk1[15].genblk1[16].pe_inst/x_out[0]' has no loads. (LINT-2)
Warning: In design 'SystolicArray_w_buffer_full_size', net 'sa/x_wire[15][16][1]' driven by pin 'sa/genblk1[15].genblk1[16].pe_inst/x_out[1]' has no loads. (LINT-2)
Warning: In design 'SystolicArray_w_buffer_full_size', net 'sa/x_wire[15][16][2]' driven by pin 'sa/genblk1[15].genblk1[16].pe_inst/x_out[2]' has no loads. (LINT-2)
Warning: In design 'SystolicArray_w_buffer_full_size', net 'sa/x_wire[15][16][3]' driven by pin 'sa/genblk1[15].genblk1[16].pe_inst/x_out[3]' has no loads. (LINT-2)
Warning: In design 'SystolicArray_w_buffer_full_size', net 'sa/x_wire[15][16][4]' driven by pin 'sa/genblk1[15].genblk1[16].pe_inst/x_out[4]' has no loads. (LINT-2)
Warning: In design 'SystolicArray_w_buffer_full_size', net 'sa/x_wire[15][16][5]' driven by pin 'sa/genblk1[15].genblk1[16].pe_inst/x_out[5]' has no loads. (LINT-2)
Warning: In design 'SystolicArray_w_buffer_full_size', net 'sa/x_wire[15][16][6]' driven by pin 'sa/genblk1[15].genblk1[16].pe_inst/x_out[6]' has no loads. (LINT-2)
Warning: In design 'SystolicArray_w_buffer_full_size', net 'sa/x_wire[15][16][7]' driven by pin 'sa/genblk1[15].genblk1[16].pe_inst/x_out[7]' has no loads. (LINT-2)
Warning: In design 'SystolicArray_w_buffer_full_size', net 'sa/x_wire[15][16][8]' driven by pin 'sa/genblk1[15].genblk1[16].pe_inst/x_out[8]' has no loads. (LINT-2)
Warning: In design 'SystolicArray_w_buffer_full_size', net 'sa/x_wire[15][16][9]' driven by pin 'sa/genblk1[15].genblk1[16].pe_inst/x_out[9]' has no loads. (LINT-2)
Warning: In design 'SystolicArray_w_buffer_full_size', net 'sa/x_wire[15][16][10]' driven by pin 'sa/genblk1[15].genblk1[16].pe_inst/x_out[10]' has no loads. (LINT-2)
Warning: In design 'SystolicArray_w_buffer_full_size', net 'sa/x_wire[15][16][11]' driven by pin 'sa/genblk1[15].genblk1[16].pe_inst/x_out[11]' has no loads. (LINT-2)
Warning: In design 'SystolicArray_w_buffer_full_size', net 'sa/x_wire[15][16][12]' driven by pin 'sa/genblk1[15].genblk1[16].pe_inst/x_out[12]' has no loads. (LINT-2)
Warning: In design 'SystolicArray_w_buffer_full_size', net 'sa/x_wire[15][16][13]' driven by pin 'sa/genblk1[15].genblk1[16].pe_inst/x_out[13]' has no loads. (LINT-2)
Warning: In design 'SystolicArray_w_buffer_full_size', net 'sa/x_wire[15][16][14]' driven by pin 'sa/genblk1[15].genblk1[16].pe_inst/x_out[14]' has no loads. (LINT-2)
Warning: In design 'SystolicArray_w_buffer_full_size', net 'sa/x_wire[15][16][15]' driven by pin 'sa/genblk1[15].genblk1[16].pe_inst/x_out[15]' has no loads. (LINT-2)
Warning: In design 'SystolicArray_w_buffer_full_size', net 'sa/x_wire[15][17][0]' driven by pin 'sa/genblk1[15].genblk1[17].pe_inst/x_out[0]' has no loads. (LINT-2)
Warning: In design 'SystolicArray_w_buffer_full_size', net 'sa/x_wire[15][17][1]' driven by pin 'sa/genblk1[15].genblk1[17].pe_inst/x_out[1]' has no loads. (LINT-2)
Warning: In design 'SystolicArray_w_buffer_full_size', net 'sa/x_wire[15][17][2]' driven by pin 'sa/genblk1[15].genblk1[17].pe_inst/x_out[2]' has no loads. (LINT-2)
Warning: In design 'SystolicArray_w_buffer_full_size', net 'sa/x_wire[15][17][3]' driven by pin 'sa/genblk1[15].genblk1[17].pe_inst/x_out[3]' has no loads. (LINT-2)
Warning: In design 'SystolicArray_w_buffer_full_size', net 'sa/x_wire[15][17][4]' driven by pin 'sa/genblk1[15].genblk1[17].pe_inst/x_out[4]' has no loads. (LINT-2)
Warning: In design 'SystolicArray_w_buffer_full_size', net 'sa/x_wire[15][17][5]' driven by pin 'sa/genblk1[15].genblk1[17].pe_inst/x_out[5]' has no loads. (LINT-2)
Warning: In design 'SystolicArray_w_buffer_full_size', net 'sa/x_wire[15][17][6]' driven by pin 'sa/genblk1[15].genblk1[17].pe_inst/x_out[6]' has no loads. (LINT-2)
Warning: In design 'SystolicArray_w_buffer_full_size', net 'sa/x_wire[15][17][7]' driven by pin 'sa/genblk1[15].genblk1[17].pe_inst/x_out[7]' has no loads. (LINT-2)
Warning: In design 'SystolicArray_w_buffer_full_size', net 'sa/x_wire[15][17][8]' driven by pin 'sa/genblk1[15].genblk1[17].pe_inst/x_out[8]' has no loads. (LINT-2)
Warning: In design 'SystolicArray_w_buffer_full_size', net 'sa/x_wire[15][17][9]' driven by pin 'sa/genblk1[15].genblk1[17].pe_inst/x_out[9]' has no loads. (LINT-2)
Warning: In design 'SystolicArray_w_buffer_full_size', net 'sa/x_wire[15][17][10]' driven by pin 'sa/genblk1[15].genblk1[17].pe_inst/x_out[10]' has no loads. (LINT-2)
Warning: In design 'SystolicArray_w_buffer_full_size', net 'sa/x_wire[15][17][11]' driven by pin 'sa/genblk1[15].genblk1[17].pe_inst/x_out[11]' has no loads. (LINT-2)
Warning: In design 'SystolicArray_w_buffer_full_size', net 'sa/x_wire[15][17][12]' driven by pin 'sa/genblk1[15].genblk1[17].pe_inst/x_out[12]' has no loads. (LINT-2)
Warning: In design 'SystolicArray_w_buffer_full_size', net 'sa/x_wire[15][17][13]' driven by pin 'sa/genblk1[15].genblk1[17].pe_inst/x_out[13]' has no loads. (LINT-2)
Warning: In design 'SystolicArray_w_buffer_full_size', net 'sa/x_wire[15][17][14]' driven by pin 'sa/genblk1[15].genblk1[17].pe_inst/x_out[14]' has no loads. (LINT-2)
Warning: In design 'SystolicArray_w_buffer_full_size', net 'sa/x_wire[15][17][15]' driven by pin 'sa/genblk1[15].genblk1[17].pe_inst/x_out[15]' has no loads. (LINT-2)
Warning: In design 'SystolicArray_w_buffer_full_size', net 'sa/x_wire[15][18][0]' driven by pin 'sa/genblk1[15].genblk1[18].pe_inst/x_out[0]' has no loads. (LINT-2)
Warning: In design 'SystolicArray_w_buffer_full_size', net 'sa/x_wire[15][18][1]' driven by pin 'sa/genblk1[15].genblk1[18].pe_inst/x_out[1]' has no loads. (LINT-2)
Warning: In design 'SystolicArray_w_buffer_full_size', net 'sa/x_wire[15][18][2]' driven by pin 'sa/genblk1[15].genblk1[18].pe_inst/x_out[2]' has no loads. (LINT-2)
Warning: In design 'SystolicArray_w_buffer_full_size', net 'sa/x_wire[15][18][3]' driven by pin 'sa/genblk1[15].genblk1[18].pe_inst/x_out[3]' has no loads. (LINT-2)
Warning: In design 'SystolicArray_w_buffer_full_size', net 'sa/x_wire[15][18][4]' driven by pin 'sa/genblk1[15].genblk1[18].pe_inst/x_out[4]' has no loads. (LINT-2)
Warning: In design 'SystolicArray_w_buffer_full_size', net 'sa/x_wire[15][18][5]' driven by pin 'sa/genblk1[15].genblk1[18].pe_inst/x_out[5]' has no loads. (LINT-2)
Warning: In design 'SystolicArray_w_buffer_full_size', net 'sa/x_wire[15][18][6]' driven by pin 'sa/genblk1[15].genblk1[18].pe_inst/x_out[6]' has no loads. (LINT-2)
Warning: In design 'SystolicArray_w_buffer_full_size', net 'sa/x_wire[15][18][7]' driven by pin 'sa/genblk1[15].genblk1[18].pe_inst/x_out[7]' has no loads. (LINT-2)
Warning: In design 'SystolicArray_w_buffer_full_size', net 'sa/x_wire[15][18][8]' driven by pin 'sa/genblk1[15].genblk1[18].pe_inst/x_out[8]' has no loads. (LINT-2)
Warning: In design 'SystolicArray_w_buffer_full_size', net 'sa/x_wire[15][18][9]' driven by pin 'sa/genblk1[15].genblk1[18].pe_inst/x_out[9]' has no loads. (LINT-2)
Warning: In design 'SystolicArray_w_buffer_full_size', net 'sa/x_wire[15][18][10]' driven by pin 'sa/genblk1[15].genblk1[18].pe_inst/x_out[10]' has no loads. (LINT-2)
Warning: In design 'SystolicArray_w_buffer_full_size', net 'sa/x_wire[15][18][11]' driven by pin 'sa/genblk1[15].genblk1[18].pe_inst/x_out[11]' has no loads. (LINT-2)
Warning: In design 'SystolicArray_w_buffer_full_size', net 'sa/x_wire[15][18][12]' driven by pin 'sa/genblk1[15].genblk1[18].pe_inst/x_out[12]' has no loads. (LINT-2)
Warning: In design 'SystolicArray_w_buffer_full_size', net 'sa/x_wire[15][18][13]' driven by pin 'sa/genblk1[15].genblk1[18].pe_inst/x_out[13]' has no loads. (LINT-2)
Warning: In design 'SystolicArray_w_buffer_full_size', net 'sa/x_wire[15][18][14]' driven by pin 'sa/genblk1[15].genblk1[18].pe_inst/x_out[14]' has no loads. (LINT-2)
Warning: In design 'SystolicArray_w_buffer_full_size', net 'sa/x_wire[15][18][15]' driven by pin 'sa/genblk1[15].genblk1[18].pe_inst/x_out[15]' has no loads. (LINT-2)
Warning: In design 'SystolicArray_w_buffer_full_size', net 'sa/x_wire[15][19][0]' driven by pin 'sa/genblk1[15].genblk1[19].pe_inst/x_out[0]' has no loads. (LINT-2)
Warning: In design 'SystolicArray_w_buffer_full_size', net 'sa/x_wire[15][19][1]' driven by pin 'sa/genblk1[15].genblk1[19].pe_inst/x_out[1]' has no loads. (LINT-2)
Warning: In design 'SystolicArray_w_buffer_full_size', net 'sa/x_wire[15][19][2]' driven by pin 'sa/genblk1[15].genblk1[19].pe_inst/x_out[2]' has no loads. (LINT-2)
Warning: In design 'SystolicArray_w_buffer_full_size', net 'sa/x_wire[15][19][3]' driven by pin 'sa/genblk1[15].genblk1[19].pe_inst/x_out[3]' has no loads. (LINT-2)
Warning: In design 'SystolicArray_w_buffer_full_size', net 'sa/x_wire[15][19][4]' driven by pin 'sa/genblk1[15].genblk1[19].pe_inst/x_out[4]' has no loads. (LINT-2)
Warning: In design 'SystolicArray_w_buffer_full_size', net 'sa/x_wire[15][19][5]' driven by pin 'sa/genblk1[15].genblk1[19].pe_inst/x_out[5]' has no loads. (LINT-2)
Warning: In design 'SystolicArray_w_buffer_full_size', net 'sa/x_wire[15][19][6]' driven by pin 'sa/genblk1[15].genblk1[19].pe_inst/x_out[6]' has no loads. (LINT-2)
Warning: In design 'SystolicArray_w_buffer_full_size', net 'sa/x_wire[15][19][7]' driven by pin 'sa/genblk1[15].genblk1[19].pe_inst/x_out[7]' has no loads. (LINT-2)
Warning: In design 'SystolicArray_w_buffer_full_size', net 'sa/x_wire[15][19][8]' driven by pin 'sa/genblk1[15].genblk1[19].pe_inst/x_out[8]' has no loads. (LINT-2)
Warning: In design 'SystolicArray_w_buffer_full_size', net 'sa/x_wire[15][19][9]' driven by pin 'sa/genblk1[15].genblk1[19].pe_inst/x_out[9]' has no loads. (LINT-2)
Warning: In design 'SystolicArray_w_buffer_full_size', net 'sa/x_wire[15][19][10]' driven by pin 'sa/genblk1[15].genblk1[19].pe_inst/x_out[10]' has no loads. (LINT-2)
Warning: In design 'SystolicArray_w_buffer_full_size', net 'sa/x_wire[15][19][11]' driven by pin 'sa/genblk1[15].genblk1[19].pe_inst/x_out[11]' has no loads. (LINT-2)
Warning: In design 'SystolicArray_w_buffer_full_size', net 'sa/x_wire[15][19][12]' driven by pin 'sa/genblk1[15].genblk1[19].pe_inst/x_out[12]' has no loads. (LINT-2)
Warning: In design 'SystolicArray_w_buffer_full_size', net 'sa/x_wire[15][19][13]' driven by pin 'sa/genblk1[15].genblk1[19].pe_inst/x_out[13]' has no loads. (LINT-2)
Warning: In design 'SystolicArray_w_buffer_full_size', net 'sa/x_wire[15][19][14]' driven by pin 'sa/genblk1[15].genblk1[19].pe_inst/x_out[14]' has no loads. (LINT-2)
Warning: In design 'SystolicArray_w_buffer_full_size', net 'sa/x_wire[15][19][15]' driven by pin 'sa/genblk1[15].genblk1[19].pe_inst/x_out[15]' has no loads. (LINT-2)
Warning: In design 'SystolicArray_w_buffer_full_size', net 'sa/x_wire[15][20][0]' driven by pin 'sa/genblk1[15].genblk1[20].pe_inst/x_out[0]' has no loads. (LINT-2)
Warning: In design 'SystolicArray_w_buffer_full_size', net 'sa/x_wire[15][20][1]' driven by pin 'sa/genblk1[15].genblk1[20].pe_inst/x_out[1]' has no loads. (LINT-2)
Warning: In design 'SystolicArray_w_buffer_full_size', net 'sa/x_wire[15][20][2]' driven by pin 'sa/genblk1[15].genblk1[20].pe_inst/x_out[2]' has no loads. (LINT-2)
Warning: In design 'SystolicArray_w_buffer_full_size', net 'sa/x_wire[15][20][3]' driven by pin 'sa/genblk1[15].genblk1[20].pe_inst/x_out[3]' has no loads. (LINT-2)
Warning: In design 'SystolicArray_w_buffer_full_size', net 'sa/x_wire[15][20][4]' driven by pin 'sa/genblk1[15].genblk1[20].pe_inst/x_out[4]' has no loads. (LINT-2)
Warning: In design 'SystolicArray_w_buffer_full_size', net 'sa/x_wire[15][20][5]' driven by pin 'sa/genblk1[15].genblk1[20].pe_inst/x_out[5]' has no loads. (LINT-2)
Warning: In design 'SystolicArray_w_buffer_full_size', net 'sa/x_wire[15][20][6]' driven by pin 'sa/genblk1[15].genblk1[20].pe_inst/x_out[6]' has no loads. (LINT-2)
Warning: In design 'SystolicArray_w_buffer_full_size', net 'sa/x_wire[15][20][7]' driven by pin 'sa/genblk1[15].genblk1[20].pe_inst/x_out[7]' has no loads. (LINT-2)
Warning: In design 'SystolicArray_w_buffer_full_size', net 'sa/x_wire[15][20][8]' driven by pin 'sa/genblk1[15].genblk1[20].pe_inst/x_out[8]' has no loads. (LINT-2)
Warning: In design 'SystolicArray_w_buffer_full_size', net 'sa/x_wire[15][20][9]' driven by pin 'sa/genblk1[15].genblk1[20].pe_inst/x_out[9]' has no loads. (LINT-2)
Warning: In design 'SystolicArray_w_buffer_full_size', net 'sa/x_wire[15][20][10]' driven by pin 'sa/genblk1[15].genblk1[20].pe_inst/x_out[10]' has no loads. (LINT-2)
Warning: In design 'SystolicArray_w_buffer_full_size', net 'sa/x_wire[15][20][11]' driven by pin 'sa/genblk1[15].genblk1[20].pe_inst/x_out[11]' has no loads. (LINT-2)
Warning: In design 'SystolicArray_w_buffer_full_size', net 'sa/x_wire[15][20][12]' driven by pin 'sa/genblk1[15].genblk1[20].pe_inst/x_out[12]' has no loads. (LINT-2)
Warning: In design 'SystolicArray_w_buffer_full_size', net 'sa/x_wire[15][20][13]' driven by pin 'sa/genblk1[15].genblk1[20].pe_inst/x_out[13]' has no loads. (LINT-2)
Warning: In design 'SystolicArray_w_buffer_full_size', net 'sa/x_wire[15][20][14]' driven by pin 'sa/genblk1[15].genblk1[20].pe_inst/x_out[14]' has no loads. (LINT-2)
Warning: In design 'SystolicArray_w_buffer_full_size', net 'sa/x_wire[15][20][15]' driven by pin 'sa/genblk1[15].genblk1[20].pe_inst/x_out[15]' has no loads. (LINT-2)
Warning: In design 'SystolicArray_w_buffer_full_size', net 'sa/x_wire[15][21][0]' driven by pin 'sa/genblk1[15].genblk1[21].pe_inst/x_out[0]' has no loads. (LINT-2)
Warning: In design 'SystolicArray_w_buffer_full_size', net 'sa/x_wire[15][21][1]' driven by pin 'sa/genblk1[15].genblk1[21].pe_inst/x_out[1]' has no loads. (LINT-2)
Warning: In design 'SystolicArray_w_buffer_full_size', net 'sa/x_wire[15][21][2]' driven by pin 'sa/genblk1[15].genblk1[21].pe_inst/x_out[2]' has no loads. (LINT-2)
Warning: In design 'SystolicArray_w_buffer_full_size', net 'sa/x_wire[15][21][3]' driven by pin 'sa/genblk1[15].genblk1[21].pe_inst/x_out[3]' has no loads. (LINT-2)
Warning: In design 'SystolicArray_w_buffer_full_size', net 'sa/x_wire[15][21][4]' driven by pin 'sa/genblk1[15].genblk1[21].pe_inst/x_out[4]' has no loads. (LINT-2)
Warning: In design 'SystolicArray_w_buffer_full_size', net 'sa/x_wire[15][21][5]' driven by pin 'sa/genblk1[15].genblk1[21].pe_inst/x_out[5]' has no loads. (LINT-2)
Warning: In design 'SystolicArray_w_buffer_full_size', net 'sa/x_wire[15][21][6]' driven by pin 'sa/genblk1[15].genblk1[21].pe_inst/x_out[6]' has no loads. (LINT-2)
Warning: In design 'SystolicArray_w_buffer_full_size', net 'sa/x_wire[15][21][7]' driven by pin 'sa/genblk1[15].genblk1[21].pe_inst/x_out[7]' has no loads. (LINT-2)
Warning: In design 'SystolicArray_w_buffer_full_size', net 'sa/x_wire[15][21][8]' driven by pin 'sa/genblk1[15].genblk1[21].pe_inst/x_out[8]' has no loads. (LINT-2)
Warning: In design 'SystolicArray_w_buffer_full_size', net 'sa/x_wire[15][21][9]' driven by pin 'sa/genblk1[15].genblk1[21].pe_inst/x_out[9]' has no loads. (LINT-2)
Warning: In design 'SystolicArray_w_buffer_full_size', net 'sa/x_wire[15][21][10]' driven by pin 'sa/genblk1[15].genblk1[21].pe_inst/x_out[10]' has no loads. (LINT-2)
Warning: In design 'SystolicArray_w_buffer_full_size', net 'sa/x_wire[15][21][11]' driven by pin 'sa/genblk1[15].genblk1[21].pe_inst/x_out[11]' has no loads. (LINT-2)
Warning: In design 'SystolicArray_w_buffer_full_size', net 'sa/x_wire[15][21][12]' driven by pin 'sa/genblk1[15].genblk1[21].pe_inst/x_out[12]' has no loads. (LINT-2)
Warning: In design 'SystolicArray_w_buffer_full_size', net 'sa/x_wire[15][21][13]' driven by pin 'sa/genblk1[15].genblk1[21].pe_inst/x_out[13]' has no loads. (LINT-2)
Warning: In design 'SystolicArray_w_buffer_full_size', net 'sa/x_wire[15][21][14]' driven by pin 'sa/genblk1[15].genblk1[21].pe_inst/x_out[14]' has no loads. (LINT-2)
Warning: In design 'SystolicArray_w_buffer_full_size', net 'sa/x_wire[15][21][15]' driven by pin 'sa/genblk1[15].genblk1[21].pe_inst/x_out[15]' has no loads. (LINT-2)
Warning: In design 'SystolicArray_w_buffer_full_size', net 'sa/x_wire[15][22][0]' driven by pin 'sa/genblk1[15].genblk1[22].pe_inst/x_out[0]' has no loads. (LINT-2)
Warning: In design 'SystolicArray_w_buffer_full_size', net 'sa/x_wire[15][22][1]' driven by pin 'sa/genblk1[15].genblk1[22].pe_inst/x_out[1]' has no loads. (LINT-2)
Warning: In design 'SystolicArray_w_buffer_full_size', net 'sa/x_wire[15][22][2]' driven by pin 'sa/genblk1[15].genblk1[22].pe_inst/x_out[2]' has no loads. (LINT-2)
Warning: In design 'SystolicArray_w_buffer_full_size', net 'sa/x_wire[15][22][3]' driven by pin 'sa/genblk1[15].genblk1[22].pe_inst/x_out[3]' has no loads. (LINT-2)
Warning: In design 'SystolicArray_w_buffer_full_size', net 'sa/x_wire[15][22][4]' driven by pin 'sa/genblk1[15].genblk1[22].pe_inst/x_out[4]' has no loads. (LINT-2)
Warning: In design 'SystolicArray_w_buffer_full_size', net 'sa/x_wire[15][22][5]' driven by pin 'sa/genblk1[15].genblk1[22].pe_inst/x_out[5]' has no loads. (LINT-2)
Warning: In design 'SystolicArray_w_buffer_full_size', net 'sa/x_wire[15][22][6]' driven by pin 'sa/genblk1[15].genblk1[22].pe_inst/x_out[6]' has no loads. (LINT-2)
Warning: In design 'SystolicArray_w_buffer_full_size', net 'sa/x_wire[15][22][7]' driven by pin 'sa/genblk1[15].genblk1[22].pe_inst/x_out[7]' has no loads. (LINT-2)
Warning: In design 'SystolicArray_w_buffer_full_size', net 'sa/x_wire[15][22][8]' driven by pin 'sa/genblk1[15].genblk1[22].pe_inst/x_out[8]' has no loads. (LINT-2)
Warning: In design 'SystolicArray_w_buffer_full_size', net 'sa/x_wire[15][22][9]' driven by pin 'sa/genblk1[15].genblk1[22].pe_inst/x_out[9]' has no loads. (LINT-2)
Warning: In design 'SystolicArray_w_buffer_full_size', net 'sa/x_wire[15][22][10]' driven by pin 'sa/genblk1[15].genblk1[22].pe_inst/x_out[10]' has no loads. (LINT-2)
Warning: In design 'SystolicArray_w_buffer_full_size', net 'sa/x_wire[15][22][11]' driven by pin 'sa/genblk1[15].genblk1[22].pe_inst/x_out[11]' has no loads. (LINT-2)
Warning: In design 'SystolicArray_w_buffer_full_size', net 'sa/x_wire[15][22][12]' driven by pin 'sa/genblk1[15].genblk1[22].pe_inst/x_out[12]' has no loads. (LINT-2)
Warning: In design 'SystolicArray_w_buffer_full_size', net 'sa/x_wire[15][22][13]' driven by pin 'sa/genblk1[15].genblk1[22].pe_inst/x_out[13]' has no loads. (LINT-2)
Warning: In design 'SystolicArray_w_buffer_full_size', net 'sa/x_wire[15][22][14]' driven by pin 'sa/genblk1[15].genblk1[22].pe_inst/x_out[14]' has no loads. (LINT-2)
Warning: In design 'SystolicArray_w_buffer_full_size', net 'sa/x_wire[15][22][15]' driven by pin 'sa/genblk1[15].genblk1[22].pe_inst/x_out[15]' has no loads. (LINT-2)
Warning: In design 'SystolicArray_w_buffer_full_size', net 'sa/x_wire[15][23][0]' driven by pin 'sa/genblk1[15].genblk1[23].pe_inst/x_out[0]' has no loads. (LINT-2)
Warning: In design 'SystolicArray_w_buffer_full_size', net 'sa/x_wire[15][23][1]' driven by pin 'sa/genblk1[15].genblk1[23].pe_inst/x_out[1]' has no loads. (LINT-2)
Warning: In design 'SystolicArray_w_buffer_full_size', net 'sa/x_wire[15][23][2]' driven by pin 'sa/genblk1[15].genblk1[23].pe_inst/x_out[2]' has no loads. (LINT-2)
Warning: In design 'SystolicArray_w_buffer_full_size', net 'sa/x_wire[15][23][3]' driven by pin 'sa/genblk1[15].genblk1[23].pe_inst/x_out[3]' has no loads. (LINT-2)
Warning: In design 'SystolicArray_w_buffer_full_size', net 'sa/x_wire[15][23][4]' driven by pin 'sa/genblk1[15].genblk1[23].pe_inst/x_out[4]' has no loads. (LINT-2)
Warning: In design 'SystolicArray_w_buffer_full_size', net 'sa/x_wire[15][23][5]' driven by pin 'sa/genblk1[15].genblk1[23].pe_inst/x_out[5]' has no loads. (LINT-2)
Warning: In design 'SystolicArray_w_buffer_full_size', net 'sa/x_wire[15][23][6]' driven by pin 'sa/genblk1[15].genblk1[23].pe_inst/x_out[6]' has no loads. (LINT-2)
Warning: In design 'SystolicArray_w_buffer_full_size', net 'sa/x_wire[15][23][7]' driven by pin 'sa/genblk1[15].genblk1[23].pe_inst/x_out[7]' has no loads. (LINT-2)
Warning: In design 'SystolicArray_w_buffer_full_size', net 'sa/x_wire[15][23][8]' driven by pin 'sa/genblk1[15].genblk1[23].pe_inst/x_out[8]' has no loads. (LINT-2)
Warning: In design 'SystolicArray_w_buffer_full_size', net 'sa/x_wire[15][23][9]' driven by pin 'sa/genblk1[15].genblk1[23].pe_inst/x_out[9]' has no loads. (LINT-2)
Warning: In design 'SystolicArray_w_buffer_full_size', net 'sa/x_wire[15][23][10]' driven by pin 'sa/genblk1[15].genblk1[23].pe_inst/x_out[10]' has no loads. (LINT-2)
Warning: In design 'SystolicArray_w_buffer_full_size', net 'sa/x_wire[15][23][11]' driven by pin 'sa/genblk1[15].genblk1[23].pe_inst/x_out[11]' has no loads. (LINT-2)
Warning: In design 'SystolicArray_w_buffer_full_size', net 'sa/x_wire[15][23][12]' driven by pin 'sa/genblk1[15].genblk1[23].pe_inst/x_out[12]' has no loads. (LINT-2)
Warning: In design 'SystolicArray_w_buffer_full_size', net 'sa/x_wire[15][23][13]' driven by pin 'sa/genblk1[15].genblk1[23].pe_inst/x_out[13]' has no loads. (LINT-2)
Warning: In design 'SystolicArray_w_buffer_full_size', net 'sa/x_wire[15][23][14]' driven by pin 'sa/genblk1[15].genblk1[23].pe_inst/x_out[14]' has no loads. (LINT-2)
Warning: In design 'SystolicArray_w_buffer_full_size', net 'sa/x_wire[15][23][15]' driven by pin 'sa/genblk1[15].genblk1[23].pe_inst/x_out[15]' has no loads. (LINT-2)
Warning: In design 'SystolicArray_w_buffer_full_size', net 'sa/x_wire[15][24][0]' driven by pin 'sa/genblk1[15].genblk1[24].pe_inst/x_out[0]' has no loads. (LINT-2)
Warning: In design 'SystolicArray_w_buffer_full_size', net 'sa/x_wire[15][24][1]' driven by pin 'sa/genblk1[15].genblk1[24].pe_inst/x_out[1]' has no loads. (LINT-2)
Warning: In design 'SystolicArray_w_buffer_full_size', net 'sa/x_wire[15][24][2]' driven by pin 'sa/genblk1[15].genblk1[24].pe_inst/x_out[2]' has no loads. (LINT-2)
Warning: In design 'SystolicArray_w_buffer_full_size', net 'sa/x_wire[15][24][3]' driven by pin 'sa/genblk1[15].genblk1[24].pe_inst/x_out[3]' has no loads. (LINT-2)
Warning: In design 'SystolicArray_w_buffer_full_size', net 'sa/x_wire[15][24][4]' driven by pin 'sa/genblk1[15].genblk1[24].pe_inst/x_out[4]' has no loads. (LINT-2)
Warning: In design 'SystolicArray_w_buffer_full_size', net 'sa/x_wire[15][24][5]' driven by pin 'sa/genblk1[15].genblk1[24].pe_inst/x_out[5]' has no loads. (LINT-2)
Warning: In design 'SystolicArray_w_buffer_full_size', net 'sa/x_wire[15][24][6]' driven by pin 'sa/genblk1[15].genblk1[24].pe_inst/x_out[6]' has no loads. (LINT-2)
Warning: In design 'SystolicArray_w_buffer_full_size', net 'sa/x_wire[15][24][7]' driven by pin 'sa/genblk1[15].genblk1[24].pe_inst/x_out[7]' has no loads. (LINT-2)
Warning: In design 'SystolicArray_w_buffer_full_size', net 'sa/x_wire[15][24][8]' driven by pin 'sa/genblk1[15].genblk1[24].pe_inst/x_out[8]' has no loads. (LINT-2)
Warning: In design 'SystolicArray_w_buffer_full_size', net 'sa/x_wire[15][24][9]' driven by pin 'sa/genblk1[15].genblk1[24].pe_inst/x_out[9]' has no loads. (LINT-2)
Warning: In design 'SystolicArray_w_buffer_full_size', net 'sa/x_wire[15][24][10]' driven by pin 'sa/genblk1[15].genblk1[24].pe_inst/x_out[10]' has no loads. (LINT-2)
Warning: In design 'SystolicArray_w_buffer_full_size', net 'sa/x_wire[15][24][11]' driven by pin 'sa/genblk1[15].genblk1[24].pe_inst/x_out[11]' has no loads. (LINT-2)
Warning: In design 'SystolicArray_w_buffer_full_size', net 'sa/x_wire[15][24][12]' driven by pin 'sa/genblk1[15].genblk1[24].pe_inst/x_out[12]' has no loads. (LINT-2)
Warning: In design 'SystolicArray_w_buffer_full_size', net 'sa/x_wire[15][24][13]' driven by pin 'sa/genblk1[15].genblk1[24].pe_inst/x_out[13]' has no loads. (LINT-2)
Warning: In design 'SystolicArray_w_buffer_full_size', net 'sa/x_wire[15][24][14]' driven by pin 'sa/genblk1[15].genblk1[24].pe_inst/x_out[14]' has no loads. (LINT-2)
Warning: In design 'SystolicArray_w_buffer_full_size', net 'sa/x_wire[15][24][15]' driven by pin 'sa/genblk1[15].genblk1[24].pe_inst/x_out[15]' has no loads. (LINT-2)
Warning: In design 'SystolicArray_w_buffer_full_size', net 'sa/x_wire[15][25][0]' driven by pin 'sa/genblk1[15].genblk1[25].pe_inst/x_out[0]' has no loads. (LINT-2)
Warning: In design 'SystolicArray_w_buffer_full_size', net 'sa/x_wire[15][25][1]' driven by pin 'sa/genblk1[15].genblk1[25].pe_inst/x_out[1]' has no loads. (LINT-2)
Warning: In design 'SystolicArray_w_buffer_full_size', net 'sa/x_wire[15][25][2]' driven by pin 'sa/genblk1[15].genblk1[25].pe_inst/x_out[2]' has no loads. (LINT-2)
Warning: In design 'SystolicArray_w_buffer_full_size', net 'sa/x_wire[15][25][3]' driven by pin 'sa/genblk1[15].genblk1[25].pe_inst/x_out[3]' has no loads. (LINT-2)
Warning: In design 'SystolicArray_w_buffer_full_size', net 'sa/x_wire[15][25][4]' driven by pin 'sa/genblk1[15].genblk1[25].pe_inst/x_out[4]' has no loads. (LINT-2)
Warning: In design 'SystolicArray_w_buffer_full_size', net 'sa/x_wire[15][25][5]' driven by pin 'sa/genblk1[15].genblk1[25].pe_inst/x_out[5]' has no loads. (LINT-2)
Warning: In design 'SystolicArray_w_buffer_full_size', net 'sa/x_wire[15][25][6]' driven by pin 'sa/genblk1[15].genblk1[25].pe_inst/x_out[6]' has no loads. (LINT-2)
Warning: In design 'SystolicArray_w_buffer_full_size', net 'sa/x_wire[15][25][7]' driven by pin 'sa/genblk1[15].genblk1[25].pe_inst/x_out[7]' has no loads. (LINT-2)
Warning: In design 'SystolicArray_w_buffer_full_size', net 'sa/x_wire[15][25][8]' driven by pin 'sa/genblk1[15].genblk1[25].pe_inst/x_out[8]' has no loads. (LINT-2)
Warning: In design 'SystolicArray_w_buffer_full_size', net 'sa/x_wire[15][25][9]' driven by pin 'sa/genblk1[15].genblk1[25].pe_inst/x_out[9]' has no loads. (LINT-2)
Warning: In design 'SystolicArray_w_buffer_full_size', net 'sa/x_wire[15][25][10]' driven by pin 'sa/genblk1[15].genblk1[25].pe_inst/x_out[10]' has no loads. (LINT-2)
Warning: In design 'SystolicArray_w_buffer_full_size', net 'sa/x_wire[15][25][11]' driven by pin 'sa/genblk1[15].genblk1[25].pe_inst/x_out[11]' has no loads. (LINT-2)
Warning: In design 'SystolicArray_w_buffer_full_size', net 'sa/x_wire[15][25][12]' driven by pin 'sa/genblk1[15].genblk1[25].pe_inst/x_out[12]' has no loads. (LINT-2)
Warning: In design 'SystolicArray_w_buffer_full_size', net 'sa/x_wire[15][25][13]' driven by pin 'sa/genblk1[15].genblk1[25].pe_inst/x_out[13]' has no loads. (LINT-2)
Warning: In design 'SystolicArray_w_buffer_full_size', net 'sa/x_wire[15][25][14]' driven by pin 'sa/genblk1[15].genblk1[25].pe_inst/x_out[14]' has no loads. (LINT-2)
Warning: In design 'SystolicArray_w_buffer_full_size', net 'sa/x_wire[15][25][15]' driven by pin 'sa/genblk1[15].genblk1[25].pe_inst/x_out[15]' has no loads. (LINT-2)
Warning: In design 'SystolicArray_w_buffer_full_size', net 'sa/x_wire[15][26][0]' driven by pin 'sa/genblk1[15].genblk1[26].pe_inst/x_out[0]' has no loads. (LINT-2)
Warning: In design 'SystolicArray_w_buffer_full_size', net 'sa/x_wire[15][26][1]' driven by pin 'sa/genblk1[15].genblk1[26].pe_inst/x_out[1]' has no loads. (LINT-2)
Warning: In design 'SystolicArray_w_buffer_full_size', net 'sa/x_wire[15][26][2]' driven by pin 'sa/genblk1[15].genblk1[26].pe_inst/x_out[2]' has no loads. (LINT-2)
Warning: In design 'SystolicArray_w_buffer_full_size', net 'sa/x_wire[15][26][3]' driven by pin 'sa/genblk1[15].genblk1[26].pe_inst/x_out[3]' has no loads. (LINT-2)
Warning: In design 'SystolicArray_w_buffer_full_size', net 'sa/x_wire[15][26][4]' driven by pin 'sa/genblk1[15].genblk1[26].pe_inst/x_out[4]' has no loads. (LINT-2)
Warning: In design 'SystolicArray_w_buffer_full_size', net 'sa/x_wire[15][26][5]' driven by pin 'sa/genblk1[15].genblk1[26].pe_inst/x_out[5]' has no loads. (LINT-2)
Warning: In design 'SystolicArray_w_buffer_full_size', net 'sa/x_wire[15][26][6]' driven by pin 'sa/genblk1[15].genblk1[26].pe_inst/x_out[6]' has no loads. (LINT-2)
Warning: In design 'SystolicArray_w_buffer_full_size', net 'sa/x_wire[15][26][7]' driven by pin 'sa/genblk1[15].genblk1[26].pe_inst/x_out[7]' has no loads. (LINT-2)
Warning: In design 'SystolicArray_w_buffer_full_size', net 'sa/x_wire[15][26][8]' driven by pin 'sa/genblk1[15].genblk1[26].pe_inst/x_out[8]' has no loads. (LINT-2)
Warning: In design 'SystolicArray_w_buffer_full_size', net 'sa/x_wire[15][26][9]' driven by pin 'sa/genblk1[15].genblk1[26].pe_inst/x_out[9]' has no loads. (LINT-2)
Warning: In design 'SystolicArray_w_buffer_full_size', net 'sa/x_wire[15][26][10]' driven by pin 'sa/genblk1[15].genblk1[26].pe_inst/x_out[10]' has no loads. (LINT-2)
Warning: In design 'SystolicArray_w_buffer_full_size', net 'sa/x_wire[15][26][11]' driven by pin 'sa/genblk1[15].genblk1[26].pe_inst/x_out[11]' has no loads. (LINT-2)
Warning: In design 'SystolicArray_w_buffer_full_size', net 'sa/x_wire[15][26][12]' driven by pin 'sa/genblk1[15].genblk1[26].pe_inst/x_out[12]' has no loads. (LINT-2)
Warning: In design 'SystolicArray_w_buffer_full_size', net 'sa/x_wire[15][26][13]' driven by pin 'sa/genblk1[15].genblk1[26].pe_inst/x_out[13]' has no loads. (LINT-2)
Warning: In design 'SystolicArray_w_buffer_full_size', net 'sa/x_wire[15][26][14]' driven by pin 'sa/genblk1[15].genblk1[26].pe_inst/x_out[14]' has no loads. (LINT-2)
Warning: In design 'SystolicArray_w_buffer_full_size', net 'sa/x_wire[15][26][15]' driven by pin 'sa/genblk1[15].genblk1[26].pe_inst/x_out[15]' has no loads. (LINT-2)
Warning: In design 'SystolicArray_w_buffer_full_size', net 'sa/x_wire[15][27][0]' driven by pin 'sa/genblk1[15].genblk1[27].pe_inst/x_out[0]' has no loads. (LINT-2)
Warning: In design 'SystolicArray_w_buffer_full_size', net 'sa/x_wire[15][27][1]' driven by pin 'sa/genblk1[15].genblk1[27].pe_inst/x_out[1]' has no loads. (LINT-2)
Warning: In design 'SystolicArray_w_buffer_full_size', net 'sa/x_wire[15][27][2]' driven by pin 'sa/genblk1[15].genblk1[27].pe_inst/x_out[2]' has no loads. (LINT-2)
Warning: In design 'SystolicArray_w_buffer_full_size', net 'sa/x_wire[15][27][3]' driven by pin 'sa/genblk1[15].genblk1[27].pe_inst/x_out[3]' has no loads. (LINT-2)
Warning: In design 'SystolicArray_w_buffer_full_size', net 'sa/x_wire[15][27][4]' driven by pin 'sa/genblk1[15].genblk1[27].pe_inst/x_out[4]' has no loads. (LINT-2)
Warning: In design 'SystolicArray_w_buffer_full_size', net 'sa/x_wire[15][27][5]' driven by pin 'sa/genblk1[15].genblk1[27].pe_inst/x_out[5]' has no loads. (LINT-2)
Warning: In design 'SystolicArray_w_buffer_full_size', net 'sa/x_wire[15][27][6]' driven by pin 'sa/genblk1[15].genblk1[27].pe_inst/x_out[6]' has no loads. (LINT-2)
Warning: In design 'SystolicArray_w_buffer_full_size', net 'sa/x_wire[15][27][7]' driven by pin 'sa/genblk1[15].genblk1[27].pe_inst/x_out[7]' has no loads. (LINT-2)
Warning: In design 'SystolicArray_w_buffer_full_size', net 'sa/x_wire[15][27][8]' driven by pin 'sa/genblk1[15].genblk1[27].pe_inst/x_out[8]' has no loads. (LINT-2)
Warning: In design 'SystolicArray_w_buffer_full_size', net 'sa/x_wire[15][27][9]' driven by pin 'sa/genblk1[15].genblk1[27].pe_inst/x_out[9]' has no loads. (LINT-2)
Warning: In design 'SystolicArray_w_buffer_full_size', net 'sa/x_wire[15][27][10]' driven by pin 'sa/genblk1[15].genblk1[27].pe_inst/x_out[10]' has no loads. (LINT-2)
Warning: In design 'SystolicArray_w_buffer_full_size', net 'sa/x_wire[15][27][11]' driven by pin 'sa/genblk1[15].genblk1[27].pe_inst/x_out[11]' has no loads. (LINT-2)
Warning: In design 'SystolicArray_w_buffer_full_size', net 'sa/x_wire[15][27][12]' driven by pin 'sa/genblk1[15].genblk1[27].pe_inst/x_out[12]' has no loads. (LINT-2)
Warning: In design 'SystolicArray_w_buffer_full_size', net 'sa/x_wire[15][27][13]' driven by pin 'sa/genblk1[15].genblk1[27].pe_inst/x_out[13]' has no loads. (LINT-2)
Warning: In design 'SystolicArray_w_buffer_full_size', net 'sa/x_wire[15][27][14]' driven by pin 'sa/genblk1[15].genblk1[27].pe_inst/x_out[14]' has no loads. (LINT-2)
Warning: In design 'SystolicArray_w_buffer_full_size', net 'sa/x_wire[15][27][15]' driven by pin 'sa/genblk1[15].genblk1[27].pe_inst/x_out[15]' has no loads. (LINT-2)
Warning: In design 'SystolicArray_w_buffer_full_size', net 'sa/x_wire[15][28][0]' driven by pin 'sa/genblk1[15].genblk1[28].pe_inst/x_out[0]' has no loads. (LINT-2)
Warning: In design 'SystolicArray_w_buffer_full_size', net 'sa/x_wire[15][28][1]' driven by pin 'sa/genblk1[15].genblk1[28].pe_inst/x_out[1]' has no loads. (LINT-2)
Warning: In design 'SystolicArray_w_buffer_full_size', net 'sa/x_wire[15][28][2]' driven by pin 'sa/genblk1[15].genblk1[28].pe_inst/x_out[2]' has no loads. (LINT-2)
Warning: In design 'SystolicArray_w_buffer_full_size', net 'sa/x_wire[15][28][3]' driven by pin 'sa/genblk1[15].genblk1[28].pe_inst/x_out[3]' has no loads. (LINT-2)
Warning: In design 'SystolicArray_w_buffer_full_size', net 'sa/x_wire[15][28][4]' driven by pin 'sa/genblk1[15].genblk1[28].pe_inst/x_out[4]' has no loads. (LINT-2)
Warning: In design 'SystolicArray_w_buffer_full_size', net 'sa/x_wire[15][28][5]' driven by pin 'sa/genblk1[15].genblk1[28].pe_inst/x_out[5]' has no loads. (LINT-2)
Warning: In design 'SystolicArray_w_buffer_full_size', net 'sa/x_wire[15][28][6]' driven by pin 'sa/genblk1[15].genblk1[28].pe_inst/x_out[6]' has no loads. (LINT-2)
Warning: In design 'SystolicArray_w_buffer_full_size', net 'sa/x_wire[15][28][7]' driven by pin 'sa/genblk1[15].genblk1[28].pe_inst/x_out[7]' has no loads. (LINT-2)
Warning: In design 'SystolicArray_w_buffer_full_size', net 'sa/x_wire[15][28][8]' driven by pin 'sa/genblk1[15].genblk1[28].pe_inst/x_out[8]' has no loads. (LINT-2)
Warning: In design 'SystolicArray_w_buffer_full_size', net 'sa/x_wire[15][28][9]' driven by pin 'sa/genblk1[15].genblk1[28].pe_inst/x_out[9]' has no loads. (LINT-2)
Warning: In design 'SystolicArray_w_buffer_full_size', net 'sa/x_wire[15][28][10]' driven by pin 'sa/genblk1[15].genblk1[28].pe_inst/x_out[10]' has no loads. (LINT-2)
Warning: In design 'SystolicArray_w_buffer_full_size', net 'sa/x_wire[15][28][11]' driven by pin 'sa/genblk1[15].genblk1[28].pe_inst/x_out[11]' has no loads. (LINT-2)
Warning: In design 'SystolicArray_w_buffer_full_size', net 'sa/x_wire[15][28][12]' driven by pin 'sa/genblk1[15].genblk1[28].pe_inst/x_out[12]' has no loads. (LINT-2)
Warning: In design 'SystolicArray_w_buffer_full_size', net 'sa/x_wire[15][28][13]' driven by pin 'sa/genblk1[15].genblk1[28].pe_inst/x_out[13]' has no loads. (LINT-2)
Warning: In design 'SystolicArray_w_buffer_full_size', net 'sa/x_wire[15][28][14]' driven by pin 'sa/genblk1[15].genblk1[28].pe_inst/x_out[14]' has no loads. (LINT-2)
Warning: In design 'SystolicArray_w_buffer_full_size', net 'sa/x_wire[15][28][15]' driven by pin 'sa/genblk1[15].genblk1[28].pe_inst/x_out[15]' has no loads. (LINT-2)
Warning: In design 'SystolicArray_w_buffer_full_size', net 'sa/x_wire[15][29][0]' driven by pin 'sa/genblk1[15].genblk1[29].pe_inst/x_out[0]' has no loads. (LINT-2)
Warning: In design 'SystolicArray_w_buffer_full_size', net 'sa/x_wire[15][29][1]' driven by pin 'sa/genblk1[15].genblk1[29].pe_inst/x_out[1]' has no loads. (LINT-2)
Warning: In design 'SystolicArray_w_buffer_full_size', net 'sa/x_wire[15][29][2]' driven by pin 'sa/genblk1[15].genblk1[29].pe_inst/x_out[2]' has no loads. (LINT-2)
Warning: In design 'SystolicArray_w_buffer_full_size', net 'sa/x_wire[15][29][3]' driven by pin 'sa/genblk1[15].genblk1[29].pe_inst/x_out[3]' has no loads. (LINT-2)
Warning: In design 'SystolicArray_w_buffer_full_size', net 'sa/x_wire[15][29][4]' driven by pin 'sa/genblk1[15].genblk1[29].pe_inst/x_out[4]' has no loads. (LINT-2)
Warning: In design 'SystolicArray_w_buffer_full_size', net 'sa/x_wire[15][29][5]' driven by pin 'sa/genblk1[15].genblk1[29].pe_inst/x_out[5]' has no loads. (LINT-2)
Warning: In design 'SystolicArray_w_buffer_full_size', net 'sa/x_wire[15][29][6]' driven by pin 'sa/genblk1[15].genblk1[29].pe_inst/x_out[6]' has no loads. (LINT-2)
Warning: In design 'SystolicArray_w_buffer_full_size', net 'sa/x_wire[15][29][7]' driven by pin 'sa/genblk1[15].genblk1[29].pe_inst/x_out[7]' has no loads. (LINT-2)
Warning: In design 'SystolicArray_w_buffer_full_size', net 'sa/x_wire[15][29][8]' driven by pin 'sa/genblk1[15].genblk1[29].pe_inst/x_out[8]' has no loads. (LINT-2)
Warning: In design 'SystolicArray_w_buffer_full_size', net 'sa/x_wire[15][29][9]' driven by pin 'sa/genblk1[15].genblk1[29].pe_inst/x_out[9]' has no loads. (LINT-2)
Warning: In design 'SystolicArray_w_buffer_full_size', net 'sa/x_wire[15][29][10]' driven by pin 'sa/genblk1[15].genblk1[29].pe_inst/x_out[10]' has no loads. (LINT-2)
Warning: In design 'SystolicArray_w_buffer_full_size', net 'sa/x_wire[15][29][11]' driven by pin 'sa/genblk1[15].genblk1[29].pe_inst/x_out[11]' has no loads. (LINT-2)
Warning: In design 'SystolicArray_w_buffer_full_size', net 'sa/x_wire[15][29][12]' driven by pin 'sa/genblk1[15].genblk1[29].pe_inst/x_out[12]' has no loads. (LINT-2)
Warning: In design 'SystolicArray_w_buffer_full_size', net 'sa/x_wire[15][29][13]' driven by pin 'sa/genblk1[15].genblk1[29].pe_inst/x_out[13]' has no loads. (LINT-2)
Warning: In design 'SystolicArray_w_buffer_full_size', net 'sa/x_wire[15][29][14]' driven by pin 'sa/genblk1[15].genblk1[29].pe_inst/x_out[14]' has no loads. (LINT-2)
Warning: In design 'SystolicArray_w_buffer_full_size', net 'sa/x_wire[15][29][15]' driven by pin 'sa/genblk1[15].genblk1[29].pe_inst/x_out[15]' has no loads. (LINT-2)
Warning: In design 'SystolicArray_w_buffer_full_size', net 'sa/x_wire[15][30][0]' driven by pin 'sa/genblk1[15].genblk1[30].pe_inst/x_out[0]' has no loads. (LINT-2)
Warning: In design 'SystolicArray_w_buffer_full_size', net 'sa/x_wire[15][30][1]' driven by pin 'sa/genblk1[15].genblk1[30].pe_inst/x_out[1]' has no loads. (LINT-2)
Warning: In design 'SystolicArray_w_buffer_full_size', net 'sa/x_wire[15][30][2]' driven by pin 'sa/genblk1[15].genblk1[30].pe_inst/x_out[2]' has no loads. (LINT-2)
Warning: In design 'SystolicArray_w_buffer_full_size', net 'sa/x_wire[15][30][3]' driven by pin 'sa/genblk1[15].genblk1[30].pe_inst/x_out[3]' has no loads. (LINT-2)
Warning: In design 'SystolicArray_w_buffer_full_size', net 'sa/x_wire[15][30][4]' driven by pin 'sa/genblk1[15].genblk1[30].pe_inst/x_out[4]' has no loads. (LINT-2)
Warning: In design 'SystolicArray_w_buffer_full_size', net 'sa/x_wire[15][30][5]' driven by pin 'sa/genblk1[15].genblk1[30].pe_inst/x_out[5]' has no loads. (LINT-2)
Warning: In design 'SystolicArray_w_buffer_full_size', net 'sa/x_wire[15][30][6]' driven by pin 'sa/genblk1[15].genblk1[30].pe_inst/x_out[6]' has no loads. (LINT-2)
Warning: In design 'SystolicArray_w_buffer_full_size', net 'sa/x_wire[15][30][7]' driven by pin 'sa/genblk1[15].genblk1[30].pe_inst/x_out[7]' has no loads. (LINT-2)
Warning: In design 'SystolicArray_w_buffer_full_size', net 'sa/x_wire[15][30][8]' driven by pin 'sa/genblk1[15].genblk1[30].pe_inst/x_out[8]' has no loads. (LINT-2)
Warning: In design 'SystolicArray_w_buffer_full_size', net 'sa/x_wire[15][30][9]' driven by pin 'sa/genblk1[15].genblk1[30].pe_inst/x_out[9]' has no loads. (LINT-2)
Warning: In design 'SystolicArray_w_buffer_full_size', net 'sa/x_wire[15][30][10]' driven by pin 'sa/genblk1[15].genblk1[30].pe_inst/x_out[10]' has no loads. (LINT-2)
Warning: In design 'SystolicArray_w_buffer_full_size', net 'sa/x_wire[15][30][11]' driven by pin 'sa/genblk1[15].genblk1[30].pe_inst/x_out[11]' has no loads. (LINT-2)
Warning: In design 'SystolicArray_w_buffer_full_size', net 'sa/x_wire[15][30][12]' driven by pin 'sa/genblk1[15].genblk1[30].pe_inst/x_out[12]' has no loads. (LINT-2)
Warning: In design 'SystolicArray_w_buffer_full_size', net 'sa/x_wire[15][30][13]' driven by pin 'sa/genblk1[15].genblk1[30].pe_inst/x_out[13]' has no loads. (LINT-2)
Warning: In design 'SystolicArray_w_buffer_full_size', net 'sa/x_wire[15][30][14]' driven by pin 'sa/genblk1[15].genblk1[30].pe_inst/x_out[14]' has no loads. (LINT-2)
Warning: In design 'SystolicArray_w_buffer_full_size', net 'sa/x_wire[15][30][15]' driven by pin 'sa/genblk1[15].genblk1[30].pe_inst/x_out[15]' has no loads. (LINT-2)
Warning: In design 'SystolicArray_w_buffer_full_size', net 'sa/w_wire[15][31][0]' driven by pin 'sa/genblk1[15].genblk1[31].pe_inst/w_out[0]' has no loads. (LINT-2)
Warning: In design 'SystolicArray_w_buffer_full_size', net 'sa/w_wire[15][31][1]' driven by pin 'sa/genblk1[15].genblk1[31].pe_inst/w_out[1]' has no loads. (LINT-2)
Warning: In design 'SystolicArray_w_buffer_full_size', net 'sa/x_wire[15][31][0]' driven by pin 'sa/genblk1[15].genblk1[31].pe_inst/x_out[0]' has no loads. (LINT-2)
Warning: In design 'SystolicArray_w_buffer_full_size', net 'sa/x_wire[15][31][1]' driven by pin 'sa/genblk1[15].genblk1[31].pe_inst/x_out[1]' has no loads. (LINT-2)
Warning: In design 'SystolicArray_w_buffer_full_size', net 'sa/x_wire[15][31][2]' driven by pin 'sa/genblk1[15].genblk1[31].pe_inst/x_out[2]' has no loads. (LINT-2)
Warning: In design 'SystolicArray_w_buffer_full_size', net 'sa/x_wire[15][31][3]' driven by pin 'sa/genblk1[15].genblk1[31].pe_inst/x_out[3]' has no loads. (LINT-2)
Warning: In design 'SystolicArray_w_buffer_full_size', net 'sa/x_wire[15][31][4]' driven by pin 'sa/genblk1[15].genblk1[31].pe_inst/x_out[4]' has no loads. (LINT-2)
Warning: In design 'SystolicArray_w_buffer_full_size', net 'sa/x_wire[15][31][5]' driven by pin 'sa/genblk1[15].genblk1[31].pe_inst/x_out[5]' has no loads. (LINT-2)
Warning: In design 'SystolicArray_w_buffer_full_size', net 'sa/x_wire[15][31][6]' driven by pin 'sa/genblk1[15].genblk1[31].pe_inst/x_out[6]' has no loads. (LINT-2)
Warning: In design 'SystolicArray_w_buffer_full_size', net 'sa/x_wire[15][31][7]' driven by pin 'sa/genblk1[15].genblk1[31].pe_inst/x_out[7]' has no loads. (LINT-2)
Warning: In design 'SystolicArray_w_buffer_full_size', net 'sa/x_wire[15][31][8]' driven by pin 'sa/genblk1[15].genblk1[31].pe_inst/x_out[8]' has no loads. (LINT-2)
Warning: In design 'SystolicArray_w_buffer_full_size', net 'sa/x_wire[15][31][9]' driven by pin 'sa/genblk1[15].genblk1[31].pe_inst/x_out[9]' has no loads. (LINT-2)
Warning: In design 'SystolicArray_w_buffer_full_size', net 'sa/x_wire[15][31][10]' driven by pin 'sa/genblk1[15].genblk1[31].pe_inst/x_out[10]' has no loads. (LINT-2)
Warning: In design 'SystolicArray_w_buffer_full_size', net 'sa/x_wire[15][31][11]' driven by pin 'sa/genblk1[15].genblk1[31].pe_inst/x_out[11]' has no loads. (LINT-2)
Warning: In design 'SystolicArray_w_buffer_full_size', net 'sa/x_wire[15][31][12]' driven by pin 'sa/genblk1[15].genblk1[31].pe_inst/x_out[12]' has no loads. (LINT-2)
Warning: In design 'SystolicArray_w_buffer_full_size', net 'sa/x_wire[15][31][13]' driven by pin 'sa/genblk1[15].genblk1[31].pe_inst/x_out[13]' has no loads. (LINT-2)
Warning: In design 'SystolicArray_w_buffer_full_size', net 'sa/x_wire[15][31][14]' driven by pin 'sa/genblk1[15].genblk1[31].pe_inst/x_out[14]' has no loads. (LINT-2)
Warning: In design 'SystolicArray_w_buffer_full_size', net 'sa/x_wire[15][31][15]' driven by pin 'sa/genblk1[15].genblk1[31].pe_inst/x_out[15]' has no loads. (LINT-2)
1
