 
****************************************
Report : area
Design : SystolicArray_w_buffer
Version: V-2023.12-SP5
Date   : Fri Dec  6 22:56:03 2024
****************************************

Library(s) Used:

    saed32rvt_tt1p05v25c (File: /afs/umich.edu/class/eecs598-002/SAED32/SAED32_EDK/lib/stdcell_rvt/db_ccs/saed32rvt_tt1p05v25c.db)

Number of ports:                          326
Number of nets:                          2826
Number of cells:                         2356
Number of combinational cells:           1604
Number of sequential cells:               498
Number of macros/black boxes:               0
Number of buf/inv:                        416
Number of references:                      38

Combinational area:               3770.480389
Buf/Inv area:                      540.310147
Noncombinational area:            3419.761748
Macro/Black Box area:                0.000000
Net Interconnect area:            1487.640309

Total cell area:                  7190.242137
Total area:                       8677.882446
1
