Information: Propagating switching activity (low effort zero delay simulation). (PWR-6)
Warning: Design has unannotated primary inputs. (PWR-414)
Warning: Design has unannotated sequential cell outputs. (PWR-415)
 
****************************************
Report : power
        -analysis_effort low
Design : SystolicArray_w_buffer
Version: V-2023.12-SP5
Date   : Fri Dec  6 22:56:04 2024
****************************************


Library(s) Used:

    saed32rvt_tt1p05v25c (File: /afs/umich.edu/class/eecs598-002/SAED32/SAED32_EDK/lib/stdcell_rvt/db_ccs/saed32rvt_tt1p05v25c.db)


Operating Conditions: tt1p05v25c   Library: saed32rvt_tt1p05v25c
Wire Load Model Mode: enclosed

Design        Wire Load Model            Library
------------------------------------------------
SystolicArray_w_buffer 8000              saed32rvt_tt1p05v25c


Global Operating Voltage = 1.05 
Power-specific unit information :
    Voltage Units = 1V
    Capacitance Units = 1.000000ff
    Time Units = 1ns
    Dynamic Power Units = 1uW    (derived from V,C,T units)
    Leakage Power Units = 1pW


Attributes
----------
i - Including register clock pin internal power


  Cell Internal Power  = 540.6071 uW   (90%)
  Net Switching Power  =  63.1836 uW   (10%)
                         ---------
Total Dynamic Power    = 603.7907 uW  (100%)

Cell Leakage Power     = 192.6264 uW


                 Internal         Switching           Leakage            Total
Power Group      Power            Power               Power              Power   (   %    )  Attrs
--------------------------------------------------------------------------------------------------
io_pad             0.0000            0.0000            0.0000            0.0000  (   0.00%)
memory             0.0000            0.0000            0.0000            0.0000  (   0.00%)
black_box          0.0000            0.0000            0.0000            0.0000  (   0.00%)
clock_network    486.2166            0.0000            0.0000          486.2166  (  61.05%)  i
register          27.7624           18.4513        7.9182e+07          125.3960  (  15.75%)
sequential         0.0000            0.0000            0.0000            0.0000  (   0.00%)
combinational     26.6282           44.7323        1.1344e+08          184.8044  (  23.20%)
--------------------------------------------------------------------------------------------------
Total            540.6071 uW        63.1836 uW     1.9263e+08 pW       796.4170 uW
1
