 
****************************************
Report : net fanout
        -high_fanout
Design : SystolicArray_w_buffer_full_size
Version: V-2023.12-SP5
Date   : Fri Dec  6 23:19:24 2024
****************************************


Operating Conditions: tt1p05v25c   Library: saed32rvt_tt1p05v25c
Wire Load Model Mode: enclosed

Design        Wire Load Model            Library
------------------------------------------------
SystolicArray_w_buffer_full_size
                       1000000           saed32rvt_tt1p05v25c


Attributes:
   dr - drc disabled
    c - annotated capacitance
    d - dont_touch
    i - ideal_net
    I - ideal_network
    p - includes pin load
    r - annotated resistance
    h - high fanout

Net                 Fanout   Attributes   Capacitance   Driver
--------------------------------------------------------------------------------
clock                33776   dr, h        1001056.75    clock
1
