Information: Checking out the license 'DesignWare'. (SEC-104)
Information: Changed wire load model for 'fxp_div_WIDTH16_FBITS6' from '(none)' to 'ForQA'. (OPT-170)
Information: Changed wire load model for 'fxp_div_WIDTH16_FBITS6' from '(none)' to 'ForQA'. (OPT-170)
Information: Changed wire load model for 'fxp_div_WIDTH16_FBITS6' from '(none)' to 'ForQA'. (OPT-170)
Information: Changed wire load model for 'fxp_div_WIDTH16_FBITS6' from '(none)' to 'ForQA'. (OPT-170)
Information: Changed wire load model for 'DW01_sub_width15' from '(none)' to 'ForQA'. (OPT-170)
Information: Changed wire load model for '*SUB_UNS_OP_1_15_15' from '(none)' to 'ForQA'. (OPT-170)
Information: Changed wire load model for 'DW01_inc_width6' from '(none)' to 'ForQA'. (OPT-170)
Information: Changed wire load model for '*ADD_UNS_OP_6_1_6' from '(none)' to 'ForQA'. (OPT-170)
Information: Changed wire load model for 'DW01_inc_width15' from '(none)' to 'ForQA'. (OPT-170)
Information: Changed wire load model for '*ADD_UNS_OP_15_1_15' from '(none)' to 'ForQA'. (OPT-170)
Information: Changed wire load model for 'DW01_sub_width15' from '(none)' to 'ForQA'. (OPT-170)
Information: Changed wire load model for '*SUB_UNS_OP_15_15_15' from '(none)' to 'ForQA'. (OPT-170)
Information: Changed wire load model for 'DW01_sub_width15' from '(none)' to 'ForQA'. (OPT-170)
Information: Changed wire load model for '*SUB_UNS_OP_1_15_15' from '(none)' to 'ForQA'. (OPT-170)
Information: Changed wire load model for 'DW01_sub_width15' from '(none)' to 'ForQA'. (OPT-170)
Information: Changed wire load model for '*SUB_UNS_OP_1_15_15' from '(none)' to 'ForQA'. (OPT-170)
Information: Changed wire load model for 'DW01_cmp6_width3' from '(none)' to 'ForQA'. (OPT-170)
Information: Changed wire load model for '*NE_UNS_OP_3_3_1' from '(none)' to 'ForQA'. (OPT-170)
Information: Changed wire load model for 'DW01_cmp2_width16' from '(none)' to 'ForQA'. (OPT-170)
Information: Changed wire load model for '*GEQ_UNS_OP_16_15_1' from '(none)' to 'ForQA'. (OPT-170)
Information: Changed wire load model for 'DW01_sub_width15' from '(none)' to 'ForQA'. (OPT-170)
Information: Changed wire load model for '*SUB_UNS_OP_1_15_15' from '(none)' to 'ForQA'. (OPT-170)
Information: Changed wire load model for 'DW01_inc_width6' from '(none)' to 'ForQA'. (OPT-170)
Information: Changed wire load model for '*ADD_UNS_OP_6_1_6' from '(none)' to 'ForQA'. (OPT-170)
Information: Changed wire load model for 'DW01_inc_width15' from '(none)' to 'ForQA'. (OPT-170)
Information: Changed wire load model for '*ADD_UNS_OP_15_1_15' from '(none)' to 'ForQA'. (OPT-170)
Information: Changed wire load model for 'DW01_sub_width15' from '(none)' to 'ForQA'. (OPT-170)
Information: Changed wire load model for '*SUB_UNS_OP_15_15_15' from '(none)' to 'ForQA'. (OPT-170)
Information: Changed wire load model for 'DW01_sub_width15' from '(none)' to 'ForQA'. (OPT-170)
Information: Changed wire load model for '*SUB_UNS_OP_1_15_15' from '(none)' to 'ForQA'. (OPT-170)
Information: Changed wire load model for 'DW01_sub_width15' from '(none)' to 'ForQA'. (OPT-170)
Information: Changed wire load model for '*SUB_UNS_OP_1_15_15' from '(none)' to 'ForQA'. (OPT-170)
Information: Changed wire load model for 'DW01_cmp6_width3' from '(none)' to 'ForQA'. (OPT-170)
Information: Changed wire load model for '*NE_UNS_OP_3_3_1' from '(none)' to 'ForQA'. (OPT-170)
Information: Changed wire load model for 'DW01_cmp2_width16' from '(none)' to 'ForQA'. (OPT-170)
Information: Changed wire load model for '*GEQ_UNS_OP_16_15_1' from '(none)' to 'ForQA'. (OPT-170)
Information: Changed wire load model for 'DW01_sub_width15' from '(none)' to 'ForQA'. (OPT-170)
Information: Changed wire load model for '*SUB_UNS_OP_1_15_15' from '(none)' to 'ForQA'. (OPT-170)
Information: Changed wire load model for 'DW01_inc_width6' from '(none)' to 'ForQA'. (OPT-170)
Information: Changed wire load model for '*ADD_UNS_OP_6_1_6' from '(none)' to 'ForQA'. (OPT-170)
Information: Changed wire load model for 'DW01_inc_width15' from '(none)' to 'ForQA'. (OPT-170)
Information: Changed wire load model for '*ADD_UNS_OP_15_1_15' from '(none)' to 'ForQA'. (OPT-170)
Information: Changed wire load model for 'DW01_sub_width15' from '(none)' to 'ForQA'. (OPT-170)
Information: Changed wire load model for '*SUB_UNS_OP_15_15_15' from '(none)' to 'ForQA'. (OPT-170)
Information: Changed wire load model for 'DW01_sub_width15' from '(none)' to 'ForQA'. (OPT-170)
Information: Changed wire load model for '*SUB_UNS_OP_1_15_15' from '(none)' to 'ForQA'. (OPT-170)
Information: Changed wire load model for 'DW01_sub_width15' from '(none)' to 'ForQA'. (OPT-170)
Information: Changed wire load model for '*SUB_UNS_OP_1_15_15' from '(none)' to 'ForQA'. (OPT-170)
Information: Changed wire load model for 'DW01_cmp6_width3' from '(none)' to 'ForQA'. (OPT-170)
Information: Changed wire load model for '*NE_UNS_OP_3_3_1' from '(none)' to 'ForQA'. (OPT-170)
Information: Changed wire load model for 'DW01_cmp2_width16' from '(none)' to 'ForQA'. (OPT-170)
Information: Changed wire load model for '*GEQ_UNS_OP_16_15_1' from '(none)' to 'ForQA'. (OPT-170)
Information: Changed wire load model for 'DW01_sub_width15' from '(none)' to 'ForQA'. (OPT-170)
Information: Changed wire load model for '*SUB_UNS_OP_1_15_15' from '(none)' to 'ForQA'. (OPT-170)
Information: Changed wire load model for 'DW01_inc_width6' from '(none)' to 'ForQA'. (OPT-170)
Information: Changed wire load model for '*ADD_UNS_OP_6_1_6' from '(none)' to 'ForQA'. (OPT-170)
Information: Changed wire load model for 'DW01_inc_width15' from '(none)' to 'ForQA'. (OPT-170)
Information: Changed wire load model for '*ADD_UNS_OP_15_1_15' from '(none)' to 'ForQA'. (OPT-170)
Information: Changed wire load model for 'DW01_sub_width15' from '(none)' to 'ForQA'. (OPT-170)
Information: Changed wire load model for '*SUB_UNS_OP_15_15_15' from '(none)' to 'ForQA'. (OPT-170)
Information: Changed wire load model for 'DW01_sub_width15' from '(none)' to 'ForQA'. (OPT-170)
Information: Changed wire load model for '*SUB_UNS_OP_1_15_15' from '(none)' to 'ForQA'. (OPT-170)
Information: Changed wire load model for 'DW01_sub_width15' from '(none)' to 'ForQA'. (OPT-170)
Information: Changed wire load model for '*SUB_UNS_OP_1_15_15' from '(none)' to 'ForQA'. (OPT-170)
Information: Changed wire load model for 'DW01_cmp6_width3' from '(none)' to 'ForQA'. (OPT-170)
Information: Changed wire load model for '*NE_UNS_OP_3_3_1' from '(none)' to 'ForQA'. (OPT-170)
Information: Changed wire load model for 'DW01_cmp2_width16' from '(none)' to 'ForQA'. (OPT-170)
Information: Changed wire load model for '*GEQ_UNS_OP_16_15_1' from '(none)' to 'ForQA'. (OPT-170)
Information: Updating design information... (UID-85)
Warning: Design 'vec_div' contains 1 high-fanout nets. A fanout number of 1000 will be used for delay calculations involving these nets. (TIM-134)

Information: Checking generated_clocks...

Information: Checking loops...

Information: Checking no_input_delay...

Information: Checking unconstrained_endpoints...

Warning: The following end-points are not constrained for maximum delay.

End point
---------------
busy
busy_reg/next_state
busy_reg/synch_enable
dbz
dbz_r_reg/next_state
dbz_r_reg/synch_enable
div_in_1_reg[0][0]/next_state
div_in_1_reg[0][0]/synch_enable
div_in_1_reg[0][1]/next_state
div_in_1_reg[0][1]/synch_enable
div_in_1_reg[0][2]/next_state
div_in_1_reg[0][2]/synch_enable
div_in_1_reg[0][3]/next_state
div_in_1_reg[0][3]/synch_enable
div_in_1_reg[0][4]/next_state
div_in_1_reg[0][4]/synch_enable
div_in_1_reg[0][5]/next_state
div_in_1_reg[0][5]/synch_enable
div_in_1_reg[0][6]/next_state
div_in_1_reg[0][6]/synch_enable
div_in_1_reg[0][7]/next_state
div_in_1_reg[0][7]/synch_enable
div_in_1_reg[0][8]/next_state
div_in_1_reg[0][8]/synch_enable
div_in_1_reg[0][9]/next_state
div_in_1_reg[0][9]/synch_enable
div_in_1_reg[0][10]/next_state
div_in_1_reg[0][10]/synch_enable
div_in_1_reg[0][11]/next_state
div_in_1_reg[0][11]/synch_enable
div_in_1_reg[0][12]/next_state
div_in_1_reg[0][12]/synch_enable
div_in_1_reg[0][13]/next_state
div_in_1_reg[0][13]/synch_enable
div_in_1_reg[0][14]/next_state
div_in_1_reg[0][14]/synch_enable
div_in_1_reg[0][15]/next_state
div_in_1_reg[0][15]/synch_enable
div_in_1_reg[1][0]/next_state
div_in_1_reg[1][0]/synch_enable
div_in_1_reg[1][1]/next_state
div_in_1_reg[1][1]/synch_enable
div_in_1_reg[1][2]/next_state
div_in_1_reg[1][2]/synch_enable
div_in_1_reg[1][3]/next_state
div_in_1_reg[1][3]/synch_enable
div_in_1_reg[1][4]/next_state
div_in_1_reg[1][4]/synch_enable
div_in_1_reg[1][5]/next_state
div_in_1_reg[1][5]/synch_enable
div_in_1_reg[1][6]/next_state
div_in_1_reg[1][6]/synch_enable
div_in_1_reg[1][7]/next_state
div_in_1_reg[1][7]/synch_enable
div_in_1_reg[1][8]/next_state
div_in_1_reg[1][8]/synch_enable
div_in_1_reg[1][9]/next_state
div_in_1_reg[1][9]/synch_enable
div_in_1_reg[1][10]/next_state
div_in_1_reg[1][10]/synch_enable
div_in_1_reg[1][11]/next_state
div_in_1_reg[1][11]/synch_enable
div_in_1_reg[1][12]/next_state
div_in_1_reg[1][12]/synch_enable
div_in_1_reg[1][13]/next_state
div_in_1_reg[1][13]/synch_enable
div_in_1_reg[1][14]/next_state
div_in_1_reg[1][14]/synch_enable
div_in_1_reg[1][15]/next_state
div_in_1_reg[1][15]/synch_enable
div_in_1_reg[2][0]/next_state
div_in_1_reg[2][0]/synch_enable
div_in_1_reg[2][1]/next_state
div_in_1_reg[2][1]/synch_enable
div_in_1_reg[2][2]/next_state
div_in_1_reg[2][2]/synch_enable
div_in_1_reg[2][3]/next_state
div_in_1_reg[2][3]/synch_enable
div_in_1_reg[2][4]/next_state
div_in_1_reg[2][4]/synch_enable
div_in_1_reg[2][5]/next_state
div_in_1_reg[2][5]/synch_enable
div_in_1_reg[2][6]/next_state
div_in_1_reg[2][6]/synch_enable
div_in_1_reg[2][7]/next_state
div_in_1_reg[2][7]/synch_enable
div_in_1_reg[2][8]/next_state
div_in_1_reg[2][8]/synch_enable
div_in_1_reg[2][9]/next_state
div_in_1_reg[2][9]/synch_enable
div_in_1_reg[2][10]/next_state
div_in_1_reg[2][10]/synch_enable
div_in_1_reg[2][11]/next_state
div_in_1_reg[2][11]/synch_enable
div_in_1_reg[2][12]/next_state
div_in_1_reg[2][12]/synch_enable
div_in_1_reg[2][13]/next_state
div_in_1_reg[2][13]/synch_enable
div_in_1_reg[2][14]/next_state
div_in_1_reg[2][14]/synch_enable
div_in_1_reg[2][15]/next_state
div_in_1_reg[2][15]/synch_enable
div_in_1_reg[3][0]/next_state
div_in_1_reg[3][0]/synch_enable
div_in_1_reg[3][1]/next_state
div_in_1_reg[3][1]/synch_enable
div_in_1_reg[3][2]/next_state
div_in_1_reg[3][2]/synch_enable
div_in_1_reg[3][3]/next_state
div_in_1_reg[3][3]/synch_enable
div_in_1_reg[3][4]/next_state
div_in_1_reg[3][4]/synch_enable
div_in_1_reg[3][5]/next_state
div_in_1_reg[3][5]/synch_enable
div_in_1_reg[3][6]/next_state
div_in_1_reg[3][6]/synch_enable
div_in_1_reg[3][7]/next_state
div_in_1_reg[3][7]/synch_enable
div_in_1_reg[3][8]/next_state
div_in_1_reg[3][8]/synch_enable
div_in_1_reg[3][9]/next_state
div_in_1_reg[3][9]/synch_enable
div_in_1_reg[3][10]/next_state
div_in_1_reg[3][10]/synch_enable
div_in_1_reg[3][11]/next_state
div_in_1_reg[3][11]/synch_enable
div_in_1_reg[3][12]/next_state
div_in_1_reg[3][12]/synch_enable
div_in_1_reg[3][13]/next_state
div_in_1_reg[3][13]/synch_enable
div_in_1_reg[3][14]/next_state
div_in_1_reg[3][14]/synch_enable
div_in_1_reg[3][15]/next_state
div_in_1_reg[3][15]/synch_enable
div_in_2_reg[0][0]/next_state
div_in_2_reg[0][0]/synch_enable
div_in_2_reg[0][1]/next_state
div_in_2_reg[0][1]/synch_enable
div_in_2_reg[0][2]/next_state
div_in_2_reg[0][2]/synch_enable
div_in_2_reg[0][3]/next_state
div_in_2_reg[0][3]/synch_enable
div_in_2_reg[0][4]/next_state
div_in_2_reg[0][4]/synch_enable
div_in_2_reg[0][5]/next_state
div_in_2_reg[0][5]/synch_enable
div_in_2_reg[0][6]/next_state
div_in_2_reg[0][6]/synch_enable
div_in_2_reg[0][7]/next_state
div_in_2_reg[0][7]/synch_enable
div_in_2_reg[0][8]/next_state
div_in_2_reg[0][8]/synch_enable
div_in_2_reg[0][9]/next_state
div_in_2_reg[0][9]/synch_enable
div_in_2_reg[0][10]/next_state
div_in_2_reg[0][10]/synch_enable
div_in_2_reg[0][11]/next_state
div_in_2_reg[0][11]/synch_enable
div_in_2_reg[0][12]/next_state
div_in_2_reg[0][12]/synch_enable
div_in_2_reg[0][13]/next_state
div_in_2_reg[0][13]/synch_enable
div_in_2_reg[0][14]/next_state
div_in_2_reg[0][14]/synch_enable
div_in_2_reg[0][15]/next_state
div_in_2_reg[0][15]/synch_enable
div_in_2_reg[1][0]/next_state
div_in_2_reg[1][0]/synch_enable
div_in_2_reg[1][1]/next_state
div_in_2_reg[1][1]/synch_enable
div_in_2_reg[1][2]/next_state
div_in_2_reg[1][2]/synch_enable
div_in_2_reg[1][3]/next_state
div_in_2_reg[1][3]/synch_enable
div_in_2_reg[1][4]/next_state
div_in_2_reg[1][4]/synch_enable
div_in_2_reg[1][5]/next_state
div_in_2_reg[1][5]/synch_enable
div_in_2_reg[1][6]/next_state
div_in_2_reg[1][6]/synch_enable
div_in_2_reg[1][7]/next_state
div_in_2_reg[1][7]/synch_enable
div_in_2_reg[1][8]/next_state
div_in_2_reg[1][8]/synch_enable
div_in_2_reg[1][9]/next_state
div_in_2_reg[1][9]/synch_enable
div_in_2_reg[1][10]/next_state
div_in_2_reg[1][10]/synch_enable
div_in_2_reg[1][11]/next_state
div_in_2_reg[1][11]/synch_enable
div_in_2_reg[1][12]/next_state
div_in_2_reg[1][12]/synch_enable
div_in_2_reg[1][13]/next_state
div_in_2_reg[1][13]/synch_enable
div_in_2_reg[1][14]/next_state
div_in_2_reg[1][14]/synch_enable
div_in_2_reg[1][15]/next_state
div_in_2_reg[1][15]/synch_enable
div_in_2_reg[2][0]/next_state
div_in_2_reg[2][0]/synch_enable
div_in_2_reg[2][1]/next_state
div_in_2_reg[2][1]/synch_enable
div_in_2_reg[2][2]/next_state
div_in_2_reg[2][2]/synch_enable
div_in_2_reg[2][3]/next_state
div_in_2_reg[2][3]/synch_enable
div_in_2_reg[2][4]/next_state
div_in_2_reg[2][4]/synch_enable
div_in_2_reg[2][5]/next_state
div_in_2_reg[2][5]/synch_enable
div_in_2_reg[2][6]/next_state
div_in_2_reg[2][6]/synch_enable
div_in_2_reg[2][7]/next_state
div_in_2_reg[2][7]/synch_enable
div_in_2_reg[2][8]/next_state
div_in_2_reg[2][8]/synch_enable
div_in_2_reg[2][9]/next_state
div_in_2_reg[2][9]/synch_enable
div_in_2_reg[2][10]/next_state
div_in_2_reg[2][10]/synch_enable
div_in_2_reg[2][11]/next_state
div_in_2_reg[2][11]/synch_enable
div_in_2_reg[2][12]/next_state
div_in_2_reg[2][12]/synch_enable
div_in_2_reg[2][13]/next_state
div_in_2_reg[2][13]/synch_enable
div_in_2_reg[2][14]/next_state
div_in_2_reg[2][14]/synch_enable
div_in_2_reg[2][15]/next_state
div_in_2_reg[2][15]/synch_enable
div_in_2_reg[3][0]/next_state
div_in_2_reg[3][0]/synch_enable
div_in_2_reg[3][1]/next_state
div_in_2_reg[3][1]/synch_enable
div_in_2_reg[3][2]/next_state
div_in_2_reg[3][2]/synch_enable
div_in_2_reg[3][3]/next_state
div_in_2_reg[3][3]/synch_enable
div_in_2_reg[3][4]/next_state
div_in_2_reg[3][4]/synch_enable
div_in_2_reg[3][5]/next_state
div_in_2_reg[3][5]/synch_enable
div_in_2_reg[3][6]/next_state
div_in_2_reg[3][6]/synch_enable
div_in_2_reg[3][7]/next_state
div_in_2_reg[3][7]/synch_enable
div_in_2_reg[3][8]/next_state
div_in_2_reg[3][8]/synch_enable
div_in_2_reg[3][9]/next_state
div_in_2_reg[3][9]/synch_enable
div_in_2_reg[3][10]/next_state
div_in_2_reg[3][10]/synch_enable
div_in_2_reg[3][11]/next_state
div_in_2_reg[3][11]/synch_enable
div_in_2_reg[3][12]/next_state
div_in_2_reg[3][12]/synch_enable
div_in_2_reg[3][13]/next_state
div_in_2_reg[3][13]/synch_enable
div_in_2_reg[3][14]/next_state
div_in_2_reg[3][14]/synch_enable
div_in_2_reg[3][15]/next_state
div_in_2_reg[3][15]/synch_enable
div_start_reg[0]/next_state
div_start_reg[0]/synch_enable
div_start_reg[1]/next_state
div_start_reg[1]/synch_enable
div_start_reg[2]/next_state
div_start_reg[2]/synch_enable
div_start_reg[3]/next_state
div_start_reg[3]/synch_enable
div_units[0].fxp_div_inst/acc_r_reg[0]/next_state
div_units[0].fxp_div_inst/acc_r_reg[0]/synch_enable
div_units[0].fxp_div_inst/acc_r_reg[1]/next_state
div_units[0].fxp_div_inst/acc_r_reg[1]/synch_enable
div_units[0].fxp_div_inst/acc_r_reg[2]/next_state
div_units[0].fxp_div_inst/acc_r_reg[2]/synch_enable
div_units[0].fxp_div_inst/acc_r_reg[3]/next_state
div_units[0].fxp_div_inst/acc_r_reg[3]/synch_enable
div_units[0].fxp_div_inst/acc_r_reg[4]/next_state
div_units[0].fxp_div_inst/acc_r_reg[4]/synch_enable
div_units[0].fxp_div_inst/acc_r_reg[5]/next_state
div_units[0].fxp_div_inst/acc_r_reg[5]/synch_enable
div_units[0].fxp_div_inst/acc_r_reg[6]/next_state
div_units[0].fxp_div_inst/acc_r_reg[6]/synch_enable
div_units[0].fxp_div_inst/acc_r_reg[7]/next_state
div_units[0].fxp_div_inst/acc_r_reg[7]/synch_enable
div_units[0].fxp_div_inst/acc_r_reg[8]/next_state
div_units[0].fxp_div_inst/acc_r_reg[8]/synch_enable
div_units[0].fxp_div_inst/acc_r_reg[9]/next_state
div_units[0].fxp_div_inst/acc_r_reg[9]/synch_enable
div_units[0].fxp_div_inst/acc_r_reg[10]/next_state
div_units[0].fxp_div_inst/acc_r_reg[10]/synch_enable
div_units[0].fxp_div_inst/acc_r_reg[11]/next_state
div_units[0].fxp_div_inst/acc_r_reg[11]/synch_enable
div_units[0].fxp_div_inst/acc_r_reg[12]/next_state
div_units[0].fxp_div_inst/acc_r_reg[12]/synch_enable
div_units[0].fxp_div_inst/acc_r_reg[13]/next_state
div_units[0].fxp_div_inst/acc_r_reg[13]/synch_enable
div_units[0].fxp_div_inst/acc_r_reg[14]/next_state
div_units[0].fxp_div_inst/acc_r_reg[14]/synch_enable
div_units[0].fxp_div_inst/acc_r_reg[15]/next_state
div_units[0].fxp_div_inst/acc_r_reg[15]/synch_enable
div_units[0].fxp_div_inst/au_r_reg[0]/next_state
div_units[0].fxp_div_inst/au_r_reg[0]/synch_enable
div_units[0].fxp_div_inst/au_r_reg[1]/next_state
div_units[0].fxp_div_inst/au_r_reg[1]/synch_enable
div_units[0].fxp_div_inst/au_r_reg[2]/next_state
div_units[0].fxp_div_inst/au_r_reg[2]/synch_enable
div_units[0].fxp_div_inst/au_r_reg[3]/next_state
div_units[0].fxp_div_inst/au_r_reg[3]/synch_enable
div_units[0].fxp_div_inst/au_r_reg[4]/next_state
div_units[0].fxp_div_inst/au_r_reg[4]/synch_enable
div_units[0].fxp_div_inst/au_r_reg[5]/next_state
div_units[0].fxp_div_inst/au_r_reg[5]/synch_enable
div_units[0].fxp_div_inst/au_r_reg[6]/next_state
div_units[0].fxp_div_inst/au_r_reg[6]/synch_enable
div_units[0].fxp_div_inst/au_r_reg[7]/next_state
div_units[0].fxp_div_inst/au_r_reg[7]/synch_enable
div_units[0].fxp_div_inst/au_r_reg[8]/next_state
div_units[0].fxp_div_inst/au_r_reg[8]/synch_enable
div_units[0].fxp_div_inst/au_r_reg[9]/next_state
div_units[0].fxp_div_inst/au_r_reg[9]/synch_enable
div_units[0].fxp_div_inst/au_r_reg[10]/next_state
div_units[0].fxp_div_inst/au_r_reg[10]/synch_enable
div_units[0].fxp_div_inst/au_r_reg[11]/next_state
div_units[0].fxp_div_inst/au_r_reg[11]/synch_enable
div_units[0].fxp_div_inst/au_r_reg[12]/next_state
div_units[0].fxp_div_inst/au_r_reg[12]/synch_enable
div_units[0].fxp_div_inst/au_r_reg[13]/next_state
div_units[0].fxp_div_inst/au_r_reg[13]/synch_enable
div_units[0].fxp_div_inst/au_r_reg[14]/next_state
div_units[0].fxp_div_inst/au_r_reg[14]/synch_enable
div_units[0].fxp_div_inst/bu_r_reg[0]/next_state
div_units[0].fxp_div_inst/bu_r_reg[0]/synch_enable
div_units[0].fxp_div_inst/bu_r_reg[1]/next_state
div_units[0].fxp_div_inst/bu_r_reg[1]/synch_enable
div_units[0].fxp_div_inst/bu_r_reg[2]/next_state
div_units[0].fxp_div_inst/bu_r_reg[2]/synch_enable
div_units[0].fxp_div_inst/bu_r_reg[3]/next_state
div_units[0].fxp_div_inst/bu_r_reg[3]/synch_enable
div_units[0].fxp_div_inst/bu_r_reg[4]/next_state
div_units[0].fxp_div_inst/bu_r_reg[4]/synch_enable
div_units[0].fxp_div_inst/bu_r_reg[5]/next_state
div_units[0].fxp_div_inst/bu_r_reg[5]/synch_enable
div_units[0].fxp_div_inst/bu_r_reg[6]/next_state
div_units[0].fxp_div_inst/bu_r_reg[6]/synch_enable
div_units[0].fxp_div_inst/bu_r_reg[7]/next_state
div_units[0].fxp_div_inst/bu_r_reg[7]/synch_enable
div_units[0].fxp_div_inst/bu_r_reg[8]/next_state
div_units[0].fxp_div_inst/bu_r_reg[8]/synch_enable
div_units[0].fxp_div_inst/bu_r_reg[9]/next_state
div_units[0].fxp_div_inst/bu_r_reg[9]/synch_enable
div_units[0].fxp_div_inst/bu_r_reg[10]/next_state
div_units[0].fxp_div_inst/bu_r_reg[10]/synch_enable
div_units[0].fxp_div_inst/bu_r_reg[11]/next_state
div_units[0].fxp_div_inst/bu_r_reg[11]/synch_enable
div_units[0].fxp_div_inst/bu_r_reg[12]/next_state
div_units[0].fxp_div_inst/bu_r_reg[12]/synch_enable
div_units[0].fxp_div_inst/bu_r_reg[13]/next_state
div_units[0].fxp_div_inst/bu_r_reg[13]/synch_enable
div_units[0].fxp_div_inst/bu_r_reg[14]/next_state
div_units[0].fxp_div_inst/bu_r_reg[14]/synch_enable
div_units[0].fxp_div_inst/busy_r_reg/next_state
div_units[0].fxp_div_inst/busy_r_reg/synch_enable
div_units[0].fxp_div_inst/count_r_reg[0]/next_state
div_units[0].fxp_div_inst/count_r_reg[0]/synch_enable
div_units[0].fxp_div_inst/count_r_reg[1]/next_state
div_units[0].fxp_div_inst/count_r_reg[1]/synch_enable
div_units[0].fxp_div_inst/count_r_reg[2]/next_state
div_units[0].fxp_div_inst/count_r_reg[2]/synch_enable
div_units[0].fxp_div_inst/count_r_reg[3]/next_state
div_units[0].fxp_div_inst/count_r_reg[3]/synch_enable
div_units[0].fxp_div_inst/count_r_reg[4]/next_state
div_units[0].fxp_div_inst/count_r_reg[4]/synch_enable
div_units[0].fxp_div_inst/count_r_reg[5]/next_state
div_units[0].fxp_div_inst/count_r_reg[5]/synch_enable
div_units[0].fxp_div_inst/dbz_r_reg/next_state
div_units[0].fxp_div_inst/dbz_r_reg/synch_enable
div_units[0].fxp_div_inst/ovf_r_reg/next_state
div_units[0].fxp_div_inst/ovf_r_reg/synch_enable
div_units[0].fxp_div_inst/quo_r_reg[0]/next_state
div_units[0].fxp_div_inst/quo_r_reg[0]/synch_enable
div_units[0].fxp_div_inst/quo_r_reg[1]/next_state
div_units[0].fxp_div_inst/quo_r_reg[1]/synch_enable
div_units[0].fxp_div_inst/quo_r_reg[2]/next_state
div_units[0].fxp_div_inst/quo_r_reg[2]/synch_enable
div_units[0].fxp_div_inst/quo_r_reg[3]/next_state
div_units[0].fxp_div_inst/quo_r_reg[3]/synch_enable
div_units[0].fxp_div_inst/quo_r_reg[4]/next_state
div_units[0].fxp_div_inst/quo_r_reg[4]/synch_enable
div_units[0].fxp_div_inst/quo_r_reg[5]/next_state
div_units[0].fxp_div_inst/quo_r_reg[5]/synch_enable
div_units[0].fxp_div_inst/quo_r_reg[6]/next_state
div_units[0].fxp_div_inst/quo_r_reg[6]/synch_enable
div_units[0].fxp_div_inst/quo_r_reg[7]/next_state
div_units[0].fxp_div_inst/quo_r_reg[7]/synch_enable
div_units[0].fxp_div_inst/quo_r_reg[8]/next_state
div_units[0].fxp_div_inst/quo_r_reg[8]/synch_enable
div_units[0].fxp_div_inst/quo_r_reg[9]/next_state
div_units[0].fxp_div_inst/quo_r_reg[9]/synch_enable
div_units[0].fxp_div_inst/quo_r_reg[10]/next_state
div_units[0].fxp_div_inst/quo_r_reg[10]/synch_enable
div_units[0].fxp_div_inst/quo_r_reg[11]/next_state
div_units[0].fxp_div_inst/quo_r_reg[11]/synch_enable
div_units[0].fxp_div_inst/quo_r_reg[12]/next_state
div_units[0].fxp_div_inst/quo_r_reg[12]/synch_enable
div_units[0].fxp_div_inst/quo_r_reg[13]/next_state
div_units[0].fxp_div_inst/quo_r_reg[13]/synch_enable
div_units[0].fxp_div_inst/quo_r_reg[14]/next_state
div_units[0].fxp_div_inst/quo_r_reg[14]/synch_enable
div_units[0].fxp_div_inst/sig_diff_r_reg/next_state
div_units[0].fxp_div_inst/sig_diff_r_reg/synch_enable
div_units[0].fxp_div_inst/state_r_reg[0]/next_state
div_units[0].fxp_div_inst/state_r_reg[1]/next_state
div_units[0].fxp_div_inst/state_r_reg[2]/next_state
div_units[0].fxp_div_inst/val_r_reg[0]/next_state
div_units[0].fxp_div_inst/val_r_reg[0]/synch_enable
div_units[0].fxp_div_inst/val_r_reg[1]/next_state
div_units[0].fxp_div_inst/val_r_reg[1]/synch_enable
div_units[0].fxp_div_inst/val_r_reg[2]/next_state
div_units[0].fxp_div_inst/val_r_reg[2]/synch_enable
div_units[0].fxp_div_inst/val_r_reg[3]/next_state
div_units[0].fxp_div_inst/val_r_reg[3]/synch_enable
div_units[0].fxp_div_inst/val_r_reg[4]/next_state
div_units[0].fxp_div_inst/val_r_reg[4]/synch_enable
div_units[0].fxp_div_inst/val_r_reg[5]/next_state
div_units[0].fxp_div_inst/val_r_reg[5]/synch_enable
div_units[0].fxp_div_inst/val_r_reg[6]/next_state
div_units[0].fxp_div_inst/val_r_reg[6]/synch_enable
div_units[0].fxp_div_inst/val_r_reg[7]/next_state
div_units[0].fxp_div_inst/val_r_reg[7]/synch_enable
div_units[0].fxp_div_inst/val_r_reg[8]/next_state
div_units[0].fxp_div_inst/val_r_reg[8]/synch_enable
div_units[0].fxp_div_inst/val_r_reg[9]/next_state
div_units[0].fxp_div_inst/val_r_reg[9]/synch_enable
div_units[0].fxp_div_inst/val_r_reg[10]/next_state
div_units[0].fxp_div_inst/val_r_reg[10]/synch_enable
div_units[0].fxp_div_inst/val_r_reg[11]/next_state
div_units[0].fxp_div_inst/val_r_reg[11]/synch_enable
div_units[0].fxp_div_inst/val_r_reg[12]/next_state
div_units[0].fxp_div_inst/val_r_reg[12]/synch_enable
div_units[0].fxp_div_inst/val_r_reg[13]/next_state
div_units[0].fxp_div_inst/val_r_reg[13]/synch_enable
div_units[0].fxp_div_inst/val_r_reg[14]/next_state
div_units[0].fxp_div_inst/val_r_reg[14]/synch_enable
div_units[0].fxp_div_inst/val_r_reg[15]/next_state
div_units[0].fxp_div_inst/val_r_reg[15]/synch_enable
div_units[0].fxp_div_inst/valid_r_reg/next_state
div_units[0].fxp_div_inst/valid_r_reg/synch_enable
div_units[1].fxp_div_inst/acc_r_reg[0]/next_state
div_units[1].fxp_div_inst/acc_r_reg[0]/synch_enable
div_units[1].fxp_div_inst/acc_r_reg[1]/next_state
div_units[1].fxp_div_inst/acc_r_reg[1]/synch_enable
div_units[1].fxp_div_inst/acc_r_reg[2]/next_state
div_units[1].fxp_div_inst/acc_r_reg[2]/synch_enable
div_units[1].fxp_div_inst/acc_r_reg[3]/next_state
div_units[1].fxp_div_inst/acc_r_reg[3]/synch_enable
div_units[1].fxp_div_inst/acc_r_reg[4]/next_state
div_units[1].fxp_div_inst/acc_r_reg[4]/synch_enable
div_units[1].fxp_div_inst/acc_r_reg[5]/next_state
div_units[1].fxp_div_inst/acc_r_reg[5]/synch_enable
div_units[1].fxp_div_inst/acc_r_reg[6]/next_state
div_units[1].fxp_div_inst/acc_r_reg[6]/synch_enable
div_units[1].fxp_div_inst/acc_r_reg[7]/next_state
div_units[1].fxp_div_inst/acc_r_reg[7]/synch_enable
div_units[1].fxp_div_inst/acc_r_reg[8]/next_state
div_units[1].fxp_div_inst/acc_r_reg[8]/synch_enable
div_units[1].fxp_div_inst/acc_r_reg[9]/next_state
div_units[1].fxp_div_inst/acc_r_reg[9]/synch_enable
div_units[1].fxp_div_inst/acc_r_reg[10]/next_state
div_units[1].fxp_div_inst/acc_r_reg[10]/synch_enable
div_units[1].fxp_div_inst/acc_r_reg[11]/next_state
div_units[1].fxp_div_inst/acc_r_reg[11]/synch_enable
div_units[1].fxp_div_inst/acc_r_reg[12]/next_state
div_units[1].fxp_div_inst/acc_r_reg[12]/synch_enable
div_units[1].fxp_div_inst/acc_r_reg[13]/next_state
div_units[1].fxp_div_inst/acc_r_reg[13]/synch_enable
div_units[1].fxp_div_inst/acc_r_reg[14]/next_state
div_units[1].fxp_div_inst/acc_r_reg[14]/synch_enable
div_units[1].fxp_div_inst/acc_r_reg[15]/next_state
div_units[1].fxp_div_inst/acc_r_reg[15]/synch_enable
div_units[1].fxp_div_inst/au_r_reg[0]/next_state
div_units[1].fxp_div_inst/au_r_reg[0]/synch_enable
div_units[1].fxp_div_inst/au_r_reg[1]/next_state
div_units[1].fxp_div_inst/au_r_reg[1]/synch_enable
div_units[1].fxp_div_inst/au_r_reg[2]/next_state
div_units[1].fxp_div_inst/au_r_reg[2]/synch_enable
div_units[1].fxp_div_inst/au_r_reg[3]/next_state
div_units[1].fxp_div_inst/au_r_reg[3]/synch_enable
div_units[1].fxp_div_inst/au_r_reg[4]/next_state
div_units[1].fxp_div_inst/au_r_reg[4]/synch_enable
div_units[1].fxp_div_inst/au_r_reg[5]/next_state
div_units[1].fxp_div_inst/au_r_reg[5]/synch_enable
div_units[1].fxp_div_inst/au_r_reg[6]/next_state
div_units[1].fxp_div_inst/au_r_reg[6]/synch_enable
div_units[1].fxp_div_inst/au_r_reg[7]/next_state
div_units[1].fxp_div_inst/au_r_reg[7]/synch_enable
div_units[1].fxp_div_inst/au_r_reg[8]/next_state
div_units[1].fxp_div_inst/au_r_reg[8]/synch_enable
div_units[1].fxp_div_inst/au_r_reg[9]/next_state
div_units[1].fxp_div_inst/au_r_reg[9]/synch_enable
div_units[1].fxp_div_inst/au_r_reg[10]/next_state
div_units[1].fxp_div_inst/au_r_reg[10]/synch_enable
div_units[1].fxp_div_inst/au_r_reg[11]/next_state
div_units[1].fxp_div_inst/au_r_reg[11]/synch_enable
div_units[1].fxp_div_inst/au_r_reg[12]/next_state
div_units[1].fxp_div_inst/au_r_reg[12]/synch_enable
div_units[1].fxp_div_inst/au_r_reg[13]/next_state
div_units[1].fxp_div_inst/au_r_reg[13]/synch_enable
div_units[1].fxp_div_inst/au_r_reg[14]/next_state
div_units[1].fxp_div_inst/au_r_reg[14]/synch_enable
div_units[1].fxp_div_inst/bu_r_reg[0]/next_state
div_units[1].fxp_div_inst/bu_r_reg[0]/synch_enable
div_units[1].fxp_div_inst/bu_r_reg[1]/next_state
div_units[1].fxp_div_inst/bu_r_reg[1]/synch_enable
div_units[1].fxp_div_inst/bu_r_reg[2]/next_state
div_units[1].fxp_div_inst/bu_r_reg[2]/synch_enable
div_units[1].fxp_div_inst/bu_r_reg[3]/next_state
div_units[1].fxp_div_inst/bu_r_reg[3]/synch_enable
div_units[1].fxp_div_inst/bu_r_reg[4]/next_state
div_units[1].fxp_div_inst/bu_r_reg[4]/synch_enable
div_units[1].fxp_div_inst/bu_r_reg[5]/next_state
div_units[1].fxp_div_inst/bu_r_reg[5]/synch_enable
div_units[1].fxp_div_inst/bu_r_reg[6]/next_state
div_units[1].fxp_div_inst/bu_r_reg[6]/synch_enable
div_units[1].fxp_div_inst/bu_r_reg[7]/next_state
div_units[1].fxp_div_inst/bu_r_reg[7]/synch_enable
div_units[1].fxp_div_inst/bu_r_reg[8]/next_state
div_units[1].fxp_div_inst/bu_r_reg[8]/synch_enable
div_units[1].fxp_div_inst/bu_r_reg[9]/next_state
div_units[1].fxp_div_inst/bu_r_reg[9]/synch_enable
div_units[1].fxp_div_inst/bu_r_reg[10]/next_state
div_units[1].fxp_div_inst/bu_r_reg[10]/synch_enable
div_units[1].fxp_div_inst/bu_r_reg[11]/next_state
div_units[1].fxp_div_inst/bu_r_reg[11]/synch_enable
div_units[1].fxp_div_inst/bu_r_reg[12]/next_state
div_units[1].fxp_div_inst/bu_r_reg[12]/synch_enable
div_units[1].fxp_div_inst/bu_r_reg[13]/next_state
div_units[1].fxp_div_inst/bu_r_reg[13]/synch_enable
div_units[1].fxp_div_inst/bu_r_reg[14]/next_state
div_units[1].fxp_div_inst/bu_r_reg[14]/synch_enable
div_units[1].fxp_div_inst/busy_r_reg/next_state
div_units[1].fxp_div_inst/busy_r_reg/synch_enable
div_units[1].fxp_div_inst/count_r_reg[0]/next_state
div_units[1].fxp_div_inst/count_r_reg[0]/synch_enable
div_units[1].fxp_div_inst/count_r_reg[1]/next_state
div_units[1].fxp_div_inst/count_r_reg[1]/synch_enable
div_units[1].fxp_div_inst/count_r_reg[2]/next_state
div_units[1].fxp_div_inst/count_r_reg[2]/synch_enable
div_units[1].fxp_div_inst/count_r_reg[3]/next_state
div_units[1].fxp_div_inst/count_r_reg[3]/synch_enable
div_units[1].fxp_div_inst/count_r_reg[4]/next_state
div_units[1].fxp_div_inst/count_r_reg[4]/synch_enable
div_units[1].fxp_div_inst/count_r_reg[5]/next_state
div_units[1].fxp_div_inst/count_r_reg[5]/synch_enable
div_units[1].fxp_div_inst/dbz_r_reg/next_state
div_units[1].fxp_div_inst/dbz_r_reg/synch_enable
div_units[1].fxp_div_inst/ovf_r_reg/next_state
div_units[1].fxp_div_inst/ovf_r_reg/synch_enable
div_units[1].fxp_div_inst/quo_r_reg[0]/next_state
div_units[1].fxp_div_inst/quo_r_reg[0]/synch_enable
div_units[1].fxp_div_inst/quo_r_reg[1]/next_state
div_units[1].fxp_div_inst/quo_r_reg[1]/synch_enable
div_units[1].fxp_div_inst/quo_r_reg[2]/next_state
div_units[1].fxp_div_inst/quo_r_reg[2]/synch_enable
div_units[1].fxp_div_inst/quo_r_reg[3]/next_state
div_units[1].fxp_div_inst/quo_r_reg[3]/synch_enable
div_units[1].fxp_div_inst/quo_r_reg[4]/next_state
div_units[1].fxp_div_inst/quo_r_reg[4]/synch_enable
div_units[1].fxp_div_inst/quo_r_reg[5]/next_state
div_units[1].fxp_div_inst/quo_r_reg[5]/synch_enable
div_units[1].fxp_div_inst/quo_r_reg[6]/next_state
div_units[1].fxp_div_inst/quo_r_reg[6]/synch_enable
div_units[1].fxp_div_inst/quo_r_reg[7]/next_state
div_units[1].fxp_div_inst/quo_r_reg[7]/synch_enable
div_units[1].fxp_div_inst/quo_r_reg[8]/next_state
div_units[1].fxp_div_inst/quo_r_reg[8]/synch_enable
div_units[1].fxp_div_inst/quo_r_reg[9]/next_state
div_units[1].fxp_div_inst/quo_r_reg[9]/synch_enable
div_units[1].fxp_div_inst/quo_r_reg[10]/next_state
div_units[1].fxp_div_inst/quo_r_reg[10]/synch_enable
div_units[1].fxp_div_inst/quo_r_reg[11]/next_state
div_units[1].fxp_div_inst/quo_r_reg[11]/synch_enable
div_units[1].fxp_div_inst/quo_r_reg[12]/next_state
div_units[1].fxp_div_inst/quo_r_reg[12]/synch_enable
div_units[1].fxp_div_inst/quo_r_reg[13]/next_state
div_units[1].fxp_div_inst/quo_r_reg[13]/synch_enable
div_units[1].fxp_div_inst/quo_r_reg[14]/next_state
div_units[1].fxp_div_inst/quo_r_reg[14]/synch_enable
div_units[1].fxp_div_inst/sig_diff_r_reg/next_state
div_units[1].fxp_div_inst/sig_diff_r_reg/synch_enable
div_units[1].fxp_div_inst/state_r_reg[0]/next_state
div_units[1].fxp_div_inst/state_r_reg[1]/next_state
div_units[1].fxp_div_inst/state_r_reg[2]/next_state
div_units[1].fxp_div_inst/val_r_reg[0]/next_state
div_units[1].fxp_div_inst/val_r_reg[0]/synch_enable
div_units[1].fxp_div_inst/val_r_reg[1]/next_state
div_units[1].fxp_div_inst/val_r_reg[1]/synch_enable
div_units[1].fxp_div_inst/val_r_reg[2]/next_state
div_units[1].fxp_div_inst/val_r_reg[2]/synch_enable
div_units[1].fxp_div_inst/val_r_reg[3]/next_state
div_units[1].fxp_div_inst/val_r_reg[3]/synch_enable
div_units[1].fxp_div_inst/val_r_reg[4]/next_state
div_units[1].fxp_div_inst/val_r_reg[4]/synch_enable
div_units[1].fxp_div_inst/val_r_reg[5]/next_state
div_units[1].fxp_div_inst/val_r_reg[5]/synch_enable
div_units[1].fxp_div_inst/val_r_reg[6]/next_state
div_units[1].fxp_div_inst/val_r_reg[6]/synch_enable
div_units[1].fxp_div_inst/val_r_reg[7]/next_state
div_units[1].fxp_div_inst/val_r_reg[7]/synch_enable
div_units[1].fxp_div_inst/val_r_reg[8]/next_state
div_units[1].fxp_div_inst/val_r_reg[8]/synch_enable
div_units[1].fxp_div_inst/val_r_reg[9]/next_state
div_units[1].fxp_div_inst/val_r_reg[9]/synch_enable
div_units[1].fxp_div_inst/val_r_reg[10]/next_state
div_units[1].fxp_div_inst/val_r_reg[10]/synch_enable
div_units[1].fxp_div_inst/val_r_reg[11]/next_state
div_units[1].fxp_div_inst/val_r_reg[11]/synch_enable
div_units[1].fxp_div_inst/val_r_reg[12]/next_state
div_units[1].fxp_div_inst/val_r_reg[12]/synch_enable
div_units[1].fxp_div_inst/val_r_reg[13]/next_state
div_units[1].fxp_div_inst/val_r_reg[13]/synch_enable
div_units[1].fxp_div_inst/val_r_reg[14]/next_state
div_units[1].fxp_div_inst/val_r_reg[14]/synch_enable
div_units[1].fxp_div_inst/val_r_reg[15]/next_state
div_units[1].fxp_div_inst/val_r_reg[15]/synch_enable
div_units[1].fxp_div_inst/valid_r_reg/next_state
div_units[1].fxp_div_inst/valid_r_reg/synch_enable
div_units[2].fxp_div_inst/acc_r_reg[0]/next_state
div_units[2].fxp_div_inst/acc_r_reg[0]/synch_enable
div_units[2].fxp_div_inst/acc_r_reg[1]/next_state
div_units[2].fxp_div_inst/acc_r_reg[1]/synch_enable
div_units[2].fxp_div_inst/acc_r_reg[2]/next_state
div_units[2].fxp_div_inst/acc_r_reg[2]/synch_enable
div_units[2].fxp_div_inst/acc_r_reg[3]/next_state
div_units[2].fxp_div_inst/acc_r_reg[3]/synch_enable
div_units[2].fxp_div_inst/acc_r_reg[4]/next_state
div_units[2].fxp_div_inst/acc_r_reg[4]/synch_enable
div_units[2].fxp_div_inst/acc_r_reg[5]/next_state
div_units[2].fxp_div_inst/acc_r_reg[5]/synch_enable
div_units[2].fxp_div_inst/acc_r_reg[6]/next_state
div_units[2].fxp_div_inst/acc_r_reg[6]/synch_enable
div_units[2].fxp_div_inst/acc_r_reg[7]/next_state
div_units[2].fxp_div_inst/acc_r_reg[7]/synch_enable
div_units[2].fxp_div_inst/acc_r_reg[8]/next_state
div_units[2].fxp_div_inst/acc_r_reg[8]/synch_enable
div_units[2].fxp_div_inst/acc_r_reg[9]/next_state
div_units[2].fxp_div_inst/acc_r_reg[9]/synch_enable
div_units[2].fxp_div_inst/acc_r_reg[10]/next_state
div_units[2].fxp_div_inst/acc_r_reg[10]/synch_enable
div_units[2].fxp_div_inst/acc_r_reg[11]/next_state
div_units[2].fxp_div_inst/acc_r_reg[11]/synch_enable
div_units[2].fxp_div_inst/acc_r_reg[12]/next_state
div_units[2].fxp_div_inst/acc_r_reg[12]/synch_enable
div_units[2].fxp_div_inst/acc_r_reg[13]/next_state
div_units[2].fxp_div_inst/acc_r_reg[13]/synch_enable
div_units[2].fxp_div_inst/acc_r_reg[14]/next_state
div_units[2].fxp_div_inst/acc_r_reg[14]/synch_enable
div_units[2].fxp_div_inst/acc_r_reg[15]/next_state
div_units[2].fxp_div_inst/acc_r_reg[15]/synch_enable
div_units[2].fxp_div_inst/au_r_reg[0]/next_state
div_units[2].fxp_div_inst/au_r_reg[0]/synch_enable
div_units[2].fxp_div_inst/au_r_reg[1]/next_state
div_units[2].fxp_div_inst/au_r_reg[1]/synch_enable
div_units[2].fxp_div_inst/au_r_reg[2]/next_state
div_units[2].fxp_div_inst/au_r_reg[2]/synch_enable
div_units[2].fxp_div_inst/au_r_reg[3]/next_state
div_units[2].fxp_div_inst/au_r_reg[3]/synch_enable
div_units[2].fxp_div_inst/au_r_reg[4]/next_state
div_units[2].fxp_div_inst/au_r_reg[4]/synch_enable
div_units[2].fxp_div_inst/au_r_reg[5]/next_state
div_units[2].fxp_div_inst/au_r_reg[5]/synch_enable
div_units[2].fxp_div_inst/au_r_reg[6]/next_state
div_units[2].fxp_div_inst/au_r_reg[6]/synch_enable
div_units[2].fxp_div_inst/au_r_reg[7]/next_state
div_units[2].fxp_div_inst/au_r_reg[7]/synch_enable
div_units[2].fxp_div_inst/au_r_reg[8]/next_state
div_units[2].fxp_div_inst/au_r_reg[8]/synch_enable
div_units[2].fxp_div_inst/au_r_reg[9]/next_state
div_units[2].fxp_div_inst/au_r_reg[9]/synch_enable
div_units[2].fxp_div_inst/au_r_reg[10]/next_state
div_units[2].fxp_div_inst/au_r_reg[10]/synch_enable
div_units[2].fxp_div_inst/au_r_reg[11]/next_state
div_units[2].fxp_div_inst/au_r_reg[11]/synch_enable
div_units[2].fxp_div_inst/au_r_reg[12]/next_state
div_units[2].fxp_div_inst/au_r_reg[12]/synch_enable
div_units[2].fxp_div_inst/au_r_reg[13]/next_state
div_units[2].fxp_div_inst/au_r_reg[13]/synch_enable
div_units[2].fxp_div_inst/au_r_reg[14]/next_state
div_units[2].fxp_div_inst/au_r_reg[14]/synch_enable
div_units[2].fxp_div_inst/bu_r_reg[0]/next_state
div_units[2].fxp_div_inst/bu_r_reg[0]/synch_enable
div_units[2].fxp_div_inst/bu_r_reg[1]/next_state
div_units[2].fxp_div_inst/bu_r_reg[1]/synch_enable
div_units[2].fxp_div_inst/bu_r_reg[2]/next_state
div_units[2].fxp_div_inst/bu_r_reg[2]/synch_enable
div_units[2].fxp_div_inst/bu_r_reg[3]/next_state
div_units[2].fxp_div_inst/bu_r_reg[3]/synch_enable
div_units[2].fxp_div_inst/bu_r_reg[4]/next_state
div_units[2].fxp_div_inst/bu_r_reg[4]/synch_enable
div_units[2].fxp_div_inst/bu_r_reg[5]/next_state
div_units[2].fxp_div_inst/bu_r_reg[5]/synch_enable
div_units[2].fxp_div_inst/bu_r_reg[6]/next_state
div_units[2].fxp_div_inst/bu_r_reg[6]/synch_enable
div_units[2].fxp_div_inst/bu_r_reg[7]/next_state
div_units[2].fxp_div_inst/bu_r_reg[7]/synch_enable
div_units[2].fxp_div_inst/bu_r_reg[8]/next_state
div_units[2].fxp_div_inst/bu_r_reg[8]/synch_enable
div_units[2].fxp_div_inst/bu_r_reg[9]/next_state
div_units[2].fxp_div_inst/bu_r_reg[9]/synch_enable
div_units[2].fxp_div_inst/bu_r_reg[10]/next_state
div_units[2].fxp_div_inst/bu_r_reg[10]/synch_enable
div_units[2].fxp_div_inst/bu_r_reg[11]/next_state
div_units[2].fxp_div_inst/bu_r_reg[11]/synch_enable
div_units[2].fxp_div_inst/bu_r_reg[12]/next_state
div_units[2].fxp_div_inst/bu_r_reg[12]/synch_enable
div_units[2].fxp_div_inst/bu_r_reg[13]/next_state
div_units[2].fxp_div_inst/bu_r_reg[13]/synch_enable
div_units[2].fxp_div_inst/bu_r_reg[14]/next_state
div_units[2].fxp_div_inst/bu_r_reg[14]/synch_enable
div_units[2].fxp_div_inst/busy_r_reg/next_state
div_units[2].fxp_div_inst/busy_r_reg/synch_enable
div_units[2].fxp_div_inst/count_r_reg[0]/next_state
div_units[2].fxp_div_inst/count_r_reg[0]/synch_enable
div_units[2].fxp_div_inst/count_r_reg[1]/next_state
div_units[2].fxp_div_inst/count_r_reg[1]/synch_enable
div_units[2].fxp_div_inst/count_r_reg[2]/next_state
div_units[2].fxp_div_inst/count_r_reg[2]/synch_enable
div_units[2].fxp_div_inst/count_r_reg[3]/next_state
div_units[2].fxp_div_inst/count_r_reg[3]/synch_enable
div_units[2].fxp_div_inst/count_r_reg[4]/next_state
div_units[2].fxp_div_inst/count_r_reg[4]/synch_enable
div_units[2].fxp_div_inst/count_r_reg[5]/next_state
div_units[2].fxp_div_inst/count_r_reg[5]/synch_enable
div_units[2].fxp_div_inst/dbz_r_reg/next_state
div_units[2].fxp_div_inst/dbz_r_reg/synch_enable
div_units[2].fxp_div_inst/ovf_r_reg/next_state
div_units[2].fxp_div_inst/ovf_r_reg/synch_enable
div_units[2].fxp_div_inst/quo_r_reg[0]/next_state
div_units[2].fxp_div_inst/quo_r_reg[0]/synch_enable
div_units[2].fxp_div_inst/quo_r_reg[1]/next_state
div_units[2].fxp_div_inst/quo_r_reg[1]/synch_enable
div_units[2].fxp_div_inst/quo_r_reg[2]/next_state
div_units[2].fxp_div_inst/quo_r_reg[2]/synch_enable
div_units[2].fxp_div_inst/quo_r_reg[3]/next_state
div_units[2].fxp_div_inst/quo_r_reg[3]/synch_enable
div_units[2].fxp_div_inst/quo_r_reg[4]/next_state
div_units[2].fxp_div_inst/quo_r_reg[4]/synch_enable
div_units[2].fxp_div_inst/quo_r_reg[5]/next_state
div_units[2].fxp_div_inst/quo_r_reg[5]/synch_enable
div_units[2].fxp_div_inst/quo_r_reg[6]/next_state
div_units[2].fxp_div_inst/quo_r_reg[6]/synch_enable
div_units[2].fxp_div_inst/quo_r_reg[7]/next_state
div_units[2].fxp_div_inst/quo_r_reg[7]/synch_enable
div_units[2].fxp_div_inst/quo_r_reg[8]/next_state
div_units[2].fxp_div_inst/quo_r_reg[8]/synch_enable
div_units[2].fxp_div_inst/quo_r_reg[9]/next_state
div_units[2].fxp_div_inst/quo_r_reg[9]/synch_enable
div_units[2].fxp_div_inst/quo_r_reg[10]/next_state
div_units[2].fxp_div_inst/quo_r_reg[10]/synch_enable
div_units[2].fxp_div_inst/quo_r_reg[11]/next_state
div_units[2].fxp_div_inst/quo_r_reg[11]/synch_enable
div_units[2].fxp_div_inst/quo_r_reg[12]/next_state
div_units[2].fxp_div_inst/quo_r_reg[12]/synch_enable
div_units[2].fxp_div_inst/quo_r_reg[13]/next_state
div_units[2].fxp_div_inst/quo_r_reg[13]/synch_enable
div_units[2].fxp_div_inst/quo_r_reg[14]/next_state
div_units[2].fxp_div_inst/quo_r_reg[14]/synch_enable
div_units[2].fxp_div_inst/sig_diff_r_reg/next_state
div_units[2].fxp_div_inst/sig_diff_r_reg/synch_enable
div_units[2].fxp_div_inst/state_r_reg[0]/next_state
div_units[2].fxp_div_inst/state_r_reg[1]/next_state
div_units[2].fxp_div_inst/state_r_reg[2]/next_state
div_units[2].fxp_div_inst/val_r_reg[0]/next_state
div_units[2].fxp_div_inst/val_r_reg[0]/synch_enable
div_units[2].fxp_div_inst/val_r_reg[1]/next_state
div_units[2].fxp_div_inst/val_r_reg[1]/synch_enable
div_units[2].fxp_div_inst/val_r_reg[2]/next_state
div_units[2].fxp_div_inst/val_r_reg[2]/synch_enable
div_units[2].fxp_div_inst/val_r_reg[3]/next_state
div_units[2].fxp_div_inst/val_r_reg[3]/synch_enable
div_units[2].fxp_div_inst/val_r_reg[4]/next_state
div_units[2].fxp_div_inst/val_r_reg[4]/synch_enable
div_units[2].fxp_div_inst/val_r_reg[5]/next_state
div_units[2].fxp_div_inst/val_r_reg[5]/synch_enable
div_units[2].fxp_div_inst/val_r_reg[6]/next_state
div_units[2].fxp_div_inst/val_r_reg[6]/synch_enable
div_units[2].fxp_div_inst/val_r_reg[7]/next_state
div_units[2].fxp_div_inst/val_r_reg[7]/synch_enable
div_units[2].fxp_div_inst/val_r_reg[8]/next_state
div_units[2].fxp_div_inst/val_r_reg[8]/synch_enable
div_units[2].fxp_div_inst/val_r_reg[9]/next_state
div_units[2].fxp_div_inst/val_r_reg[9]/synch_enable
div_units[2].fxp_div_inst/val_r_reg[10]/next_state
div_units[2].fxp_div_inst/val_r_reg[10]/synch_enable
div_units[2].fxp_div_inst/val_r_reg[11]/next_state
div_units[2].fxp_div_inst/val_r_reg[11]/synch_enable
div_units[2].fxp_div_inst/val_r_reg[12]/next_state
div_units[2].fxp_div_inst/val_r_reg[12]/synch_enable
div_units[2].fxp_div_inst/val_r_reg[13]/next_state
div_units[2].fxp_div_inst/val_r_reg[13]/synch_enable
div_units[2].fxp_div_inst/val_r_reg[14]/next_state
div_units[2].fxp_div_inst/val_r_reg[14]/synch_enable
div_units[2].fxp_div_inst/val_r_reg[15]/next_state
div_units[2].fxp_div_inst/val_r_reg[15]/synch_enable
div_units[2].fxp_div_inst/valid_r_reg/next_state
div_units[2].fxp_div_inst/valid_r_reg/synch_enable
div_units[3].fxp_div_inst/acc_r_reg[0]/next_state
div_units[3].fxp_div_inst/acc_r_reg[0]/synch_enable
div_units[3].fxp_div_inst/acc_r_reg[1]/next_state
div_units[3].fxp_div_inst/acc_r_reg[1]/synch_enable
div_units[3].fxp_div_inst/acc_r_reg[2]/next_state
div_units[3].fxp_div_inst/acc_r_reg[2]/synch_enable
div_units[3].fxp_div_inst/acc_r_reg[3]/next_state
div_units[3].fxp_div_inst/acc_r_reg[3]/synch_enable
div_units[3].fxp_div_inst/acc_r_reg[4]/next_state
div_units[3].fxp_div_inst/acc_r_reg[4]/synch_enable
div_units[3].fxp_div_inst/acc_r_reg[5]/next_state
div_units[3].fxp_div_inst/acc_r_reg[5]/synch_enable
div_units[3].fxp_div_inst/acc_r_reg[6]/next_state
div_units[3].fxp_div_inst/acc_r_reg[6]/synch_enable
div_units[3].fxp_div_inst/acc_r_reg[7]/next_state
div_units[3].fxp_div_inst/acc_r_reg[7]/synch_enable
div_units[3].fxp_div_inst/acc_r_reg[8]/next_state
div_units[3].fxp_div_inst/acc_r_reg[8]/synch_enable
div_units[3].fxp_div_inst/acc_r_reg[9]/next_state
div_units[3].fxp_div_inst/acc_r_reg[9]/synch_enable
div_units[3].fxp_div_inst/acc_r_reg[10]/next_state
div_units[3].fxp_div_inst/acc_r_reg[10]/synch_enable
div_units[3].fxp_div_inst/acc_r_reg[11]/next_state
div_units[3].fxp_div_inst/acc_r_reg[11]/synch_enable
div_units[3].fxp_div_inst/acc_r_reg[12]/next_state
div_units[3].fxp_div_inst/acc_r_reg[12]/synch_enable
div_units[3].fxp_div_inst/acc_r_reg[13]/next_state
div_units[3].fxp_div_inst/acc_r_reg[13]/synch_enable
div_units[3].fxp_div_inst/acc_r_reg[14]/next_state
div_units[3].fxp_div_inst/acc_r_reg[14]/synch_enable
div_units[3].fxp_div_inst/acc_r_reg[15]/next_state
div_units[3].fxp_div_inst/acc_r_reg[15]/synch_enable
div_units[3].fxp_div_inst/au_r_reg[0]/next_state
div_units[3].fxp_div_inst/au_r_reg[0]/synch_enable
div_units[3].fxp_div_inst/au_r_reg[1]/next_state
div_units[3].fxp_div_inst/au_r_reg[1]/synch_enable
div_units[3].fxp_div_inst/au_r_reg[2]/next_state
div_units[3].fxp_div_inst/au_r_reg[2]/synch_enable
div_units[3].fxp_div_inst/au_r_reg[3]/next_state
div_units[3].fxp_div_inst/au_r_reg[3]/synch_enable
div_units[3].fxp_div_inst/au_r_reg[4]/next_state
div_units[3].fxp_div_inst/au_r_reg[4]/synch_enable
div_units[3].fxp_div_inst/au_r_reg[5]/next_state
div_units[3].fxp_div_inst/au_r_reg[5]/synch_enable
div_units[3].fxp_div_inst/au_r_reg[6]/next_state
div_units[3].fxp_div_inst/au_r_reg[6]/synch_enable
div_units[3].fxp_div_inst/au_r_reg[7]/next_state
div_units[3].fxp_div_inst/au_r_reg[7]/synch_enable
div_units[3].fxp_div_inst/au_r_reg[8]/next_state
div_units[3].fxp_div_inst/au_r_reg[8]/synch_enable
div_units[3].fxp_div_inst/au_r_reg[9]/next_state
div_units[3].fxp_div_inst/au_r_reg[9]/synch_enable
div_units[3].fxp_div_inst/au_r_reg[10]/next_state
div_units[3].fxp_div_inst/au_r_reg[10]/synch_enable
div_units[3].fxp_div_inst/au_r_reg[11]/next_state
div_units[3].fxp_div_inst/au_r_reg[11]/synch_enable
div_units[3].fxp_div_inst/au_r_reg[12]/next_state
div_units[3].fxp_div_inst/au_r_reg[12]/synch_enable
div_units[3].fxp_div_inst/au_r_reg[13]/next_state
div_units[3].fxp_div_inst/au_r_reg[13]/synch_enable
div_units[3].fxp_div_inst/au_r_reg[14]/next_state
div_units[3].fxp_div_inst/au_r_reg[14]/synch_enable
div_units[3].fxp_div_inst/bu_r_reg[0]/next_state
div_units[3].fxp_div_inst/bu_r_reg[0]/synch_enable
div_units[3].fxp_div_inst/bu_r_reg[1]/next_state
div_units[3].fxp_div_inst/bu_r_reg[1]/synch_enable
div_units[3].fxp_div_inst/bu_r_reg[2]/next_state
div_units[3].fxp_div_inst/bu_r_reg[2]/synch_enable
div_units[3].fxp_div_inst/bu_r_reg[3]/next_state
div_units[3].fxp_div_inst/bu_r_reg[3]/synch_enable
div_units[3].fxp_div_inst/bu_r_reg[4]/next_state
div_units[3].fxp_div_inst/bu_r_reg[4]/synch_enable
div_units[3].fxp_div_inst/bu_r_reg[5]/next_state
div_units[3].fxp_div_inst/bu_r_reg[5]/synch_enable
div_units[3].fxp_div_inst/bu_r_reg[6]/next_state
div_units[3].fxp_div_inst/bu_r_reg[6]/synch_enable
div_units[3].fxp_div_inst/bu_r_reg[7]/next_state
div_units[3].fxp_div_inst/bu_r_reg[7]/synch_enable
div_units[3].fxp_div_inst/bu_r_reg[8]/next_state
div_units[3].fxp_div_inst/bu_r_reg[8]/synch_enable
div_units[3].fxp_div_inst/bu_r_reg[9]/next_state
div_units[3].fxp_div_inst/bu_r_reg[9]/synch_enable
div_units[3].fxp_div_inst/bu_r_reg[10]/next_state
div_units[3].fxp_div_inst/bu_r_reg[10]/synch_enable
div_units[3].fxp_div_inst/bu_r_reg[11]/next_state
div_units[3].fxp_div_inst/bu_r_reg[11]/synch_enable
div_units[3].fxp_div_inst/bu_r_reg[12]/next_state
div_units[3].fxp_div_inst/bu_r_reg[12]/synch_enable
div_units[3].fxp_div_inst/bu_r_reg[13]/next_state
div_units[3].fxp_div_inst/bu_r_reg[13]/synch_enable
div_units[3].fxp_div_inst/bu_r_reg[14]/next_state
div_units[3].fxp_div_inst/bu_r_reg[14]/synch_enable
div_units[3].fxp_div_inst/busy_r_reg/next_state
div_units[3].fxp_div_inst/busy_r_reg/synch_enable
div_units[3].fxp_div_inst/count_r_reg[0]/next_state
div_units[3].fxp_div_inst/count_r_reg[0]/synch_enable
div_units[3].fxp_div_inst/count_r_reg[1]/next_state
div_units[3].fxp_div_inst/count_r_reg[1]/synch_enable
div_units[3].fxp_div_inst/count_r_reg[2]/next_state
div_units[3].fxp_div_inst/count_r_reg[2]/synch_enable
div_units[3].fxp_div_inst/count_r_reg[3]/next_state
div_units[3].fxp_div_inst/count_r_reg[3]/synch_enable
div_units[3].fxp_div_inst/count_r_reg[4]/next_state
div_units[3].fxp_div_inst/count_r_reg[4]/synch_enable
div_units[3].fxp_div_inst/count_r_reg[5]/next_state
div_units[3].fxp_div_inst/count_r_reg[5]/synch_enable
div_units[3].fxp_div_inst/dbz_r_reg/next_state
div_units[3].fxp_div_inst/dbz_r_reg/synch_enable
div_units[3].fxp_div_inst/ovf_r_reg/next_state
div_units[3].fxp_div_inst/ovf_r_reg/synch_enable
div_units[3].fxp_div_inst/quo_r_reg[0]/next_state
div_units[3].fxp_div_inst/quo_r_reg[0]/synch_enable
div_units[3].fxp_div_inst/quo_r_reg[1]/next_state
div_units[3].fxp_div_inst/quo_r_reg[1]/synch_enable
div_units[3].fxp_div_inst/quo_r_reg[2]/next_state
div_units[3].fxp_div_inst/quo_r_reg[2]/synch_enable
div_units[3].fxp_div_inst/quo_r_reg[3]/next_state
div_units[3].fxp_div_inst/quo_r_reg[3]/synch_enable
div_units[3].fxp_div_inst/quo_r_reg[4]/next_state
div_units[3].fxp_div_inst/quo_r_reg[4]/synch_enable
div_units[3].fxp_div_inst/quo_r_reg[5]/next_state
div_units[3].fxp_div_inst/quo_r_reg[5]/synch_enable
div_units[3].fxp_div_inst/quo_r_reg[6]/next_state
div_units[3].fxp_div_inst/quo_r_reg[6]/synch_enable
div_units[3].fxp_div_inst/quo_r_reg[7]/next_state
div_units[3].fxp_div_inst/quo_r_reg[7]/synch_enable
div_units[3].fxp_div_inst/quo_r_reg[8]/next_state
div_units[3].fxp_div_inst/quo_r_reg[8]/synch_enable
div_units[3].fxp_div_inst/quo_r_reg[9]/next_state
div_units[3].fxp_div_inst/quo_r_reg[9]/synch_enable
div_units[3].fxp_div_inst/quo_r_reg[10]/next_state
div_units[3].fxp_div_inst/quo_r_reg[10]/synch_enable
div_units[3].fxp_div_inst/quo_r_reg[11]/next_state
div_units[3].fxp_div_inst/quo_r_reg[11]/synch_enable
div_units[3].fxp_div_inst/quo_r_reg[12]/next_state
div_units[3].fxp_div_inst/quo_r_reg[12]/synch_enable
div_units[3].fxp_div_inst/quo_r_reg[13]/next_state
div_units[3].fxp_div_inst/quo_r_reg[13]/synch_enable
div_units[3].fxp_div_inst/quo_r_reg[14]/next_state
div_units[3].fxp_div_inst/quo_r_reg[14]/synch_enable
div_units[3].fxp_div_inst/sig_diff_r_reg/next_state
div_units[3].fxp_div_inst/sig_diff_r_reg/synch_enable
div_units[3].fxp_div_inst/state_r_reg[0]/next_state
div_units[3].fxp_div_inst/state_r_reg[1]/next_state
div_units[3].fxp_div_inst/state_r_reg[2]/next_state
div_units[3].fxp_div_inst/val_r_reg[0]/next_state
div_units[3].fxp_div_inst/val_r_reg[0]/synch_enable
div_units[3].fxp_div_inst/val_r_reg[1]/next_state
div_units[3].fxp_div_inst/val_r_reg[1]/synch_enable
div_units[3].fxp_div_inst/val_r_reg[2]/next_state
div_units[3].fxp_div_inst/val_r_reg[2]/synch_enable
div_units[3].fxp_div_inst/val_r_reg[3]/next_state
div_units[3].fxp_div_inst/val_r_reg[3]/synch_enable
div_units[3].fxp_div_inst/val_r_reg[4]/next_state
div_units[3].fxp_div_inst/val_r_reg[4]/synch_enable
div_units[3].fxp_div_inst/val_r_reg[5]/next_state
div_units[3].fxp_div_inst/val_r_reg[5]/synch_enable
div_units[3].fxp_div_inst/val_r_reg[6]/next_state
div_units[3].fxp_div_inst/val_r_reg[6]/synch_enable
div_units[3].fxp_div_inst/val_r_reg[7]/next_state
div_units[3].fxp_div_inst/val_r_reg[7]/synch_enable
div_units[3].fxp_div_inst/val_r_reg[8]/next_state
div_units[3].fxp_div_inst/val_r_reg[8]/synch_enable
div_units[3].fxp_div_inst/val_r_reg[9]/next_state
div_units[3].fxp_div_inst/val_r_reg[9]/synch_enable
div_units[3].fxp_div_inst/val_r_reg[10]/next_state
div_units[3].fxp_div_inst/val_r_reg[10]/synch_enable
div_units[3].fxp_div_inst/val_r_reg[11]/next_state
div_units[3].fxp_div_inst/val_r_reg[11]/synch_enable
div_units[3].fxp_div_inst/val_r_reg[12]/next_state
div_units[3].fxp_div_inst/val_r_reg[12]/synch_enable
div_units[3].fxp_div_inst/val_r_reg[13]/next_state
div_units[3].fxp_div_inst/val_r_reg[13]/synch_enable
div_units[3].fxp_div_inst/val_r_reg[14]/next_state
div_units[3].fxp_div_inst/val_r_reg[14]/synch_enable
div_units[3].fxp_div_inst/val_r_reg[15]/next_state
div_units[3].fxp_div_inst/val_r_reg[15]/synch_enable
div_units[3].fxp_div_inst/valid_r_reg/next_state
div_units[3].fxp_div_inst/valid_r_reg/synch_enable
done
done_reg/next_state
out[0][0]
out[0][1]
out[0][2]
out[0][3]
out[0][4]
out[0][5]
out[0][6]
out[0][7]
out[0][8]
out[0][9]
out[0][10]
out[0][11]
out[0][12]
out[0][13]
out[0][14]
out[0][15]
out[1][0]
out[1][1]
out[1][2]
out[1][3]
out[1][4]
out[1][5]
out[1][6]
out[1][7]
out[1][8]
out[1][9]
out[1][10]
out[1][11]
out[1][12]
out[1][13]
out[1][14]
out[1][15]
out[2][0]
out[2][1]
out[2][2]
out[2][3]
out[2][4]
out[2][5]
out[2][6]
out[2][7]
out[2][8]
out[2][9]
out[2][10]
out[2][11]
out[2][12]
out[2][13]
out[2][14]
out[2][15]
out[3][0]
out[3][1]
out[3][2]
out[3][3]
out[3][4]
out[3][5]
out[3][6]
out[3][7]
out[3][8]
out[3][9]
out[3][10]
out[3][11]
out[3][12]
out[3][13]
out[3][14]
out[3][15]
out_r_reg[0][0]/next_state
out_r_reg[0][0]/synch_enable
out_r_reg[0][1]/next_state
out_r_reg[0][1]/synch_enable
out_r_reg[0][2]/next_state
out_r_reg[0][2]/synch_enable
out_r_reg[0][3]/next_state
out_r_reg[0][3]/synch_enable
out_r_reg[0][4]/next_state
out_r_reg[0][4]/synch_enable
out_r_reg[0][5]/next_state
out_r_reg[0][5]/synch_enable
out_r_reg[0][6]/next_state
out_r_reg[0][6]/synch_enable
out_r_reg[0][7]/next_state
out_r_reg[0][7]/synch_enable
out_r_reg[0][8]/next_state
out_r_reg[0][8]/synch_enable
out_r_reg[0][9]/next_state
out_r_reg[0][9]/synch_enable
out_r_reg[0][10]/next_state
out_r_reg[0][10]/synch_enable
out_r_reg[0][11]/next_state
out_r_reg[0][11]/synch_enable
out_r_reg[0][12]/next_state
out_r_reg[0][12]/synch_enable
out_r_reg[0][13]/next_state
out_r_reg[0][13]/synch_enable
out_r_reg[0][14]/next_state
out_r_reg[0][14]/synch_enable
out_r_reg[0][15]/next_state
out_r_reg[0][15]/synch_enable
out_r_reg[1][0]/next_state
out_r_reg[1][0]/synch_enable
out_r_reg[1][1]/next_state
out_r_reg[1][1]/synch_enable
out_r_reg[1][2]/next_state
out_r_reg[1][2]/synch_enable
out_r_reg[1][3]/next_state
out_r_reg[1][3]/synch_enable
out_r_reg[1][4]/next_state
out_r_reg[1][4]/synch_enable
out_r_reg[1][5]/next_state
out_r_reg[1][5]/synch_enable
out_r_reg[1][6]/next_state
out_r_reg[1][6]/synch_enable
out_r_reg[1][7]/next_state
out_r_reg[1][7]/synch_enable
out_r_reg[1][8]/next_state
out_r_reg[1][8]/synch_enable
out_r_reg[1][9]/next_state
out_r_reg[1][9]/synch_enable
out_r_reg[1][10]/next_state
out_r_reg[1][10]/synch_enable
out_r_reg[1][11]/next_state
out_r_reg[1][11]/synch_enable
out_r_reg[1][12]/next_state
out_r_reg[1][12]/synch_enable
out_r_reg[1][13]/next_state
out_r_reg[1][13]/synch_enable
out_r_reg[1][14]/next_state
out_r_reg[1][14]/synch_enable
out_r_reg[1][15]/next_state
out_r_reg[1][15]/synch_enable
out_r_reg[2][0]/next_state
out_r_reg[2][0]/synch_enable
out_r_reg[2][1]/next_state
out_r_reg[2][1]/synch_enable
out_r_reg[2][2]/next_state
out_r_reg[2][2]/synch_enable
out_r_reg[2][3]/next_state
out_r_reg[2][3]/synch_enable
out_r_reg[2][4]/next_state
out_r_reg[2][4]/synch_enable
out_r_reg[2][5]/next_state
out_r_reg[2][5]/synch_enable
out_r_reg[2][6]/next_state
out_r_reg[2][6]/synch_enable
out_r_reg[2][7]/next_state
out_r_reg[2][7]/synch_enable
out_r_reg[2][8]/next_state
out_r_reg[2][8]/synch_enable
out_r_reg[2][9]/next_state
out_r_reg[2][9]/synch_enable
out_r_reg[2][10]/next_state
out_r_reg[2][10]/synch_enable
out_r_reg[2][11]/next_state
out_r_reg[2][11]/synch_enable
out_r_reg[2][12]/next_state
out_r_reg[2][12]/synch_enable
out_r_reg[2][13]/next_state
out_r_reg[2][13]/synch_enable
out_r_reg[2][14]/next_state
out_r_reg[2][14]/synch_enable
out_r_reg[2][15]/next_state
out_r_reg[2][15]/synch_enable
out_r_reg[3][0]/next_state
out_r_reg[3][0]/synch_enable
out_r_reg[3][1]/next_state
out_r_reg[3][1]/synch_enable
out_r_reg[3][2]/next_state
out_r_reg[3][2]/synch_enable
out_r_reg[3][3]/next_state
out_r_reg[3][3]/synch_enable
out_r_reg[3][4]/next_state
out_r_reg[3][4]/synch_enable
out_r_reg[3][5]/next_state
out_r_reg[3][5]/synch_enable
out_r_reg[3][6]/next_state
out_r_reg[3][6]/synch_enable
out_r_reg[3][7]/next_state
out_r_reg[3][7]/synch_enable
out_r_reg[3][8]/next_state
out_r_reg[3][8]/synch_enable
out_r_reg[3][9]/next_state
out_r_reg[3][9]/synch_enable
out_r_reg[3][10]/next_state
out_r_reg[3][10]/synch_enable
out_r_reg[3][11]/next_state
out_r_reg[3][11]/synch_enable
out_r_reg[3][12]/next_state
out_r_reg[3][12]/synch_enable
out_r_reg[3][13]/next_state
out_r_reg[3][13]/synch_enable
out_r_reg[3][14]/next_state
out_r_reg[3][14]/synch_enable
out_r_reg[3][15]/next_state
out_r_reg[3][15]/synch_enable
ovf
ovf_r_reg/next_state
ovf_r_reg/synch_enable
state_reg[0]/next_state
state_reg[0]/synch_enable
state_reg[1]/next_state
state_reg[1]/synch_enable

Information: Checking pulse_clock_cell_type...

Information: Checking no_driving_cell...

Information: Checking partial_input_delay...
1
