Information: Propagating switching activity (low effort zero delay simulation). (PWR-6)
Warning: There is no defined clock in the design. (PWR-80)
Warning: Design has unannotated primary inputs. (PWR-414)
Warning: Design has unannotated sequential cell outputs. (PWR-415)
 
****************************************
Report : power
        -analysis_effort low
Design : vec_div
Version: V-2023.12-SP5
Date   : Thu Dec  5 18:18:40 2024
****************************************


Library(s) Used:

    saed32rvt_tt1p05v25c (File: /afs/umich.edu/class/eecs598-002/SAED32/SAED32_EDK/lib/stdcell_rvt/db_ccs/saed32rvt_tt1p05v25c.db)


Operating Conditions: tt1p05v25c   Library: saed32rvt_tt1p05v25c
Wire Load Model Mode: enclosed

Design        Wire Load Model            Library
------------------------------------------------
vec_div                16000             saed32rvt_tt1p05v25c


Global Operating Voltage = 1.05 
Power-specific unit information :
    Voltage Units = 1V
    Capacitance Units = 1.000000ff
    Time Units = 1ns
    Dynamic Power Units = 1uW    (derived from V,C,T units)
    Leakage Power Units = 1pW


Attributes
----------
i - Including register clock pin internal power


  Cell Internal Power  = 121.8892 uW   (27%)
  Net Switching Power  = 327.8623 uW   (73%)
                         ---------
Total Dynamic Power    = 449.7516 uW  (100%)

Cell Leakage Power     = 228.1905 uW

Information: report_power power group summary does not include estimated clock tree power. (PWR-789)

                 Internal         Switching           Leakage            Total
Power Group      Power            Power               Power              Power   (   %    )  Attrs
--------------------------------------------------------------------------------------------------
io_pad             0.0000            0.0000            0.0000            0.0000  (   0.00%)
memory             0.0000            0.0000            0.0000            0.0000  (   0.00%)
black_box          0.0000            0.0000            0.0000            0.0000  (   0.00%)
clock_network      0.0000            0.0000            0.0000            0.0000  (   0.00%)  i
register           0.0000            0.0000            0.0000            0.0000  (   0.00%)
sequential        84.4578           11.0038        8.9716e+07          185.1776  (  27.31%)
combinational     37.4315          316.8594        1.3847e+08          492.7637  (  72.69%)
--------------------------------------------------------------------------------------------------
Total            121.8893 uW       327.8631 uW     2.2819e+08 pW       677.9413 uW
1
