 
****************************************
check_design summary:
Version:     V-2023.12-SP5
Date:        Thu Dec  5 23:57:40 2024
****************************************

                   Name                                            Total
--------------------------------------------------------------------------------
Cells                                                               1
    Cells do not drive (LINT-1)                                     1

Nets                                                               48
    Unloaded nets (LINT-2)                                         48
--------------------------------------------------------------------------------

Warning: In design 'sigmoid_unit_N16_R6', cell 'B_256' does not drive any nets. (LINT-1)
Warning: In design 'vec_silu', net 'vm/net2095' driven by pin 'vm/mult_14/Z_0' has no loads. (LINT-2)
Warning: In design 'vec_silu', net 'vm/net2094' driven by pin 'vm/mult_14/Z_1' has no loads. (LINT-2)
Warning: In design 'vec_silu', net 'vm/net2093' driven by pin 'vm/mult_14/Z_2' has no loads. (LINT-2)
Warning: In design 'vec_silu', net 'vm/net2092' driven by pin 'vm/mult_14/Z_3' has no loads. (LINT-2)
Warning: In design 'vec_silu', net 'vm/net2091' driven by pin 'vm/mult_14/Z_4' has no loads. (LINT-2)
Warning: In design 'vec_silu', net 'vm/net2090' driven by pin 'vm/mult_14/Z_5' has no loads. (LINT-2)
Warning: In design 'vec_silu', net 'vm/net2089' driven by pin 'vm/mult_14_I2/Z_0' has no loads. (LINT-2)
Warning: In design 'vec_silu', net 'vm/net2088' driven by pin 'vm/mult_14_I2/Z_1' has no loads. (LINT-2)
Warning: In design 'vec_silu', net 'vm/net2087' driven by pin 'vm/mult_14_I2/Z_2' has no loads. (LINT-2)
Warning: In design 'vec_silu', net 'vm/net2086' driven by pin 'vm/mult_14_I2/Z_3' has no loads. (LINT-2)
Warning: In design 'vec_silu', net 'vm/net2085' driven by pin 'vm/mult_14_I2/Z_4' has no loads. (LINT-2)
Warning: In design 'vec_silu', net 'vm/net2084' driven by pin 'vm/mult_14_I2/Z_5' has no loads. (LINT-2)
Warning: In design 'vec_silu', net 'vm/net2083' driven by pin 'vm/mult_14_I3/Z_0' has no loads. (LINT-2)
Warning: In design 'vec_silu', net 'vm/net2082' driven by pin 'vm/mult_14_I3/Z_1' has no loads. (LINT-2)
Warning: In design 'vec_silu', net 'vm/net2081' driven by pin 'vm/mult_14_I3/Z_2' has no loads. (LINT-2)
Warning: In design 'vec_silu', net 'vm/net2080' driven by pin 'vm/mult_14_I3/Z_3' has no loads. (LINT-2)
Warning: In design 'vec_silu', net 'vm/net2079' driven by pin 'vm/mult_14_I3/Z_4' has no loads. (LINT-2)
Warning: In design 'vec_silu', net 'vm/net2078' driven by pin 'vm/mult_14_I3/Z_5' has no loads. (LINT-2)
Warning: In design 'vec_silu', net 'vm/net2077' driven by pin 'vm/mult_14_I4/Z_0' has no loads. (LINT-2)
Warning: In design 'vec_silu', net 'vm/net2076' driven by pin 'vm/mult_14_I4/Z_1' has no loads. (LINT-2)
Warning: In design 'vec_silu', net 'vm/net2075' driven by pin 'vm/mult_14_I4/Z_2' has no loads. (LINT-2)
Warning: In design 'vec_silu', net 'vm/net2074' driven by pin 'vm/mult_14_I4/Z_3' has no loads. (LINT-2)
Warning: In design 'vec_silu', net 'vm/net2073' driven by pin 'vm/mult_14_I4/Z_4' has no loads. (LINT-2)
Warning: In design 'vec_silu', net 'vm/net2072' driven by pin 'vm/mult_14_I4/Z_5' has no loads. (LINT-2)
Warning: In design 'vec_silu', net 'vs/genblk1[1].sigmoid_unit_inst/net15374' driven by pin 'vs/genblk1[1].sigmoid_unit_inst/mult_809/Z_0' has no loads. (LINT-2)
Warning: In design 'vec_silu', net 'vs/genblk1[1].sigmoid_unit_inst/net15373' driven by pin 'vs/genblk1[1].sigmoid_unit_inst/mult_809/Z_1' has no loads. (LINT-2)
Warning: In design 'vec_silu', net 'vs/genblk1[1].sigmoid_unit_inst/net15372' driven by pin 'vs/genblk1[1].sigmoid_unit_inst/mult_809/Z_2' has no loads. (LINT-2)
Warning: In design 'vec_silu', net 'vs/genblk1[1].sigmoid_unit_inst/net15371' driven by pin 'vs/genblk1[1].sigmoid_unit_inst/mult_809/Z_3' has no loads. (LINT-2)
Warning: In design 'vec_silu', net 'vs/genblk1[1].sigmoid_unit_inst/net15370' driven by pin 'vs/genblk1[1].sigmoid_unit_inst/mult_809/Z_4' has no loads. (LINT-2)
Warning: In design 'vec_silu', net 'vs/genblk1[1].sigmoid_unit_inst/net15369' driven by pin 'vs/genblk1[1].sigmoid_unit_inst/mult_809/Z_5' has no loads. (LINT-2)
Warning: In design 'vec_silu', net 'vs/genblk1[2].sigmoid_unit_inst/net27606' driven by pin 'vs/genblk1[2].sigmoid_unit_inst/mult_809/Z_0' has no loads. (LINT-2)
Warning: In design 'vec_silu', net 'vs/genblk1[2].sigmoid_unit_inst/net27605' driven by pin 'vs/genblk1[2].sigmoid_unit_inst/mult_809/Z_1' has no loads. (LINT-2)
Warning: In design 'vec_silu', net 'vs/genblk1[2].sigmoid_unit_inst/net27604' driven by pin 'vs/genblk1[2].sigmoid_unit_inst/mult_809/Z_2' has no loads. (LINT-2)
Warning: In design 'vec_silu', net 'vs/genblk1[2].sigmoid_unit_inst/net27603' driven by pin 'vs/genblk1[2].sigmoid_unit_inst/mult_809/Z_3' has no loads. (LINT-2)
Warning: In design 'vec_silu', net 'vs/genblk1[2].sigmoid_unit_inst/net27602' driven by pin 'vs/genblk1[2].sigmoid_unit_inst/mult_809/Z_4' has no loads. (LINT-2)
Warning: In design 'vec_silu', net 'vs/genblk1[2].sigmoid_unit_inst/net27601' driven by pin 'vs/genblk1[2].sigmoid_unit_inst/mult_809/Z_5' has no loads. (LINT-2)
Warning: In design 'vec_silu', net 'vs/genblk1[3].sigmoid_unit_inst/net39838' driven by pin 'vs/genblk1[3].sigmoid_unit_inst/mult_809/Z_0' has no loads. (LINT-2)
Warning: In design 'vec_silu', net 'vs/genblk1[3].sigmoid_unit_inst/net39837' driven by pin 'vs/genblk1[3].sigmoid_unit_inst/mult_809/Z_1' has no loads. (LINT-2)
Warning: In design 'vec_silu', net 'vs/genblk1[3].sigmoid_unit_inst/net39836' driven by pin 'vs/genblk1[3].sigmoid_unit_inst/mult_809/Z_2' has no loads. (LINT-2)
Warning: In design 'vec_silu', net 'vs/genblk1[3].sigmoid_unit_inst/net39835' driven by pin 'vs/genblk1[3].sigmoid_unit_inst/mult_809/Z_3' has no loads. (LINT-2)
Warning: In design 'vec_silu', net 'vs/genblk1[3].sigmoid_unit_inst/net39834' driven by pin 'vs/genblk1[3].sigmoid_unit_inst/mult_809/Z_4' has no loads. (LINT-2)
Warning: In design 'vec_silu', net 'vs/genblk1[3].sigmoid_unit_inst/net39833' driven by pin 'vs/genblk1[3].sigmoid_unit_inst/mult_809/Z_5' has no loads. (LINT-2)
Warning: In design 'vec_silu', net 'vs/genblk1[0].sigmoid_unit_inst/net3142' driven by pin 'vs/genblk1[0].sigmoid_unit_inst/mult_809/Z_0' has no loads. (LINT-2)
Warning: In design 'vec_silu', net 'vs/genblk1[0].sigmoid_unit_inst/net3141' driven by pin 'vs/genblk1[0].sigmoid_unit_inst/mult_809/Z_1' has no loads. (LINT-2)
Warning: In design 'vec_silu', net 'vs/genblk1[0].sigmoid_unit_inst/net3140' driven by pin 'vs/genblk1[0].sigmoid_unit_inst/mult_809/Z_2' has no loads. (LINT-2)
Warning: In design 'vec_silu', net 'vs/genblk1[0].sigmoid_unit_inst/net3139' driven by pin 'vs/genblk1[0].sigmoid_unit_inst/mult_809/Z_3' has no loads. (LINT-2)
Warning: In design 'vec_silu', net 'vs/genblk1[0].sigmoid_unit_inst/net3138' driven by pin 'vs/genblk1[0].sigmoid_unit_inst/mult_809/Z_4' has no loads. (LINT-2)
Warning: In design 'vec_silu', net 'vs/genblk1[0].sigmoid_unit_inst/net3137' driven by pin 'vs/genblk1[0].sigmoid_unit_inst/mult_809/Z_5' has no loads. (LINT-2)
1
