 
****************************************
Report : area
Design : vec_mean
Version: V-2023.12-SP5
Date   : Thu Dec  5 11:22:42 2024
****************************************

Library(s) Used:

    saed32rvt_tt1p05v25c (File: /afs/umich.edu/class/eecs598-002/SAED32/SAED32_EDK/lib/stdcell_rvt/db_ccs/saed32rvt_tt1p05v25c.db)

Number of ports:                           80
Number of nets:                           207
Number of cells:                           99
Number of combinational cells:             99
Number of sequential cells:                 0
Number of macros/black boxes:               0
Number of buf/inv:                         50
Number of references:                       7

Combinational area:                287.182713
Buf/Inv area:                       63.536000
Noncombinational area:               0.000000
Macro/Black Box area:                0.000000
Net Interconnect area:              29.749730

Total cell area:                   287.182713
Total area:                        316.932443
1
