
Design          Type    Object                  New Name
--------------------------------------------------------------------------------
vec_mean        port    input_arr[3][15]        input_arr[63]
vec_mean        port    input_arr[3][14]        input_arr[62]
vec_mean        port    input_arr[3][13]        input_arr[61]
vec_mean        port    input_arr[3][12]        input_arr[60]
vec_mean        port    input_arr[3][11]        input_arr[59]
vec_mean        port    input_arr[3][10]        input_arr[58]
vec_mean        port    input_arr[3][9]         input_arr[57]
vec_mean        port    input_arr[3][8]         input_arr[56]
vec_mean        port    input_arr[3][7]         input_arr[55]
vec_mean        port    input_arr[3][6]         input_arr[54]
vec_mean        port    input_arr[3][5]         input_arr[53]
vec_mean        port    input_arr[3][4]         input_arr[52]
vec_mean        port    input_arr[3][3]         input_arr[51]
vec_mean        port    input_arr[3][2]         input_arr[50]
vec_mean        port    input_arr[3][1]         input_arr[49]
vec_mean        port    input_arr[3][0]         input_arr[48]
vec_mean        port    input_arr[2][15]        input_arr[47]
vec_mean        port    input_arr[2][14]        input_arr[46]
vec_mean        port    input_arr[2][13]        input_arr[45]
vec_mean        port    input_arr[2][12]        input_arr[44]
vec_mean        port    input_arr[2][11]        input_arr[43]
vec_mean        port    input_arr[2][10]        input_arr[42]
vec_mean        port    input_arr[2][9]         input_arr[41]
vec_mean        port    input_arr[2][8]         input_arr[40]
vec_mean        port    input_arr[2][7]         input_arr[39]
vec_mean        port    input_arr[2][6]         input_arr[38]
vec_mean        port    input_arr[2][5]         input_arr[37]
vec_mean        port    input_arr[2][4]         input_arr[36]
vec_mean        port    input_arr[2][3]         input_arr[35]
vec_mean        port    input_arr[2][2]         input_arr[34]
vec_mean        port    input_arr[2][1]         input_arr[33]
vec_mean        port    input_arr[2][0]         input_arr[32]
vec_mean        port    input_arr[1][15]        input_arr[31]
vec_mean        port    input_arr[1][14]        input_arr[30]
vec_mean        port    input_arr[1][13]        input_arr[29]
vec_mean        port    input_arr[1][12]        input_arr[28]
vec_mean        port    input_arr[1][11]        input_arr[27]
vec_mean        port    input_arr[1][10]        input_arr[26]
vec_mean        port    input_arr[1][9]         input_arr[25]
vec_mean        port    input_arr[1][8]         input_arr[24]
vec_mean        port    input_arr[1][7]         input_arr[23]
vec_mean        port    input_arr[1][6]         input_arr[22]
vec_mean        port    input_arr[1][5]         input_arr[21]
vec_mean        port    input_arr[1][4]         input_arr[20]
vec_mean        port    input_arr[1][3]         input_arr[19]
vec_mean        port    input_arr[1][2]         input_arr[18]
vec_mean        port    input_arr[1][1]         input_arr[17]
vec_mean        port    input_arr[1][0]         input_arr[16]
vec_mean        port    input_arr[0][15]        input_arr[15]
vec_mean        port    input_arr[0][14]        input_arr[14]
vec_mean        port    input_arr[0][13]        input_arr[13]
vec_mean        port    input_arr[0][12]        input_arr[12]
vec_mean        port    input_arr[0][11]        input_arr[11]
vec_mean        port    input_arr[0][10]        input_arr[10]
vec_mean        port    input_arr[0][9]         input_arr[9]
vec_mean        port    input_arr[0][8]         input_arr[8]
vec_mean        port    input_arr[0][7]         input_arr[7]
vec_mean        port    input_arr[0][6]         input_arr[6]
vec_mean        port    input_arr[0][5]         input_arr[5]
vec_mean        port    input_arr[0][4]         input_arr[4]
vec_mean        port    input_arr[0][3]         input_arr[3]
vec_mean        port    input_arr[0][2]         input_arr[2]
vec_mean        port    input_arr[0][1]         input_arr[1]
vec_mean        port    input_arr[0][0]         input_arr[0]
vec_mean        net     input_arr[3][15]        input_arr[63]
vec_mean        net     input_arr[3][14]        input_arr[62]
vec_mean        net     input_arr[3][13]        input_arr[61]
vec_mean        net     input_arr[3][12]        input_arr[60]
vec_mean        net     input_arr[3][11]        input_arr[59]
vec_mean        net     input_arr[3][10]        input_arr[58]
vec_mean        net     input_arr[3][9]         input_arr[57]
vec_mean        net     input_arr[3][8]         input_arr[56]
vec_mean        net     input_arr[3][7]         input_arr[55]
vec_mean        net     input_arr[3][6]         input_arr[54]
vec_mean        net     input_arr[3][5]         input_arr[53]
vec_mean        net     input_arr[3][4]         input_arr[52]
vec_mean        net     input_arr[3][3]         input_arr[51]
vec_mean        net     input_arr[3][2]         input_arr[50]
vec_mean        net     input_arr[3][1]         input_arr[49]
vec_mean        net     input_arr[3][0]         input_arr[48]
vec_mean        net     input_arr[2][15]        input_arr[47]
vec_mean        net     input_arr[2][14]        input_arr[46]
vec_mean        net     input_arr[2][13]        input_arr[45]
vec_mean        net     input_arr[2][12]        input_arr[44]
vec_mean        net     input_arr[2][11]        input_arr[43]
vec_mean        net     input_arr[2][10]        input_arr[42]
vec_mean        net     input_arr[2][9]         input_arr[41]
vec_mean        net     input_arr[2][8]         input_arr[40]
vec_mean        net     input_arr[2][7]         input_arr[39]
vec_mean        net     input_arr[2][6]         input_arr[38]
vec_mean        net     input_arr[2][5]         input_arr[37]
vec_mean        net     input_arr[2][4]         input_arr[36]
vec_mean        net     input_arr[2][3]         input_arr[35]
vec_mean        net     input_arr[2][2]         input_arr[34]
vec_mean        net     input_arr[2][1]         input_arr[33]
vec_mean        net     input_arr[2][0]         input_arr[32]
vec_mean        net     input_arr[1][15]        input_arr[31]
vec_mean        net     input_arr[1][14]        input_arr[30]
vec_mean        net     input_arr[1][13]        input_arr[29]
vec_mean        net     input_arr[1][12]        input_arr[28]
vec_mean        net     input_arr[1][11]        input_arr[27]
vec_mean        net     input_arr[1][10]        input_arr[26]
vec_mean        net     input_arr[1][9]         input_arr[25]
vec_mean        net     input_arr[1][8]         input_arr[24]
vec_mean        net     input_arr[1][7]         input_arr[23]
vec_mean        net     input_arr[1][6]         input_arr[22]
vec_mean        net     input_arr[1][5]         input_arr[21]
vec_mean        net     input_arr[1][4]         input_arr[20]
vec_mean        net     input_arr[1][3]         input_arr[19]
vec_mean        net     input_arr[1][2]         input_arr[18]
vec_mean        net     input_arr[1][1]         input_arr[17]
vec_mean        net     input_arr[1][0]         input_arr[16]
vec_mean        net     input_arr[0][15]        input_arr[15]
vec_mean        net     input_arr[0][14]        input_arr[14]
vec_mean        net     input_arr[0][13]        input_arr[13]
vec_mean        net     input_arr[0][12]        input_arr[12]
vec_mean        net     input_arr[0][11]        input_arr[11]
vec_mean        net     input_arr[0][10]        input_arr[10]
vec_mean        net     input_arr[0][9]         input_arr[9]
vec_mean        net     input_arr[0][8]         input_arr[8]
vec_mean        net     input_arr[0][7]         input_arr[7]
vec_mean        net     input_arr[0][6]         input_arr[6]
vec_mean        net     input_arr[0][5]         input_arr[5]
vec_mean        net     input_arr[0][4]         input_arr[4]
vec_mean        net     input_arr[0][3]         input_arr[3]
vec_mean        net     input_arr[0][2]         input_arr[2]
vec_mean        net     input_arr[0][1]         input_arr[1]
vec_mean        net     input_arr[0][0]         input_arr[0]
1
