 
****************************************
Report : timing
        -path full
        -delay max
        -nets
        -max_paths 1
        -transition_time
Design : vec_silu
Version: V-2023.12-SP5
Date   : Thu Dec  5 23:58:30 2024
****************************************

Operating Conditions: tt1p05v25c   Library: saed32rvt_tt1p05v25c
Wire Load Model Mode: enclosed

  Startpoint: vec_in[53] (input port)
  Endpoint: vec_out[63]
            (output port)
  Path Group: (none)
  Path Type: max

  Des/Clust/Port     Wire Load Model       Library
  ------------------------------------------------
  vec_silu           16000                 saed32rvt_tt1p05v25c

Attributes:
    d - dont_touch
    u - dont_use
   mo - map_only
   so - size_only
    i - ideal_net or ideal_network
  inf - infeasible path

  Point                        Fanout     Trans      Incr       Path      Attributes
  ------------------------------------------------------------------------------------------
  input external delay                               0.00       0.00 f
  vec_in[53] (in)                          0.02      0.03       0.03 f
  vec_in[53] (net)              13                   0.00       0.03 f
  U6253/Y (NBUFFX2_RVT)                    0.10      0.25       0.28 f
  n6190 (net)                   20                   0.00       0.28 f
  U6495/Y (INVX1_RVT)                      0.04      0.33       0.61 r
  n9638 (net)                   17                   0.00       0.61 r
  U8209/Y (NAND2X0_RVT)                    0.13      0.18       0.79 f
  n8111 (net)                    5                   0.00       0.79 f
  U6369/Y (INVX1_RVT)                      0.03      0.15       0.94 r
  n9583 (net)                    6                   0.00       0.94 r
  U8256/Y (NAND2X0_RVT)                    0.21      0.24       1.18 f
  n9825 (net)                    8                   0.00       1.18 f
  U9789/Y (AO22X1_RVT)                     0.02      0.16       1.34 f
  n9827 (net)                    1                   0.00       1.34 f
  U9790/Y (OA221X1_RVT)                    0.04      0.12       1.45 f
  n9838 (net)                    1                   0.00       1.45 f
  U9795/S (FADDX1_RVT)                     0.05      0.27       1.72 f
  n9854 (net)                    3                   0.00       1.72 f
  U9803/S (FADDX1_RVT)                     0.05      0.31       2.03 f
  n9909 (net)                    2                   0.00       2.03 f
  U9804/Y (INVX1_RVT)                      0.01      0.10       2.13 r
  n9861 (net)                    2                   0.00       2.13 r
  U9807/Y (OAI222X1_RVT)                   0.02      0.10       2.23 f
  n9905 (net)                    1                   0.00       2.23 f
  U9822/CO (FADDX1_RVT)                    0.03      0.18       2.42 f
  n9902 (net)                    1                   0.00       2.42 f
  U9821/CO (FADDX1_RVT)                    0.03      0.18       2.60 f
  n9899 (net)                    1                   0.00       2.60 f
  U9820/CO (FADDX1_RVT)                    0.03      0.19       2.80 f
  n9898 (net)                    1                   0.00       2.80 f
  U9819/CO (FADDX1_RVT)                    0.03      0.23       3.03 f
  n9893 (net)                    1                   0.00       3.03 f
  U9818/CO (FADDX1_RVT)                    0.03      0.18       3.21 f
  n9890 (net)                    1                   0.00       3.21 f
  U9817/CO (FADDX1_RVT)                    0.03      0.18       3.40 f
  n9887 (net)                    1                   0.00       3.40 f
  U9816/CO (FADDX1_RVT)                    0.03      0.18       3.58 f
  n9884 (net)                    1                   0.00       3.58 f
  U9815/CO (FADDX1_RVT)                    0.03      0.18       3.77 f
  n9881 (net)                    1                   0.00       3.77 f
  U9814/CO (FADDX1_RVT)                    0.03      0.18       3.95 f
  n9878 (net)                    1                   0.00       3.95 f
  U9813/CO (FADDX1_RVT)                    0.03      0.18       4.14 f
  n9936 (net)                    1                   0.00       4.14 f
  U9839/CO (FADDX1_RVT)                    0.03      0.18       4.32 f
  n9968 (net)                    1                   0.00       4.32 f
  U9863/CO (FADDX1_RVT)                    0.03      0.18       4.50 f
  n9991 (net)                    1                   0.00       4.50 f
  U9870/CO (FADDX1_RVT)                    0.03      0.19       4.70 f
  n9995 (net)                    1                   0.00       4.70 f
  U9871/S (FADDX1_RVT)                     0.03      0.23       4.93 f
  n9997 (net)                    1                   0.00       4.93 f
  U9872/S (FADDX1_RVT)                     0.02      0.18       5.11 f
  n10005 (net)                   1                   0.00       5.11 f
  U9875/SO (HADDX1_RVT)                    0.03      0.15       5.27 f
  n10006 (net)                   1                   0.00       5.27 f
  U9876/S (FADDX1_RVT)                     0.01      0.19       5.46 r
  vec_out[63] (net)              1                   0.00       5.46 r
  vec_out[63] (out)                        0.01      0.01       5.47 r
  data arrival time                                             5.47
  ------------------------------------------------------------------------------------------
  (Path is unconstrained)


1
