 
****************************************
Report : area
Design : vec_div
Version: V-2023.12-SP5
Date   : Thu Dec  5 18:18:40 2024
****************************************

Library(s) Used:

    saed32rvt_tt1p05v25c (File: /afs/umich.edu/class/eecs598-002/SAED32/SAED32_EDK/lib/stdcell_rvt/db_ccs/saed32rvt_tt1p05v25c.db)

Number of ports:                          199
Number of nets:                          2828
Number of cells:                         2461
Number of combinational cells:           1898
Number of sequential cells:               563
Number of macros/black boxes:               0
Number of buf/inv:                        271
Number of references:                      42

Combinational area:               4508.768729
Buf/Inv area:                      350.718720
Noncombinational area:            3941.265234
Macro/Black Box area:                0.000000
Net Interconnect area:            1922.750417

Total cell area:                  8450.033962
Total area:                      10372.784379
1
