
Design          Type    Object                  New Name
--------------------------------------------------------------------------------
vec_silu        port    vec_in[3][15]           vec_in[63]
vec_silu        port    vec_in[3][14]           vec_in[62]
vec_silu        port    vec_in[3][13]           vec_in[61]
vec_silu        port    vec_in[3][12]           vec_in[60]
vec_silu        port    vec_in[3][11]           vec_in[59]
vec_silu        port    vec_in[3][10]           vec_in[58]
vec_silu        port    vec_in[3][9]            vec_in[57]
vec_silu        port    vec_in[3][8]            vec_in[56]
vec_silu        port    vec_in[3][7]            vec_in[55]
vec_silu        port    vec_in[3][6]            vec_in[54]
vec_silu        port    vec_in[3][5]            vec_in[53]
vec_silu        port    vec_in[3][4]            vec_in[52]
vec_silu        port    vec_in[3][3]            vec_in[51]
vec_silu        port    vec_in[3][2]            vec_in[50]
vec_silu        port    vec_in[3][1]            vec_in[49]
vec_silu        port    vec_in[3][0]            vec_in[48]
vec_silu        port    vec_in[2][15]           vec_in[47]
vec_silu        port    vec_in[2][14]           vec_in[46]
vec_silu        port    vec_in[2][13]           vec_in[45]
vec_silu        port    vec_in[2][12]           vec_in[44]
vec_silu        port    vec_in[2][11]           vec_in[43]
vec_silu        port    vec_in[2][10]           vec_in[42]
vec_silu        port    vec_in[2][9]            vec_in[41]
vec_silu        port    vec_in[2][8]            vec_in[40]
vec_silu        port    vec_in[2][7]            vec_in[39]
vec_silu        port    vec_in[2][6]            vec_in[38]
vec_silu        port    vec_in[2][5]            vec_in[37]
vec_silu        port    vec_in[2][4]            vec_in[36]
vec_silu        port    vec_in[2][3]            vec_in[35]
vec_silu        port    vec_in[2][2]            vec_in[34]
vec_silu        port    vec_in[2][1]            vec_in[33]
vec_silu        port    vec_in[2][0]            vec_in[32]
vec_silu        port    vec_in[1][15]           vec_in[31]
vec_silu        port    vec_in[1][14]           vec_in[30]
vec_silu        port    vec_in[1][13]           vec_in[29]
vec_silu        port    vec_in[1][12]           vec_in[28]
vec_silu        port    vec_in[1][11]           vec_in[27]
vec_silu        port    vec_in[1][10]           vec_in[26]
vec_silu        port    vec_in[1][9]            vec_in[25]
vec_silu        port    vec_in[1][8]            vec_in[24]
vec_silu        port    vec_in[1][7]            vec_in[23]
vec_silu        port    vec_in[1][6]            vec_in[22]
vec_silu        port    vec_in[1][5]            vec_in[21]
vec_silu        port    vec_in[1][4]            vec_in[20]
vec_silu        port    vec_in[1][3]            vec_in[19]
vec_silu        port    vec_in[1][2]            vec_in[18]
vec_silu        port    vec_in[1][1]            vec_in[17]
vec_silu        port    vec_in[1][0]            vec_in[16]
vec_silu        port    vec_in[0][15]           vec_in[15]
vec_silu        port    vec_in[0][14]           vec_in[14]
vec_silu        port    vec_in[0][13]           vec_in[13]
vec_silu        port    vec_in[0][12]           vec_in[12]
vec_silu        port    vec_in[0][11]           vec_in[11]
vec_silu        port    vec_in[0][10]           vec_in[10]
vec_silu        port    vec_in[0][9]            vec_in[9]
vec_silu        port    vec_in[0][8]            vec_in[8]
vec_silu        port    vec_in[0][7]            vec_in[7]
vec_silu        port    vec_in[0][6]            vec_in[6]
vec_silu        port    vec_in[0][5]            vec_in[5]
vec_silu        port    vec_in[0][4]            vec_in[4]
vec_silu        port    vec_in[0][3]            vec_in[3]
vec_silu        port    vec_in[0][2]            vec_in[2]
vec_silu        port    vec_in[0][1]            vec_in[1]
vec_silu        port    vec_in[0][0]            vec_in[0]
vec_silu        port    vec_out[3][15]          vec_out[63]
vec_silu        port    vec_out[3][14]          vec_out[62]
vec_silu        port    vec_out[3][13]          vec_out[61]
vec_silu        port    vec_out[3][12]          vec_out[60]
vec_silu        port    vec_out[3][11]          vec_out[59]
vec_silu        port    vec_out[3][10]          vec_out[58]
vec_silu        port    vec_out[3][9]           vec_out[57]
vec_silu        port    vec_out[3][8]           vec_out[56]
vec_silu        port    vec_out[3][7]           vec_out[55]
vec_silu        port    vec_out[3][6]           vec_out[54]
vec_silu        port    vec_out[3][5]           vec_out[53]
vec_silu        port    vec_out[3][4]           vec_out[52]
vec_silu        port    vec_out[3][3]           vec_out[51]
vec_silu        port    vec_out[3][2]           vec_out[50]
vec_silu        port    vec_out[3][1]           vec_out[49]
vec_silu        port    vec_out[3][0]           vec_out[48]
vec_silu        port    vec_out[2][15]          vec_out[47]
vec_silu        port    vec_out[2][14]          vec_out[46]
vec_silu        port    vec_out[2][13]          vec_out[45]
vec_silu        port    vec_out[2][12]          vec_out[44]
vec_silu        port    vec_out[2][11]          vec_out[43]
vec_silu        port    vec_out[2][10]          vec_out[42]
vec_silu        port    vec_out[2][9]           vec_out[41]
vec_silu        port    vec_out[2][8]           vec_out[40]
vec_silu        port    vec_out[2][7]           vec_out[39]
vec_silu        port    vec_out[2][6]           vec_out[38]
vec_silu        port    vec_out[2][5]           vec_out[37]
vec_silu        port    vec_out[2][4]           vec_out[36]
vec_silu        port    vec_out[2][3]           vec_out[35]
vec_silu        port    vec_out[2][2]           vec_out[34]
vec_silu        port    vec_out[2][1]           vec_out[33]
vec_silu        port    vec_out[2][0]           vec_out[32]
vec_silu        port    vec_out[1][15]          vec_out[31]
vec_silu        port    vec_out[1][14]          vec_out[30]
vec_silu        port    vec_out[1][13]          vec_out[29]
vec_silu        port    vec_out[1][12]          vec_out[28]
vec_silu        port    vec_out[1][11]          vec_out[27]
vec_silu        port    vec_out[1][10]          vec_out[26]
vec_silu        port    vec_out[1][9]           vec_out[25]
vec_silu        port    vec_out[1][8]           vec_out[24]
vec_silu        port    vec_out[1][7]           vec_out[23]
vec_silu        port    vec_out[1][6]           vec_out[22]
vec_silu        port    vec_out[1][5]           vec_out[21]
vec_silu        port    vec_out[1][4]           vec_out[20]
vec_silu        port    vec_out[1][3]           vec_out[19]
vec_silu        port    vec_out[1][2]           vec_out[18]
vec_silu        port    vec_out[1][1]           vec_out[17]
vec_silu        port    vec_out[1][0]           vec_out[16]
vec_silu        port    vec_out[0][15]          vec_out[15]
vec_silu        port    vec_out[0][14]          vec_out[14]
vec_silu        port    vec_out[0][13]          vec_out[13]
vec_silu        port    vec_out[0][12]          vec_out[12]
vec_silu        port    vec_out[0][11]          vec_out[11]
vec_silu        port    vec_out[0][10]          vec_out[10]
vec_silu        port    vec_out[0][9]           vec_out[9]
vec_silu        port    vec_out[0][8]           vec_out[8]
vec_silu        port    vec_out[0][7]           vec_out[7]
vec_silu        port    vec_out[0][6]           vec_out[6]
vec_silu        port    vec_out[0][5]           vec_out[5]
vec_silu        port    vec_out[0][4]           vec_out[4]
vec_silu        port    vec_out[0][3]           vec_out[3]
vec_silu        port    vec_out[0][2]           vec_out[2]
vec_silu        port    vec_out[0][1]           vec_out[1]
vec_silu        port    vec_out[0][0]           vec_out[0]
vec_silu        cell    sigmoid_reg_reg[3][4]   sigmoid_reg_reg_3__4_
vec_silu        cell    sigmoid_reg_reg[1][4]   sigmoid_reg_reg_1__4_
vec_silu        cell    sigmoid_reg_reg[2][4]   sigmoid_reg_reg_2__4_
vec_silu        cell    sigmoid_reg_reg[1][1]   sigmoid_reg_reg_1__1_
vec_silu        cell    sigmoid_reg_reg[0][4]   sigmoid_reg_reg_0__4_
vec_silu        cell    sigmoid_reg_reg[1][0]   sigmoid_reg_reg_1__0_
vec_silu        cell    sigmoid_reg_reg[3][6]   sigmoid_reg_reg_3__6_
vec_silu        cell    sigmoid_reg_reg[0][5]   sigmoid_reg_reg_0__5_
vec_silu        cell    sigmoid_reg_reg[1][3]   sigmoid_reg_reg_1__3_
vec_silu        cell    sigmoid_reg_reg[0][2]   sigmoid_reg_reg_0__2_
vec_silu        cell    sigmoid_reg_reg[3][3]   sigmoid_reg_reg_3__3_
vec_silu        cell    sigmoid_reg_reg[2][6]   sigmoid_reg_reg_2__6_
vec_silu        cell    sigmoid_reg_reg[2][3]   sigmoid_reg_reg_2__3_
vec_silu        cell    sigmoid_reg_reg[1][6]   sigmoid_reg_reg_1__6_
vec_silu        cell    sigmoid_reg_reg[1][5]   sigmoid_reg_reg_1__5_
vec_silu        cell    sigmoid_reg_reg[2][0]   sigmoid_reg_reg_2__0_
vec_silu        cell    sigmoid_reg_reg[2][1]   sigmoid_reg_reg_2__1_
vec_silu        cell    sigmoid_reg_reg[2][5]   sigmoid_reg_reg_2__5_
vec_silu        cell    sigmoid_reg_reg[0][6]   sigmoid_reg_reg_0__6_
vec_silu        cell    sigmoid_reg_reg[0][3]   sigmoid_reg_reg_0__3_
vec_silu        cell    sigmoid_reg_reg[3][5]   sigmoid_reg_reg_3__5_
vec_silu        cell    sigmoid_reg_reg[3][2]   sigmoid_reg_reg_3__2_
vec_silu        cell    sigmoid_reg_reg[1][2]   sigmoid_reg_reg_1__2_
vec_silu        cell    sigmoid_reg_reg[3][0]   sigmoid_reg_reg_3__0_
vec_silu        cell    sigmoid_reg_reg[0][0]   sigmoid_reg_reg_0__0_
vec_silu        cell    sigmoid_reg_reg[0][10]  sigmoid_reg_reg_0__10_
vec_silu        cell    sigmoid_reg_reg[3][1]   sigmoid_reg_reg_3__1_
vec_silu        cell    sigmoid_reg_reg[0][1]   sigmoid_reg_reg_0__1_
vec_silu        cell    sigmoid_reg_reg[2][2]   sigmoid_reg_reg_2__2_
vec_silu        cell    sigmoid_reg_reg[2][10]  sigmoid_reg_reg_2__10_
vec_silu        cell    sigmoid_reg_reg[3][10]  sigmoid_reg_reg_3__10_
vec_silu        cell    sigmoid_reg_reg[1][10]  sigmoid_reg_reg_1__10_
vec_silu        cell    sigmoid_reg_reg[1][7]   sigmoid_reg_reg_1__7_
vec_silu        cell    sigmoid_reg_reg[2][7]   sigmoid_reg_reg_2__7_
vec_silu        cell    sigmoid_reg_reg[3][7]   sigmoid_reg_reg_3__7_
vec_silu        cell    sigmoid_reg_reg[0][7]   sigmoid_reg_reg_0__7_
vec_silu        net     vec_in[3][14]           vec_in[62]
vec_silu        net     vec_in[3][13]           vec_in[61]
vec_silu        net     vec_in[3][12]           vec_in[60]
vec_silu        net     vec_in[3][11]           vec_in[59]
vec_silu        net     vec_in[3][10]           vec_in[58]
vec_silu        net     vec_in[3][9]            vec_in[57]
vec_silu        net     vec_in[3][8]            vec_in[56]
vec_silu        net     vec_in[3][7]            vec_in[55]
vec_silu        net     vec_in[3][6]            vec_in[54]
vec_silu        net     vec_in[3][5]            vec_in[53]
vec_silu        net     vec_in[3][4]            vec_in[52]
vec_silu        net     vec_in[3][3]            vec_in[51]
vec_silu        net     vec_in[3][2]            vec_in[50]
vec_silu        net     vec_in[3][1]            vec_in[49]
vec_silu        net     vec_in[3][0]            vec_in[48]
vec_silu        net     vec_in[2][14]           vec_in[46]
vec_silu        net     vec_in[2][13]           vec_in[45]
vec_silu        net     vec_in[2][12]           vec_in[44]
vec_silu        net     vec_in[2][11]           vec_in[43]
vec_silu        net     vec_in[2][10]           vec_in[42]
vec_silu        net     vec_in[2][9]            vec_in[41]
vec_silu        net     vec_in[2][8]            vec_in[40]
vec_silu        net     vec_in[2][7]            vec_in[39]
vec_silu        net     vec_in[2][6]            vec_in[38]
vec_silu        net     vec_in[2][5]            vec_in[37]
vec_silu        net     vec_in[2][4]            vec_in[36]
vec_silu        net     vec_in[2][3]            vec_in[35]
vec_silu        net     vec_in[2][2]            vec_in[34]
vec_silu        net     vec_in[2][1]            vec_in[33]
vec_silu        net     vec_in[2][0]            vec_in[32]
vec_silu        net     vec_in[1][14]           vec_in[30]
vec_silu        net     vec_in[1][13]           vec_in[29]
vec_silu        net     vec_in[1][12]           vec_in[28]
vec_silu        net     vec_in[1][11]           vec_in[27]
vec_silu        net     vec_in[1][10]           vec_in[26]
vec_silu        net     vec_in[1][9]            vec_in[25]
vec_silu        net     vec_in[1][8]            vec_in[24]
vec_silu        net     vec_in[1][7]            vec_in[23]
vec_silu        net     vec_in[1][6]            vec_in[22]
vec_silu        net     vec_in[1][5]            vec_in[21]
vec_silu        net     vec_in[1][4]            vec_in[20]
vec_silu        net     vec_in[1][3]            vec_in[19]
vec_silu        net     vec_in[1][2]            vec_in[18]
vec_silu        net     vec_in[1][1]            vec_in[17]
vec_silu        net     vec_in[1][0]            vec_in[16]
vec_silu        net     vec_in[0][14]           vec_in[14]
vec_silu        net     vec_in[0][13]           vec_in[13]
vec_silu        net     vec_in[0][12]           vec_in[12]
vec_silu        net     vec_in[0][11]           vec_in[11]
vec_silu        net     vec_in[0][10]           vec_in[10]
vec_silu        net     vec_in[0][9]            vec_in[9]
vec_silu        net     vec_in[0][8]            vec_in[8]
vec_silu        net     vec_in[0][7]            vec_in[7]
vec_silu        net     vec_in[0][6]            vec_in[6]
vec_silu        net     vec_in[0][5]            vec_in[5]
vec_silu        net     vec_in[0][4]            vec_in[4]
vec_silu        net     vec_in[0][3]            vec_in[3]
vec_silu        net     vec_in[0][2]            vec_in[2]
vec_silu        net     vec_in[0][1]            vec_in[1]
vec_silu        net     vec_in[0][0]            vec_in[0]
vec_silu        net     vec_out[3][15]          vec_out[63]
vec_silu        net     vec_out[3][14]          vec_out[62]
vec_silu        net     vec_out[3][13]          vec_out[61]
vec_silu        net     vec_out[3][12]          vec_out[60]
vec_silu        net     vec_out[3][11]          vec_out[59]
vec_silu        net     vec_out[3][10]          vec_out[58]
vec_silu        net     vec_out[3][9]           vec_out[57]
vec_silu        net     vec_out[3][8]           vec_out[56]
vec_silu        net     vec_out[3][7]           vec_out[55]
vec_silu        net     vec_out[3][6]           vec_out[54]
vec_silu        net     vec_out[3][5]           vec_out[53]
vec_silu        net     vec_out[3][4]           vec_out[52]
vec_silu        net     vec_out[3][3]           vec_out[51]
vec_silu        net     vec_out[3][2]           vec_out[50]
vec_silu        net     vec_out[3][1]           vec_out[49]
vec_silu        net     vec_out[3][0]           vec_out[48]
vec_silu        net     vec_out[2][15]          vec_out[47]
vec_silu        net     vec_out[2][14]          vec_out[46]
vec_silu        net     vec_out[2][13]          vec_out[45]
vec_silu        net     vec_out[2][12]          vec_out[44]
vec_silu        net     vec_out[2][11]          vec_out[43]
vec_silu        net     vec_out[2][10]          vec_out[42]
vec_silu        net     vec_out[2][9]           vec_out[41]
vec_silu        net     vec_out[2][8]           vec_out[40]
vec_silu        net     vec_out[2][7]           vec_out[39]
vec_silu        net     vec_out[2][6]           vec_out[38]
vec_silu        net     vec_out[2][5]           vec_out[37]
vec_silu        net     vec_out[2][4]           vec_out[36]
vec_silu        net     vec_out[2][3]           vec_out[35]
vec_silu        net     vec_out[2][2]           vec_out[34]
vec_silu        net     vec_out[2][1]           vec_out[33]
vec_silu        net     vec_out[2][0]           vec_out[32]
vec_silu        net     vec_out[1][15]          vec_out[31]
vec_silu        net     vec_out[1][14]          vec_out[30]
vec_silu        net     vec_out[1][13]          vec_out[29]
vec_silu        net     vec_out[1][12]          vec_out[28]
vec_silu        net     vec_out[1][11]          vec_out[27]
vec_silu        net     vec_out[1][10]          vec_out[26]
vec_silu        net     vec_out[1][9]           vec_out[25]
vec_silu        net     vec_out[1][8]           vec_out[24]
vec_silu        net     vec_out[1][7]           vec_out[23]
vec_silu        net     vec_out[1][6]           vec_out[22]
vec_silu        net     vec_out[1][5]           vec_out[21]
vec_silu        net     vec_out[1][4]           vec_out[20]
vec_silu        net     vec_out[1][3]           vec_out[19]
vec_silu        net     vec_out[1][2]           vec_out[18]
vec_silu        net     vec_out[1][1]           vec_out[17]
vec_silu        net     vec_out[1][0]           vec_out[16]
vec_silu        net     vec_out[0][15]          vec_out[15]
vec_silu        net     vec_out[0][14]          vec_out[14]
vec_silu        net     vec_out[0][13]          vec_out[13]
vec_silu        net     vec_out[0][12]          vec_out[12]
vec_silu        net     vec_out[0][11]          vec_out[11]
vec_silu        net     vec_out[0][10]          vec_out[10]
vec_silu        net     vec_out[0][9]           vec_out[9]
vec_silu        net     vec_out[0][8]           vec_out[8]
vec_silu        net     vec_out[0][7]           vec_out[7]
vec_silu        net     vec_out[0][6]           vec_out[6]
vec_silu        net     vec_out[0][5]           vec_out[5]
vec_silu        net     vec_out[0][4]           vec_out[4]
vec_silu        net     vec_out[0][3]           vec_out[3]
vec_silu        net     vec_out[0][2]           vec_out[2]
vec_silu        net     vec_out[0][1]           vec_out[1]
vec_silu        net     vec_out[0][0]           vec_out[0]
vec_silu        net     sigmoid_reg[3][10]      sigmoid_reg[31]
vec_silu        net     sigmoid_reg[3][6]       sigmoid_reg[30]
vec_silu        net     sigmoid_reg[3][5]       sigmoid_reg[29]
vec_silu        net     sigmoid_reg[3][4]       sigmoid_reg[28]
vec_silu        net     sigmoid_reg[3][3]       sigmoid_reg[27]
vec_silu        net     sigmoid_reg[3][2]       sigmoid_reg[26]
vec_silu        net     sigmoid_reg[3][1]       sigmoid_reg[25]
vec_silu        net     sigmoid_reg[3][0]       sigmoid_reg[24]
vec_silu        net     sigmoid_reg[2][10]      sigmoid_reg[23]
vec_silu        net     sigmoid_reg[2][6]       sigmoid_reg[22]
vec_silu        net     sigmoid_reg[2][5]       sigmoid_reg[21]
vec_silu        net     sigmoid_reg[2][4]       sigmoid_reg[20]
vec_silu        net     sigmoid_reg[2][3]       sigmoid_reg[19]
vec_silu        net     sigmoid_reg[2][2]       sigmoid_reg[18]
vec_silu        net     sigmoid_reg[2][1]       sigmoid_reg[17]
vec_silu        net     sigmoid_reg[2][0]       sigmoid_reg[16]
vec_silu        net     sigmoid_reg[1][10]      sigmoid_reg[15]
vec_silu        net     sigmoid_reg[1][6]       sigmoid_reg[14]
vec_silu        net     sigmoid_reg[1][5]       sigmoid_reg[13]
vec_silu        net     sigmoid_reg[1][4]       sigmoid_reg[12]
vec_silu        net     sigmoid_reg[1][3]       sigmoid_reg[11]
vec_silu        net     sigmoid_reg[1][2]       sigmoid_reg[10]
vec_silu        net     sigmoid_reg[1][1]       sigmoid_reg[9]
vec_silu        net     sigmoid_reg[1][0]       sigmoid_reg[8]
vec_silu        net     sigmoid_reg[0][10]      sigmoid_reg[7]
vec_silu        net     sigmoid_reg[0][6]       sigmoid_reg[6]
vec_silu        net     sigmoid_reg[0][5]       sigmoid_reg[5]
vec_silu        net     sigmoid_reg[0][4]       sigmoid_reg[4]
vec_silu        net     sigmoid_reg[0][3]       sigmoid_reg[3]
vec_silu        net     sigmoid_reg[0][2]       sigmoid_reg[2]
vec_silu        net     sigmoid_reg[0][1]       sigmoid_reg[1]
vec_silu        net     sigmoid_reg[0][0]       sigmoid_reg[0]
vec_silu        net     vs/genblk1[0].sigmoid_unit_inst/N1525
                                                vec_in[15]
vec_silu        net     vs/genblk1[1].sigmoid_unit_inst/N1525
                                                vec_in[31]
vec_silu        net     vs/genblk1[2].sigmoid_unit_inst/N1525
                                                vec_in[47]
vec_silu        net     vs/genblk1[3].sigmoid_unit_inst/N1525
                                                vec_in[63]
1
