 
****************************************
Report : area
Design : vec_silu
Version: V-2023.12-SP5
Date   : Thu Dec  5 23:58:30 2024
****************************************

Library(s) Used:

    saed32rvt_tt1p05v25c (File: /afs/umich.edu/class/eecs598-002/SAED32/SAED32_EDK/lib/stdcell_rvt/db_ccs/saed32rvt_tt1p05v25c.db)

Number of ports:                          130
Number of nets:                          3996
Number of cells:                         3621
Number of combinational cells:           3585
Number of sequential cells:                36
Number of macros/black boxes:               0
Number of buf/inv:                        655
Number of references:                      47

Combinational area:               8618.531295
Buf/Inv area:                      835.879620
Noncombinational area:             239.911943
Macro/Black Box area:                0.000000
Net Interconnect area:            2612.850199

Total cell area:                  8858.443239
Total area:                      11471.293438
1
