 
****************************************
Report : area
Design : vector_unit
Version: V-2023.12-SP5
Date   : Fri Dec  6 23:42:31 2024
****************************************

Library(s) Used:

    saed32rvt_tt1p05v25c (File: /afs/umich.edu/class/eecs598-002/SAED32/SAED32_EDK/lib/stdcell_rvt/db_ccs/saed32rvt_tt1p05v25c.db)

Number of ports:                          516
Number of nets:                         26398
Number of cells:                        24109
Number of combinational cells:          23309
Number of sequential cells:               800
Number of macros/black boxes:               0
Number of buf/inv:                       3839
Number of references:                      51

Combinational area:              58459.219176
Buf/Inv area:                     4920.990293
Noncombinational area:            5662.328424
Macro/Black Box area:                0.000000
Net Interconnect area:           24041.680336

Total cell area:                 64121.547600
Total area:                      88163.227936
1
