 
****************************************
check_design summary:
Version:     V-2023.12-SP5
Date:        Fri Dec  6 23:38:10 2024
****************************************

                   Name                                            Total
--------------------------------------------------------------------------------
Cells                                                             131
    Cells do not drive (LINT-1)                                     1
    Connected to power or ground (LINT-32)                        128
    Nets connected to multiple pins on same cell (LINT-33)          2

Nets                                                              192
    Unloaded nets (LINT-2)                                        192
--------------------------------------------------------------------------------

Warning: In design 'sigmoid_unit_N16_R6', cell 'B_256' does not drive any nets. (LINT-1)
Warning: In design 'vector_unit', net 'vec_mult_right_inst/net11137' driven by pin 'vec_mult_right_inst/mult_14/Z_0' has no loads. (LINT-2)
Warning: In design 'vector_unit', net 'vec_mult_right_inst/net11136' driven by pin 'vec_mult_right_inst/mult_14/Z_1' has no loads. (LINT-2)
Warning: In design 'vector_unit', net 'vec_mult_right_inst/net11135' driven by pin 'vec_mult_right_inst/mult_14/Z_2' has no loads. (LINT-2)
Warning: In design 'vector_unit', net 'vec_mult_right_inst/net11134' driven by pin 'vec_mult_right_inst/mult_14/Z_3' has no loads. (LINT-2)
Warning: In design 'vector_unit', net 'vec_mult_right_inst/net11133' driven by pin 'vec_mult_right_inst/mult_14/Z_4' has no loads. (LINT-2)
Warning: In design 'vector_unit', net 'vec_mult_right_inst/net11132' driven by pin 'vec_mult_right_inst/mult_14/Z_5' has no loads. (LINT-2)
Warning: In design 'vector_unit', net 'vec_mult_right_inst/net11131' driven by pin 'vec_mult_right_inst/mult_14_I2/Z_0' has no loads. (LINT-2)
Warning: In design 'vector_unit', net 'vec_mult_right_inst/net11130' driven by pin 'vec_mult_right_inst/mult_14_I2/Z_1' has no loads. (LINT-2)
Warning: In design 'vector_unit', net 'vec_mult_right_inst/net11129' driven by pin 'vec_mult_right_inst/mult_14_I2/Z_2' has no loads. (LINT-2)
Warning: In design 'vector_unit', net 'vec_mult_right_inst/net11128' driven by pin 'vec_mult_right_inst/mult_14_I2/Z_3' has no loads. (LINT-2)
Warning: In design 'vector_unit', net 'vec_mult_right_inst/net11127' driven by pin 'vec_mult_right_inst/mult_14_I2/Z_4' has no loads. (LINT-2)
Warning: In design 'vector_unit', net 'vec_mult_right_inst/net11126' driven by pin 'vec_mult_right_inst/mult_14_I2/Z_5' has no loads. (LINT-2)
Warning: In design 'vector_unit', net 'vec_mult_right_inst/net11125' driven by pin 'vec_mult_right_inst/mult_14_I3/Z_0' has no loads. (LINT-2)
Warning: In design 'vector_unit', net 'vec_mult_right_inst/net11124' driven by pin 'vec_mult_right_inst/mult_14_I3/Z_1' has no loads. (LINT-2)
Warning: In design 'vector_unit', net 'vec_mult_right_inst/net11123' driven by pin 'vec_mult_right_inst/mult_14_I3/Z_2' has no loads. (LINT-2)
Warning: In design 'vector_unit', net 'vec_mult_right_inst/net11122' driven by pin 'vec_mult_right_inst/mult_14_I3/Z_3' has no loads. (LINT-2)
Warning: In design 'vector_unit', net 'vec_mult_right_inst/net11121' driven by pin 'vec_mult_right_inst/mult_14_I3/Z_4' has no loads. (LINT-2)
Warning: In design 'vector_unit', net 'vec_mult_right_inst/net11120' driven by pin 'vec_mult_right_inst/mult_14_I3/Z_5' has no loads. (LINT-2)
Warning: In design 'vector_unit', net 'vec_mult_right_inst/net11119' driven by pin 'vec_mult_right_inst/mult_14_I4/Z_0' has no loads. (LINT-2)
Warning: In design 'vector_unit', net 'vec_mult_right_inst/net11118' driven by pin 'vec_mult_right_inst/mult_14_I4/Z_1' has no loads. (LINT-2)
Warning: In design 'vector_unit', net 'vec_mult_right_inst/net11117' driven by pin 'vec_mult_right_inst/mult_14_I4/Z_2' has no loads. (LINT-2)
Warning: In design 'vector_unit', net 'vec_mult_right_inst/net11116' driven by pin 'vec_mult_right_inst/mult_14_I4/Z_3' has no loads. (LINT-2)
Warning: In design 'vector_unit', net 'vec_mult_right_inst/net11115' driven by pin 'vec_mult_right_inst/mult_14_I4/Z_4' has no loads. (LINT-2)
Warning: In design 'vector_unit', net 'vec_mult_right_inst/net11114' driven by pin 'vec_mult_right_inst/mult_14_I4/Z_5' has no loads. (LINT-2)
Warning: In design 'vector_unit', net 'vec_mult_right_inst/net11113' driven by pin 'vec_mult_right_inst/mult_14_I5/Z_0' has no loads. (LINT-2)
Warning: In design 'vector_unit', net 'vec_mult_right_inst/net11112' driven by pin 'vec_mult_right_inst/mult_14_I5/Z_1' has no loads. (LINT-2)
Warning: In design 'vector_unit', net 'vec_mult_right_inst/net11111' driven by pin 'vec_mult_right_inst/mult_14_I5/Z_2' has no loads. (LINT-2)
Warning: In design 'vector_unit', net 'vec_mult_right_inst/net11110' driven by pin 'vec_mult_right_inst/mult_14_I5/Z_3' has no loads. (LINT-2)
Warning: In design 'vector_unit', net 'vec_mult_right_inst/net11109' driven by pin 'vec_mult_right_inst/mult_14_I5/Z_4' has no loads. (LINT-2)
Warning: In design 'vector_unit', net 'vec_mult_right_inst/net11108' driven by pin 'vec_mult_right_inst/mult_14_I5/Z_5' has no loads. (LINT-2)
Warning: In design 'vector_unit', net 'vec_mult_right_inst/net11107' driven by pin 'vec_mult_right_inst/mult_14_I6/Z_0' has no loads. (LINT-2)
Warning: In design 'vector_unit', net 'vec_mult_right_inst/net11106' driven by pin 'vec_mult_right_inst/mult_14_I6/Z_1' has no loads. (LINT-2)
Warning: In design 'vector_unit', net 'vec_mult_right_inst/net11105' driven by pin 'vec_mult_right_inst/mult_14_I6/Z_2' has no loads. (LINT-2)
Warning: In design 'vector_unit', net 'vec_mult_right_inst/net11104' driven by pin 'vec_mult_right_inst/mult_14_I6/Z_3' has no loads. (LINT-2)
Warning: In design 'vector_unit', net 'vec_mult_right_inst/net11103' driven by pin 'vec_mult_right_inst/mult_14_I6/Z_4' has no loads. (LINT-2)
Warning: In design 'vector_unit', net 'vec_mult_right_inst/net11102' driven by pin 'vec_mult_right_inst/mult_14_I6/Z_5' has no loads. (LINT-2)
Warning: In design 'vector_unit', net 'vec_mult_right_inst/net11101' driven by pin 'vec_mult_right_inst/mult_14_I7/Z_0' has no loads. (LINT-2)
Warning: In design 'vector_unit', net 'vec_mult_right_inst/net11100' driven by pin 'vec_mult_right_inst/mult_14_I7/Z_1' has no loads. (LINT-2)
Warning: In design 'vector_unit', net 'vec_mult_right_inst/net11099' driven by pin 'vec_mult_right_inst/mult_14_I7/Z_2' has no loads. (LINT-2)
Warning: In design 'vector_unit', net 'vec_mult_right_inst/net11098' driven by pin 'vec_mult_right_inst/mult_14_I7/Z_3' has no loads. (LINT-2)
Warning: In design 'vector_unit', net 'vec_mult_right_inst/net11097' driven by pin 'vec_mult_right_inst/mult_14_I7/Z_4' has no loads. (LINT-2)
Warning: In design 'vector_unit', net 'vec_mult_right_inst/net11096' driven by pin 'vec_mult_right_inst/mult_14_I7/Z_5' has no loads. (LINT-2)
Warning: In design 'vector_unit', net 'vec_mult_right_inst/net11095' driven by pin 'vec_mult_right_inst/mult_14_I8/Z_0' has no loads. (LINT-2)
Warning: In design 'vector_unit', net 'vec_mult_right_inst/net11094' driven by pin 'vec_mult_right_inst/mult_14_I8/Z_1' has no loads. (LINT-2)
Warning: In design 'vector_unit', net 'vec_mult_right_inst/net11093' driven by pin 'vec_mult_right_inst/mult_14_I8/Z_2' has no loads. (LINT-2)
Warning: In design 'vector_unit', net 'vec_mult_right_inst/net11092' driven by pin 'vec_mult_right_inst/mult_14_I8/Z_3' has no loads. (LINT-2)
Warning: In design 'vector_unit', net 'vec_mult_right_inst/net11091' driven by pin 'vec_mult_right_inst/mult_14_I8/Z_4' has no loads. (LINT-2)
Warning: In design 'vector_unit', net 'vec_mult_right_inst/net11090' driven by pin 'vec_mult_right_inst/mult_14_I8/Z_5' has no loads. (LINT-2)
Warning: In design 'vector_unit', net 'vec_sigmoid0/genblk1[1].sigmoid_unit_inst/net25857' driven by pin 'vec_sigmoid0/genblk1[1].sigmoid_unit_inst/mult_809/Z_0' has no loads. (LINT-2)
Warning: In design 'vector_unit', net 'vec_sigmoid0/genblk1[1].sigmoid_unit_inst/net25856' driven by pin 'vec_sigmoid0/genblk1[1].sigmoid_unit_inst/mult_809/Z_1' has no loads. (LINT-2)
Warning: In design 'vector_unit', net 'vec_sigmoid0/genblk1[1].sigmoid_unit_inst/net25855' driven by pin 'vec_sigmoid0/genblk1[1].sigmoid_unit_inst/mult_809/Z_2' has no loads. (LINT-2)
Warning: In design 'vector_unit', net 'vec_sigmoid0/genblk1[1].sigmoid_unit_inst/net25854' driven by pin 'vec_sigmoid0/genblk1[1].sigmoid_unit_inst/mult_809/Z_3' has no loads. (LINT-2)
Warning: In design 'vector_unit', net 'vec_sigmoid0/genblk1[1].sigmoid_unit_inst/net25853' driven by pin 'vec_sigmoid0/genblk1[1].sigmoid_unit_inst/mult_809/Z_4' has no loads. (LINT-2)
Warning: In design 'vector_unit', net 'vec_sigmoid0/genblk1[1].sigmoid_unit_inst/net25852' driven by pin 'vec_sigmoid0/genblk1[1].sigmoid_unit_inst/mult_809/Z_5' has no loads. (LINT-2)
Warning: In design 'vector_unit', net 'vec_sigmoid0/genblk1[2].sigmoid_unit_inst/net38089' driven by pin 'vec_sigmoid0/genblk1[2].sigmoid_unit_inst/mult_809/Z_0' has no loads. (LINT-2)
Warning: In design 'vector_unit', net 'vec_sigmoid0/genblk1[2].sigmoid_unit_inst/net38088' driven by pin 'vec_sigmoid0/genblk1[2].sigmoid_unit_inst/mult_809/Z_1' has no loads. (LINT-2)
Warning: In design 'vector_unit', net 'vec_sigmoid0/genblk1[2].sigmoid_unit_inst/net38087' driven by pin 'vec_sigmoid0/genblk1[2].sigmoid_unit_inst/mult_809/Z_2' has no loads. (LINT-2)
Warning: In design 'vector_unit', net 'vec_sigmoid0/genblk1[2].sigmoid_unit_inst/net38086' driven by pin 'vec_sigmoid0/genblk1[2].sigmoid_unit_inst/mult_809/Z_3' has no loads. (LINT-2)
Warning: In design 'vector_unit', net 'vec_sigmoid0/genblk1[2].sigmoid_unit_inst/net38085' driven by pin 'vec_sigmoid0/genblk1[2].sigmoid_unit_inst/mult_809/Z_4' has no loads. (LINT-2)
Warning: In design 'vector_unit', net 'vec_sigmoid0/genblk1[2].sigmoid_unit_inst/net38084' driven by pin 'vec_sigmoid0/genblk1[2].sigmoid_unit_inst/mult_809/Z_5' has no loads. (LINT-2)
Warning: In design 'vector_unit', net 'vec_sigmoid0/genblk1[3].sigmoid_unit_inst/net50321' driven by pin 'vec_sigmoid0/genblk1[3].sigmoid_unit_inst/mult_809/Z_0' has no loads. (LINT-2)
Warning: In design 'vector_unit', net 'vec_sigmoid0/genblk1[3].sigmoid_unit_inst/net50320' driven by pin 'vec_sigmoid0/genblk1[3].sigmoid_unit_inst/mult_809/Z_1' has no loads. (LINT-2)
Warning: In design 'vector_unit', net 'vec_sigmoid0/genblk1[3].sigmoid_unit_inst/net50319' driven by pin 'vec_sigmoid0/genblk1[3].sigmoid_unit_inst/mult_809/Z_2' has no loads. (LINT-2)
Warning: In design 'vector_unit', net 'vec_sigmoid0/genblk1[3].sigmoid_unit_inst/net50318' driven by pin 'vec_sigmoid0/genblk1[3].sigmoid_unit_inst/mult_809/Z_3' has no loads. (LINT-2)
Warning: In design 'vector_unit', net 'vec_sigmoid0/genblk1[3].sigmoid_unit_inst/net50317' driven by pin 'vec_sigmoid0/genblk1[3].sigmoid_unit_inst/mult_809/Z_4' has no loads. (LINT-2)
Warning: In design 'vector_unit', net 'vec_sigmoid0/genblk1[3].sigmoid_unit_inst/net50316' driven by pin 'vec_sigmoid0/genblk1[3].sigmoid_unit_inst/mult_809/Z_5' has no loads. (LINT-2)
Warning: In design 'vector_unit', net 'vec_sigmoid0/genblk1[4].sigmoid_unit_inst/net62553' driven by pin 'vec_sigmoid0/genblk1[4].sigmoid_unit_inst/mult_809/Z_0' has no loads. (LINT-2)
Warning: In design 'vector_unit', net 'vec_sigmoid0/genblk1[4].sigmoid_unit_inst/net62552' driven by pin 'vec_sigmoid0/genblk1[4].sigmoid_unit_inst/mult_809/Z_1' has no loads. (LINT-2)
Warning: In design 'vector_unit', net 'vec_sigmoid0/genblk1[4].sigmoid_unit_inst/net62551' driven by pin 'vec_sigmoid0/genblk1[4].sigmoid_unit_inst/mult_809/Z_2' has no loads. (LINT-2)
Warning: In design 'vector_unit', net 'vec_sigmoid0/genblk1[4].sigmoid_unit_inst/net62550' driven by pin 'vec_sigmoid0/genblk1[4].sigmoid_unit_inst/mult_809/Z_3' has no loads. (LINT-2)
Warning: In design 'vector_unit', net 'vec_sigmoid0/genblk1[4].sigmoid_unit_inst/net62549' driven by pin 'vec_sigmoid0/genblk1[4].sigmoid_unit_inst/mult_809/Z_4' has no loads. (LINT-2)
Warning: In design 'vector_unit', net 'vec_sigmoid0/genblk1[4].sigmoid_unit_inst/net62548' driven by pin 'vec_sigmoid0/genblk1[4].sigmoid_unit_inst/mult_809/Z_5' has no loads. (LINT-2)
Warning: In design 'vector_unit', net 'vec_sigmoid0/genblk1[5].sigmoid_unit_inst/net74785' driven by pin 'vec_sigmoid0/genblk1[5].sigmoid_unit_inst/mult_809/Z_0' has no loads. (LINT-2)
Warning: In design 'vector_unit', net 'vec_sigmoid0/genblk1[5].sigmoid_unit_inst/net74784' driven by pin 'vec_sigmoid0/genblk1[5].sigmoid_unit_inst/mult_809/Z_1' has no loads. (LINT-2)
Warning: In design 'vector_unit', net 'vec_sigmoid0/genblk1[5].sigmoid_unit_inst/net74783' driven by pin 'vec_sigmoid0/genblk1[5].sigmoid_unit_inst/mult_809/Z_2' has no loads. (LINT-2)
Warning: In design 'vector_unit', net 'vec_sigmoid0/genblk1[5].sigmoid_unit_inst/net74782' driven by pin 'vec_sigmoid0/genblk1[5].sigmoid_unit_inst/mult_809/Z_3' has no loads. (LINT-2)
Warning: In design 'vector_unit', net 'vec_sigmoid0/genblk1[5].sigmoid_unit_inst/net74781' driven by pin 'vec_sigmoid0/genblk1[5].sigmoid_unit_inst/mult_809/Z_4' has no loads. (LINT-2)
Warning: In design 'vector_unit', net 'vec_sigmoid0/genblk1[5].sigmoid_unit_inst/net74780' driven by pin 'vec_sigmoid0/genblk1[5].sigmoid_unit_inst/mult_809/Z_5' has no loads. (LINT-2)
Warning: In design 'vector_unit', net 'vec_sigmoid0/genblk1[6].sigmoid_unit_inst/net87017' driven by pin 'vec_sigmoid0/genblk1[6].sigmoid_unit_inst/mult_809/Z_0' has no loads. (LINT-2)
Warning: In design 'vector_unit', net 'vec_sigmoid0/genblk1[6].sigmoid_unit_inst/net87016' driven by pin 'vec_sigmoid0/genblk1[6].sigmoid_unit_inst/mult_809/Z_1' has no loads. (LINT-2)
Warning: In design 'vector_unit', net 'vec_sigmoid0/genblk1[6].sigmoid_unit_inst/net87015' driven by pin 'vec_sigmoid0/genblk1[6].sigmoid_unit_inst/mult_809/Z_2' has no loads. (LINT-2)
Warning: In design 'vector_unit', net 'vec_sigmoid0/genblk1[6].sigmoid_unit_inst/net87014' driven by pin 'vec_sigmoid0/genblk1[6].sigmoid_unit_inst/mult_809/Z_3' has no loads. (LINT-2)
Warning: In design 'vector_unit', net 'vec_sigmoid0/genblk1[6].sigmoid_unit_inst/net87013' driven by pin 'vec_sigmoid0/genblk1[6].sigmoid_unit_inst/mult_809/Z_4' has no loads. (LINT-2)
Warning: In design 'vector_unit', net 'vec_sigmoid0/genblk1[6].sigmoid_unit_inst/net87012' driven by pin 'vec_sigmoid0/genblk1[6].sigmoid_unit_inst/mult_809/Z_5' has no loads. (LINT-2)
Warning: In design 'vector_unit', net 'vec_sigmoid0/genblk1[7].sigmoid_unit_inst/net99249' driven by pin 'vec_sigmoid0/genblk1[7].sigmoid_unit_inst/mult_809/Z_0' has no loads. (LINT-2)
Warning: In design 'vector_unit', net 'vec_sigmoid0/genblk1[7].sigmoid_unit_inst/net99248' driven by pin 'vec_sigmoid0/genblk1[7].sigmoid_unit_inst/mult_809/Z_1' has no loads. (LINT-2)
Warning: In design 'vector_unit', net 'vec_sigmoid0/genblk1[7].sigmoid_unit_inst/net99247' driven by pin 'vec_sigmoid0/genblk1[7].sigmoid_unit_inst/mult_809/Z_2' has no loads. (LINT-2)
Warning: In design 'vector_unit', net 'vec_sigmoid0/genblk1[7].sigmoid_unit_inst/net99246' driven by pin 'vec_sigmoid0/genblk1[7].sigmoid_unit_inst/mult_809/Z_3' has no loads. (LINT-2)
Warning: In design 'vector_unit', net 'vec_sigmoid0/genblk1[7].sigmoid_unit_inst/net99245' driven by pin 'vec_sigmoid0/genblk1[7].sigmoid_unit_inst/mult_809/Z_4' has no loads. (LINT-2)
Warning: In design 'vector_unit', net 'vec_sigmoid0/genblk1[7].sigmoid_unit_inst/net99244' driven by pin 'vec_sigmoid0/genblk1[7].sigmoid_unit_inst/mult_809/Z_5' has no loads. (LINT-2)
Warning: In design 'vector_unit', net 'vec_silu0/vm/net111523' driven by pin 'vec_silu0/vm/mult_14/Z_0' has no loads. (LINT-2)
Warning: In design 'vector_unit', net 'vec_silu0/vm/net111522' driven by pin 'vec_silu0/vm/mult_14/Z_1' has no loads. (LINT-2)
Warning: In design 'vector_unit', net 'vec_silu0/vm/net111521' driven by pin 'vec_silu0/vm/mult_14/Z_2' has no loads. (LINT-2)
Warning: In design 'vector_unit', net 'vec_silu0/vm/net111520' driven by pin 'vec_silu0/vm/mult_14/Z_3' has no loads. (LINT-2)
Warning: In design 'vector_unit', net 'vec_silu0/vm/net111519' driven by pin 'vec_silu0/vm/mult_14/Z_4' has no loads. (LINT-2)
Warning: In design 'vector_unit', net 'vec_silu0/vm/net111518' driven by pin 'vec_silu0/vm/mult_14/Z_5' has no loads. (LINT-2)
Warning: In design 'vector_unit', net 'vec_silu0/vm/net111517' driven by pin 'vec_silu0/vm/mult_14_I2/Z_0' has no loads. (LINT-2)
Warning: In design 'vector_unit', net 'vec_silu0/vm/net111516' driven by pin 'vec_silu0/vm/mult_14_I2/Z_1' has no loads. (LINT-2)
Warning: In design 'vector_unit', net 'vec_silu0/vm/net111515' driven by pin 'vec_silu0/vm/mult_14_I2/Z_2' has no loads. (LINT-2)
Warning: In design 'vector_unit', net 'vec_silu0/vm/net111514' driven by pin 'vec_silu0/vm/mult_14_I2/Z_3' has no loads. (LINT-2)
Warning: In design 'vector_unit', net 'vec_silu0/vm/net111513' driven by pin 'vec_silu0/vm/mult_14_I2/Z_4' has no loads. (LINT-2)
Warning: In design 'vector_unit', net 'vec_silu0/vm/net111512' driven by pin 'vec_silu0/vm/mult_14_I2/Z_5' has no loads. (LINT-2)
Warning: In design 'vector_unit', net 'vec_silu0/vm/net111511' driven by pin 'vec_silu0/vm/mult_14_I3/Z_0' has no loads. (LINT-2)
Warning: In design 'vector_unit', net 'vec_silu0/vm/net111510' driven by pin 'vec_silu0/vm/mult_14_I3/Z_1' has no loads. (LINT-2)
Warning: In design 'vector_unit', net 'vec_silu0/vm/net111509' driven by pin 'vec_silu0/vm/mult_14_I3/Z_2' has no loads. (LINT-2)
Warning: In design 'vector_unit', net 'vec_silu0/vm/net111508' driven by pin 'vec_silu0/vm/mult_14_I3/Z_3' has no loads. (LINT-2)
Warning: In design 'vector_unit', net 'vec_silu0/vm/net111507' driven by pin 'vec_silu0/vm/mult_14_I3/Z_4' has no loads. (LINT-2)
Warning: In design 'vector_unit', net 'vec_silu0/vm/net111506' driven by pin 'vec_silu0/vm/mult_14_I3/Z_5' has no loads. (LINT-2)
Warning: In design 'vector_unit', net 'vec_silu0/vm/net111505' driven by pin 'vec_silu0/vm/mult_14_I4/Z_0' has no loads. (LINT-2)
Warning: In design 'vector_unit', net 'vec_silu0/vm/net111504' driven by pin 'vec_silu0/vm/mult_14_I4/Z_1' has no loads. (LINT-2)
Warning: In design 'vector_unit', net 'vec_silu0/vm/net111503' driven by pin 'vec_silu0/vm/mult_14_I4/Z_2' has no loads. (LINT-2)
Warning: In design 'vector_unit', net 'vec_silu0/vm/net111502' driven by pin 'vec_silu0/vm/mult_14_I4/Z_3' has no loads. (LINT-2)
Warning: In design 'vector_unit', net 'vec_silu0/vm/net111501' driven by pin 'vec_silu0/vm/mult_14_I4/Z_4' has no loads. (LINT-2)
Warning: In design 'vector_unit', net 'vec_silu0/vm/net111500' driven by pin 'vec_silu0/vm/mult_14_I4/Z_5' has no loads. (LINT-2)
Warning: In design 'vector_unit', net 'vec_silu0/vm/net111499' driven by pin 'vec_silu0/vm/mult_14_I5/Z_0' has no loads. (LINT-2)
Warning: In design 'vector_unit', net 'vec_silu0/vm/net111498' driven by pin 'vec_silu0/vm/mult_14_I5/Z_1' has no loads. (LINT-2)
Warning: In design 'vector_unit', net 'vec_silu0/vm/net111497' driven by pin 'vec_silu0/vm/mult_14_I5/Z_2' has no loads. (LINT-2)
Warning: In design 'vector_unit', net 'vec_silu0/vm/net111496' driven by pin 'vec_silu0/vm/mult_14_I5/Z_3' has no loads. (LINT-2)
Warning: In design 'vector_unit', net 'vec_silu0/vm/net111495' driven by pin 'vec_silu0/vm/mult_14_I5/Z_4' has no loads. (LINT-2)
Warning: In design 'vector_unit', net 'vec_silu0/vm/net111494' driven by pin 'vec_silu0/vm/mult_14_I5/Z_5' has no loads. (LINT-2)
Warning: In design 'vector_unit', net 'vec_silu0/vm/net111493' driven by pin 'vec_silu0/vm/mult_14_I6/Z_0' has no loads. (LINT-2)
Warning: In design 'vector_unit', net 'vec_silu0/vm/net111492' driven by pin 'vec_silu0/vm/mult_14_I6/Z_1' has no loads. (LINT-2)
Warning: In design 'vector_unit', net 'vec_silu0/vm/net111491' driven by pin 'vec_silu0/vm/mult_14_I6/Z_2' has no loads. (LINT-2)
Warning: In design 'vector_unit', net 'vec_silu0/vm/net111490' driven by pin 'vec_silu0/vm/mult_14_I6/Z_3' has no loads. (LINT-2)
Warning: In design 'vector_unit', net 'vec_silu0/vm/net111489' driven by pin 'vec_silu0/vm/mult_14_I6/Z_4' has no loads. (LINT-2)
Warning: In design 'vector_unit', net 'vec_silu0/vm/net111488' driven by pin 'vec_silu0/vm/mult_14_I6/Z_5' has no loads. (LINT-2)
Warning: In design 'vector_unit', net 'vec_silu0/vm/net111487' driven by pin 'vec_silu0/vm/mult_14_I7/Z_0' has no loads. (LINT-2)
Warning: In design 'vector_unit', net 'vec_silu0/vm/net111486' driven by pin 'vec_silu0/vm/mult_14_I7/Z_1' has no loads. (LINT-2)
Warning: In design 'vector_unit', net 'vec_silu0/vm/net111485' driven by pin 'vec_silu0/vm/mult_14_I7/Z_2' has no loads. (LINT-2)
Warning: In design 'vector_unit', net 'vec_silu0/vm/net111484' driven by pin 'vec_silu0/vm/mult_14_I7/Z_3' has no loads. (LINT-2)
Warning: In design 'vector_unit', net 'vec_silu0/vm/net111483' driven by pin 'vec_silu0/vm/mult_14_I7/Z_4' has no loads. (LINT-2)
Warning: In design 'vector_unit', net 'vec_silu0/vm/net111482' driven by pin 'vec_silu0/vm/mult_14_I7/Z_5' has no loads. (LINT-2)
Warning: In design 'vector_unit', net 'vec_silu0/vm/net111481' driven by pin 'vec_silu0/vm/mult_14_I8/Z_0' has no loads. (LINT-2)
Warning: In design 'vector_unit', net 'vec_silu0/vm/net111480' driven by pin 'vec_silu0/vm/mult_14_I8/Z_1' has no loads. (LINT-2)
Warning: In design 'vector_unit', net 'vec_silu0/vm/net111479' driven by pin 'vec_silu0/vm/mult_14_I8/Z_2' has no loads. (LINT-2)
Warning: In design 'vector_unit', net 'vec_silu0/vm/net111478' driven by pin 'vec_silu0/vm/mult_14_I8/Z_3' has no loads. (LINT-2)
Warning: In design 'vector_unit', net 'vec_silu0/vm/net111477' driven by pin 'vec_silu0/vm/mult_14_I8/Z_4' has no loads. (LINT-2)
Warning: In design 'vector_unit', net 'vec_silu0/vm/net111476' driven by pin 'vec_silu0/vm/mult_14_I8/Z_5' has no loads. (LINT-2)
Warning: In design 'vector_unit', net 'vec_mult_left_inst/net9008' driven by pin 'vec_mult_left_inst/mult_14/Z_0' has no loads. (LINT-2)
Warning: In design 'vector_unit', net 'vec_mult_left_inst/net9007' driven by pin 'vec_mult_left_inst/mult_14/Z_1' has no loads. (LINT-2)
Warning: In design 'vector_unit', net 'vec_mult_left_inst/net9006' driven by pin 'vec_mult_left_inst/mult_14/Z_2' has no loads. (LINT-2)
Warning: In design 'vector_unit', net 'vec_mult_left_inst/net9005' driven by pin 'vec_mult_left_inst/mult_14/Z_3' has no loads. (LINT-2)
Warning: In design 'vector_unit', net 'vec_mult_left_inst/net9004' driven by pin 'vec_mult_left_inst/mult_14/Z_4' has no loads. (LINT-2)
Warning: In design 'vector_unit', net 'vec_mult_left_inst/net9003' driven by pin 'vec_mult_left_inst/mult_14/Z_5' has no loads. (LINT-2)
Warning: In design 'vector_unit', net 'vec_mult_left_inst/net9002' driven by pin 'vec_mult_left_inst/mult_14_I2/Z_0' has no loads. (LINT-2)
Warning: In design 'vector_unit', net 'vec_mult_left_inst/net9001' driven by pin 'vec_mult_left_inst/mult_14_I2/Z_1' has no loads. (LINT-2)
Warning: In design 'vector_unit', net 'vec_mult_left_inst/net9000' driven by pin 'vec_mult_left_inst/mult_14_I2/Z_2' has no loads. (LINT-2)
Warning: In design 'vector_unit', net 'vec_mult_left_inst/net8999' driven by pin 'vec_mult_left_inst/mult_14_I2/Z_3' has no loads. (LINT-2)
Warning: In design 'vector_unit', net 'vec_mult_left_inst/net8998' driven by pin 'vec_mult_left_inst/mult_14_I2/Z_4' has no loads. (LINT-2)
Warning: In design 'vector_unit', net 'vec_mult_left_inst/net8997' driven by pin 'vec_mult_left_inst/mult_14_I2/Z_5' has no loads. (LINT-2)
Warning: In design 'vector_unit', net 'vec_mult_left_inst/net8996' driven by pin 'vec_mult_left_inst/mult_14_I3/Z_0' has no loads. (LINT-2)
Warning: In design 'vector_unit', net 'vec_mult_left_inst/net8995' driven by pin 'vec_mult_left_inst/mult_14_I3/Z_1' has no loads. (LINT-2)
Warning: In design 'vector_unit', net 'vec_mult_left_inst/net8994' driven by pin 'vec_mult_left_inst/mult_14_I3/Z_2' has no loads. (LINT-2)
Warning: In design 'vector_unit', net 'vec_mult_left_inst/net8993' driven by pin 'vec_mult_left_inst/mult_14_I3/Z_3' has no loads. (LINT-2)
Warning: In design 'vector_unit', net 'vec_mult_left_inst/net8992' driven by pin 'vec_mult_left_inst/mult_14_I3/Z_4' has no loads. (LINT-2)
Warning: In design 'vector_unit', net 'vec_mult_left_inst/net8991' driven by pin 'vec_mult_left_inst/mult_14_I3/Z_5' has no loads. (LINT-2)
Warning: In design 'vector_unit', net 'vec_mult_left_inst/net8990' driven by pin 'vec_mult_left_inst/mult_14_I4/Z_0' has no loads. (LINT-2)
Warning: In design 'vector_unit', net 'vec_mult_left_inst/net8989' driven by pin 'vec_mult_left_inst/mult_14_I4/Z_1' has no loads. (LINT-2)
Warning: In design 'vector_unit', net 'vec_mult_left_inst/net8988' driven by pin 'vec_mult_left_inst/mult_14_I4/Z_2' has no loads. (LINT-2)
Warning: In design 'vector_unit', net 'vec_mult_left_inst/net8987' driven by pin 'vec_mult_left_inst/mult_14_I4/Z_3' has no loads. (LINT-2)
Warning: In design 'vector_unit', net 'vec_mult_left_inst/net8986' driven by pin 'vec_mult_left_inst/mult_14_I4/Z_4' has no loads. (LINT-2)
Warning: In design 'vector_unit', net 'vec_mult_left_inst/net8985' driven by pin 'vec_mult_left_inst/mult_14_I4/Z_5' has no loads. (LINT-2)
Warning: In design 'vector_unit', net 'vec_mult_left_inst/net8984' driven by pin 'vec_mult_left_inst/mult_14_I5/Z_0' has no loads. (LINT-2)
Warning: In design 'vector_unit', net 'vec_mult_left_inst/net8983' driven by pin 'vec_mult_left_inst/mult_14_I5/Z_1' has no loads. (LINT-2)
Warning: In design 'vector_unit', net 'vec_mult_left_inst/net8982' driven by pin 'vec_mult_left_inst/mult_14_I5/Z_2' has no loads. (LINT-2)
Warning: In design 'vector_unit', net 'vec_mult_left_inst/net8981' driven by pin 'vec_mult_left_inst/mult_14_I5/Z_3' has no loads. (LINT-2)
Warning: In design 'vector_unit', net 'vec_mult_left_inst/net8980' driven by pin 'vec_mult_left_inst/mult_14_I5/Z_4' has no loads. (LINT-2)
Warning: In design 'vector_unit', net 'vec_mult_left_inst/net8979' driven by pin 'vec_mult_left_inst/mult_14_I5/Z_5' has no loads. (LINT-2)
Warning: In design 'vector_unit', net 'vec_mult_left_inst/net8978' driven by pin 'vec_mult_left_inst/mult_14_I6/Z_0' has no loads. (LINT-2)
Warning: In design 'vector_unit', net 'vec_mult_left_inst/net8977' driven by pin 'vec_mult_left_inst/mult_14_I6/Z_1' has no loads. (LINT-2)
Warning: In design 'vector_unit', net 'vec_mult_left_inst/net8976' driven by pin 'vec_mult_left_inst/mult_14_I6/Z_2' has no loads. (LINT-2)
Warning: In design 'vector_unit', net 'vec_mult_left_inst/net8975' driven by pin 'vec_mult_left_inst/mult_14_I6/Z_3' has no loads. (LINT-2)
Warning: In design 'vector_unit', net 'vec_mult_left_inst/net8974' driven by pin 'vec_mult_left_inst/mult_14_I6/Z_4' has no loads. (LINT-2)
Warning: In design 'vector_unit', net 'vec_mult_left_inst/net8973' driven by pin 'vec_mult_left_inst/mult_14_I6/Z_5' has no loads. (LINT-2)
Warning: In design 'vector_unit', net 'vec_mult_left_inst/net8972' driven by pin 'vec_mult_left_inst/mult_14_I7/Z_0' has no loads. (LINT-2)
Warning: In design 'vector_unit', net 'vec_mult_left_inst/net8971' driven by pin 'vec_mult_left_inst/mult_14_I7/Z_1' has no loads. (LINT-2)
Warning: In design 'vector_unit', net 'vec_mult_left_inst/net8970' driven by pin 'vec_mult_left_inst/mult_14_I7/Z_2' has no loads. (LINT-2)
Warning: In design 'vector_unit', net 'vec_mult_left_inst/net8969' driven by pin 'vec_mult_left_inst/mult_14_I7/Z_3' has no loads. (LINT-2)
Warning: In design 'vector_unit', net 'vec_mult_left_inst/net8968' driven by pin 'vec_mult_left_inst/mult_14_I7/Z_4' has no loads. (LINT-2)
Warning: In design 'vector_unit', net 'vec_mult_left_inst/net8967' driven by pin 'vec_mult_left_inst/mult_14_I7/Z_5' has no loads. (LINT-2)
Warning: In design 'vector_unit', net 'vec_mult_left_inst/net8966' driven by pin 'vec_mult_left_inst/mult_14_I8/Z_0' has no loads. (LINT-2)
Warning: In design 'vector_unit', net 'vec_mult_left_inst/net8965' driven by pin 'vec_mult_left_inst/mult_14_I8/Z_1' has no loads. (LINT-2)
Warning: In design 'vector_unit', net 'vec_mult_left_inst/net8964' driven by pin 'vec_mult_left_inst/mult_14_I8/Z_2' has no loads. (LINT-2)
Warning: In design 'vector_unit', net 'vec_mult_left_inst/net8963' driven by pin 'vec_mult_left_inst/mult_14_I8/Z_3' has no loads. (LINT-2)
Warning: In design 'vector_unit', net 'vec_mult_left_inst/net8962' driven by pin 'vec_mult_left_inst/mult_14_I8/Z_4' has no loads. (LINT-2)
Warning: In design 'vector_unit', net 'vec_mult_left_inst/net8961' driven by pin 'vec_mult_left_inst/mult_14_I8/Z_5' has no loads. (LINT-2)
Warning: In design 'vector_unit', net 'vec_sigmoid0/genblk1[0].sigmoid_unit_inst/net13625' driven by pin 'vec_sigmoid0/genblk1[0].sigmoid_unit_inst/mult_809/Z_0' has no loads. (LINT-2)
Warning: In design 'vector_unit', net 'vec_sigmoid0/genblk1[0].sigmoid_unit_inst/net13624' driven by pin 'vec_sigmoid0/genblk1[0].sigmoid_unit_inst/mult_809/Z_1' has no loads. (LINT-2)
Warning: In design 'vector_unit', net 'vec_sigmoid0/genblk1[0].sigmoid_unit_inst/net13623' driven by pin 'vec_sigmoid0/genblk1[0].sigmoid_unit_inst/mult_809/Z_2' has no loads. (LINT-2)
Warning: In design 'vector_unit', net 'vec_sigmoid0/genblk1[0].sigmoid_unit_inst/net13622' driven by pin 'vec_sigmoid0/genblk1[0].sigmoid_unit_inst/mult_809/Z_3' has no loads. (LINT-2)
Warning: In design 'vector_unit', net 'vec_sigmoid0/genblk1[0].sigmoid_unit_inst/net13621' driven by pin 'vec_sigmoid0/genblk1[0].sigmoid_unit_inst/mult_809/Z_4' has no loads. (LINT-2)
Warning: In design 'vector_unit', net 'vec_sigmoid0/genblk1[0].sigmoid_unit_inst/net13620' driven by pin 'vec_sigmoid0/genblk1[0].sigmoid_unit_inst/mult_809/Z_5' has no loads. (LINT-2)
Warning: In design 'vector_unit', a pin on submodule 'vec_sub0' is connected to logic 1 or logic 0. (LINT-32)
   Pin 'in_1[7][15]' is connected to logic 0. 
Warning: In design 'vector_unit', a pin on submodule 'vec_sub0' is connected to logic 1 or logic 0. (LINT-32)
   Pin 'in_1[7][14]' is connected to logic 0. 
Warning: In design 'vector_unit', a pin on submodule 'vec_sub0' is connected to logic 1 or logic 0. (LINT-32)
   Pin 'in_1[7][13]' is connected to logic 0. 
Warning: In design 'vector_unit', a pin on submodule 'vec_sub0' is connected to logic 1 or logic 0. (LINT-32)
   Pin 'in_1[7][12]' is connected to logic 0. 
Warning: In design 'vector_unit', a pin on submodule 'vec_sub0' is connected to logic 1 or logic 0. (LINT-32)
   Pin 'in_1[7][11]' is connected to logic 0. 
Warning: In design 'vector_unit', a pin on submodule 'vec_sub0' is connected to logic 1 or logic 0. (LINT-32)
   Pin 'in_1[7][10]' is connected to logic 0. 
Warning: In design 'vector_unit', a pin on submodule 'vec_sub0' is connected to logic 1 or logic 0. (LINT-32)
   Pin 'in_1[7][9]' is connected to logic 0. 
Warning: In design 'vector_unit', a pin on submodule 'vec_sub0' is connected to logic 1 or logic 0. (LINT-32)
   Pin 'in_1[7][8]' is connected to logic 0. 
Warning: In design 'vector_unit', a pin on submodule 'vec_sub0' is connected to logic 1 or logic 0. (LINT-32)
   Pin 'in_1[7][7]' is connected to logic 0. 
Warning: In design 'vector_unit', a pin on submodule 'vec_sub0' is connected to logic 1 or logic 0. (LINT-32)
   Pin 'in_1[7][6]' is connected to logic 1. 
Warning: In design 'vector_unit', a pin on submodule 'vec_sub0' is connected to logic 1 or logic 0. (LINT-32)
   Pin 'in_1[7][5]' is connected to logic 0. 
Warning: In design 'vector_unit', a pin on submodule 'vec_sub0' is connected to logic 1 or logic 0. (LINT-32)
   Pin 'in_1[7][4]' is connected to logic 0. 
Warning: In design 'vector_unit', a pin on submodule 'vec_sub0' is connected to logic 1 or logic 0. (LINT-32)
   Pin 'in_1[7][3]' is connected to logic 0. 
Warning: In design 'vector_unit', a pin on submodule 'vec_sub0' is connected to logic 1 or logic 0. (LINT-32)
   Pin 'in_1[7][2]' is connected to logic 0. 
Warning: In design 'vector_unit', a pin on submodule 'vec_sub0' is connected to logic 1 or logic 0. (LINT-32)
   Pin 'in_1[7][1]' is connected to logic 0. 
Warning: In design 'vector_unit', a pin on submodule 'vec_sub0' is connected to logic 1 or logic 0. (LINT-32)
   Pin 'in_1[7][0]' is connected to logic 0. 
Warning: In design 'vector_unit', a pin on submodule 'vec_sub0' is connected to logic 1 or logic 0. (LINT-32)
   Pin 'in_1[6][15]' is connected to logic 0. 
Warning: In design 'vector_unit', a pin on submodule 'vec_sub0' is connected to logic 1 or logic 0. (LINT-32)
   Pin 'in_1[6][14]' is connected to logic 0. 
Warning: In design 'vector_unit', a pin on submodule 'vec_sub0' is connected to logic 1 or logic 0. (LINT-32)
   Pin 'in_1[6][13]' is connected to logic 0. 
Warning: In design 'vector_unit', a pin on submodule 'vec_sub0' is connected to logic 1 or logic 0. (LINT-32)
   Pin 'in_1[6][12]' is connected to logic 0. 
Warning: In design 'vector_unit', a pin on submodule 'vec_sub0' is connected to logic 1 or logic 0. (LINT-32)
   Pin 'in_1[6][11]' is connected to logic 0. 
Warning: In design 'vector_unit', a pin on submodule 'vec_sub0' is connected to logic 1 or logic 0. (LINT-32)
   Pin 'in_1[6][10]' is connected to logic 0. 
Warning: In design 'vector_unit', a pin on submodule 'vec_sub0' is connected to logic 1 or logic 0. (LINT-32)
   Pin 'in_1[6][9]' is connected to logic 0. 
Warning: In design 'vector_unit', a pin on submodule 'vec_sub0' is connected to logic 1 or logic 0. (LINT-32)
   Pin 'in_1[6][8]' is connected to logic 0. 
Warning: In design 'vector_unit', a pin on submodule 'vec_sub0' is connected to logic 1 or logic 0. (LINT-32)
   Pin 'in_1[6][7]' is connected to logic 0. 
Warning: In design 'vector_unit', a pin on submodule 'vec_sub0' is connected to logic 1 or logic 0. (LINT-32)
   Pin 'in_1[6][6]' is connected to logic 1. 
Warning: In design 'vector_unit', a pin on submodule 'vec_sub0' is connected to logic 1 or logic 0. (LINT-32)
   Pin 'in_1[6][5]' is connected to logic 0. 
Warning: In design 'vector_unit', a pin on submodule 'vec_sub0' is connected to logic 1 or logic 0. (LINT-32)
   Pin 'in_1[6][4]' is connected to logic 0. 
Warning: In design 'vector_unit', a pin on submodule 'vec_sub0' is connected to logic 1 or logic 0. (LINT-32)
   Pin 'in_1[6][3]' is connected to logic 0. 
Warning: In design 'vector_unit', a pin on submodule 'vec_sub0' is connected to logic 1 or logic 0. (LINT-32)
   Pin 'in_1[6][2]' is connected to logic 0. 
Warning: In design 'vector_unit', a pin on submodule 'vec_sub0' is connected to logic 1 or logic 0. (LINT-32)
   Pin 'in_1[6][1]' is connected to logic 0. 
Warning: In design 'vector_unit', a pin on submodule 'vec_sub0' is connected to logic 1 or logic 0. (LINT-32)
   Pin 'in_1[6][0]' is connected to logic 0. 
Warning: In design 'vector_unit', a pin on submodule 'vec_sub0' is connected to logic 1 or logic 0. (LINT-32)
   Pin 'in_1[5][15]' is connected to logic 0. 
Warning: In design 'vector_unit', a pin on submodule 'vec_sub0' is connected to logic 1 or logic 0. (LINT-32)
   Pin 'in_1[5][14]' is connected to logic 0. 
Warning: In design 'vector_unit', a pin on submodule 'vec_sub0' is connected to logic 1 or logic 0. (LINT-32)
   Pin 'in_1[5][13]' is connected to logic 0. 
Warning: In design 'vector_unit', a pin on submodule 'vec_sub0' is connected to logic 1 or logic 0. (LINT-32)
   Pin 'in_1[5][12]' is connected to logic 0. 
Warning: In design 'vector_unit', a pin on submodule 'vec_sub0' is connected to logic 1 or logic 0. (LINT-32)
   Pin 'in_1[5][11]' is connected to logic 0. 
Warning: In design 'vector_unit', a pin on submodule 'vec_sub0' is connected to logic 1 or logic 0. (LINT-32)
   Pin 'in_1[5][10]' is connected to logic 0. 
Warning: In design 'vector_unit', a pin on submodule 'vec_sub0' is connected to logic 1 or logic 0. (LINT-32)
   Pin 'in_1[5][9]' is connected to logic 0. 
Warning: In design 'vector_unit', a pin on submodule 'vec_sub0' is connected to logic 1 or logic 0. (LINT-32)
   Pin 'in_1[5][8]' is connected to logic 0. 
Warning: In design 'vector_unit', a pin on submodule 'vec_sub0' is connected to logic 1 or logic 0. (LINT-32)
   Pin 'in_1[5][7]' is connected to logic 0. 
Warning: In design 'vector_unit', a pin on submodule 'vec_sub0' is connected to logic 1 or logic 0. (LINT-32)
   Pin 'in_1[5][6]' is connected to logic 1. 
Warning: In design 'vector_unit', a pin on submodule 'vec_sub0' is connected to logic 1 or logic 0. (LINT-32)
   Pin 'in_1[5][5]' is connected to logic 0. 
Warning: In design 'vector_unit', a pin on submodule 'vec_sub0' is connected to logic 1 or logic 0. (LINT-32)
   Pin 'in_1[5][4]' is connected to logic 0. 
Warning: In design 'vector_unit', a pin on submodule 'vec_sub0' is connected to logic 1 or logic 0. (LINT-32)
   Pin 'in_1[5][3]' is connected to logic 0. 
Warning: In design 'vector_unit', a pin on submodule 'vec_sub0' is connected to logic 1 or logic 0. (LINT-32)
   Pin 'in_1[5][2]' is connected to logic 0. 
Warning: In design 'vector_unit', a pin on submodule 'vec_sub0' is connected to logic 1 or logic 0. (LINT-32)
   Pin 'in_1[5][1]' is connected to logic 0. 
Warning: In design 'vector_unit', a pin on submodule 'vec_sub0' is connected to logic 1 or logic 0. (LINT-32)
   Pin 'in_1[5][0]' is connected to logic 0. 
Warning: In design 'vector_unit', a pin on submodule 'vec_sub0' is connected to logic 1 or logic 0. (LINT-32)
   Pin 'in_1[4][15]' is connected to logic 0. 
Warning: In design 'vector_unit', a pin on submodule 'vec_sub0' is connected to logic 1 or logic 0. (LINT-32)
   Pin 'in_1[4][14]' is connected to logic 0. 
Warning: In design 'vector_unit', a pin on submodule 'vec_sub0' is connected to logic 1 or logic 0. (LINT-32)
   Pin 'in_1[4][13]' is connected to logic 0. 
Warning: In design 'vector_unit', a pin on submodule 'vec_sub0' is connected to logic 1 or logic 0. (LINT-32)
   Pin 'in_1[4][12]' is connected to logic 0. 
Warning: In design 'vector_unit', a pin on submodule 'vec_sub0' is connected to logic 1 or logic 0. (LINT-32)
   Pin 'in_1[4][11]' is connected to logic 0. 
Warning: In design 'vector_unit', a pin on submodule 'vec_sub0' is connected to logic 1 or logic 0. (LINT-32)
   Pin 'in_1[4][10]' is connected to logic 0. 
Warning: In design 'vector_unit', a pin on submodule 'vec_sub0' is connected to logic 1 or logic 0. (LINT-32)
   Pin 'in_1[4][9]' is connected to logic 0. 
Warning: In design 'vector_unit', a pin on submodule 'vec_sub0' is connected to logic 1 or logic 0. (LINT-32)
   Pin 'in_1[4][8]' is connected to logic 0. 
Warning: In design 'vector_unit', a pin on submodule 'vec_sub0' is connected to logic 1 or logic 0. (LINT-32)
   Pin 'in_1[4][7]' is connected to logic 0. 
Warning: In design 'vector_unit', a pin on submodule 'vec_sub0' is connected to logic 1 or logic 0. (LINT-32)
   Pin 'in_1[4][6]' is connected to logic 1. 
Warning: In design 'vector_unit', a pin on submodule 'vec_sub0' is connected to logic 1 or logic 0. (LINT-32)
   Pin 'in_1[4][5]' is connected to logic 0. 
Warning: In design 'vector_unit', a pin on submodule 'vec_sub0' is connected to logic 1 or logic 0. (LINT-32)
   Pin 'in_1[4][4]' is connected to logic 0. 
Warning: In design 'vector_unit', a pin on submodule 'vec_sub0' is connected to logic 1 or logic 0. (LINT-32)
   Pin 'in_1[4][3]' is connected to logic 0. 
Warning: In design 'vector_unit', a pin on submodule 'vec_sub0' is connected to logic 1 or logic 0. (LINT-32)
   Pin 'in_1[4][2]' is connected to logic 0. 
Warning: In design 'vector_unit', a pin on submodule 'vec_sub0' is connected to logic 1 or logic 0. (LINT-32)
   Pin 'in_1[4][1]' is connected to logic 0. 
Warning: In design 'vector_unit', a pin on submodule 'vec_sub0' is connected to logic 1 or logic 0. (LINT-32)
   Pin 'in_1[4][0]' is connected to logic 0. 
Warning: In design 'vector_unit', a pin on submodule 'vec_sub0' is connected to logic 1 or logic 0. (LINT-32)
   Pin 'in_1[3][15]' is connected to logic 0. 
Warning: In design 'vector_unit', a pin on submodule 'vec_sub0' is connected to logic 1 or logic 0. (LINT-32)
   Pin 'in_1[3][14]' is connected to logic 0. 
Warning: In design 'vector_unit', a pin on submodule 'vec_sub0' is connected to logic 1 or logic 0. (LINT-32)
   Pin 'in_1[3][13]' is connected to logic 0. 
Warning: In design 'vector_unit', a pin on submodule 'vec_sub0' is connected to logic 1 or logic 0. (LINT-32)
   Pin 'in_1[3][12]' is connected to logic 0. 
Warning: In design 'vector_unit', a pin on submodule 'vec_sub0' is connected to logic 1 or logic 0. (LINT-32)
   Pin 'in_1[3][11]' is connected to logic 0. 
Warning: In design 'vector_unit', a pin on submodule 'vec_sub0' is connected to logic 1 or logic 0. (LINT-32)
   Pin 'in_1[3][10]' is connected to logic 0. 
Warning: In design 'vector_unit', a pin on submodule 'vec_sub0' is connected to logic 1 or logic 0. (LINT-32)
   Pin 'in_1[3][9]' is connected to logic 0. 
Warning: In design 'vector_unit', a pin on submodule 'vec_sub0' is connected to logic 1 or logic 0. (LINT-32)
   Pin 'in_1[3][8]' is connected to logic 0. 
Warning: In design 'vector_unit', a pin on submodule 'vec_sub0' is connected to logic 1 or logic 0. (LINT-32)
   Pin 'in_1[3][7]' is connected to logic 0. 
Warning: In design 'vector_unit', a pin on submodule 'vec_sub0' is connected to logic 1 or logic 0. (LINT-32)
   Pin 'in_1[3][6]' is connected to logic 1. 
Warning: In design 'vector_unit', a pin on submodule 'vec_sub0' is connected to logic 1 or logic 0. (LINT-32)
   Pin 'in_1[3][5]' is connected to logic 0. 
Warning: In design 'vector_unit', a pin on submodule 'vec_sub0' is connected to logic 1 or logic 0. (LINT-32)
   Pin 'in_1[3][4]' is connected to logic 0. 
Warning: In design 'vector_unit', a pin on submodule 'vec_sub0' is connected to logic 1 or logic 0. (LINT-32)
   Pin 'in_1[3][3]' is connected to logic 0. 
Warning: In design 'vector_unit', a pin on submodule 'vec_sub0' is connected to logic 1 or logic 0. (LINT-32)
   Pin 'in_1[3][2]' is connected to logic 0. 
Warning: In design 'vector_unit', a pin on submodule 'vec_sub0' is connected to logic 1 or logic 0. (LINT-32)
   Pin 'in_1[3][1]' is connected to logic 0. 
Warning: In design 'vector_unit', a pin on submodule 'vec_sub0' is connected to logic 1 or logic 0. (LINT-32)
   Pin 'in_1[3][0]' is connected to logic 0. 
Warning: In design 'vector_unit', a pin on submodule 'vec_sub0' is connected to logic 1 or logic 0. (LINT-32)
   Pin 'in_1[2][15]' is connected to logic 0. 
Warning: In design 'vector_unit', a pin on submodule 'vec_sub0' is connected to logic 1 or logic 0. (LINT-32)
   Pin 'in_1[2][14]' is connected to logic 0. 
Warning: In design 'vector_unit', a pin on submodule 'vec_sub0' is connected to logic 1 or logic 0. (LINT-32)
   Pin 'in_1[2][13]' is connected to logic 0. 
Warning: In design 'vector_unit', a pin on submodule 'vec_sub0' is connected to logic 1 or logic 0. (LINT-32)
   Pin 'in_1[2][12]' is connected to logic 0. 
Warning: In design 'vector_unit', a pin on submodule 'vec_sub0' is connected to logic 1 or logic 0. (LINT-32)
   Pin 'in_1[2][11]' is connected to logic 0. 
Warning: In design 'vector_unit', a pin on submodule 'vec_sub0' is connected to logic 1 or logic 0. (LINT-32)
   Pin 'in_1[2][10]' is connected to logic 0. 
Warning: In design 'vector_unit', a pin on submodule 'vec_sub0' is connected to logic 1 or logic 0. (LINT-32)
   Pin 'in_1[2][9]' is connected to logic 0. 
Warning: In design 'vector_unit', a pin on submodule 'vec_sub0' is connected to logic 1 or logic 0. (LINT-32)
   Pin 'in_1[2][8]' is connected to logic 0. 
Warning: In design 'vector_unit', a pin on submodule 'vec_sub0' is connected to logic 1 or logic 0. (LINT-32)
   Pin 'in_1[2][7]' is connected to logic 0. 
Warning: In design 'vector_unit', a pin on submodule 'vec_sub0' is connected to logic 1 or logic 0. (LINT-32)
   Pin 'in_1[2][6]' is connected to logic 1. 
Warning: In design 'vector_unit', a pin on submodule 'vec_sub0' is connected to logic 1 or logic 0. (LINT-32)
   Pin 'in_1[2][5]' is connected to logic 0. 
Warning: In design 'vector_unit', a pin on submodule 'vec_sub0' is connected to logic 1 or logic 0. (LINT-32)
   Pin 'in_1[2][4]' is connected to logic 0. 
Warning: In design 'vector_unit', a pin on submodule 'vec_sub0' is connected to logic 1 or logic 0. (LINT-32)
   Pin 'in_1[2][3]' is connected to logic 0. 
Warning: In design 'vector_unit', a pin on submodule 'vec_sub0' is connected to logic 1 or logic 0. (LINT-32)
   Pin 'in_1[2][2]' is connected to logic 0. 
Warning: In design 'vector_unit', a pin on submodule 'vec_sub0' is connected to logic 1 or logic 0. (LINT-32)
   Pin 'in_1[2][1]' is connected to logic 0. 
Warning: In design 'vector_unit', a pin on submodule 'vec_sub0' is connected to logic 1 or logic 0. (LINT-32)
   Pin 'in_1[2][0]' is connected to logic 0. 
Warning: In design 'vector_unit', a pin on submodule 'vec_sub0' is connected to logic 1 or logic 0. (LINT-32)
   Pin 'in_1[1][15]' is connected to logic 0. 
Warning: In design 'vector_unit', a pin on submodule 'vec_sub0' is connected to logic 1 or logic 0. (LINT-32)
   Pin 'in_1[1][14]' is connected to logic 0. 
Warning: In design 'vector_unit', a pin on submodule 'vec_sub0' is connected to logic 1 or logic 0. (LINT-32)
   Pin 'in_1[1][13]' is connected to logic 0. 
Warning: In design 'vector_unit', a pin on submodule 'vec_sub0' is connected to logic 1 or logic 0. (LINT-32)
   Pin 'in_1[1][12]' is connected to logic 0. 
Warning: In design 'vector_unit', a pin on submodule 'vec_sub0' is connected to logic 1 or logic 0. (LINT-32)
   Pin 'in_1[1][11]' is connected to logic 0. 
Warning: In design 'vector_unit', a pin on submodule 'vec_sub0' is connected to logic 1 or logic 0. (LINT-32)
   Pin 'in_1[1][10]' is connected to logic 0. 
Warning: In design 'vector_unit', a pin on submodule 'vec_sub0' is connected to logic 1 or logic 0. (LINT-32)
   Pin 'in_1[1][9]' is connected to logic 0. 
Warning: In design 'vector_unit', a pin on submodule 'vec_sub0' is connected to logic 1 or logic 0. (LINT-32)
   Pin 'in_1[1][8]' is connected to logic 0. 
Warning: In design 'vector_unit', a pin on submodule 'vec_sub0' is connected to logic 1 or logic 0. (LINT-32)
   Pin 'in_1[1][7]' is connected to logic 0. 
Warning: In design 'vector_unit', a pin on submodule 'vec_sub0' is connected to logic 1 or logic 0. (LINT-32)
   Pin 'in_1[1][6]' is connected to logic 1. 
Warning: In design 'vector_unit', a pin on submodule 'vec_sub0' is connected to logic 1 or logic 0. (LINT-32)
   Pin 'in_1[1][5]' is connected to logic 0. 
Warning: In design 'vector_unit', a pin on submodule 'vec_sub0' is connected to logic 1 or logic 0. (LINT-32)
   Pin 'in_1[1][4]' is connected to logic 0. 
Warning: In design 'vector_unit', a pin on submodule 'vec_sub0' is connected to logic 1 or logic 0. (LINT-32)
   Pin 'in_1[1][3]' is connected to logic 0. 
Warning: In design 'vector_unit', a pin on submodule 'vec_sub0' is connected to logic 1 or logic 0. (LINT-32)
   Pin 'in_1[1][2]' is connected to logic 0. 
Warning: In design 'vector_unit', a pin on submodule 'vec_sub0' is connected to logic 1 or logic 0. (LINT-32)
   Pin 'in_1[1][1]' is connected to logic 0. 
Warning: In design 'vector_unit', a pin on submodule 'vec_sub0' is connected to logic 1 or logic 0. (LINT-32)
   Pin 'in_1[1][0]' is connected to logic 0. 
Warning: In design 'vector_unit', a pin on submodule 'vec_sub0' is connected to logic 1 or logic 0. (LINT-32)
   Pin 'in_1[0][15]' is connected to logic 0. 
Warning: In design 'vector_unit', a pin on submodule 'vec_sub0' is connected to logic 1 or logic 0. (LINT-32)
   Pin 'in_1[0][14]' is connected to logic 0. 
Warning: In design 'vector_unit', a pin on submodule 'vec_sub0' is connected to logic 1 or logic 0. (LINT-32)
   Pin 'in_1[0][13]' is connected to logic 0. 
Warning: In design 'vector_unit', a pin on submodule 'vec_sub0' is connected to logic 1 or logic 0. (LINT-32)
   Pin 'in_1[0][12]' is connected to logic 0. 
Warning: In design 'vector_unit', a pin on submodule 'vec_sub0' is connected to logic 1 or logic 0. (LINT-32)
   Pin 'in_1[0][11]' is connected to logic 0. 
Warning: In design 'vector_unit', a pin on submodule 'vec_sub0' is connected to logic 1 or logic 0. (LINT-32)
   Pin 'in_1[0][10]' is connected to logic 0. 
Warning: In design 'vector_unit', a pin on submodule 'vec_sub0' is connected to logic 1 or logic 0. (LINT-32)
   Pin 'in_1[0][9]' is connected to logic 0. 
Warning: In design 'vector_unit', a pin on submodule 'vec_sub0' is connected to logic 1 or logic 0. (LINT-32)
   Pin 'in_1[0][8]' is connected to logic 0. 
Warning: In design 'vector_unit', a pin on submodule 'vec_sub0' is connected to logic 1 or logic 0. (LINT-32)
   Pin 'in_1[0][7]' is connected to logic 0. 
Warning: In design 'vector_unit', a pin on submodule 'vec_sub0' is connected to logic 1 or logic 0. (LINT-32)
   Pin 'in_1[0][6]' is connected to logic 1. 
Warning: In design 'vector_unit', a pin on submodule 'vec_sub0' is connected to logic 1 or logic 0. (LINT-32)
   Pin 'in_1[0][5]' is connected to logic 0. 
Warning: In design 'vector_unit', a pin on submodule 'vec_sub0' is connected to logic 1 or logic 0. (LINT-32)
   Pin 'in_1[0][4]' is connected to logic 0. 
Warning: In design 'vector_unit', a pin on submodule 'vec_sub0' is connected to logic 1 or logic 0. (LINT-32)
   Pin 'in_1[0][3]' is connected to logic 0. 
Warning: In design 'vector_unit', a pin on submodule 'vec_sub0' is connected to logic 1 or logic 0. (LINT-32)
   Pin 'in_1[0][2]' is connected to logic 0. 
Warning: In design 'vector_unit', a pin on submodule 'vec_sub0' is connected to logic 1 or logic 0. (LINT-32)
   Pin 'in_1[0][1]' is connected to logic 0. 
Warning: In design 'vector_unit', a pin on submodule 'vec_sub0' is connected to logic 1 or logic 0. (LINT-32)
   Pin 'in_1[0][0]' is connected to logic 0. 
Warning: In design 'vector_unit', the same net is connected to more than one pin on submodule 'vec_sub0'. (LINT-33)
   Net '*Logic0*' is connected to pins 'in_1[7][15]', 'in_1[7][14]'', 'in_1[7][13]', 'in_1[7][12]', 'in_1[7][11]', 'in_1[7][10]', 'in_1[7][9]', 'in_1[7][8]', 'in_1[7][7]', 'in_1[7][5]', 'in_1[7][4]', 'in_1[7][3]', 'in_1[7][2]', 'in_1[7][1]', 'in_1[7][0]', 'in_1[6][15]', 'in_1[6][14]', 'in_1[6][13]', 'in_1[6][12]', 'in_1[6][11]', 'in_1[6][10]', 'in_1[6][9]', 'in_1[6][8]', 'in_1[6][7]', 'in_1[6][5]', 'in_1[6][4]', 'in_1[6][3]', 'in_1[6][2]', 'in_1[6][1]', 'in_1[6][0]', 'in_1[5][15]', 'in_1[5][14]', 'in_1[5][13]', 'in_1[5][12]', 'in_1[5][11]', 'in_1[5][10]', 'in_1[5][9]', 'in_1[5][8]', 'in_1[5][7]', 'in_1[5][5]', 'in_1[5][4]', 'in_1[5][3]', 'in_1[5][2]', 'in_1[5][1]', 'in_1[5][0]', 'in_1[4][15]', 'in_1[4][14]', 'in_1[4][13]', 'in_1[4][12]', 'in_1[4][11]', 'in_1[4][10]', 'in_1[4][9]', 'in_1[4][8]', 'in_1[4][7]', 'in_1[4][5]', 'in_1[4][4]', 'in_1[4][3]', 'in_1[4][2]', 'in_1[4][1]', 'in_1[4][0]', 'in_1[3][15]', 'in_1[3][14]', 'in_1[3][13]', 'in_1[3][12]', 'in_1[3][11]', 'in_1[3][10]', 'in_1[3][9]', 'in_1[3][8]', 'in_1[3][7]', 'in_1[3][5]', 'in_1[3][4]', 'in_1[3][3]', 'in_1[3][2]', 'in_1[3][1]', 'in_1[3][0]', 'in_1[2][15]', 'in_1[2][14]', 'in_1[2][13]', 'in_1[2][12]', 'in_1[2][11]', 'in_1[2][10]', 'in_1[2][9]', 'in_1[2][8]', 'in_1[2][7]', 'in_1[2][5]', 'in_1[2][4]', 'in_1[2][3]', 'in_1[2][2]', 'in_1[2][1]', 'in_1[2][0]', 'in_1[1][15]', 'in_1[1][14]', 'in_1[1][13]', 'in_1[1][12]', 'in_1[1][11]', 'in_1[1][10]', 'in_1[1][9]', 'in_1[1][8]', 'in_1[1][7]', 'in_1[1][5]', 'in_1[1][4]', 'in_1[1][3]', 'in_1[1][2]', 'in_1[1][1]', 'in_1[1][0]', 'in_1[0][15]', 'in_1[0][14]', 'in_1[0][13]', 'in_1[0][12]', 'in_1[0][11]', 'in_1[0][10]', 'in_1[0][9]', 'in_1[0][8]', 'in_1[0][7]', 'in_1[0][5]', 'in_1[0][4]', 'in_1[0][3]', 'in_1[0][2]', 'in_1[0][1]', 'in_1[0][0]'.
Warning: In design 'vector_unit', the same net is connected to more than one pin on submodule 'vec_sub0'. (LINT-33)
   Net '*Logic1*' is connected to pins 'in_1[7][6]', 'in_1[6][6]'', 'in_1[5][6]', 'in_1[4][6]', 'in_1[3][6]', 'in_1[2][6]', 'in_1[1][6]', 'in_1[0][6]'.
1
